#Software: Microsoft Internet Information Services 8.0
#Version: 1.0
#Date: 2019-07-22 08:00:21
#Fields: date time s-ip cs-method cs-uri-stem cs-uri-query s-port cs-username c-ip cs(User-Agent) cs(Referer) sc-status sc-substatus sc-win32-status time-taken
2019-07-22 08:00:21 ::1 GET /Home/Register - 58231 - ::1 Mozilla/5.0+(compatible;+MSIE+10.0;+Windows+NT+6.2;+WOW64;+Trident/7.0;+Eureka/1.0) - 404 0 0 21833
#Software: Microsoft Internet Information Services 8.0
#Version: 1.0
#Date: 2019-07-22 08:48:11
#Fields: date time s-ip cs-method cs-uri-stem cs-uri-query s-port cs-username c-ip cs(User-Agent) cs(Referer) sc-status sc-substatus sc-win32-status time-taken
2019-07-22 08:48:11 ::1 GET /Home/Register - 58231 - ::1 Mozilla/5.0+(compatible;+MSIE+10.0;+Windows+NT+6.2;+WOW64;+Trident/7.0;+Eureka/1.0) - 404 0 0 14
#Software: Microsoft Internet Information Services 8.0
#Version: 1.0
#Date: 2019-07-22 08:49:05
#Fields: date time s-ip cs-method cs-uri-stem cs-uri-query s-port cs-username c-ip cs(User-Agent) cs(Referer) sc-status sc-substatus sc-win32-status time-taken
2019-07-22 08:49:05 ::1 GET /Home/Register - 58231 - ::1 Mozilla/5.0+(Windows+NT+10.0;+Win64;+x64)+AppleWebKit/537.36+(KHTML,+like+Gecko)+Chrome/75.0.3770.142+Safari/537.36 - 404 0 0 29491
2019-07-22 08:49:05 ::1 GET /favicon.ico - 58231 - ::1 Mozilla/5.0+(Windows+NT+10.0;+Win64;+x64)+AppleWebKit/537.36+(KHTML,+like+Gecko)+Chrome/75.0.3770.142+Safari/537.36 http://localhost:58231/Home/Register 200 0 0 136
2019-07-22 08:50:37 ::1 GET /api/Account/Register - 58231 - ::1 Mozilla/5.0+(Windows+NT+10.0;+Win64;+x64)+AppleWebKit/537.36+(KHTML,+like+Gecko)+Chrome/75.0.3770.142+Safari/537.36 - 405 0 0 2886
2019-07-22 08:52:02 ::1 GET /Home/Register - 58231 - ::1 Mozilla/5.0+(compatible;+MSIE+10.0;+Windows+NT+6.2;+WOW64;+Trident/7.0;+Eureka/1.0) - 404 0 0 99
#Software: Microsoft Internet Information Services 8.0
#Version: 1.0
#Date: 2019-07-22 08:54:02
#Fields: date time s-ip cs-method cs-uri-stem cs-uri-query s-port cs-username c-ip cs(User-Agent) cs(Referer) sc-status sc-substatus sc-win32-status time-taken
2019-07-22 08:54:02 ::1 GET /Home/Register - 58231 - ::1 Mozilla/5.0+(compatible;+MSIE+10.0;+Windows+NT+6.2;+WOW64;+Trident/7.0;+Eureka/1.0) - 404 0 0 1859
2019-07-22 09:08:16 ::1 GET /Home/Register - 58231 - ::1 Mozilla/5.0+(compatible;+MSIE+10.0;+Windows+NT+6.2;+WOW64;+Trident/7.0;+Eureka/1.0) - 404 0 0 17
2019-07-22 09:08:55 ::1 GET /Home/Index - 58231 - ::1 Mozilla/5.0+(compatible;+MSIE+10.0;+Windows+NT+6.2;+WOW64;+Trident/7.0;+Eureka/1.0) - 200 0 0 6983
2019-07-22 09:08:55 ::1 GET /Content/site.css - 58231 - ::1 Mozilla/5.0+(compatible;+MSIE+10.0;+Windows+NT+6.2;+WOW64;+Trident/7.0;+Eureka/1.0) http://localhost:58231/Home/Index 200 0 0 84
2019-07-22 09:08:55 ::1 GET /Content/bootstrap.css - 58231 - ::1 Mozilla/5.0+(compatible;+MSIE+10.0;+Windows+NT+6.2;+WOW64;+Trident/7.0;+Eureka/1.0) http://localhost:58231/Home/Index 200 0 0 101
2019-07-22 09:08:55 ::1 GET /Scripts/modernizr-2.6.2.js - 58231 - ::1 Mozilla/5.0+(compatible;+MSIE+10.0;+Windows+NT+6.2;+WOW64;+Trident/7.0;+Eureka/1.0) http://localhost:58231/Home/Index 200 0 0 42
2019-07-22 09:08:55 ::1 GET /Scripts/bootstrap.js - 58231 - ::1 Mozilla/5.0+(compatible;+MSIE+10.0;+Windows+NT+6.2;+WOW64;+Trident/7.0;+Eureka/1.0) http://localhost:58231/Home/Index 200 0 0 128
2019-07-22 09:08:55 ::1 GET /Scripts/jquery-1.10.2.js - 58231 - ::1 Mozilla/5.0+(compatible;+MSIE+10.0;+Windows+NT+6.2;+WOW64;+Trident/7.0;+Eureka/1.0) http://localhost:58231/Home/Index 200 0 0 157
2019-07-22 09:08:56 ::1 GET /Scripts/respond.js - 58231 - ::1 Mozilla/5.0+(compatible;+MSIE+10.0;+Windows+NT+6.2;+WOW64;+Trident/7.0;+Eureka/1.0) http://localhost:58231/Home/Index 200 0 0 30
2019-07-22 09:08:58 ::1 GET /Home/Index - 58231 - ::1 Mozilla/5.0+(compatible;+MSIE+10.0;+Windows+NT+6.2;+WOW64;+Trident/7.0;+Eureka/1.0) - 200 0 0 20
2019-07-22 09:08:58 ::1 GET /Content/site.css - 58231 - ::1 Mozilla/5.0+(compatible;+MSIE+10.0;+Windows+NT+6.2;+WOW64;+Trident/7.0;+Eureka/1.0) http://localhost:58231/Home/Index 200 0 0 10
2019-07-22 09:08:58 ::1 GET /Content/bootstrap.css - 58231 - ::1 Mozilla/5.0+(compatible;+MSIE+10.0;+Windows+NT+6.2;+WOW64;+Trident/7.0;+Eureka/1.0) http://localhost:58231/Home/Index 200 0 0 14
2019-07-22 09:08:58 ::1 GET /Scripts/modernizr-2.6.2.js - 58231 - ::1 Mozilla/5.0+(compatible;+MSIE+10.0;+Windows+NT+6.2;+WOW64;+Trident/7.0;+Eureka/1.0) http://localhost:58231/Home/Index 200 0 0 107
2019-07-22 09:08:58 ::1 GET /Scripts/jquery-1.10.2.js - 58231 - ::1 Mozilla/5.0+(compatible;+MSIE+10.0;+Windows+NT+6.2;+WOW64;+Trident/7.0;+Eureka/1.0) http://localhost:58231/Home/Index 200 0 0 276
2019-07-22 09:08:58 ::1 GET /Scripts/bootstrap.js - 58231 - ::1 Mozilla/5.0+(compatible;+MSIE+10.0;+Windows+NT+6.2;+WOW64;+Trident/7.0;+Eureka/1.0) http://localhost:58231/Home/Index 200 0 0 155
2019-07-22 09:08:58 ::1 GET /Scripts/respond.js - 58231 - ::1 Mozilla/5.0+(compatible;+MSIE+10.0;+Windows+NT+6.2;+WOW64;+Trident/7.0;+Eureka/1.0) http://localhost:58231/Home/Index 200 0 0 175
