#Software: Microsoft Internet Information Services 8.0
#Version: 1.0
#Date: 2019-07-17 05:19:17
#Fields: date time s-ip cs-method cs-uri-stem cs-uri-query s-port cs-username c-ip cs(User-Agent) cs(Referer) sc-status sc-substatus sc-win32-status time-taken
2019-07-17 05:19:17 ::1 GET /Room/CreateRoom - 51768 - ::1 Mozilla/5.0+(Windows+NT+10.0;+Win64;+x64)+AppleWebKit/537.36+(KHTML,+like+Gecko)+Chrome/75.0.3770.142+Safari/537.36 - 200 0 0 19208
2019-07-17 05:19:17 ::1 GET /Content/site.css - 51768 - ::1 Mozilla/5.0+(Windows+NT+10.0;+Win64;+x64)+AppleWebKit/537.36+(KHTML,+like+Gecko)+Chrome/75.0.3770.142+Safari/537.36 http://localhost:51768/Room/CreateRoom 200 0 0 75
2019-07-17 05:19:17 ::1 GET /Scripts/modernizr-2.6.2.js - 51768 - ::1 Mozilla/5.0+(Windows+NT+10.0;+Win64;+x64)+AppleWebKit/537.36+(KHTML,+like+Gecko)+Chrome/75.0.3770.142+Safari/537.36 http://localhost:51768/Room/CreateRoom 200 0 0 83
2019-07-17 05:19:17 ::1 GET /Scripts/jquery-1.8.2.js - 51768 - ::1 Mozilla/5.0+(Windows+NT+10.0;+Win64;+x64)+AppleWebKit/537.36+(KHTML,+like+Gecko)+Chrome/75.0.3770.142+Safari/537.36 http://localhost:51768/Room/CreateRoom 200 0 0 48
2019-07-17 05:19:18 ::1 GET /Images/accent.png - 51768 - ::1 Mozilla/5.0+(Windows+NT+10.0;+Win64;+x64)+AppleWebKit/537.36+(KHTML,+like+Gecko)+Chrome/75.0.3770.142+Safari/537.36 http://localhost:51768/Content/site.css 200 0 0 1
2019-07-17 05:19:18 ::1 GET /favicon.ico - 51768 - ::1 Mozilla/5.0+(Windows+NT+10.0;+Win64;+x64)+AppleWebKit/537.36+(KHTML,+like+Gecko)+Chrome/75.0.3770.142+Safari/537.36 http://localhost:51768/Room/CreateRoom 200 0 0 17
2019-07-17 05:19:20 ::1 GET /__browserLink/requestData/79423cf1099a4375a0455eada392165c - 51768 - ::1 Mozilla/5.0+(Windows+NT+10.0;+Win64;+x64)+AppleWebKit/537.36+(KHTML,+like+Gecko)+Chrome/75.0.3770.142+Safari/537.36 http://localhost:51768/Room/CreateRoom 200 0 0 77
2019-07-17 05:20:50 ::1 GET /Content/site.css - 51768 - ::1 Mozilla/5.0+(Windows+NT+10.0;+Win64;+x64)+AppleWebKit/537.36+(KHTML,+like+Gecko)+Chrome/75.0.3770.142+Safari/537.36 http://localhost:51768/Room/CreateRoom 304 0 0 16
2019-07-17 05:22:41 ::1 GET /Room/CreateRoom - 51768 - ::1 Mozilla/5.0+(Windows+NT+10.0;+Win64;+x64)+AppleWebKit/537.36+(KHTML,+like+Gecko)+Chrome/75.0.3770.142+Safari/537.36 - 200 0 0 1036
2019-07-17 05:22:41 ::1 GET /Scripts/modernizr-2.6.2.js - 51768 - ::1 Mozilla/5.0+(Windows+NT+10.0;+Win64;+x64)+AppleWebKit/537.36+(KHTML,+like+Gecko)+Chrome/75.0.3770.142+Safari/537.36 http://localhost:51768/Room/CreateRoom 304 0 0 1
2019-07-17 05:22:41 ::1 GET /Scripts/jquery-1.8.2.js - 51768 - ::1 Mozilla/5.0+(Windows+NT+10.0;+Win64;+x64)+AppleWebKit/537.36+(KHTML,+like+Gecko)+Chrome/75.0.3770.142+Safari/537.36 http://localhost:51768/Room/CreateRoom 304 0 0 1
2019-07-17 05:22:41 ::1 GET /Content/site.css - 51768 - ::1 Mozilla/5.0+(Windows+NT+10.0;+Win64;+x64)+AppleWebKit/537.36+(KHTML,+like+Gecko)+Chrome/75.0.3770.142+Safari/537.36 http://localhost:51768/Room/CreateRoom 304 0 0 68
2019-07-17 05:22:41 ::1 GET /Images/accent.png - 51768 - ::1 Mozilla/5.0+(Windows+NT+10.0;+Win64;+x64)+AppleWebKit/537.36+(KHTML,+like+Gecko)+Chrome/75.0.3770.142+Safari/537.36 http://localhost:51768/Content/site.css 304 0 0 33
2019-07-17 05:22:42 ::1 GET /favicon.ico - 51768 - ::1 Mozilla/5.0+(Windows+NT+10.0;+Win64;+x64)+AppleWebKit/537.36+(KHTML,+like+Gecko)+Chrome/75.0.3770.142+Safari/537.36 http://localhost:51768/Room/CreateRoom 200 0 0 28
2019-07-17 05:22:44 ::1 GET /__browserLink/requestData/fe8fa611e87c49289335eb7ab8fff516 - 51768 - ::1 Mozilla/5.0+(Windows+NT+10.0;+Win64;+x64)+AppleWebKit/537.36+(KHTML,+like+Gecko)+Chrome/75.0.3770.142+Safari/537.36 http://localhost:51768/Room/CreateRoom 200 0 0 7
#Software: Microsoft Internet Information Services 8.0
#Version: 1.0
#Date: 2019-07-17 05:24:36
#Fields: date time s-ip cs-method cs-uri-stem cs-uri-query s-port cs-username c-ip cs(User-Agent) cs(Referer) sc-status sc-substatus sc-win32-status time-taken
2019-07-17 05:24:36 ::1 GET / - 51768 - ::1 Mozilla/5.0+(Windows+NT+10.0;+Win64;+x64)+AppleWebKit/537.36+(KHTML,+like+Gecko)+Chrome/75.0.3770.142+Safari/537.36 - 200 0 0 29292
2019-07-17 05:24:37 ::1 GET /Content/site.css - 51768 - ::1 Mozilla/5.0+(Windows+NT+10.0;+Win64;+x64)+AppleWebKit/537.36+(KHTML,+like+Gecko)+Chrome/75.0.3770.142+Safari/537.36 http://localhost:51768/ 304 0 0 6
2019-07-17 05:24:37 ::1 GET /Scripts/modernizr-2.6.2.js - 51768 - ::1 Mozilla/5.0+(Windows+NT+10.0;+Win64;+x64)+AppleWebKit/537.36+(KHTML,+like+Gecko)+Chrome/75.0.3770.142+Safari/537.36 http://localhost:51768/ 304 0 0 5
2019-07-17 05:24:37 ::1 GET /Scripts/jquery-1.8.2.js - 51768 - ::1 Mozilla/5.0+(Windows+NT+10.0;+Win64;+x64)+AppleWebKit/537.36+(KHTML,+like+Gecko)+Chrome/75.0.3770.142+Safari/537.36 http://localhost:51768/ 304 0 0 1
2019-07-17 05:24:40 ::1 GET /Images/heroAccent.png - 51768 - ::1 Mozilla/5.0+(Windows+NT+10.0;+Win64;+x64)+AppleWebKit/537.36+(KHTML,+like+Gecko)+Chrome/75.0.3770.142+Safari/537.36 http://localhost:51768/Content/site.css 200 0 0 6
2019-07-17 05:24:40 ::1 GET /Images/orderedList1.png - 51768 - ::1 Mozilla/5.0+(Windows+NT+10.0;+Win64;+x64)+AppleWebKit/537.36+(KHTML,+like+Gecko)+Chrome/75.0.3770.142+Safari/537.36 http://localhost:51768/Content/site.css 200 0 0 40
2019-07-17 05:24:40 ::1 GET /Images/orderedList2.png - 51768 - ::1 Mozilla/5.0+(Windows+NT+10.0;+Win64;+x64)+AppleWebKit/537.36+(KHTML,+like+Gecko)+Chrome/75.0.3770.142+Safari/537.36 http://localhost:51768/Content/site.css 200 0 0 37
2019-07-17 05:24:40 ::1 GET /Images/orderedList3.png - 51768 - ::1 Mozilla/5.0+(Windows+NT+10.0;+Win64;+x64)+AppleWebKit/537.36+(KHTML,+like+Gecko)+Chrome/75.0.3770.142+Safari/537.36 http://localhost:51768/Content/site.css 200 0 0 25
2019-07-17 05:24:42 ::1 GET /__browserLink/requestData/3f1d740934bd47aca1b0710f7a067f90 - 51768 - ::1 Mozilla/5.0+(Windows+NT+10.0;+Win64;+x64)+AppleWebKit/537.36+(KHTML,+like+Gecko)+Chrome/75.0.3770.142+Safari/537.36 http://localhost:51768/ 200 0 0 65
#Software: Microsoft Internet Information Services 8.0
#Version: 1.0
#Date: 2019-07-17 05:30:53
#Fields: date time s-ip cs-method cs-uri-stem cs-uri-query s-port cs-username c-ip cs(User-Agent) cs(Referer) sc-status sc-substatus sc-win32-status time-taken
2019-07-17 05:30:53 ::1 GET / - 51768 - ::1 Mozilla/5.0+(Windows+NT+10.0;+Win64;+x64)+AppleWebKit/537.36+(KHTML,+like+Gecko)+Chrome/75.0.3770.142+Safari/537.36 - 200 0 0 18570
2019-07-17 05:30:53 ::1 GET /Content/site.css - 51768 - ::1 Mozilla/5.0+(Windows+NT+10.0;+Win64;+x64)+AppleWebKit/537.36+(KHTML,+like+Gecko)+Chrome/75.0.3770.142+Safari/537.36 http://localhost:51768/ 304 0 0 29
2019-07-17 05:30:53 ::1 GET /Scripts/jquery-1.8.2.js - 51768 - ::1 Mozilla/5.0+(Windows+NT+10.0;+Win64;+x64)+AppleWebKit/537.36+(KHTML,+like+Gecko)+Chrome/75.0.3770.142+Safari/537.36 http://localhost:51768/ 304 0 0 29
2019-07-17 05:30:53 ::1 GET /Scripts/modernizr-2.6.2.js - 51768 - ::1 Mozilla/5.0+(Windows+NT+10.0;+Win64;+x64)+AppleWebKit/537.36+(KHTML,+like+Gecko)+Chrome/75.0.3770.142+Safari/537.36 http://localhost:51768/ 304 0 0 30
2019-07-17 05:30:53 ::1 GET /Images/heroAccent.png - 51768 - ::1 Mozilla/5.0+(Windows+NT+10.0;+Win64;+x64)+AppleWebKit/537.36+(KHTML,+like+Gecko)+Chrome/75.0.3770.142+Safari/537.36 http://localhost:51768/Content/site.css 304 0 0 58
2019-07-17 05:30:53 ::1 GET /Images/orderedList1.png - 51768 - ::1 Mozilla/5.0+(Windows+NT+10.0;+Win64;+x64)+AppleWebKit/537.36+(KHTML,+like+Gecko)+Chrome/75.0.3770.142+Safari/537.36 http://localhost:51768/Content/site.css 304 0 0 76
2019-07-17 05:30:53 ::1 GET /Images/orderedList2.png - 51768 - ::1 Mozilla/5.0+(Windows+NT+10.0;+Win64;+x64)+AppleWebKit/537.36+(KHTML,+like+Gecko)+Chrome/75.0.3770.142+Safari/537.36 http://localhost:51768/Content/site.css 304 0 0 76
2019-07-17 05:30:53 ::1 GET /Images/orderedList3.png - 51768 - ::1 Mozilla/5.0+(Windows+NT+10.0;+Win64;+x64)+AppleWebKit/537.36+(KHTML,+like+Gecko)+Chrome/75.0.3770.142+Safari/537.36 http://localhost:51768/Content/site.css 304 0 0 80
2019-07-17 05:30:56 ::1 GET /__browserLink/requestData/694de8c39e58412094cb8a4c4a8d6a52 - 51768 - ::1 Mozilla/5.0+(Windows+NT+10.0;+Win64;+x64)+AppleWebKit/537.36+(KHTML,+like+Gecko)+Chrome/75.0.3770.142+Safari/537.36 http://localhost:51768/ 200 0 0 56
2019-07-17 05:31:05 ::1 GET /Room/CreateRoom - 51768 - ::1 Mozilla/5.0+(compatible;+MSIE+10.0;+Windows+NT+6.2;+WOW64;+Trident/7.0;+Eureka/1.0) - 500 0 0 856
#Software: Microsoft Internet Information Services 8.0
#Version: 1.0
#Date: 2019-07-17 05:32:02
#Fields: date time s-ip cs-method cs-uri-stem cs-uri-query s-port cs-username c-ip cs(User-Agent) cs(Referer) sc-status sc-substatus sc-win32-status time-taken
2019-07-17 05:32:02 ::1 GET /Room/CreateRoom - 51768 - ::1 Mozilla/5.0+(compatible;+MSIE+10.0;+Windows+NT+6.2;+WOW64;+Trident/7.0;+Eureka/1.0) - 500 0 0 8053
2019-07-17 05:34:41 ::1 GET /57b71ec92b4f4e69bcf7dbced5d20070/arterySignalR/ping requestUrl=http%3A%2F%2Flocalhost%3A51768%2F&browserName=Chrome&_=1563341681635 51768 - ::1 Mozilla/5.0+(Windows+NT+10.0;+Win64;+x64)+AppleWebKit/537.36+(KHTML,+like+Gecko)+Chrome/75.0.3770.142+Safari/537.36 http://localhost:51768/ 404 0 0 20
2019-07-17 05:35:55 ::1 GET /57b71ec92b4f4e69bcf7dbced5d20070/arterySignalR/ping requestUrl=http%3A%2F%2Flocalhost%3A51768%2F&browserName=Chrome&_=1563341755497 51768 - ::1 Mozilla/5.0+(Windows+NT+10.0;+Win64;+x64)+AppleWebKit/537.36+(KHTML,+like+Gecko)+Chrome/75.0.3770.142+Safari/537.36 http://localhost:51768/ 404 0 0 6
2019-07-17 05:36:25 ::1 GET /Room/CreateRoom - 51768 - ::1 Mozilla/5.0+(compatible;+MSIE+10.0;+Windows+NT+6.2;+WOW64;+Trident/7.0;+Eureka/1.0) - 500 0 0 3629
2019-07-17 05:39:41 ::1 GET /57b71ec92b4f4e69bcf7dbced5d20070/arterySignalR/ping requestUrl=http%3A%2F%2Flocalhost%3A51768%2F&browserName=Chrome&_=1563341981638 51768 - ::1 Mozilla/5.0+(Windows+NT+10.0;+Win64;+x64)+AppleWebKit/537.36+(KHTML,+like+Gecko)+Chrome/75.0.3770.142+Safari/537.36 http://localhost:51768/ 404 0 0 4
2019-07-17 05:40:55 ::1 GET /57b71ec92b4f4e69bcf7dbced5d20070/arterySignalR/ping requestUrl=http%3A%2F%2Flocalhost%3A51768%2F&browserName=Chrome&_=1563342055495 51768 - ::1 Mozilla/5.0+(Windows+NT+10.0;+Win64;+x64)+AppleWebKit/537.36+(KHTML,+like+Gecko)+Chrome/75.0.3770.142+Safari/537.36 http://localhost:51768/ 404 0 0 3
2019-07-17 05:43:55 ::1 GET /Room/CreateRoom - 51768 - ::1 Mozilla/5.0+(compatible;+MSIE+10.0;+Windows+NT+6.2;+WOW64;+Trident/7.0;+Eureka/1.0) - 200 0 0 13274
2019-07-17 05:43:55 ::1 GET /Content/site.css - 51768 - ::1 Mozilla/5.0+(compatible;+MSIE+10.0;+Windows+NT+6.2;+WOW64;+Trident/7.0;+Eureka/1.0) http://localhost:51768/Room/CreateRoom 200 0 0 114
2019-07-17 05:43:55 ::1 GET /Scripts/modernizr-2.6.2.js - 51768 - ::1 Mozilla/5.0+(compatible;+MSIE+10.0;+Windows+NT+6.2;+WOW64;+Trident/7.0;+Eureka/1.0) http://localhost:51768/Room/CreateRoom 200 0 0 132
2019-07-17 05:43:55 ::1 GET /Scripts/jquery-1.8.2.js - 51768 - ::1 Mozilla/5.0+(compatible;+MSIE+10.0;+Windows+NT+6.2;+WOW64;+Trident/7.0;+Eureka/1.0) http://localhost:51768/Room/CreateRoom 200 0 0 42
#Software: Microsoft Internet Information Services 8.0
#Version: 1.0
#Date: 2019-07-17 05:44:26
#Fields: date time s-ip cs-method cs-uri-stem cs-uri-query s-port cs-username c-ip cs(User-Agent) cs(Referer) sc-status sc-substatus sc-win32-status time-taken
2019-07-17 05:44:26 ::1 GET /Images/accent.png - 51768 - ::1 Mozilla/5.0+(compatible;+MSIE+10.0;+Windows+NT+6.2;+WOW64;+Trident/7.0;+Eureka/1.0) http://localhost:51768/Room/CreateRoom 200 0 0 11310
2019-07-17 05:44:35 ::1 GET / - 51768 - ::1 Mozilla/5.0+(Windows+NT+10.0;+Win64;+x64)+AppleWebKit/537.36+(KHTML,+like+Gecko)+Chrome/75.0.3770.142+Safari/537.36 - 200 0 0 21517
2019-07-17 05:44:35 ::1 GET /Content/site.css - 51768 - ::1 Mozilla/5.0+(Windows+NT+10.0;+Win64;+x64)+AppleWebKit/537.36+(KHTML,+like+Gecko)+Chrome/75.0.3770.142+Safari/537.36 http://localhost:51768/ 304 0 0 21
2019-07-17 05:44:35 ::1 GET /Scripts/modernizr-2.6.2.js - 51768 - ::1 Mozilla/5.0+(Windows+NT+10.0;+Win64;+x64)+AppleWebKit/537.36+(KHTML,+like+Gecko)+Chrome/75.0.3770.142+Safari/537.36 http://localhost:51768/ 304 0 0 17
2019-07-17 05:44:35 ::1 GET /Scripts/jquery-1.8.2.js - 51768 - ::1 Mozilla/5.0+(Windows+NT+10.0;+Win64;+x64)+AppleWebKit/537.36+(KHTML,+like+Gecko)+Chrome/75.0.3770.142+Safari/537.36 http://localhost:51768/ 304 0 0 17
2019-07-17 05:44:35 ::1 GET /Images/heroAccent.png - 51768 - ::1 Mozilla/5.0+(Windows+NT+10.0;+Win64;+x64)+AppleWebKit/537.36+(KHTML,+like+Gecko)+Chrome/75.0.3770.142+Safari/537.36 http://localhost:51768/Content/site.css 304 0 0 28
2019-07-17 05:44:35 ::1 GET /Images/orderedList1.png - 51768 - ::1 Mozilla/5.0+(Windows+NT+10.0;+Win64;+x64)+AppleWebKit/537.36+(KHTML,+like+Gecko)+Chrome/75.0.3770.142+Safari/537.36 http://localhost:51768/Content/site.css 304 0 0 58
2019-07-17 05:44:35 ::1 GET /Images/orderedList2.png - 51768 - ::1 Mozilla/5.0+(Windows+NT+10.0;+Win64;+x64)+AppleWebKit/537.36+(KHTML,+like+Gecko)+Chrome/75.0.3770.142+Safari/537.36 http://localhost:51768/Content/site.css 304 0 0 30
2019-07-17 05:44:35 ::1 GET /Images/orderedList3.png - 51768 - ::1 Mozilla/5.0+(Windows+NT+10.0;+Win64;+x64)+AppleWebKit/537.36+(KHTML,+like+Gecko)+Chrome/75.0.3770.142+Safari/537.36 http://localhost:51768/Content/site.css 304 0 0 74
2019-07-17 05:44:38 ::1 GET /__browserLink/requestData/a468f59ffc654c019fcf1576f26faf4e - 51768 - ::1 Mozilla/5.0+(Windows+NT+10.0;+Win64;+x64)+AppleWebKit/537.36+(KHTML,+like+Gecko)+Chrome/75.0.3770.142+Safari/537.36 http://localhost:51768/ 200 0 0 112
2019-07-17 05:44:41 ::1 GET /57b71ec92b4f4e69bcf7dbced5d20070/arterySignalR/ping requestUrl=http%3A%2F%2Flocalhost%3A51768%2F&browserName=Chrome&_=1563342281635 51768 - ::1 Mozilla/5.0+(Windows+NT+10.0;+Win64;+x64)+AppleWebKit/537.36+(KHTML,+like+Gecko)+Chrome/75.0.3770.142+Safari/537.36 http://localhost:51768/ 404 0 0 90
2019-07-17 05:44:50 ::1 GET /Room/CreateRoom - 51768 - ::1 Mozilla/5.0+(Windows+NT+10.0;+Win64;+x64)+AppleWebKit/537.36+(KHTML,+like+Gecko)+Chrome/75.0.3770.142+Safari/537.36 - 200 0 0 1559
2019-07-17 05:44:50 ::1 GET /Images/accent.png - 51768 - ::1 Mozilla/5.0+(Windows+NT+10.0;+Win64;+x64)+AppleWebKit/537.36+(KHTML,+like+Gecko)+Chrome/75.0.3770.142+Safari/537.36 http://localhost:51768/Content/site.css 304 0 0 18
2019-07-17 05:44:51 ::1 GET /__browserLink/requestData/0db1fbb52fb347ad90c75fc8f380a1ab - 51768 - ::1 Mozilla/5.0+(Windows+NT+10.0;+Win64;+x64)+AppleWebKit/537.36+(KHTML,+like+Gecko)+Chrome/75.0.3770.142+Safari/537.36 http://localhost:51768/Room/CreateRoom 200 0 0 15
2019-07-17 05:45:32 ::1 GET /Room/CreateRoom - 51768 - ::1 Mozilla/5.0+(Windows+NT+10.0;+Win64;+x64)+AppleWebKit/537.36+(KHTML,+like+Gecko)+Chrome/75.0.3770.142+Safari/537.36 - 200 0 0 1781
2019-07-17 05:45:32 ::1 GET /favicon.ico - 51768 - ::1 Mozilla/5.0+(Windows+NT+10.0;+Win64;+x64)+AppleWebKit/537.36+(KHTML,+like+Gecko)+Chrome/75.0.3770.142+Safari/537.36 http://localhost:51768/Room/CreateRoom 200 0 0 54
2019-07-17 05:45:34 ::1 GET /__browserLink/requestData/64755c1fc61142f1833142a54c5f4694 - 51768 - ::1 Mozilla/5.0+(Windows+NT+10.0;+Win64;+x64)+AppleWebKit/537.36+(KHTML,+like+Gecko)+Chrome/75.0.3770.142+Safari/537.36 http://localhost:51768/Room/CreateRoom 200 0 0 21
2019-07-17 05:45:50 ::1 POST /Room/CreateRoom - 51768 - ::1 Mozilla/5.0+(Windows+NT+10.0;+Win64;+x64)+AppleWebKit/537.36+(KHTML,+like+Gecko)+Chrome/75.0.3770.142+Safari/537.36 http://localhost:51768/Room/CreateRoom 200 0 0 590
2019-07-17 05:45:51 ::1 GET /__browserLink/requestData/16310b66f02244abb5b679711f231735 - 51768 - ::1 Mozilla/5.0+(Windows+NT+10.0;+Win64;+x64)+AppleWebKit/537.36+(KHTML,+like+Gecko)+Chrome/75.0.3770.142+Safari/537.36 http://localhost:51768/Room/CreateRoom 200 0 0 83
2019-07-17 05:45:55 ::1 GET /57b71ec92b4f4e69bcf7dbced5d20070/arterySignalR/ping requestUrl=http%3A%2F%2Flocalhost%3A51768%2F&browserName=Chrome&_=1563342355626 51768 - ::1 Mozilla/5.0+(Windows+NT+10.0;+Win64;+x64)+AppleWebKit/537.36+(KHTML,+like+Gecko)+Chrome/75.0.3770.142+Safari/537.36 http://localhost:51768/ 404 0 0 73
2019-07-17 05:48:46 ::1 POST /Room/CreateRoom - 51768 - ::1 Mozilla/5.0+(Windows+NT+10.0;+Win64;+x64)+AppleWebKit/537.36+(KHTML,+like+Gecko)+Chrome/75.0.3770.142+Safari/537.36 http://localhost:51768/Room/CreateRoom 200 0 0 114
2019-07-17 05:48:46 ::1 GET /Scripts/modernizr-2.6.2.js - 51768 - ::1 Mozilla/5.0+(Windows+NT+10.0;+Win64;+x64)+AppleWebKit/537.36+(KHTML,+like+Gecko)+Chrome/75.0.3770.142+Safari/537.36 http://localhost:51768/Room/CreateRoom 304 0 0 63
2019-07-17 05:48:46 ::1 GET /Scripts/jquery-1.8.2.js - 51768 - ::1 Mozilla/5.0+(Windows+NT+10.0;+Win64;+x64)+AppleWebKit/537.36+(KHTML,+like+Gecko)+Chrome/75.0.3770.142+Safari/537.36 http://localhost:51768/Room/CreateRoom 304 0 0 71
2019-07-17 05:48:46 ::1 GET /Content/site.css - 51768 - ::1 Mozilla/5.0+(Windows+NT+10.0;+Win64;+x64)+AppleWebKit/537.36+(KHTML,+like+Gecko)+Chrome/75.0.3770.142+Safari/537.36 http://localhost:51768/Room/CreateRoom 304 0 0 97
2019-07-17 05:48:46 ::1 GET /Images/accent.png - 51768 - ::1 Mozilla/5.0+(Windows+NT+10.0;+Win64;+x64)+AppleWebKit/537.36+(KHTML,+like+Gecko)+Chrome/75.0.3770.142+Safari/537.36 http://localhost:51768/Content/site.css 304 0 0 41
2019-07-17 05:48:48 ::1 GET /__browserLink/requestData/9ab0d129ea8b47019ecae708d0d4e947 - 51768 - ::1 Mozilla/5.0+(Windows+NT+10.0;+Win64;+x64)+AppleWebKit/537.36+(KHTML,+like+Gecko)+Chrome/75.0.3770.142+Safari/537.36 http://localhost:51768/Room/CreateRoom 200 0 0 11
2019-07-17 05:50:55 ::1 GET /57b71ec92b4f4e69bcf7dbced5d20070/arterySignalR/ping requestUrl=http%3A%2F%2Flocalhost%3A51768%2F&browserName=Chrome&_=1563342655636 51768 - ::1 Mozilla/5.0+(Windows+NT+10.0;+Win64;+x64)+AppleWebKit/537.36+(KHTML,+like+Gecko)+Chrome/75.0.3770.142+Safari/537.36 http://localhost:51768/ 404 0 0 35
2019-07-17 05:51:01 ::1 POST /Room/CreateRoom - 51768 - ::1 Mozilla/5.0+(Windows+NT+10.0;+Win64;+x64)+AppleWebKit/537.36+(KHTML,+like+Gecko)+Chrome/75.0.3770.142+Safari/537.36 http://localhost:51768/Room/CreateRoom 200 0 0 54
2019-07-17 05:51:01 ::1 GET /favicon.ico - 51768 - ::1 Mozilla/5.0+(Windows+NT+10.0;+Win64;+x64)+AppleWebKit/537.36+(KHTML,+like+Gecko)+Chrome/75.0.3770.142+Safari/537.36 http://localhost:51768/Room/CreateRoom 200 0 0 87
2019-07-17 05:51:02 ::1 GET /__browserLink/requestData/80250fdb871f4cd4a1b0a79d56805417 - 51768 - ::1 Mozilla/5.0+(Windows+NT+10.0;+Win64;+x64)+AppleWebKit/537.36+(KHTML,+like+Gecko)+Chrome/75.0.3770.142+Safari/537.36 http://localhost:51768/Room/CreateRoom 200 0 0 4
#Software: Microsoft Internet Information Services 8.0
#Version: 1.0
#Date: 2019-07-17 05:53:52
#Fields: date time s-ip cs-method cs-uri-stem cs-uri-query s-port cs-username c-ip cs(User-Agent) cs(Referer) sc-status sc-substatus sc-win32-status time-taken
2019-07-17 05:53:52 ::1 GET /Room/CreateRoom - 51768 - ::1 Mozilla/5.0+(compatible;+MSIE+10.0;+Windows+NT+6.2;+WOW64;+Trident/7.0;+Eureka/1.0) - 200 0 0 23581
2019-07-17 05:53:52 ::1 GET /Content/site.css - 51768 - ::1 Mozilla/5.0+(compatible;+MSIE+10.0;+Windows+NT+6.2;+WOW64;+Trident/7.0;+Eureka/1.0) http://localhost:51768/Room/CreateRoom 200 0 0 119
2019-07-17 05:53:52 ::1 GET /Scripts/modernizr-2.6.2.js - 51768 - ::1 Mozilla/5.0+(compatible;+MSIE+10.0;+Windows+NT+6.2;+WOW64;+Trident/7.0;+Eureka/1.0) http://localhost:51768/Room/CreateRoom 200 0 0 119
2019-07-17 05:53:52 ::1 GET /Scripts/jquery-1.8.2.js - 51768 - ::1 Mozilla/5.0+(compatible;+MSIE+10.0;+Windows+NT+6.2;+WOW64;+Trident/7.0;+Eureka/1.0) http://localhost:51768/Room/CreateRoom 200 0 0 176
2019-07-17 05:53:56 ::1 GET /Images/accent.png - 51768 - ::1 Mozilla/5.0+(compatible;+MSIE+10.0;+Windows+NT+6.2;+WOW64;+Trident/7.0;+Eureka/1.0) http://localhost:51768/Room/CreateRoom 304 0 0 65
2019-07-17 05:55:55 ::1 GET /57b71ec92b4f4e69bcf7dbced5d20070/arterySignalR/ping requestUrl=http%3A%2F%2Flocalhost%3A51768%2F&browserName=Chrome&_=1563342955634 51768 - ::1 Mozilla/5.0+(Windows+NT+10.0;+Win64;+x64)+AppleWebKit/537.36+(KHTML,+like+Gecko)+Chrome/75.0.3770.142+Safari/537.36 http://localhost:51768/ 404 0 0 108
2019-07-17 05:56:01 ::1 GET /57b71ec92b4f4e69bcf7dbced5d20070/arterySignalR/ping requestUrl=http%3A%2F%2Flocalhost%3A51768%2FRoom%2FCreateRoom&browserName=Chrome&_=1563342961678 51768 - ::1 Mozilla/5.0+(Windows+NT+10.0;+Win64;+x64)+AppleWebKit/537.36+(KHTML,+like+Gecko)+Chrome/75.0.3770.142+Safari/537.36 http://localhost:51768/Room/CreateRoom 404 0 0 2
2019-07-17 05:56:30 ::1 POST /Room/CreateRoom - 51768 - ::1 Mozilla/5.0+(compatible;+MSIE+10.0;+Windows+NT+6.2;+WOW64;+Trident/7.0;+Eureka/1.0) http://localhost:51768/Room/CreateRoom 200 0 0 693
2019-07-17 05:56:30 ::1 GET /Room/CreateRoom - 51768 - ::1 Mozilla/5.0+(compatible;+MSIE+10.0;+Windows+NT+6.2;+WOW64;+Trident/7.0;+Eureka/1.0) - 200 0 64 9046
2019-07-17 05:56:30 ::1 GET /Content/site.css - 51768 - ::1 Mozilla/5.0+(compatible;+MSIE+10.0;+Windows+NT+6.2;+WOW64;+Trident/7.0;+Eureka/1.0) http://localhost:51768/Room/CreateRoom 200 0 0 44
2019-07-17 05:56:30 ::1 GET /Scripts/modernizr-2.6.2.js - 51768 - ::1 Mozilla/5.0+(compatible;+MSIE+10.0;+Windows+NT+6.2;+WOW64;+Trident/7.0;+Eureka/1.0) http://localhost:51768/Room/CreateRoom 200 0 0 50
2019-07-17 05:56:30 ::1 GET /Scripts/jquery-1.8.2.js - 51768 - ::1 Mozilla/5.0+(compatible;+MSIE+10.0;+Windows+NT+6.2;+WOW64;+Trident/7.0;+Eureka/1.0) http://localhost:51768/Room/CreateRoom 200 0 0 66
2019-07-17 05:56:30 ::1 GET /Images/accent.png - 51768 - ::1 Mozilla/5.0+(compatible;+MSIE+10.0;+Windows+NT+6.2;+WOW64;+Trident/7.0;+Eureka/1.0) http://localhost:51768/Room/CreateRoom 304 0 0 45
#Software: Microsoft Internet Information Services 8.0
#Version: 1.0
#Date: 2019-07-17 05:57:27
#Fields: date time s-ip cs-method cs-uri-stem cs-uri-query s-port cs-username c-ip cs(User-Agent) cs(Referer) sc-status sc-substatus sc-win32-status time-taken
2019-07-17 05:57:27 ::1 GET / - 51768 - ::1 Mozilla/5.0+(Windows+NT+10.0;+Win64;+x64)+AppleWebKit/537.36+(KHTML,+like+Gecko)+Chrome/75.0.3770.142+Safari/537.36 - 200 0 0 14435
2019-07-17 05:57:27 ::1 GET /Content/site.css - 51768 - ::1 Mozilla/5.0+(Windows+NT+10.0;+Win64;+x64)+AppleWebKit/537.36+(KHTML,+like+Gecko)+Chrome/75.0.3770.142+Safari/537.36 http://localhost:51768/ 304 0 0 2
2019-07-17 05:57:27 ::1 GET /Scripts/modernizr-2.6.2.js - 51768 - ::1 Mozilla/5.0+(Windows+NT+10.0;+Win64;+x64)+AppleWebKit/537.36+(KHTML,+like+Gecko)+Chrome/75.0.3770.142+Safari/537.36 http://localhost:51768/ 304 0 0 15
2019-07-17 05:57:27 ::1 GET /Scripts/jquery-1.8.2.js - 51768 - ::1 Mozilla/5.0+(Windows+NT+10.0;+Win64;+x64)+AppleWebKit/537.36+(KHTML,+like+Gecko)+Chrome/75.0.3770.142+Safari/537.36 http://localhost:51768/ 304 0 0 15
2019-07-17 05:57:27 ::1 GET /Images/heroAccent.png - 51768 - ::1 Mozilla/5.0+(Windows+NT+10.0;+Win64;+x64)+AppleWebKit/537.36+(KHTML,+like+Gecko)+Chrome/75.0.3770.142+Safari/537.36 http://localhost:51768/Content/site.css 304 0 0 18
2019-07-17 05:57:27 ::1 GET /Images/orderedList1.png - 51768 - ::1 Mozilla/5.0+(Windows+NT+10.0;+Win64;+x64)+AppleWebKit/537.36+(KHTML,+like+Gecko)+Chrome/75.0.3770.142+Safari/537.36 http://localhost:51768/Content/site.css 304 0 0 18
2019-07-17 05:57:27 ::1 GET /Images/orderedList2.png - 51768 - ::1 Mozilla/5.0+(Windows+NT+10.0;+Win64;+x64)+AppleWebKit/537.36+(KHTML,+like+Gecko)+Chrome/75.0.3770.142+Safari/537.36 http://localhost:51768/Content/site.css 304 0 0 28
2019-07-17 05:57:27 ::1 GET /Images/orderedList3.png - 51768 - ::1 Mozilla/5.0+(Windows+NT+10.0;+Win64;+x64)+AppleWebKit/537.36+(KHTML,+like+Gecko)+Chrome/75.0.3770.142+Safari/537.36 http://localhost:51768/Content/site.css 304 0 0 34
2019-07-17 05:57:29 ::1 GET /__browserLink/requestData/cf654ee16b4a4a1b970c935739537250 - 51768 - ::1 Mozilla/5.0+(Windows+NT+10.0;+Win64;+x64)+AppleWebKit/537.36+(KHTML,+like+Gecko)+Chrome/75.0.3770.142+Safari/537.36 http://localhost:51768/ 200 0 0 38
2019-07-17 05:57:37 ::1 GET /Room/CreateRoom - 51768 - ::1 Mozilla/5.0+(Windows+NT+10.0;+Win64;+x64)+AppleWebKit/537.36+(KHTML,+like+Gecko)+Chrome/75.0.3770.142+Safari/537.36 - 200 0 0 1341
2019-07-17 05:57:37 ::1 GET /Images/accent.png - 51768 - ::1 Mozilla/5.0+(Windows+NT+10.0;+Win64;+x64)+AppleWebKit/537.36+(KHTML,+like+Gecko)+Chrome/75.0.3770.142+Safari/537.36 http://localhost:51768/Content/site.css 304 0 0 29
2019-07-17 05:57:38 ::1 GET /__browserLink/requestData/6df009a00d30409b936057854d546390 - 51768 - ::1 Mozilla/5.0+(Windows+NT+10.0;+Win64;+x64)+AppleWebKit/537.36+(KHTML,+like+Gecko)+Chrome/75.0.3770.142+Safari/537.36 http://localhost:51768/Room/CreateRoom 200 0 0 37
2019-07-17 05:57:45 ::1 POST /Room/CreateRoom - 51768 - ::1 Mozilla/5.0+(Windows+NT+10.0;+Win64;+x64)+AppleWebKit/537.36+(KHTML,+like+Gecko)+Chrome/75.0.3770.142+Safari/537.36 http://localhost:51768/Room/CreateRoom 200 0 0 369
2019-07-17 05:57:47 ::1 GET /__browserLink/requestData/ffba41d8074c433f8a0b8a61c8e9c7db - 51768 - ::1 Mozilla/5.0+(Windows+NT+10.0;+Win64;+x64)+AppleWebKit/537.36+(KHTML,+like+Gecko)+Chrome/75.0.3770.142+Safari/537.36 http://localhost:51768/Room/CreateRoom 200 0 0 319
#Software: Microsoft Internet Information Services 8.0
#Version: 1.0
#Date: 2019-07-17 05:59:15
#Fields: date time s-ip cs-method cs-uri-stem cs-uri-query s-port cs-username c-ip cs(User-Agent) cs(Referer) sc-status sc-substatus sc-win32-status time-taken
2019-07-17 05:59:15 ::1 GET /Room/CreateRoom - 51768 - ::1 Mozilla/5.0+(compatible;+MSIE+10.0;+Windows+NT+6.2;+WOW64;+Trident/7.0;+Eureka/1.0) - 200 0 0 18622
2019-07-17 05:59:25 ::1 GET /Room/CreateRoom - 51768 - ::1 Mozilla/5.0+(Windows+NT+10.0;+Win64;+x64)+AppleWebKit/537.36+(KHTML,+like+Gecko)+Chrome/75.0.3770.142+Safari/537.36 - 200 0 0 338
2019-07-17 05:59:32 ::1 GET /favicon.ico - 51768 - ::1 Mozilla/5.0+(Windows+NT+10.0;+Win64;+x64)+AppleWebKit/537.36+(KHTML,+like+Gecko)+Chrome/75.0.3770.142+Safari/537.36 http://localhost:51768/Room/CreateRoom 200 0 0 575
2019-07-17 05:59:33 ::1 GET /__browserLink/requestData/9f6d875316064e76afebf90f8a66536b - 51768 - ::1 Mozilla/5.0+(Windows+NT+10.0;+Win64;+x64)+AppleWebKit/537.36+(KHTML,+like+Gecko)+Chrome/75.0.3770.142+Safari/537.36 http://localhost:51768/Room/CreateRoom 200 0 0 75
2019-07-17 06:00:08 ::1 POST /Room/CreateRoom - 51768 - ::1 Mozilla/5.0+(Windows+NT+10.0;+Win64;+x64)+AppleWebKit/537.36+(KHTML,+like+Gecko)+Chrome/75.0.3770.142+Safari/537.36 http://localhost:51768/Room/CreateRoom 200 0 0 21
#Software: Microsoft Internet Information Services 8.0
#Version: 1.0
#Date: 2019-07-17 06:01:51
#Fields: date time s-ip cs-method cs-uri-stem cs-uri-query s-port cs-username c-ip cs(User-Agent) cs(Referer) sc-status sc-substatus sc-win32-status time-taken
2019-07-17 06:01:51 ::1 GET /Room/CreateRoom - 51768 - ::1 Mozilla/5.0+(compatible;+MSIE+10.0;+Windows+NT+6.2;+WOW64;+Trident/7.0;+Eureka/1.0) - 200 0 0 3175
2019-07-17 06:01:51 ::1 GET /Content/site.css - 51768 - ::1 Mozilla/5.0+(compatible;+MSIE+10.0;+Windows+NT+6.2;+WOW64;+Trident/7.0;+Eureka/1.0) http://localhost:51768/Room/CreateRoom 200 0 0 76
2019-07-17 06:01:51 ::1 GET /Scripts/modernizr-2.6.2.js - 51768 - ::1 Mozilla/5.0+(compatible;+MSIE+10.0;+Windows+NT+6.2;+WOW64;+Trident/7.0;+Eureka/1.0) http://localhost:51768/Room/CreateRoom 200 0 0 119
2019-07-17 06:01:51 ::1 GET /Scripts/jquery-1.8.2.js - 51768 - ::1 Mozilla/5.0+(compatible;+MSIE+10.0;+Windows+NT+6.2;+WOW64;+Trident/7.0;+Eureka/1.0) http://localhost:51768/Room/CreateRoom 200 0 0 116
2019-07-17 06:01:52 ::1 GET /Images/accent.png - 51768 - ::1 Mozilla/5.0+(compatible;+MSIE+10.0;+Windows+NT+6.2;+WOW64;+Trident/7.0;+Eureka/1.0) http://localhost:51768/Room/CreateRoom 304 0 0 19
2019-07-17 06:02:16 ::1 GET /Room/CreateRoom - 51768 - ::1 Mozilla/5.0+(compatible;+MSIE+10.0;+Windows+NT+6.2;+WOW64;+Trident/7.0;+Eureka/1.0) - 200 0 0 9818
2019-07-17 06:02:16 ::1 GET /Content/site.css - 51768 - ::1 Mozilla/5.0+(compatible;+MSIE+10.0;+Windows+NT+6.2;+WOW64;+Trident/7.0;+Eureka/1.0) http://localhost:51768/Room/CreateRoom 200 0 0 69
2019-07-17 06:02:16 ::1 GET /Scripts/modernizr-2.6.2.js - 51768 - ::1 Mozilla/5.0+(compatible;+MSIE+10.0;+Windows+NT+6.2;+WOW64;+Trident/7.0;+Eureka/1.0) http://localhost:51768/Room/CreateRoom 200 0 0 86
2019-07-17 06:02:16 ::1 GET /Images/accent.png - 51768 - ::1 Mozilla/5.0+(compatible;+MSIE+10.0;+Windows+NT+6.2;+WOW64;+Trident/7.0;+Eureka/1.0) http://localhost:51768/Room/CreateRoom 304 0 0 6
2019-07-17 06:02:17 ::1 GET /Scripts/jquery-1.8.2.js - 51768 - ::1 Mozilla/5.0+(compatible;+MSIE+10.0;+Windows+NT+6.2;+WOW64;+Trident/7.0;+Eureka/1.0) http://localhost:51768/Room/CreateRoom 200 0 0 100
2019-07-17 06:02:32 ::1 POST /Room/CreateRoom - 51768 - ::1 Mozilla/5.0+(compatible;+MSIE+10.0;+Windows+NT+6.2;+WOW64;+Trident/7.0;+Eureka/1.0) http://localhost:51768/Room/CreateRoom 200 0 0 54
2019-07-17 06:02:32 ::1 GET /Scripts/modernizr-2.6.2.js - 51768 - ::1 Mozilla/5.0+(compatible;+MSIE+10.0;+Windows+NT+6.2;+WOW64;+Trident/7.0;+Eureka/1.0) http://localhost:51768/Room/CreateRoom 200 0 0 62
2019-07-17 06:02:32 ::1 GET /Content/site.css - 51768 - ::1 Mozilla/5.0+(compatible;+MSIE+10.0;+Windows+NT+6.2;+WOW64;+Trident/7.0;+Eureka/1.0) http://localhost:51768/Room/CreateRoom 200 0 0 143
2019-07-17 06:02:32 ::1 GET /Scripts/jquery-1.8.2.js - 51768 - ::1 Mozilla/5.0+(compatible;+MSIE+10.0;+Windows+NT+6.2;+WOW64;+Trident/7.0;+Eureka/1.0) http://localhost:51768/Room/CreateRoom 200 0 0 103
2019-07-17 06:02:33 ::1 GET /Images/accent.png - 51768 - ::1 Mozilla/5.0+(compatible;+MSIE+10.0;+Windows+NT+6.2;+WOW64;+Trident/7.0;+Eureka/1.0) http://localhost:51768/Room/CreateRoom 304 0 0 98
2019-07-17 06:03:03 ::1 POST /Room/CreateRoom - 51768 - ::1 Mozilla/5.0+(compatible;+MSIE+10.0;+Windows+NT+6.2;+WOW64;+Trident/7.0;+Eureka/1.0) http://localhost:51768/Room/CreateRoom 200 0 0 11
2019-07-17 06:03:03 ::1 GET /Scripts/modernizr-2.6.2.js - 51768 - ::1 Mozilla/5.0+(compatible;+MSIE+10.0;+Windows+NT+6.2;+WOW64;+Trident/7.0;+Eureka/1.0) http://localhost:51768/Room/CreateRoom 200 0 0 16
2019-07-17 06:03:03 ::1 GET /Content/site.css - 51768 - ::1 Mozilla/5.0+(compatible;+MSIE+10.0;+Windows+NT+6.2;+WOW64;+Trident/7.0;+Eureka/1.0) http://localhost:51768/Room/CreateRoom 200 0 0 33
2019-07-17 06:03:03 ::1 GET /Scripts/jquery-1.8.2.js - 51768 - ::1 Mozilla/5.0+(compatible;+MSIE+10.0;+Windows+NT+6.2;+WOW64;+Trident/7.0;+Eureka/1.0) http://localhost:51768/Room/CreateRoom 200 0 0 45
2019-07-17 06:03:03 ::1 GET /Images/accent.png - 51768 - ::1 Mozilla/5.0+(compatible;+MSIE+10.0;+Windows+NT+6.2;+WOW64;+Trident/7.0;+Eureka/1.0) http://localhost:51768/Room/CreateRoom 304 0 0 3
2019-07-17 06:12:27 ::1 GET /Room/CreateRoom - 51768 - ::1 Mozilla/5.0+(compatible;+MSIE+10.0;+Windows+NT+6.2;+WOW64;+Trident/7.0;+Eureka/1.0) - 404 0 64 10565
2019-07-17 06:12:33 ::1 POST /Room/CreateRoom - 51768 - ::1 Mozilla/5.0+(compatible;+MSIE+10.0;+Windows+NT+6.2;+WOW64;+Trident/7.0;+Eureka/1.0) http://localhost:51768/Room/CreateRoom 200 0 0 7579
2019-07-17 06:12:33 ::1 GET /Content/site.css - 51768 - ::1 Mozilla/5.0+(compatible;+MSIE+10.0;+Windows+NT+6.2;+WOW64;+Trident/7.0;+Eureka/1.0) http://localhost:51768/Room/CreateRoom 200 0 0 31
2019-07-17 06:12:33 ::1 GET /Scripts/modernizr-2.6.2.js - 51768 - ::1 Mozilla/5.0+(compatible;+MSIE+10.0;+Windows+NT+6.2;+WOW64;+Trident/7.0;+Eureka/1.0) http://localhost:51768/Room/CreateRoom 200 0 0 57
2019-07-17 06:12:33 ::1 GET /Scripts/jquery-1.8.2.js - 51768 - ::1 Mozilla/5.0+(compatible;+MSIE+10.0;+Windows+NT+6.2;+WOW64;+Trident/7.0;+Eureka/1.0) http://localhost:51768/Room/CreateRoom 200 0 0 63
2019-07-17 06:12:39 ::1 GET /Images/accent.png - 51768 - ::1 Mozilla/5.0+(compatible;+MSIE+10.0;+Windows+NT+6.2;+WOW64;+Trident/7.0;+Eureka/1.0) http://localhost:51768/Room/CreateRoom 304 0 0 37
2019-07-17 06:17:59 ::1 GET /Room/CreateRoom - 51768 - ::1 Mozilla/5.0+(compatible;+MSIE+10.0;+Windows+NT+6.2;+WOW64;+Trident/7.0;+Eureka/1.0) - 500 0 64 12128
2019-07-17 06:17:59 ::1 POST /Room/CreateRoom - 51768 - ::1 Mozilla/5.0+(compatible;+MSIE+10.0;+Windows+NT+6.2;+WOW64;+Trident/7.0;+Eureka/1.0) http://localhost:51768/Room/CreateRoom 500 0 0 3426
2019-07-17 06:18:16 ::1 GET /Room/CreateRoom - 51768 - ::1 Mozilla/5.0+(compatible;+MSIE+10.0;+Windows+NT+6.2;+WOW64;+Trident/7.0;+Eureka/1.0) - 500 0 0 28
2019-07-17 06:32:39 ::1 GET /Room/CreateRoom - 51768 - ::1 Mozilla/5.0+(compatible;+MSIE+10.0;+Windows+NT+6.2;+WOW64;+Trident/7.0;+Eureka/1.0) - 500 0 0 9033
