#Software: Microsoft Internet Information Services 8.0
#Version: 1.0
#Date: 2019-07-17 10:26:27
#Fields: date time s-ip cs-method cs-uri-stem cs-uri-query s-port cs-username c-ip cs(User-Agent) cs(Referer) sc-status sc-substatus sc-win32-status time-taken
2019-07-17 10:26:27 ::1 GET /Room/Create - 51709 - ::1 Mozilla/5.0+(compatible;+MSIE+10.0;+Windows+NT+6.2;+WOW64;+Trident/7.0;+Eureka/1.0) - 200 0 0 24223
2019-07-17 10:26:27 ::1 GET /Content/site.css - 51709 - ::1 Mozilla/5.0+(compatible;+MSIE+10.0;+Windows+NT+6.2;+WOW64;+Trident/7.0;+Eureka/1.0) http://localhost:51709/Room/Create 200 0 0 83
2019-07-17 10:26:27 ::1 GET /Scripts/modernizr-2.6.2.js - 51709 - ::1 Mozilla/5.0+(compatible;+MSIE+10.0;+Windows+NT+6.2;+WOW64;+Trident/7.0;+Eureka/1.0) http://localhost:51709/Room/Create 200 0 0 85
2019-07-17 10:26:27 ::1 GET /Scripts/jquery-1.8.2.js - 51709 - ::1 Mozilla/5.0+(compatible;+MSIE+10.0;+Windows+NT+6.2;+WOW64;+Trident/7.0;+Eureka/1.0) http://localhost:51709/Room/Create 200 0 0 211
2019-07-17 10:26:36 ::1 GET /Images/accent.png - 51709 - ::1 Mozilla/5.0+(compatible;+MSIE+10.0;+Windows+NT+6.2;+WOW64;+Trident/7.0;+Eureka/1.0) http://localhost:51709/Room/Create 200 0 0 1
2019-07-17 10:26:59 ::1 POST /Room/Create - 51709 - ::1 Mozilla/5.0+(compatible;+MSIE+10.0;+Windows+NT+6.2;+WOW64;+Trident/7.0;+Eureka/1.0) http://localhost:51709/Room/Create 200 0 0 1823
2019-07-17 10:26:59 ::1 GET /Content/site.css - 51709 - ::1 Mozilla/5.0+(compatible;+MSIE+10.0;+Windows+NT+6.2;+WOW64;+Trident/7.0;+Eureka/1.0) http://localhost:51709/Room/Create 200 0 0 32
2019-07-17 10:26:59 ::1 GET /Scripts/modernizr-2.6.2.js - 51709 - ::1 Mozilla/5.0+(compatible;+MSIE+10.0;+Windows+NT+6.2;+WOW64;+Trident/7.0;+Eureka/1.0) http://localhost:51709/Room/Create 200 0 0 37
2019-07-17 10:26:59 ::1 GET /Scripts/jquery-1.8.2.js - 51709 - ::1 Mozilla/5.0+(compatible;+MSIE+10.0;+Windows+NT+6.2;+WOW64;+Trident/7.0;+Eureka/1.0) http://localhost:51709/Room/Create 200 0 0 190
2019-07-17 10:26:59 ::1 GET /Images/accent.png - 51709 - ::1 Mozilla/5.0+(compatible;+MSIE+10.0;+Windows+NT+6.2;+WOW64;+Trident/7.0;+Eureka/1.0) http://localhost:51709/Room/Create 304 0 0 70
#Software: Microsoft Internet Information Services 8.0
#Version: 1.0
#Date: 2019-07-17 12:14:09
#Fields: date time s-ip cs-method cs-uri-stem cs-uri-query s-port cs-username c-ip cs(User-Agent) cs(Referer) sc-status sc-substatus sc-win32-status time-taken
2019-07-17 12:14:09 ::1 GET /CheckIn/checkin - 51709 - ::1 Mozilla/5.0+(compatible;+MSIE+10.0;+Windows+NT+6.2;+WOW64;+Trident/7.0;+Eureka/1.0) - 200 0 0 21424
2019-07-17 12:14:09 ::1 GET /Content/site.css - 51709 - ::1 Mozilla/5.0+(compatible;+MSIE+10.0;+Windows+NT+6.2;+WOW64;+Trident/7.0;+Eureka/1.0) http://localhost:51709/CheckIn/checkin 200 0 0 21
2019-07-17 12:14:09 ::1 GET /Scripts/modernizr-2.6.2.js - 51709 - ::1 Mozilla/5.0+(compatible;+MSIE+10.0;+Windows+NT+6.2;+WOW64;+Trident/7.0;+Eureka/1.0) http://localhost:51709/CheckIn/checkin 200 0 0 25
2019-07-17 12:14:09 ::1 GET /Scripts/jquery-1.8.2.js - 51709 - ::1 Mozilla/5.0+(compatible;+MSIE+10.0;+Windows+NT+6.2;+WOW64;+Trident/7.0;+Eureka/1.0) http://localhost:51709/CheckIn/checkin 200 0 0 204
2019-07-17 12:14:10 ::1 GET /Images/accent.png - 51709 - ::1 Mozilla/5.0+(compatible;+MSIE+10.0;+Windows+NT+6.2;+WOW64;+Trident/7.0;+Eureka/1.0) http://localhost:51709/CheckIn/checkin 304 0 0 11
2019-07-17 12:15:00 ::1 GET /CheckIn/checkin - 51709 - ::1 Mozilla/5.0+(compatible;+MSIE+10.0;+Windows+NT+6.2;+WOW64;+Trident/7.0;+Eureka/1.0) - 200 0 0 1293
2019-07-17 12:15:00 ::1 GET /Content/site.css - 51709 - ::1 Mozilla/5.0+(compatible;+MSIE+10.0;+Windows+NT+6.2;+WOW64;+Trident/7.0;+Eureka/1.0) http://localhost:51709/CheckIn/checkin 200 0 0 60
2019-07-17 12:15:00 ::1 GET /Scripts/modernizr-2.6.2.js - 51709 - ::1 Mozilla/5.0+(compatible;+MSIE+10.0;+Windows+NT+6.2;+WOW64;+Trident/7.0;+Eureka/1.0) http://localhost:51709/CheckIn/checkin 200 0 0 20
2019-07-17 12:15:00 ::1 GET /Images/accent.png - 51709 - ::1 Mozilla/5.0+(compatible;+MSIE+10.0;+Windows+NT+6.2;+WOW64;+Trident/7.0;+Eureka/1.0) http://localhost:51709/CheckIn/checkin 304 0 0 9
2019-07-17 12:15:00 ::1 GET /Scripts/jquery-1.8.2.js - 51709 - ::1 Mozilla/5.0+(compatible;+MSIE+10.0;+Windows+NT+6.2;+WOW64;+Trident/7.0;+Eureka/1.0) http://localhost:51709/CheckIn/checkin 200 0 0 119
#Software: Microsoft Internet Information Services 8.0
#Version: 1.0
#Date: 2019-07-17 12:16:14
#Fields: date time s-ip cs-method cs-uri-stem cs-uri-query s-port cs-username c-ip cs(User-Agent) cs(Referer) sc-status sc-substatus sc-win32-status time-taken
2019-07-17 12:16:14 ::1 GET / - 51709 - ::1 Mozilla/5.0+(Windows+NT+10.0;+Win64;+x64)+AppleWebKit/537.36+(KHTML,+like+Gecko)+Chrome/75.0.3770.142+Safari/537.36 - 200 0 0 13700
2019-07-17 12:16:14 ::1 GET /Scripts/modernizr-2.6.2.js - 51709 - ::1 Mozilla/5.0+(Windows+NT+10.0;+Win64;+x64)+AppleWebKit/537.36+(KHTML,+like+Gecko)+Chrome/75.0.3770.142+Safari/537.36 http://localhost:51709/ 200 0 0 23
2019-07-17 12:16:14 ::1 GET /Content/site.css - 51709 - ::1 Mozilla/5.0+(Windows+NT+10.0;+Win64;+x64)+AppleWebKit/537.36+(KHTML,+like+Gecko)+Chrome/75.0.3770.142+Safari/537.36 http://localhost:51709/ 200 0 0 36
2019-07-17 12:16:14 ::1 GET /Scripts/jquery-1.8.2.js - 51709 - ::1 Mozilla/5.0+(Windows+NT+10.0;+Win64;+x64)+AppleWebKit/537.36+(KHTML,+like+Gecko)+Chrome/75.0.3770.142+Safari/537.36 http://localhost:51709/ 200 0 0 140
2019-07-17 12:16:14 ::1 GET /Images/heroAccent.png - 51709 - ::1 Mozilla/5.0+(Windows+NT+10.0;+Win64;+x64)+AppleWebKit/537.36+(KHTML,+like+Gecko)+Chrome/75.0.3770.142+Safari/537.36 http://localhost:51709/Content/site.css 200 0 0 3
2019-07-17 12:16:14 ::1 GET /Images/orderedList1.png - 51709 - ::1 Mozilla/5.0+(Windows+NT+10.0;+Win64;+x64)+AppleWebKit/537.36+(KHTML,+like+Gecko)+Chrome/75.0.3770.142+Safari/537.36 http://localhost:51709/Content/site.css 200 0 0 28
2019-07-17 12:16:14 ::1 GET /Images/orderedList2.png - 51709 - ::1 Mozilla/5.0+(Windows+NT+10.0;+Win64;+x64)+AppleWebKit/537.36+(KHTML,+like+Gecko)+Chrome/75.0.3770.142+Safari/537.36 http://localhost:51709/Content/site.css 200 0 0 33
2019-07-17 12:16:14 ::1 GET /Images/orderedList3.png - 51709 - ::1 Mozilla/5.0+(Windows+NT+10.0;+Win64;+x64)+AppleWebKit/537.36+(KHTML,+like+Gecko)+Chrome/75.0.3770.142+Safari/537.36 http://localhost:51709/Content/site.css 200 0 0 35
2019-07-17 12:16:16 ::1 GET /favicon.ico - 51709 - ::1 Mozilla/5.0+(Windows+NT+10.0;+Win64;+x64)+AppleWebKit/537.36+(KHTML,+like+Gecko)+Chrome/75.0.3770.142+Safari/537.36 http://localhost:51709/ 200 0 0 24
2019-07-17 12:16:18 ::1 GET /__browserLink/requestData/221b9af275174a3ea496f1e00c380014 - 51709 - ::1 Mozilla/5.0+(Windows+NT+10.0;+Win64;+x64)+AppleWebKit/537.36+(KHTML,+like+Gecko)+Chrome/75.0.3770.142+Safari/537.36 http://localhost:51709/ 200 0 0 265
2019-07-17 12:16:41 ::1 GET /CheckIn/chechin - 51709 - ::1 Mozilla/5.0+(Windows+NT+10.0;+Win64;+x64)+AppleWebKit/537.36+(KHTML,+like+Gecko)+Chrome/75.0.3770.142+Safari/537.36 - 404 0 0 503
2019-07-17 12:16:51 ::1 GET /CheckIn/checkin - 51709 - ::1 Mozilla/5.0+(compatible;+MSIE+10.0;+Windows+NT+6.2;+WOW64;+Trident/7.0;+Eureka/1.0) - 200 0 0 4732
2019-07-17 12:16:51 ::1 GET /Content/site.css - 51709 - ::1 Mozilla/5.0+(compatible;+MSIE+10.0;+Windows+NT+6.2;+WOW64;+Trident/7.0;+Eureka/1.0) http://localhost:51709/CheckIn/checkin 200 0 0 55
2019-07-17 12:16:51 ::1 GET /Scripts/modernizr-2.6.2.js - 51709 - ::1 Mozilla/5.0+(compatible;+MSIE+10.0;+Windows+NT+6.2;+WOW64;+Trident/7.0;+Eureka/1.0) http://localhost:51709/CheckIn/checkin 200 0 0 59
2019-07-17 12:16:51 ::1 GET /Scripts/jquery-1.8.2.js - 51709 - ::1 Mozilla/5.0+(compatible;+MSIE+10.0;+Windows+NT+6.2;+WOW64;+Trident/7.0;+Eureka/1.0) http://localhost:51709/CheckIn/checkin 200 0 0 111
2019-07-17 12:16:51 ::1 GET /Images/accent.png - 51709 - ::1 Mozilla/5.0+(compatible;+MSIE+10.0;+Windows+NT+6.2;+WOW64;+Trident/7.0;+Eureka/1.0) http://localhost:51709/CheckIn/checkin 304 0 0 49
2019-07-17 12:16:54 ::1 GET /CheckIn/checkin - 51709 - ::1 Mozilla/5.0+(Windows+NT+10.0;+Win64;+x64)+AppleWebKit/537.36+(KHTML,+like+Gecko)+Chrome/75.0.3770.142+Safari/537.36 - 200 0 0 201
2019-07-17 12:16:54 ::1 GET /Images/accent.png - 51709 - ::1 Mozilla/5.0+(Windows+NT+10.0;+Win64;+x64)+AppleWebKit/537.36+(KHTML,+like+Gecko)+Chrome/75.0.3770.142+Safari/537.36 http://localhost:51709/Content/site.css 200 0 0 23
2019-07-17 12:16:54 ::1 GET /__browserLink/requestData/7e0a0aa8f63649e883618dc73bc88929 - 51709 - ::1 Mozilla/5.0+(Windows+NT+10.0;+Win64;+x64)+AppleWebKit/537.36+(KHTML,+like+Gecko)+Chrome/75.0.3770.142+Safari/537.36 http://localhost:51709/CheckIn/checkin 200 0 0 11
#Software: Microsoft Internet Information Services 8.0
#Version: 1.0
#Date: 2019-07-17 12:58:49
#Fields: date time s-ip cs-method cs-uri-stem cs-uri-query s-port cs-username c-ip cs(User-Agent) cs(Referer) sc-status sc-substatus sc-win32-status time-taken
2019-07-17 12:58:49 ::1 GET /CheckIn/Viewchekin - 51709 - ::1 Mozilla/5.0+(compatible;+MSIE+10.0;+Windows+NT+6.2;+WOW64;+Trident/7.0;+Eureka/1.0) - 200 0 0 11607
2019-07-17 12:58:49 ::1 GET /Scripts/modernizr-2.6.2.js - 51709 - ::1 Mozilla/5.0+(compatible;+MSIE+10.0;+Windows+NT+6.2;+WOW64;+Trident/7.0;+Eureka/1.0) http://localhost:51709/CheckIn/Viewchekin 200 0 0 42
2019-07-17 12:58:49 ::1 GET /Content/site.css - 51709 - ::1 Mozilla/5.0+(compatible;+MSIE+10.0;+Windows+NT+6.2;+WOW64;+Trident/7.0;+Eureka/1.0) http://localhost:51709/CheckIn/Viewchekin 200 0 0 175
2019-07-17 12:58:49 ::1 GET /Scripts/jquery-1.8.2.js - 51709 - ::1 Mozilla/5.0+(compatible;+MSIE+10.0;+Windows+NT+6.2;+WOW64;+Trident/7.0;+Eureka/1.0) http://localhost:51709/CheckIn/Viewchekin 200 0 0 269
2019-07-17 12:58:51 ::1 GET /Images/accent.png - 51709 - ::1 Mozilla/5.0+(compatible;+MSIE+10.0;+Windows+NT+6.2;+WOW64;+Trident/7.0;+Eureka/1.0) http://localhost:51709/CheckIn/Viewchekin 304 0 0 70
2019-07-17 12:58:57 ::1 GET /CheckIn/Viewchekin - 51709 - ::1 Mozilla/5.0+(compatible;+MSIE+10.0;+Windows+NT+6.2;+WOW64;+Trident/7.0;+Eureka/1.0) - 200 0 0 530
2019-07-17 12:58:57 ::1 GET /Content/site.css - 51709 - ::1 Mozilla/5.0+(compatible;+MSIE+10.0;+Windows+NT+6.2;+WOW64;+Trident/7.0;+Eureka/1.0) http://localhost:51709/CheckIn/Viewchekin 200 0 0 6
2019-07-17 12:58:57 ::1 GET /Scripts/modernizr-2.6.2.js - 51709 - ::1 Mozilla/5.0+(compatible;+MSIE+10.0;+Windows+NT+6.2;+WOW64;+Trident/7.0;+Eureka/1.0) http://localhost:51709/CheckIn/Viewchekin 200 0 0 18
2019-07-17 12:58:57 ::1 GET /Scripts/jquery-1.8.2.js - 51709 - ::1 Mozilla/5.0+(compatible;+MSIE+10.0;+Windows+NT+6.2;+WOW64;+Trident/7.0;+Eureka/1.0) http://localhost:51709/CheckIn/Viewchekin 200 0 0 87
2019-07-17 13:01:08 ::1 GET /CheckIn/checkin Rooms+quantity+not+availableRooms+quantity+not+availableRooms+quantity+not+available 51709 - ::1 Mozilla/5.0+(compatible;+MSIE+10.0;+Windows+NT+6.2;+WOW64;+Trident/7.0;+Eureka/1.0) - 200 0 0 9572
2019-07-17 13:01:08 ::1 GET /Content/site.css - 51709 - ::1 Mozilla/5.0+(compatible;+MSIE+10.0;+Windows+NT+6.2;+WOW64;+Trident/7.0;+Eureka/1.0) http://localhost:51709/CheckIn/checkin 200 0 0 47
2019-07-17 13:01:08 ::1 GET /Scripts/modernizr-2.6.2.js - 51709 - ::1 Mozilla/5.0+(compatible;+MSIE+10.0;+Windows+NT+6.2;+WOW64;+Trident/7.0;+Eureka/1.0) http://localhost:51709/CheckIn/checkin 200 0 0 49
2019-07-17 13:01:08 ::1 GET /Scripts/jquery-1.8.2.js - 51709 - ::1 Mozilla/5.0+(compatible;+MSIE+10.0;+Windows+NT+6.2;+WOW64;+Trident/7.0;+Eureka/1.0) http://localhost:51709/CheckIn/checkin 200 0 0 113
2019-07-17 13:01:09 ::1 GET /Images/accent.png - 51709 - ::1 Mozilla/5.0+(compatible;+MSIE+10.0;+Windows+NT+6.2;+WOW64;+Trident/7.0;+Eureka/1.0) http://localhost:51709/CheckIn/checkin 304 0 0 28
2019-07-17 13:01:55 ::1 GET /ed7bbc9420ec49b197ef9aacfb493680/arterySignalR/ping requestUrl=http%3A%2F%2Flocalhost%3A51709%2FCheckIn%2Fcheckin&browserName=Chrome&_=1563368515316 51709 - ::1 Mozilla/5.0+(Windows+NT+10.0;+Win64;+x64)+AppleWebKit/537.36+(KHTML,+like+Gecko)+Chrome/75.0.3770.142+Safari/537.36 http://localhost:51709/CheckIn/checkin 404 0 0 42
2019-07-17 13:04:27 ::1 GET /Content/site.css - 51709 - ::1 Mozilla/5.0+(Windows+NT+10.0;+Win64;+x64)+AppleWebKit/537.36+(KHTML,+like+Gecko)+Chrome/75.0.3770.142+Safari/537.36 http://localhost:51709/CheckIn/checkin 304 0 0 2
2019-07-17 13:04:56 ::1 GET /ed7bbc9420ec49b197ef9aacfb493680/arterySignalR/ping requestUrl=http%3A%2F%2Flocalhost%3A51709%2FCheckIn%2Fcheckin&browserName=Chrome&_=1563368515316 51709 - ::1 Mozilla/5.0+(Windows+NT+10.0;+Win64;+x64)+AppleWebKit/537.36+(KHTML,+like+Gecko)+Chrome/75.0.3770.142+Safari/537.36 - 404 0 0 13
2019-07-17 13:05:26 ::1 GET /CheckIn/checkin Rooms+quantity+not+availableRooms+quantity+not+availableRooms+quantity+not+available 51709 - ::1 Mozilla/5.0+(Windows+NT+10.0;+Win64;+x64)+AppleWebKit/537.36+(KHTML,+like+Gecko)+Chrome/75.0.3770.142+Safari/537.36 - 200 0 0 81
2019-07-17 13:05:26 ::1 GET /Scripts/jquery-1.8.2.js - 51709 - ::1 Mozilla/5.0+(Windows+NT+10.0;+Win64;+x64)+AppleWebKit/537.36+(KHTML,+like+Gecko)+Chrome/75.0.3770.142+Safari/537.36 http://localhost:51709/CheckIn/checkin 304 0 0 7
2019-07-17 13:05:26 ::1 GET /Scripts/modernizr-2.6.2.js - 51709 - ::1 Mozilla/5.0+(Windows+NT+10.0;+Win64;+x64)+AppleWebKit/537.36+(KHTML,+like+Gecko)+Chrome/75.0.3770.142+Safari/537.36 http://localhost:51709/CheckIn/checkin 304 0 0 7
2019-07-17 13:05:26 ::1 GET /Images/accent.png - 51709 - ::1 Mozilla/5.0+(Windows+NT+10.0;+Win64;+x64)+AppleWebKit/537.36+(KHTML,+like+Gecko)+Chrome/75.0.3770.142+Safari/537.36 http://localhost:51709/Content/site.css 304 0 0 43
2019-07-17 13:05:26 ::1 GET /favicon.ico - 51709 - ::1 Mozilla/5.0+(Windows+NT+10.0;+Win64;+x64)+AppleWebKit/537.36+(KHTML,+like+Gecko)+Chrome/75.0.3770.142+Safari/537.36 http://localhost:51709/CheckIn/checkin 200 0 0 39
2019-07-17 13:05:26 ::1 GET /__browserLink/requestData/9b12437dcb0a4b3b8dca2c4612d924a5 - 51709 - ::1 Mozilla/5.0+(Windows+NT+10.0;+Win64;+x64)+AppleWebKit/537.36+(KHTML,+like+Gecko)+Chrome/75.0.3770.142+Safari/537.36 http://localhost:51709/CheckIn/checkin 200 0 0 32
#Software: Microsoft Internet Information Services 8.0
#Version: 1.0
#Date: 2019-07-17 13:08:03
#Fields: date time s-ip cs-method cs-uri-stem cs-uri-query s-port cs-username c-ip cs(User-Agent) cs(Referer) sc-status sc-substatus sc-win32-status time-taken
2019-07-17 13:08:03 ::1 GET / - 51709 - ::1 Mozilla/5.0+(Windows+NT+10.0;+Win64;+x64)+AppleWebKit/537.36+(KHTML,+like+Gecko)+Chrome/75.0.3770.142+Safari/537.36 - 200 0 0 18501
2019-07-17 13:08:03 ::1 GET /Images/heroAccent.png - 51709 - ::1 Mozilla/5.0+(Windows+NT+10.0;+Win64;+x64)+AppleWebKit/537.36+(KHTML,+like+Gecko)+Chrome/75.0.3770.142+Safari/537.36 http://localhost:51709/Content/site.css 304 0 0 42
2019-07-17 13:08:05 ::1 GET /__browserLink/requestData/1fecc561a7844acab4d5f862ec00f8e6 - 51709 - ::1 Mozilla/5.0+(Windows+NT+10.0;+Win64;+x64)+AppleWebKit/537.36+(KHTML,+like+Gecko)+Chrome/75.0.3770.142+Safari/537.36 http://localhost:51709/ 200 0 0 159
2019-07-17 13:09:53 ::1 GET / - 51709 - ::1 Mozilla/5.0+(Windows+NT+10.0;+Win64;+x64)+AppleWebKit/537.36+(KHTML,+like+Gecko)+Chrome/75.0.3770.142+Safari/537.36 - 200 0 0 29
2019-07-17 13:09:53 ::1 GET /favicon.ico - 51709 - ::1 Mozilla/5.0+(Windows+NT+10.0;+Win64;+x64)+AppleWebKit/537.36+(KHTML,+like+Gecko)+Chrome/75.0.3770.142+Safari/537.36 http://localhost:51709/ 200 0 0 163
2019-07-17 13:09:53 ::1 GET /__browserLink/requestData/368a5edc440c48bfbcca7f1b98c0bc97 - 51709 - ::1 Mozilla/5.0+(Windows+NT+10.0;+Win64;+x64)+AppleWebKit/537.36+(KHTML,+like+Gecko)+Chrome/75.0.3770.142+Safari/537.36 http://localhost:51709/ 200 0 0 9
2019-07-17 13:10:23 ::1 GET /CheckIn/checkin Rooms+quantity+not+availableRooms+quantity+not+availableRooms+quantity+not+available 51709 - ::1 Mozilla/5.0+(Windows+NT+10.0;+Win64;+x64)+AppleWebKit/537.36+(KHTML,+like+Gecko)+Chrome/75.0.3770.142+Safari/537.36 - 200 0 0 12153
2019-07-17 13:10:23 ::1 GET /__browserLink/requestData/3dcbcb28af914f09aff4e7e2b81b1039 - 51709 - ::1 Mozilla/5.0+(Windows+NT+10.0;+Win64;+x64)+AppleWebKit/537.36+(KHTML,+like+Gecko)+Chrome/75.0.3770.142+Safari/537.36 http://localhost:51709/CheckIn/checkin 200 0 0 44
2019-07-17 13:11:58 ::1 GET /CheckIn/checkin Rooms+quantity+not+availableRooms+quantity+not+availableRooms+quantity+not+available 51709 - ::1 Mozilla/5.0+(Windows+NT+10.0;+Win64;+x64)+AppleWebKit/537.36+(KHTML,+like+Gecko)+Chrome/75.0.3770.142+Safari/537.36 - 200 0 0 5110
2019-07-17 13:11:58 ::1 GET /favicon.ico - 51709 - ::1 Mozilla/5.0+(Windows+NT+10.0;+Win64;+x64)+AppleWebKit/537.36+(KHTML,+like+Gecko)+Chrome/75.0.3770.142+Safari/537.36 http://localhost:51709/CheckIn/checkin 200 0 0 80
2019-07-17 13:11:58 ::1 GET /__browserLink/requestData/b5649027d82e436caaa55b8533afefaa - 51709 - ::1 Mozilla/5.0+(Windows+NT+10.0;+Win64;+x64)+AppleWebKit/537.36+(KHTML,+like+Gecko)+Chrome/75.0.3770.142+Safari/537.36 http://localhost:51709/CheckIn/checkin 200 0 0 4
2019-07-17 13:12:14 ::1 GET /CheckIn/Viewcheckin - 51709 - ::1 Mozilla/5.0+(Windows+NT+10.0;+Win64;+x64)+AppleWebKit/537.36+(KHTML,+like+Gecko)+Chrome/75.0.3770.142+Safari/537.36 http://localhost:51709/CheckIn/checkin 404 0 0 47
2019-07-17 13:12:24 ::1 GET /CheckIn/Viewchekin - 51709 - ::1 Mozilla/5.0+(compatible;+MSIE+10.0;+Windows+NT+6.2;+WOW64;+Trident/7.0;+Eureka/1.0) - 200 0 0 3072
2019-07-17 13:12:24 ::1 GET /Scripts/modernizr-2.6.2.js - 51709 - ::1 Mozilla/5.0+(compatible;+MSIE+10.0;+Windows+NT+6.2;+WOW64;+Trident/7.0;+Eureka/1.0) http://localhost:51709/CheckIn/Viewchekin 200 0 0 41
2019-07-17 13:12:24 ::1 GET /Content/site.css - 51709 - ::1 Mozilla/5.0+(compatible;+MSIE+10.0;+Windows+NT+6.2;+WOW64;+Trident/7.0;+Eureka/1.0) http://localhost:51709/CheckIn/Viewchekin 200 0 0 74
2019-07-17 13:12:24 ::1 GET /Scripts/jquery-1.8.2.js - 51709 - ::1 Mozilla/5.0+(compatible;+MSIE+10.0;+Windows+NT+6.2;+WOW64;+Trident/7.0;+Eureka/1.0) http://localhost:51709/CheckIn/Viewchekin 200 0 0 87
2019-07-17 13:13:35 ::1 GET /CheckIn/Viewcheckin - 51709 - ::1 Mozilla/5.0+(Windows+NT+10.0;+Win64;+x64)+AppleWebKit/537.36+(KHTML,+like+Gecko)+Chrome/75.0.3770.142+Safari/537.36 http://localhost:51709/CheckIn/checkin 404 0 0 27
2019-07-17 13:13:35 ::1 GET /favicon.ico - 51709 - ::1 Mozilla/5.0+(Windows+NT+10.0;+Win64;+x64)+AppleWebKit/537.36+(KHTML,+like+Gecko)+Chrome/75.0.3770.142+Safari/537.36 http://localhost:51709/CheckIn/Viewcheckin 200 0 0 35
2019-07-17 13:13:38 ::1 GET /CheckIn/Viewcheckin - 51709 - ::1 Mozilla/5.0+(Windows+NT+10.0;+Win64;+x64)+AppleWebKit/537.36+(KHTML,+like+Gecko)+Chrome/75.0.3770.142+Safari/537.36 http://localhost:51709/CheckIn/checkin 404 0 0 26
2019-07-17 13:13:38 ::1 GET /favicon.ico - 51709 - ::1 Mozilla/5.0+(Windows+NT+10.0;+Win64;+x64)+AppleWebKit/537.36+(KHTML,+like+Gecko)+Chrome/75.0.3770.142+Safari/537.36 http://localhost:51709/CheckIn/Viewcheckin 200 0 0 36
2019-07-17 13:13:39 ::1 GET /__browserLink/requestData/b5649027d82e436caaa55b8533afefaa - 51709 - ::1 Mozilla/5.0+(Windows+NT+10.0;+Win64;+x64)+AppleWebKit/537.36+(KHTML,+like+Gecko)+Chrome/75.0.3770.142+Safari/537.36 http://localhost:51709/CheckIn/checkin 404 0 0 32
2019-07-17 13:13:47 ::1 GET /CheckIn/checkin Rooms+quantity+not+availableRooms+quantity+not+availableRooms+quantity+not+available 51709 - ::1 Mozilla/5.0+(Windows+NT+10.0;+Win64;+x64)+AppleWebKit/537.36+(KHTML,+like+Gecko)+Chrome/75.0.3770.142+Safari/537.36 - 200 0 0 7241
2019-07-17 13:13:47 ::1 GET /favicon.ico - 51709 - ::1 Mozilla/5.0+(Windows+NT+10.0;+Win64;+x64)+AppleWebKit/537.36+(KHTML,+like+Gecko)+Chrome/75.0.3770.142+Safari/537.36 http://localhost:51709/CheckIn/checkin 200 0 0 66
2019-07-17 13:13:47 ::1 GET /__browserLink/requestData/7761a81adf634889ae65d20d807375de - 51709 - ::1 Mozilla/5.0+(Windows+NT+10.0;+Win64;+x64)+AppleWebKit/537.36+(KHTML,+like+Gecko)+Chrome/75.0.3770.142+Safari/537.36 http://localhost:51709/CheckIn/checkin 200 0 0 21
2019-07-17 13:14:07 ::1 GET /CheckIn/Viewchekin - 51709 - ::1 Mozilla/5.0+(Windows+NT+10.0;+Win64;+x64)+AppleWebKit/537.36+(KHTML,+like+Gecko)+Chrome/75.0.3770.142+Safari/537.36 http://localhost:51709/CheckIn/checkin 200 0 0 1654
2019-07-17 13:14:07 ::1 GET /__browserLink/requestData/d45152051595483d88b4d2ea2ad931ed - 51709 - ::1 Mozilla/5.0+(Windows+NT+10.0;+Win64;+x64)+AppleWebKit/537.36+(KHTML,+like+Gecko)+Chrome/75.0.3770.142+Safari/537.36 http://localhost:51709/CheckIn/Viewchekin 200 0 0 15
#Software: Microsoft Internet Information Services 8.0
#Version: 1.0
#Date: 2019-07-17 13:15:30
#Fields: date time s-ip cs-method cs-uri-stem cs-uri-query s-port cs-username c-ip cs(User-Agent) cs(Referer) sc-status sc-substatus sc-win32-status time-taken
2019-07-17 13:15:30 ::1 GET / - 51709 - ::1 Mozilla/5.0+(Windows+NT+10.0;+Win64;+x64)+AppleWebKit/537.36+(KHTML,+like+Gecko)+Chrome/75.0.3770.142+Safari/537.36 - 200 0 0 4381
2019-07-17 13:15:30 ::1 GET /Images/orderedList1.png - 51709 - ::1 Mozilla/5.0+(Windows+NT+10.0;+Win64;+x64)+AppleWebKit/537.36+(KHTML,+like+Gecko)+Chrome/75.0.3770.142+Safari/537.36 http://localhost:51709/Content/site.css 304 0 0 12
2019-07-17 13:15:30 ::1 GET /Images/orderedList3.png - 51709 - ::1 Mozilla/5.0+(Windows+NT+10.0;+Win64;+x64)+AppleWebKit/537.36+(KHTML,+like+Gecko)+Chrome/75.0.3770.142+Safari/537.36 http://localhost:51709/Content/site.css 304 0 0 12
2019-07-17 13:15:30 ::1 GET /Images/orderedList2.png - 51709 - ::1 Mozilla/5.0+(Windows+NT+10.0;+Win64;+x64)+AppleWebKit/537.36+(KHTML,+like+Gecko)+Chrome/75.0.3770.142+Safari/537.36 http://localhost:51709/Content/site.css 304 0 0 12
2019-07-17 13:15:31 ::1 GET /__browserLink/requestData/cfd3d776682740feabb5f50322f199a8 - 51709 - ::1 Mozilla/5.0+(Windows+NT+10.0;+Win64;+x64)+AppleWebKit/537.36+(KHTML,+like+Gecko)+Chrome/75.0.3770.142+Safari/537.36 http://localhost:51709/ 200 0 0 42
2019-07-17 13:16:35 ::1 GET /CheckIn/Viewchekin - 51709 - ::1 Mozilla/5.0+(compatible;+MSIE+10.0;+Windows+NT+6.2;+WOW64;+Trident/7.0;+Eureka/1.0) - 200 0 0 3762
2019-07-17 13:16:35 ::1 GET /Content/site.css - 51709 - ::1 Mozilla/5.0+(compatible;+MSIE+10.0;+Windows+NT+6.2;+WOW64;+Trident/7.0;+Eureka/1.0) http://localhost:51709/CheckIn/Viewchekin 200 0 0 25
2019-07-17 13:16:35 ::1 GET /Scripts/modernizr-2.6.2.js - 51709 - ::1 Mozilla/5.0+(compatible;+MSIE+10.0;+Windows+NT+6.2;+WOW64;+Trident/7.0;+Eureka/1.0) http://localhost:51709/CheckIn/Viewchekin 200 0 0 37
2019-07-17 13:16:35 ::1 GET /Scripts/jquery-1.8.2.js - 51709 - ::1 Mozilla/5.0+(compatible;+MSIE+10.0;+Windows+NT+6.2;+WOW64;+Trident/7.0;+Eureka/1.0) http://localhost:51709/CheckIn/Viewchekin 200 0 0 51
2019-07-17 13:16:35 ::1 GET /Images/accent.png - 51709 - ::1 Mozilla/5.0+(compatible;+MSIE+10.0;+Windows+NT+6.2;+WOW64;+Trident/7.0;+Eureka/1.0) http://localhost:51709/CheckIn/Viewchekin 304 0 0 7
