#Software: Microsoft Internet Information Services 8.0
#Version: 1.0
#Date: 2019-07-25 12:23:47
#Fields: date time s-ip cs-method cs-uri-stem cs-uri-query s-port cs-username c-ip cs(User-Agent) cs(Referer) sc-status sc-substatus sc-win32-status time-taken
2019-07-25 12:23:47 ::1 GET /CheckIn/CheckOut - 51709 - ::1 Mozilla/5.0+(compatible;+MSIE+10.0;+Windows+NT+6.2;+WOW64;+Trident/7.0;+Eureka/1.0) - 500 0 0 41080
#Software: Microsoft Internet Information Services 8.0
#Version: 1.0
#Date: 2019-07-25 12:57:49
#Fields: date time s-ip cs-method cs-uri-stem cs-uri-query s-port cs-username c-ip cs(User-Agent) cs(Referer) sc-status sc-substatus sc-win32-status time-taken
2019-07-25 12:57:49 ::1 GET / - 51709 - ::1 Mozilla/5.0+(Windows+NT+10.0;+Win64;+x64)+AppleWebKit/537.36+(KHTML,+like+Gecko)+Chrome/75.0.3770.142+Safari/537.36 - 200 0 0 101865
2019-07-25 12:57:49 ::1 GET /Content/site.css - 51709 - ::1 Mozilla/5.0+(Windows+NT+10.0;+Win64;+x64)+AppleWebKit/537.36+(KHTML,+like+Gecko)+Chrome/75.0.3770.142+Safari/537.36 http://localhost:51709/ 304 0 0 138
2019-07-25 12:57:49 ::1 GET /Scripts/modernizr-2.6.2.js - 51709 - ::1 Mozilla/5.0+(Windows+NT+10.0;+Win64;+x64)+AppleWebKit/537.36+(KHTML,+like+Gecko)+Chrome/75.0.3770.142+Safari/537.36 http://localhost:51709/ 304 0 0 92
2019-07-25 12:57:49 ::1 GET /Scripts/jquery-1.8.2.js - 51709 - ::1 Mozilla/5.0+(Windows+NT+10.0;+Win64;+x64)+AppleWebKit/537.36+(KHTML,+like+Gecko)+Chrome/75.0.3770.142+Safari/537.36 http://localhost:51709/ 304 0 0 118
2019-07-25 12:57:52 ::1 GET /Images/heroAccent.png - 51709 - ::1 Mozilla/5.0+(Windows+NT+10.0;+Win64;+x64)+AppleWebKit/537.36+(KHTML,+like+Gecko)+Chrome/75.0.3770.142+Safari/537.36 http://localhost:51709/Content/site.css 304 0 0 3
2019-07-25 12:57:52 ::1 GET /favicon.ico - 51709 - ::1 Mozilla/5.0+(Windows+NT+10.0;+Win64;+x64)+AppleWebKit/537.36+(KHTML,+like+Gecko)+Chrome/75.0.3770.142+Safari/537.36 http://localhost:51709/ 200 0 0 20
2019-07-25 12:57:55 ::1 GET /__browserLink/requestData/6a07605e262649248e46cb4511029492 - 51709 - ::1 Mozilla/5.0+(Windows+NT+10.0;+Win64;+x64)+AppleWebKit/537.36+(KHTML,+like+Gecko)+Chrome/75.0.3770.142+Safari/537.36 http://localhost:51709/ 200 0 0 155
2019-07-25 12:58:22 ::1 GET /Room/Create - 51709 - ::1 Mozilla/5.0+(Windows+NT+10.0;+Win64;+x64)+AppleWebKit/537.36+(KHTML,+like+Gecko)+Chrome/75.0.3770.142+Safari/537.36 http://localhost:51709/ 200 0 0 17042
2019-07-25 12:58:22 ::1 GET /Images/accent.png - 51709 - ::1 Mozilla/5.0+(Windows+NT+10.0;+Win64;+x64)+AppleWebKit/537.36+(KHTML,+like+Gecko)+Chrome/75.0.3770.142+Safari/537.36 http://localhost:51709/Content/site.css 304 0 0 5
2019-07-25 12:58:22 ::1 GET /__browserLink/requestData/9cf52f44e63f41dea6ed399d8553d735 - 51709 - ::1 Mozilla/5.0+(Windows+NT+10.0;+Win64;+x64)+AppleWebKit/537.36+(KHTML,+like+Gecko)+Chrome/75.0.3770.142+Safari/537.36 http://localhost:51709/Room/Create 200 0 0 9
2019-07-25 12:58:34 ::1 GET /Room/Viewdetails - 51709 - ::1 Mozilla/5.0+(Windows+NT+10.0;+Win64;+x64)+AppleWebKit/537.36+(KHTML,+like+Gecko)+Chrome/75.0.3770.142+Safari/537.36 http://localhost:51709/Room/Create 200 0 0 4109
2019-07-25 12:58:34 ::1 GET /__browserLink/requestData/acfb8cb5798949b0a6c7057893760921 - 51709 - ::1 Mozilla/5.0+(Windows+NT+10.0;+Win64;+x64)+AppleWebKit/537.36+(KHTML,+like+Gecko)+Chrome/75.0.3770.142+Safari/537.36 http://localhost:51709/Room/Viewdetails 200 0 0 6
2019-07-25 12:58:35 ::1 POST /Room/Create - 51709 - ::1 Mozilla/5.0+(Windows+NT+10.0;+Win64;+x64)+AppleWebKit/537.36+(KHTML,+like+Gecko)+Chrome/75.0.3770.142+Safari/537.36 http://localhost:51709/Room/Create 200 0 64 9170
2019-07-25 12:58:39 ::1 GET / - 51709 - ::1 Mozilla/5.0+(Windows+NT+10.0;+Win64;+x64)+AppleWebKit/537.36+(KHTML,+like+Gecko)+Chrome/75.0.3770.142+Safari/537.36 http://localhost:51709/Room/Viewdetails 200 0 0 6
2019-07-25 12:58:39 ::1 GET /__browserLink/requestData/da7b39ba8c3e499e9756965771d47a70 - 51709 - ::1 Mozilla/5.0+(Windows+NT+10.0;+Win64;+x64)+AppleWebKit/537.36+(KHTML,+like+Gecko)+Chrome/75.0.3770.142+Safari/537.36 http://localhost:51709/ 200 0 0 6
2019-07-25 12:58:41 ::1 GET /CheckIn/CheckIn - 51709 - ::1 Mozilla/5.0+(Windows+NT+10.0;+Win64;+x64)+AppleWebKit/537.36+(KHTML,+like+Gecko)+Chrome/75.0.3770.142+Safari/537.36 http://localhost:51709/ 302 0 0 39
2019-07-25 12:58:47 ::1 GET /Account/Login ReturnUrl=%2fCheckIn%2fCheckIn 51709 - ::1 Mozilla/5.0+(Windows+NT+10.0;+Win64;+x64)+AppleWebKit/537.36+(KHTML,+like+Gecko)+Chrome/75.0.3770.142+Safari/537.36 http://localhost:51709/ 200 0 0 6255
2019-07-25 12:58:47 ::1 GET /Scripts/jquery.unobtrusive-ajax.js - 51709 - ::1 Mozilla/5.0+(Windows+NT+10.0;+Win64;+x64)+AppleWebKit/537.36+(KHTML,+like+Gecko)+Chrome/75.0.3770.142+Safari/537.36 http://localhost:51709/Account/Login?ReturnUrl=%2fCheckIn%2fCheckIn 200 0 0 83
2019-07-25 12:58:47 ::1 GET /Scripts/jquery.validate.js - 51709 - ::1 Mozilla/5.0+(Windows+NT+10.0;+Win64;+x64)+AppleWebKit/537.36+(KHTML,+like+Gecko)+Chrome/75.0.3770.142+Safari/537.36 http://localhost:51709/Account/Login?ReturnUrl=%2fCheckIn%2fCheckIn 200 0 0 98
2019-07-25 12:58:47 ::1 GET /Scripts/jquery.validate.unobtrusive.js - 51709 - ::1 Mozilla/5.0+(Windows+NT+10.0;+Win64;+x64)+AppleWebKit/537.36+(KHTML,+like+Gecko)+Chrome/75.0.3770.142+Safari/537.36 http://localhost:51709/Account/Login?ReturnUrl=%2fCheckIn%2fCheckIn 200 0 0 106
2019-07-25 12:58:47 ::1 GET /__browserLink/requestData/e2776a2be9434f6cab0d61252ffa3ee5 - 51709 - ::1 Mozilla/5.0+(Windows+NT+10.0;+Win64;+x64)+AppleWebKit/537.36+(KHTML,+like+Gecko)+Chrome/75.0.3770.142+Safari/537.36 http://localhost:51709/Account/Login?ReturnUrl=%2fCheckIn%2fCheckIn 200 0 0 4
2019-07-25 12:58:58 ::1 POST /Account/Login ReturnUrl=%2FCheckIn%2FCheckIn 51709 - ::1 Mozilla/5.0+(Windows+NT+10.0;+Win64;+x64)+AppleWebKit/537.36+(KHTML,+like+Gecko)+Chrome/75.0.3770.142+Safari/537.36 http://localhost:51709/Account/Login?ReturnUrl=%2fCheckIn%2fCheckIn 200 0 0 1861
2019-07-25 12:58:58 ::1 GET /__browserLink/requestData/4c0e4cc727504d3f8cec213c64f7e7b5 - 51709 admin ::1 Mozilla/5.0+(Windows+NT+10.0;+Win64;+x64)+AppleWebKit/537.36+(KHTML,+like+Gecko)+Chrome/75.0.3770.142+Safari/537.36 http://localhost:51709/Account/Login?ReturnUrl=%2FCheckIn%2FCheckIn 200 0 0 4
2019-07-25 12:59:01 ::1 GET /Account/Register - 51709 admin ::1 Mozilla/5.0+(Windows+NT+10.0;+Win64;+x64)+AppleWebKit/537.36+(KHTML,+like+Gecko)+Chrome/75.0.3770.142+Safari/537.36 http://localhost:51709/Account/Login?ReturnUrl=%2FCheckIn%2FCheckIn 200 0 0 212
2019-07-25 12:59:01 ::1 GET /__browserLink/requestData/2a37f14b0baa48ea9636a9aa57b9f922 - 51709 admin ::1 Mozilla/5.0+(Windows+NT+10.0;+Win64;+x64)+AppleWebKit/537.36+(KHTML,+like+Gecko)+Chrome/75.0.3770.142+Safari/537.36 http://localhost:51709/Account/Register 200 0 0 4
2019-07-25 12:59:13 ::1 POST /Account/Register - 51709 admin ::1 Mozilla/5.0+(Windows+NT+10.0;+Win64;+x64)+AppleWebKit/537.36+(KHTML,+like+Gecko)+Chrome/75.0.3770.142+Safari/537.36 http://localhost:51709/Account/Register 200 0 0 291
2019-07-25 12:59:13 ::1 GET /__browserLink/requestData/d60e1348d5374038b76bf409c9e546b3 - 51709 admin ::1 Mozilla/5.0+(Windows+NT+10.0;+Win64;+x64)+AppleWebKit/537.36+(KHTML,+like+Gecko)+Chrome/75.0.3770.142+Safari/537.36 http://localhost:51709/Account/Register 200 0 0 3
2019-07-25 12:59:17 ::1 GET / - 51709 admin ::1 Mozilla/5.0+(Windows+NT+10.0;+Win64;+x64)+AppleWebKit/537.36+(KHTML,+like+Gecko)+Chrome/75.0.3770.142+Safari/537.36 http://localhost:51709/Account/Register 200 0 0 13
2019-07-25 12:59:17 ::1 GET /__browserLink/requestData/9f52ac3247e24fb78f333f1cd0f13e37 - 51709 admin ::1 Mozilla/5.0+(Windows+NT+10.0;+Win64;+x64)+AppleWebKit/537.36+(KHTML,+like+Gecko)+Chrome/75.0.3770.142+Safari/537.36 http://localhost:51709/ 200 0 0 3
2019-07-25 12:59:23 ::1 GET /CheckIn/CheckIn Rooms+quantity+not+availableRooms+quantity+not+availableRooms+quantity+not+available 51709 admin ::1 Mozilla/5.0+(Windows+NT+10.0;+Win64;+x64)+AppleWebKit/537.36+(KHTML,+like+Gecko)+Chrome/75.0.3770.142+Safari/537.36 http://localhost:51709/ 200 0 0 4183
2019-07-25 12:59:23 ::1 GET /__browserLink/requestData/a6e23bae726c4f1fa52262beba5d43f8 - 51709 admin ::1 Mozilla/5.0+(Windows+NT+10.0;+Win64;+x64)+AppleWebKit/537.36+(KHTML,+like+Gecko)+Chrome/75.0.3770.142+Safari/537.36 http://localhost:51709/CheckIn/CheckIn 200 0 0 3
2019-07-25 13:00:10 ::1 GET /CheckIn/Viewchekin - 51709 admin ::1 Mozilla/5.0+(Windows+NT+10.0;+Win64;+x64)+AppleWebKit/537.36+(KHTML,+like+Gecko)+Chrome/75.0.3770.142+Safari/537.36 http://localhost:51709/CheckIn/CheckIn 200 0 0 98
2019-07-25 13:00:10 ::1 GET /__browserLink/requestData/0b7d1c09c0b947ea8ff59909fec9eb34 - 51709 admin ::1 Mozilla/5.0+(Windows+NT+10.0;+Win64;+x64)+AppleWebKit/537.36+(KHTML,+like+Gecko)+Chrome/75.0.3770.142+Safari/537.36 http://localhost:51709/CheckIn/Viewchekin 200 0 0 59
2019-07-25 13:00:15 ::1 GET /__browserLink/requestData/a6e23bae726c4f1fa52262beba5d43f8 - 51709 admin ::1 Mozilla/5.0+(Windows+NT+10.0;+Win64;+x64)+AppleWebKit/537.36+(KHTML,+like+Gecko)+Chrome/75.0.3770.142+Safari/537.36 http://localhost:51709/CheckIn/CheckIn 404 0 0 136
2019-07-25 13:02:03 ::1 GET /CheckIn/CheckIn Rooms+quantity+not+availableRooms+quantity+not+availableRooms+quantity+not+available 51709 admin ::1 Mozilla/5.0+(Windows+NT+10.0;+Win64;+x64)+AppleWebKit/537.36+(KHTML,+like+Gecko)+Chrome/75.0.3770.142+Safari/537.36 http://localhost:51709/ 200 0 0 1938
2019-07-25 13:02:03 ::1 GET /favicon.ico - 51709 - ::1 Mozilla/5.0+(Windows+NT+10.0;+Win64;+x64)+AppleWebKit/537.36+(KHTML,+like+Gecko)+Chrome/75.0.3770.142+Safari/537.36 http://localhost:51709/CheckIn/CheckIn 200 0 0 38
2019-07-25 13:02:03 ::1 GET /__browserLink/requestData/4610125fd1d34c55913c3a5af4da2cd9 - 51709 admin ::1 Mozilla/5.0+(Windows+NT+10.0;+Win64;+x64)+AppleWebKit/537.36+(KHTML,+like+Gecko)+Chrome/75.0.3770.142+Safari/537.36 http://localhost:51709/CheckIn/CheckIn 200 0 0 4
#Software: Microsoft Internet Information Services 8.0
#Version: 1.0
#Date: 2019-07-25 13:02:59
#Fields: date time s-ip cs-method cs-uri-stem cs-uri-query s-port cs-username c-ip cs(User-Agent) cs(Referer) sc-status sc-substatus sc-win32-status time-taken
2019-07-25 13:02:59 ::1 GET / - 51709 admin ::1 Mozilla/5.0+(Windows+NT+10.0;+Win64;+x64)+AppleWebKit/537.36+(KHTML,+like+Gecko)+Chrome/75.0.3770.142+Safari/537.36 - 200 0 0 17220
2019-07-25 13:03:01 ::1 GET /__browserLink/requestData/d4018ef27dde4ad5ac8ca6ae5b0d8acf - 51709 admin ::1 Mozilla/5.0+(Windows+NT+10.0;+Win64;+x64)+AppleWebKit/537.36+(KHTML,+like+Gecko)+Chrome/75.0.3770.142+Safari/537.36 http://localhost:51709/ 200 0 0 96
2019-07-25 13:04:01 ::1 GET /CheckIn/CheckIn Rooms+quantity+not+availableRooms+quantity+not+availableRooms+quantity+not+available 51709 admin ::1 Mozilla/5.0+(Windows+NT+10.0;+Win64;+x64)+AppleWebKit/537.36+(KHTML,+like+Gecko)+Chrome/75.0.3770.142+Safari/537.36 http://localhost:51709/ 200 0 0 6120
2019-07-25 13:04:01 ::1 GET /__browserLink/requestData/2e48adbe38734073aa9338827543c08c - 51709 admin ::1 Mozilla/5.0+(Windows+NT+10.0;+Win64;+x64)+AppleWebKit/537.36+(KHTML,+like+Gecko)+Chrome/75.0.3770.142+Safari/537.36 http://localhost:51709/CheckIn/CheckIn 200 0 0 6
2019-07-25 13:05:24 ::1 GET /CheckIn/CheckIn Rooms+quantity+not+availableRooms+quantity+not+availableRooms+quantity+not+available 51709 admin ::1 Mozilla/5.0+(Windows+NT+10.0;+Win64;+x64)+AppleWebKit/537.36+(KHTML,+like+Gecko)+Chrome/75.0.3770.142+Safari/537.36 http://localhost:51709/ 200 0 0 285
2019-07-25 13:05:24 ::1 GET /favicon.ico - 51709 - ::1 Mozilla/5.0+(Windows+NT+10.0;+Win64;+x64)+AppleWebKit/537.36+(KHTML,+like+Gecko)+Chrome/75.0.3770.142+Safari/537.36 http://localhost:51709/CheckIn/CheckIn 200 0 0 130
2019-07-25 13:05:25 ::1 GET /__browserLink/requestData/135ba3fc9c3843278b5359283ea396f7 - 51709 admin ::1 Mozilla/5.0+(Windows+NT+10.0;+Win64;+x64)+AppleWebKit/537.36+(KHTML,+like+Gecko)+Chrome/75.0.3770.142+Safari/537.36 http://localhost:51709/CheckIn/CheckIn 200 0 0 4
2019-07-25 13:05:39 ::1 GET /CheckIn/Viewchekin - 51709 admin ::1 Mozilla/5.0+(Windows+NT+10.0;+Win64;+x64)+AppleWebKit/537.36+(KHTML,+like+Gecko)+Chrome/75.0.3770.142+Safari/537.36 http://localhost:51709/CheckIn/CheckIn 200 0 0 232
2019-07-25 13:05:39 ::1 GET /__browserLink/requestData/1a2134b740ca425e9e34e3bc2c7b6171 - 51709 admin ::1 Mozilla/5.0+(Windows+NT+10.0;+Win64;+x64)+AppleWebKit/537.36+(KHTML,+like+Gecko)+Chrome/75.0.3770.142+Safari/537.36 http://localhost:51709/CheckIn/Viewchekin 200 0 0 3
2019-07-25 13:05:42 ::1 GET /CheckIn/CheckOut Id=1 51709 admin ::1 Mozilla/5.0+(Windows+NT+10.0;+Win64;+x64)+AppleWebKit/537.36+(KHTML,+like+Gecko)+Chrome/75.0.3770.142+Safari/537.36 http://localhost:51709/CheckIn/Viewchekin 500 0 0 321
#Software: Microsoft Internet Information Services 8.0
#Version: 1.0
#Date: 2019-07-25 13:07:14
#Fields: date time s-ip cs-method cs-uri-stem cs-uri-query s-port cs-username c-ip cs(User-Agent) cs(Referer) sc-status sc-substatus sc-win32-status time-taken
2019-07-25 13:07:14 ::1 GET /5b14b562fff24b53a9916bcd19843899/arterySignalR/ping requestUrl=http%3A%2F%2Flocalhost%3A51709%2FCheckIn%2FCheckIn&browserName=Chrome&_=1564060023946 51709 admin ::1 Mozilla/5.0+(Windows+NT+10.0;+Win64;+x64)+AppleWebKit/537.36+(KHTML,+like+Gecko)+Chrome/75.0.3770.142+Safari/537.36 http://localhost:51709/CheckIn/CheckIn 404 0 0 10388
2019-07-25 13:07:14 ::1 GET /__browserLink/requestData/135ba3fc9c3843278b5359283ea396f7 - 51709 admin ::1 Mozilla/5.0+(Windows+NT+10.0;+Win64;+x64)+AppleWebKit/537.36+(KHTML,+like+Gecko)+Chrome/75.0.3770.142+Safari/537.36 http://localhost:51709/CheckIn/CheckIn 404 0 0 21740
2019-07-25 13:07:14 ::1 GET /__browserLink/requestData/1a2134b740ca425e9e34e3bc2c7b6171 - 51709 admin ::1 Mozilla/5.0+(Windows+NT+10.0;+Win64;+x64)+AppleWebKit/537.36+(KHTML,+like+Gecko)+Chrome/75.0.3770.142+Safari/537.36 http://localhost:51709/CheckIn/Viewchekin 404 0 64 23681
2019-07-25 13:07:19 ::1 GET / - 51709 admin ::1 Mozilla/5.0+(Windows+NT+10.0;+Win64;+x64)+AppleWebKit/537.36+(KHTML,+like+Gecko)+Chrome/75.0.3770.142+Safari/537.36 - 200 0 0 34842
2019-07-25 13:07:21 ::1 GET /__browserLink/requestData/6e1d288848da485aaa6f63c8b2c2c1f3 - 51709 admin ::1 Mozilla/5.0+(Windows+NT+10.0;+Win64;+x64)+AppleWebKit/537.36+(KHTML,+like+Gecko)+Chrome/75.0.3770.142+Safari/537.36 http://localhost:51709/ 200 0 0 429
2019-07-25 13:07:30 ::1 GET /CheckIn/CheckIn Rooms+quantity+not+availableRooms+quantity+not+availableRooms+quantity+not+available 51709 admin ::1 Mozilla/5.0+(Windows+NT+10.0;+Win64;+x64)+AppleWebKit/537.36+(KHTML,+like+Gecko)+Chrome/75.0.3770.142+Safari/537.36 http://localhost:51709/ 200 0 0 35674
2019-07-25 13:07:30 ::1 GET /CheckIn/CheckIn Rooms+quantity+not+availableRooms+quantity+not+availableRooms+quantity+not+available 51709 admin ::1 Mozilla/5.0+(Windows+NT+10.0;+Win64;+x64)+AppleWebKit/537.36+(KHTML,+like+Gecko)+Chrome/75.0.3770.142+Safari/537.36 http://localhost:51709/ 200 0 0 368
2019-07-25 13:07:30 ::1 GET /__browserLink/requestData/03c590202e784bb788d757d4062ba5da - 51709 admin ::1 Mozilla/5.0+(Windows+NT+10.0;+Win64;+x64)+AppleWebKit/537.36+(KHTML,+like+Gecko)+Chrome/75.0.3770.142+Safari/537.36 http://localhost:51709/CheckIn/CheckIn 200 0 0 17
2019-07-25 13:07:30 ::1 GET /__browserLink/requestData/3d86fad9cee1481d8860f9e456194b03 - 51709 admin ::1 Mozilla/5.0+(Windows+NT+10.0;+Win64;+x64)+AppleWebKit/537.36+(KHTML,+like+Gecko)+Chrome/75.0.3770.142+Safari/537.36 http://localhost:51709/CheckIn/CheckIn 200 0 0 3
2019-07-25 13:07:45 ::1 POST /CheckIn/CheckIn Rooms+quantity+not+availableRooms+quantity+not+availableRooms+quantity+not+available 51709 admin ::1 Mozilla/5.0+(Windows+NT+10.0;+Win64;+x64)+AppleWebKit/537.36+(KHTML,+like+Gecko)+Chrome/75.0.3770.142+Safari/537.36 http://localhost:51709/CheckIn/CheckIn 200 0 0 1263
2019-07-25 13:07:45 ::1 GET /__browserLink/requestData/a31af893f0ef43a6b739dd613129ec30 - 51709 admin ::1 Mozilla/5.0+(Windows+NT+10.0;+Win64;+x64)+AppleWebKit/537.36+(KHTML,+like+Gecko)+Chrome/75.0.3770.142+Safari/537.36 http://localhost:51709/CheckIn/CheckIn 200 0 0 3
2019-07-25 13:07:48 ::1 GET /CheckIn/Viewchekin - 51709 admin ::1 Mozilla/5.0+(Windows+NT+10.0;+Win64;+x64)+AppleWebKit/537.36+(KHTML,+like+Gecko)+Chrome/75.0.3770.142+Safari/537.36 http://localhost:51709/CheckIn/CheckIn 200 0 0 174
2019-07-25 13:07:48 ::1 GET /__browserLink/requestData/1e8bab05844d433f9db78abe4ce439c0 - 51709 admin ::1 Mozilla/5.0+(Windows+NT+10.0;+Win64;+x64)+AppleWebKit/537.36+(KHTML,+like+Gecko)+Chrome/75.0.3770.142+Safari/537.36 http://localhost:51709/CheckIn/Viewchekin 200 0 0 3
#Software: Microsoft Internet Information Services 8.0
#Version: 1.0
#Date: 2019-07-25 13:15:13
#Fields: date time s-ip cs-method cs-uri-stem cs-uri-query s-port cs-username c-ip cs(User-Agent) cs(Referer) sc-status sc-substatus sc-win32-status time-taken
2019-07-25 13:15:13 ::1 GET /CheckIn/Viewchekin - 51709 - ::1 Mozilla/5.0+(compatible;+MSIE+10.0;+Windows+NT+6.2;+WOW64;+Trident/7.0;+Eureka/1.0) - 200 0 0 49263
2019-07-25 13:15:13 ::1 GET /Content/site.css - 51709 - ::1 Mozilla/5.0+(compatible;+MSIE+10.0;+Windows+NT+6.2;+WOW64;+Trident/7.0;+Eureka/1.0) http://localhost:51709/CheckIn/Viewchekin 200 0 0 132
2019-07-25 13:15:13 ::1 GET /Scripts/modernizr-2.6.2.js - 51709 - ::1 Mozilla/5.0+(compatible;+MSIE+10.0;+Windows+NT+6.2;+WOW64;+Trident/7.0;+Eureka/1.0) http://localhost:51709/CheckIn/Viewchekin 200 0 0 152
2019-07-25 13:15:13 ::1 GET /Scripts/jquery-1.8.2.js - 51709 - ::1 Mozilla/5.0+(compatible;+MSIE+10.0;+Windows+NT+6.2;+WOW64;+Trident/7.0;+Eureka/1.0) http://localhost:51709/CheckIn/Viewchekin 200 0 0 264
2019-07-25 13:15:31 ::1 GET /Images/accent.png - 51709 - ::1 Mozilla/5.0+(compatible;+MSIE+10.0;+Windows+NT+6.2;+WOW64;+Trident/7.0;+Eureka/1.0) http://localhost:51709/CheckIn/Viewchekin 200 0 0 15
2019-07-25 13:15:39 ::1 GET /CheckIn/CheckOut Id=1 51709 - ::1 Mozilla/5.0+(compatible;+MSIE+10.0;+Windows+NT+6.2;+WOW64;+Trident/7.0;+Eureka/1.0) http://localhost:51709/CheckIn/Viewchekin 500 0 0 256
2019-07-25 13:17:06 ::1 GET /CheckIn/CheckOut - 51709 admin ::1 Mozilla/5.0+(Windows+NT+10.0;+Win64;+x64)+AppleWebKit/537.36+(KHTML,+like+Gecko)+Chrome/75.0.3770.142+Safari/537.36 - 500 0 0 41217
2019-07-25 13:17:06 ::1 GET /5b14b562fff24b53a9916bcd19843899/arterySignalR/ping requestUrl=http%3A%2F%2Flocalhost%3A51709%2FCheckIn%2FViewchekin&browserName=Chrome&_=1564060368947 51709 admin ::1 Mozilla/5.0+(Windows+NT+10.0;+Win64;+x64)+AppleWebKit/537.36+(KHTML,+like+Gecko)+Chrome/75.0.3770.142+Safari/537.36 - 404 0 0 249
2019-07-25 13:17:30 ::1 GET /5b14b562fff24b53a9916bcd19843899/arterySignalR/ping requestUrl=http%3A%2F%2Flocalhost%3A51709%2FCheckIn%2FCheckIn&browserName=Chrome&_=1564060650947 51709 admin ::1 Mozilla/5.0+(Windows+NT+10.0;+Win64;+x64)+AppleWebKit/537.36+(KHTML,+like+Gecko)+Chrome/75.0.3770.142+Safari/537.36 http://localhost:51709/CheckIn/CheckIn 404 0 0 3
2019-07-25 13:17:34 ::1 GET /CheckIn/CheckOut Id=1 51709 admin ::1 Mozilla/5.0+(Windows+NT+10.0;+Win64;+x64)+AppleWebKit/537.36+(KHTML,+like+Gecko)+Chrome/75.0.3770.142+Safari/537.36 - 500 0 0 27
2019-07-25 13:17:39 ::1 GET /CheckIn/CheckOut Id=1 51709 admin ::1 Mozilla/5.0+(Windows+NT+10.0;+Win64;+x64)+AppleWebKit/537.36+(KHTML,+like+Gecko)+Chrome/75.0.3770.142+Safari/537.36 - 500 0 0 5
2019-07-25 13:17:40 ::1 GET /CheckIn/CheckOut Id=1 51709 admin ::1 Mozilla/5.0+(Windows+NT+10.0;+Win64;+x64)+AppleWebKit/537.36+(KHTML,+like+Gecko)+Chrome/75.0.3770.142+Safari/537.36 - 500 0 0 4
2019-07-25 13:17:40 ::1 GET /favicon.ico - 51709 - ::1 Mozilla/5.0+(Windows+NT+10.0;+Win64;+x64)+AppleWebKit/537.36+(KHTML,+like+Gecko)+Chrome/75.0.3770.142+Safari/537.36 http://localhost:51709/CheckIn/CheckOut?Id=1 200 0 0 57
2019-07-25 13:17:40 ::1 GET /CheckIn/CheckOut Id=1 51709 admin ::1 Mozilla/5.0+(Windows+NT+10.0;+Win64;+x64)+AppleWebKit/537.36+(KHTML,+like+Gecko)+Chrome/75.0.3770.142+Safari/537.36 - 500 0 0 6
2019-07-25 13:17:40 ::1 GET /favicon.ico - 51709 - ::1 Mozilla/5.0+(Windows+NT+10.0;+Win64;+x64)+AppleWebKit/537.36+(KHTML,+like+Gecko)+Chrome/75.0.3770.142+Safari/537.36 http://localhost:51709/CheckIn/CheckOut?Id=1 200 0 0 1
2019-07-25 13:17:48 ::1 GET /5b14b562fff24b53a9916bcd19843899/arterySignalR/ping requestUrl=http%3A%2F%2Flocalhost%3A51709%2FCheckIn%2FViewchekin&browserName=Chrome&_=1564060668946 51709 admin ::1 Mozilla/5.0+(Windows+NT+10.0;+Win64;+x64)+AppleWebKit/537.36+(KHTML,+like+Gecko)+Chrome/75.0.3770.142+Safari/537.36 http://localhost:51709/CheckIn/Viewchekin 404 0 0 6
2019-07-25 13:18:44 ::1 GET /CheckIn/Viewchekin - 51709 - ::1 Mozilla/5.0+(compatible;+MSIE+10.0;+Windows+NT+6.2;+WOW64;+Trident/7.0;+Eureka/1.0) - 200 0 0 5440
2019-07-25 13:18:44 ::1 GET /Content/site.css - 51709 - ::1 Mozilla/5.0+(compatible;+MSIE+10.0;+Windows+NT+6.2;+WOW64;+Trident/7.0;+Eureka/1.0) http://localhost:51709/CheckIn/Viewchekin 200 0 0 50
2019-07-25 13:18:44 ::1 GET /Scripts/modernizr-2.6.2.js - 51709 - ::1 Mozilla/5.0+(compatible;+MSIE+10.0;+Windows+NT+6.2;+WOW64;+Trident/7.0;+Eureka/1.0) http://localhost:51709/CheckIn/Viewchekin 200 0 0 70
2019-07-25 13:18:44 ::1 GET /Scripts/jquery-1.8.2.js - 51709 - ::1 Mozilla/5.0+(compatible;+MSIE+10.0;+Windows+NT+6.2;+WOW64;+Trident/7.0;+Eureka/1.0) http://localhost:51709/CheckIn/Viewchekin 200 0 0 38
2019-07-25 13:18:44 ::1 GET /Images/accent.png - 51709 - ::1 Mozilla/5.0+(compatible;+MSIE+10.0;+Windows+NT+6.2;+WOW64;+Trident/7.0;+Eureka/1.0) http://localhost:51709/CheckIn/Viewchekin 304 0 0 28
2019-07-25 13:19:04 ::1 GET /CheckIn/CheckOut Id=1 51709 - ::1 Mozilla/5.0+(compatible;+MSIE+10.0;+Windows+NT+6.2;+WOW64;+Trident/7.0;+Eureka/1.0) http://localhost:51709/CheckIn/Viewchekin 500 0 0 21
#Software: Microsoft Internet Information Services 8.0
#Version: 1.0
#Date: 2019-07-25 13:21:27
#Fields: date time s-ip cs-method cs-uri-stem cs-uri-query s-port cs-username c-ip cs(User-Agent) cs(Referer) sc-status sc-substatus sc-win32-status time-taken
2019-07-25 13:21:27 ::1 GET / - 51709 admin ::1 Mozilla/5.0+(Windows+NT+10.0;+Win64;+x64)+AppleWebKit/537.36+(KHTML,+like+Gecko)+Chrome/75.0.3770.142+Safari/537.36 - 200 0 0 47581
2019-07-25 13:21:27 ::1 GET /CheckIn/CheckIn Rooms+quantity+not+availableRooms+quantity+not+availableRooms+quantity+not+available 51709 admin ::1 Mozilla/5.0+(Windows+NT+10.0;+Win64;+x64)+AppleWebKit/537.36+(KHTML,+like+Gecko)+Chrome/75.0.3770.142+Safari/537.36 http://localhost:51709/ 200 0 64 35274
2019-07-25 13:21:29 ::1 GET /__browserLink/requestData/0a23e4603c344482a426a5d4d3db4e9f - 51709 admin ::1 Mozilla/5.0+(Windows+NT+10.0;+Win64;+x64)+AppleWebKit/537.36+(KHTML,+like+Gecko)+Chrome/75.0.3770.142+Safari/537.36 http://localhost:51709/ 200 0 0 278
2019-07-25 13:22:02 ::1 GET /CheckIn/CheckIn Rooms+quantity+not+availableRooms+quantity+not+availableRooms+quantity+not+available 51709 admin ::1 Mozilla/5.0+(Windows+NT+10.0;+Win64;+x64)+AppleWebKit/537.36+(KHTML,+like+Gecko)+Chrome/75.0.3770.142+Safari/537.36 http://localhost:51709/ 200 0 0 205
2019-07-25 13:22:02 ::1 GET /__browserLink/requestData/07e57ab605d94676917027949b8d3d84 - 51709 admin ::1 Mozilla/5.0+(Windows+NT+10.0;+Win64;+x64)+AppleWebKit/537.36+(KHTML,+like+Gecko)+Chrome/75.0.3770.142+Safari/537.36 http://localhost:51709/CheckIn/CheckIn 200 0 0 15
2019-07-25 13:22:05 ::1 GET /CheckIn/Viewchekin - 51709 admin ::1 Mozilla/5.0+(Windows+NT+10.0;+Win64;+x64)+AppleWebKit/537.36+(KHTML,+like+Gecko)+Chrome/75.0.3770.142+Safari/537.36 http://localhost:51709/CheckIn/CheckIn 200 0 0 135
2019-07-25 13:22:05 ::1 GET /__browserLink/requestData/1287b3253e9043949fbec629af04758c - 51709 admin ::1 Mozilla/5.0+(Windows+NT+10.0;+Win64;+x64)+AppleWebKit/537.36+(KHTML,+like+Gecko)+Chrome/75.0.3770.142+Safari/537.36 http://localhost:51709/CheckIn/Viewchekin 200 0 0 3
#Software: Microsoft Internet Information Services 8.0
#Version: 1.0
#Date: 2019-07-25 13:23:49
#Fields: date time s-ip cs-method cs-uri-stem cs-uri-query s-port cs-username c-ip cs(User-Agent) cs(Referer) sc-status sc-substatus sc-win32-status time-taken
2019-07-25 13:23:49 ::1 GET / - 51709 admin ::1 Mozilla/5.0+(Windows+NT+10.0;+Win64;+x64)+AppleWebKit/537.36+(KHTML,+like+Gecko)+Chrome/75.0.3770.142+Safari/537.36 - 200 0 0 38573
2019-07-25 13:23:52 ::1 GET /__browserLink/requestData/ad15f9ab02844a44954b55ca2110f667 - 51709 admin ::1 Mozilla/5.0+(Windows+NT+10.0;+Win64;+x64)+AppleWebKit/537.36+(KHTML,+like+Gecko)+Chrome/75.0.3770.142+Safari/537.36 http://localhost:51709/ 200 0 0 140
2019-07-25 13:24:46 ::1 GET /CheckIn/CheckIn Rooms+quantity+not+availableRooms+quantity+not+availableRooms+quantity+not+available 51709 admin ::1 Mozilla/5.0+(Windows+NT+10.0;+Win64;+x64)+AppleWebKit/537.36+(KHTML,+like+Gecko)+Chrome/75.0.3770.142+Safari/537.36 http://localhost:51709/ 200 0 0 1586
2019-07-25 13:24:46 ::1 GET /__browserLink/requestData/a28fadd9d8e446bd97c08a3df0ebef7f - 51709 admin ::1 Mozilla/5.0+(Windows+NT+10.0;+Win64;+x64)+AppleWebKit/537.36+(KHTML,+like+Gecko)+Chrome/75.0.3770.142+Safari/537.36 http://localhost:51709/CheckIn/CheckIn 200 0 0 5
2019-07-25 13:24:50 ::1 GET /CheckIn/Viewchekin - 51709 admin ::1 Mozilla/5.0+(Windows+NT+10.0;+Win64;+x64)+AppleWebKit/537.36+(KHTML,+like+Gecko)+Chrome/75.0.3770.142+Safari/537.36 http://localhost:51709/CheckIn/CheckIn 200 0 0 130
2019-07-25 13:24:50 ::1 GET /__browserLink/requestData/7eac6573f47f4b5c81188cfbee498c84 - 51709 admin ::1 Mozilla/5.0+(Windows+NT+10.0;+Win64;+x64)+AppleWebKit/537.36+(KHTML,+like+Gecko)+Chrome/75.0.3770.142+Safari/537.36 http://localhost:51709/CheckIn/Viewchekin 200 0 0 3
