#Software: Microsoft Internet Information Services 8.0
#Version: 1.0
#Date: 2019-07-16 07:01:48
#Fields: date time s-ip cs-method cs-uri-stem cs-uri-query s-port cs-username c-ip cs(User-Agent) cs(Referer) sc-status sc-substatus sc-win32-status time-taken
2019-07-16 07:01:48 ::1 GET / - 52993 - ::1 Mozilla/5.0+(Windows+NT+10.0;+Win64;+x64)+AppleWebKit/537.36+(KHTML,+like+Gecko)+Chrome/75.0.3770.100+Safari/537.36 - 200 0 0 44802
2019-07-16 07:01:48 ::1 GET /Scripts/modernizr-2.6.2.js - 52993 - ::1 Mozilla/5.0+(Windows+NT+10.0;+Win64;+x64)+AppleWebKit/537.36+(KHTML,+like+Gecko)+Chrome/75.0.3770.100+Safari/537.36 http://localhost:52993/ 200 0 0 134
2019-07-16 07:01:48 ::1 GET /Content/site.css - 52993 - ::1 Mozilla/5.0+(Windows+NT+10.0;+Win64;+x64)+AppleWebKit/537.36+(KHTML,+like+Gecko)+Chrome/75.0.3770.100+Safari/537.36 http://localhost:52993/ 200 0 0 140
2019-07-16 07:01:48 ::1 GET /Scripts/jquery-1.8.2.js - 52993 - ::1 Mozilla/5.0+(Windows+NT+10.0;+Win64;+x64)+AppleWebKit/537.36+(KHTML,+like+Gecko)+Chrome/75.0.3770.100+Safari/537.36 http://localhost:52993/ 200 0 0 227
2019-07-16 07:01:50 ::1 GET /Images/heroAccent.png - 52993 - ::1 Mozilla/5.0+(Windows+NT+10.0;+Win64;+x64)+AppleWebKit/537.36+(KHTML,+like+Gecko)+Chrome/75.0.3770.100+Safari/537.36 http://localhost:52993/Content/site.css 200 0 0 3
2019-07-16 07:01:50 ::1 GET /favicon.ico - 52993 - ::1 Mozilla/5.0+(Windows+NT+10.0;+Win64;+x64)+AppleWebKit/537.36+(KHTML,+like+Gecko)+Chrome/75.0.3770.100+Safari/537.36 http://localhost:52993/ 200 0 0 36
2019-07-16 07:01:56 ::1 GET /__browserLink/requestData/cf3660a625cb4ef2b66b37616c8efcbb - 52993 - ::1 Mozilla/5.0+(Windows+NT+10.0;+Win64;+x64)+AppleWebKit/537.36+(KHTML,+like+Gecko)+Chrome/75.0.3770.100+Safari/537.36 http://localhost:52993/ 200 0 0 477
2019-07-16 07:02:02 ::1 GET /Room/Create - 52993 - ::1 Mozilla/5.0+(Windows+NT+10.0;+Win64;+x64)+AppleWebKit/537.36+(KHTML,+like+Gecko)+Chrome/75.0.3770.100+Safari/537.36 http://localhost:52993/ 302 0 0 79
2019-07-16 07:02:14 ::1 GET /Room/Create - 52993 - ::1 Mozilla/5.0+(Windows+NT+10.0;+Win64;+x64)+AppleWebKit/537.36+(KHTML,+like+Gecko)+Chrome/75.0.3770.100+Safari/537.36 http://localhost:52993/ 302 0 0 2004
2019-07-16 07:02:14 ::1 GET /Checkin/checkin - 52993 - ::1 Mozilla/5.0+(Windows+NT+10.0;+Win64;+x64)+AppleWebKit/537.36+(KHTML,+like+Gecko)+Chrome/75.0.3770.100+Safari/537.36 http://localhost:52993/ 200 0 0 6066
2019-07-16 07:02:16 ::1 GET /Images/accent.png - 52993 - ::1 Mozilla/5.0+(Windows+NT+10.0;+Win64;+x64)+AppleWebKit/537.36+(KHTML,+like+Gecko)+Chrome/75.0.3770.100+Safari/537.36 http://localhost:52993/Content/site.css 200 0 0 3
2019-07-16 07:02:16 ::1 GET /Account/Login ReturnUrl=%2fRoom%2fCreate 52993 - ::1 Mozilla/5.0+(Windows+NT+10.0;+Win64;+x64)+AppleWebKit/537.36+(KHTML,+like+Gecko)+Chrome/75.0.3770.100+Safari/537.36 http://localhost:52993/ 200 0 0 14473
2019-07-16 07:02:16 ::1 GET /Account/Login ReturnUrl=%2fRoom%2fCreate 52993 - ::1 Mozilla/5.0+(Windows+NT+10.0;+Win64;+x64)+AppleWebKit/537.36+(KHTML,+like+Gecko)+Chrome/75.0.3770.100+Safari/537.36 http://localhost:52993/ 200 0 0 106
2019-07-16 07:02:16 ::1 GET /Scripts/jquery.unobtrusive-ajax.js - 52993 - ::1 Mozilla/5.0+(Windows+NT+10.0;+Win64;+x64)+AppleWebKit/537.36+(KHTML,+like+Gecko)+Chrome/75.0.3770.100+Safari/537.36 http://localhost:52993/Account/Login?ReturnUrl=%2fRoom%2fCreate 200 0 0 58
2019-07-16 07:02:16 ::1 GET /Scripts/jquery.validate.js - 52993 - ::1 Mozilla/5.0+(Windows+NT+10.0;+Win64;+x64)+AppleWebKit/537.36+(KHTML,+like+Gecko)+Chrome/75.0.3770.100+Safari/537.36 http://localhost:52993/Account/Login?ReturnUrl=%2fRoom%2fCreate 200 0 0 10
2019-07-16 07:02:16 ::1 GET /Scripts/jquery.validate.unobtrusive.js - 52993 - ::1 Mozilla/5.0+(Windows+NT+10.0;+Win64;+x64)+AppleWebKit/537.36+(KHTML,+like+Gecko)+Chrome/75.0.3770.100+Safari/537.36 http://localhost:52993/Account/Login?ReturnUrl=%2fRoom%2fCreate 200 0 0 50
2019-07-16 07:02:17 ::1 GET /__browserLink/requestData/3f92886b5da54ba6997d5e40efc04d5f - 52993 - ::1 Mozilla/5.0+(Windows+NT+10.0;+Win64;+x64)+AppleWebKit/537.36+(KHTML,+like+Gecko)+Chrome/75.0.3770.100+Safari/537.36 http://localhost:52993/Account/Login?ReturnUrl=%2fRoom%2fCreate 200 0 0 12
2019-07-16 07:02:17 ::1 GET /__browserLink/requestData/39c8ddbf0e7043ddb372b876a14ab665 - 52993 - ::1 Mozilla/5.0+(Windows+NT+10.0;+Win64;+x64)+AppleWebKit/537.36+(KHTML,+like+Gecko)+Chrome/75.0.3770.100+Safari/537.36 http://localhost:52993/Account/Login?ReturnUrl=%2fRoom%2fCreate 200 0 0 10
2019-07-16 07:02:17 ::1 GET /__browserLink/requestData/a925c10bf0744dcc934b556ca79efb84 - 52993 - ::1 Mozilla/5.0+(Windows+NT+10.0;+Win64;+x64)+AppleWebKit/537.36+(KHTML,+like+Gecko)+Chrome/75.0.3770.100+Safari/537.36 http://localhost:52993/Checkin/checkin 200 0 0 12
2019-07-16 07:02:25 ::1 POST /Account/Login ReturnUrl=%2FRoom%2FCreate 52993 - ::1 Mozilla/5.0+(Windows+NT+10.0;+Win64;+x64)+AppleWebKit/537.36+(KHTML,+like+Gecko)+Chrome/75.0.3770.100+Safari/537.36 http://localhost:52993/Account/Login?ReturnUrl=%2fRoom%2fCreate 500 0 0 311
2019-07-16 07:02:31 ::1 GET /Account/Login - 52993 - ::1 Mozilla/5.0+(Windows+NT+10.0;+Win64;+x64)+AppleWebKit/537.36+(KHTML,+like+Gecko)+Chrome/75.0.3770.100+Safari/537.36 http://localhost:52993/Checkin/checkin 200 0 0 412
2019-07-16 07:02:31 ::1 GET /__browserLink/requestData/ae01fa6d2f6b40d3982d2dfc3982d4b8 - 52993 - ::1 Mozilla/5.0+(Windows+NT+10.0;+Win64;+x64)+AppleWebKit/537.36+(KHTML,+like+Gecko)+Chrome/75.0.3770.100+Safari/537.36 http://localhost:52993/Account/Login 200 0 0 19
2019-07-16 07:02:34 ::1 GET /Account/Register - 52993 - ::1 Mozilla/5.0+(Windows+NT+10.0;+Win64;+x64)+AppleWebKit/537.36+(KHTML,+like+Gecko)+Chrome/75.0.3770.100+Safari/537.36 http://localhost:52993/Account/Login 200 0 0 381
2019-07-16 07:02:34 ::1 GET /__browserLink/requestData/31fa84286a284ffdbab39daee80e4b20 - 52993 - ::1 Mozilla/5.0+(Windows+NT+10.0;+Win64;+x64)+AppleWebKit/537.36+(KHTML,+like+Gecko)+Chrome/75.0.3770.100+Safari/537.36 http://localhost:52993/Account/Register 200 0 0 62
2019-07-16 07:02:44 ::1 POST /Account/Register - 52993 - ::1 Mozilla/5.0+(Windows+NT+10.0;+Win64;+x64)+AppleWebKit/537.36+(KHTML,+like+Gecko)+Chrome/75.0.3770.100+Safari/537.36 http://localhost:52993/Account/Register 200 0 0 293
2019-07-16 07:02:44 ::1 GET /__browserLink/requestData/4632534a96f644c89ca4da185470af56 - 52993 - ::1 Mozilla/5.0+(Windows+NT+10.0;+Win64;+x64)+AppleWebKit/537.36+(KHTML,+like+Gecko)+Chrome/75.0.3770.100+Safari/537.36 http://localhost:52993/Account/Register 200 0 0 0
2019-07-16 07:03:05 ::1 POST /Account/Register - 52993 - ::1 Mozilla/5.0+(Windows+NT+10.0;+Win64;+x64)+AppleWebKit/537.36+(KHTML,+like+Gecko)+Chrome/75.0.3770.100+Safari/537.36 http://localhost:52993/Account/Register 302 0 0 714
2019-07-16 07:03:05 ::1 GET / - 52993 apurvashepal ::1 Mozilla/5.0+(Windows+NT+10.0;+Win64;+x64)+AppleWebKit/537.36+(KHTML,+like+Gecko)+Chrome/75.0.3770.100+Safari/537.36 http://localhost:52993/Account/Register 200 0 0 13
2019-07-16 07:03:05 ::1 GET /__browserLink/requestData/fff61b23944c47d8a63890b6e229ad63 - 52993 apurvashepal ::1 Mozilla/5.0+(Windows+NT+10.0;+Win64;+x64)+AppleWebKit/537.36+(KHTML,+like+Gecko)+Chrome/75.0.3770.100+Safari/537.36 http://localhost:52993/ 200 0 0 3
2019-07-16 07:03:12 ::1 GET /Room/Create - 52993 apurvashepal ::1 Mozilla/5.0+(Windows+NT+10.0;+Win64;+x64)+AppleWebKit/537.36+(KHTML,+like+Gecko)+Chrome/75.0.3770.100+Safari/537.36 http://localhost:52993/ 200 0 0 1839
2019-07-16 07:03:12 ::1 GET /__browserLink/requestData/91eaa42fa8004d5d9bb02f1bcde49fd8 - 52993 apurvashepal ::1 Mozilla/5.0+(Windows+NT+10.0;+Win64;+x64)+AppleWebKit/537.36+(KHTML,+like+Gecko)+Chrome/75.0.3770.100+Safari/537.36 http://localhost:52993/Room/Create 200 0 0 0
2019-07-16 07:03:27 ::1 POST /Room/Create - 52993 apurvashepal ::1 Mozilla/5.0+(Windows+NT+10.0;+Win64;+x64)+AppleWebKit/537.36+(KHTML,+like+Gecko)+Chrome/75.0.3770.100+Safari/537.36 http://localhost:52993/Room/Create 200 0 0 110
2019-07-16 07:03:27 ::1 GET /__browserLink/requestData/8d58879ec64f4f8095abde6343d34b90 - 52993 apurvashepal ::1 Mozilla/5.0+(Windows+NT+10.0;+Win64;+x64)+AppleWebKit/537.36+(KHTML,+like+Gecko)+Chrome/75.0.3770.100+Safari/537.36 http://localhost:52993/Room/Create 200 0 0 0
2019-07-16 07:03:28 ::1 GET /Room/Viewdetails - 52993 apurvashepal ::1 Mozilla/5.0+(Windows+NT+10.0;+Win64;+x64)+AppleWebKit/537.36+(KHTML,+like+Gecko)+Chrome/75.0.3770.100+Safari/537.36 http://localhost:52993/Room/Create 200 0 0 174
2019-07-16 07:03:28 ::1 GET /__browserLink/requestData/a7069a2e42114e94936acc5b522161d5 - 52993 apurvashepal ::1 Mozilla/5.0+(Windows+NT+10.0;+Win64;+x64)+AppleWebKit/537.36+(KHTML,+like+Gecko)+Chrome/75.0.3770.100+Safari/537.36 http://localhost:52993/Room/Viewdetails 200 0 0 15
2019-07-16 07:03:47 ::1 POST /Account/Login ReturnUrl=%2FRoom%2FCreate 52993 apurvashepal ::1 Mozilla/5.0+(Windows+NT+10.0;+Win64;+x64)+AppleWebKit/537.36+(KHTML,+like+Gecko)+Chrome/75.0.3770.100+Safari/537.36 http://localhost:52993/Account/Login?ReturnUrl=%2fRoom%2fCreate 500 0 0 121
2019-07-16 07:03:49 ::1 GET /__browserLink/requestData/39c8ddbf0e7043ddb372b876a14ab665 - 52993 apurvashepal ::1 Mozilla/5.0+(Windows+NT+10.0;+Win64;+x64)+AppleWebKit/537.36+(KHTML,+like+Gecko)+Chrome/75.0.3770.100+Safari/537.36 http://localhost:52993/Account/Login?ReturnUrl=%2fRoom%2fCreate 404 0 0 18
2019-07-16 07:03:55 ::1 GET /__browserLink/requestData/39c8ddbf0e7043ddb372b876a14ab665 - 52993 apurvashepal ::1 Mozilla/5.0+(Windows+NT+10.0;+Win64;+x64)+AppleWebKit/537.36+(KHTML,+like+Gecko)+Chrome/75.0.3770.100+Safari/537.36 http://localhost:52993/Account/Login?ReturnUrl=%2fRoom%2fCreate 404 0 0 3
2019-07-16 07:03:56 ::1 GET /__browserLink/requestData/fff61b23944c47d8a63890b6e229ad63 - 52993 apurvashepal ::1 Mozilla/5.0+(Windows+NT+10.0;+Win64;+x64)+AppleWebKit/537.36+(KHTML,+like+Gecko)+Chrome/75.0.3770.100+Safari/537.36 http://localhost:52993/ 404 0 0 4
2019-07-16 07:03:58 ::1 GET /Checkin/checkin - 52993 apurvashepal ::1 Mozilla/5.0+(Windows+NT+10.0;+Win64;+x64)+AppleWebKit/537.36+(KHTML,+like+Gecko)+Chrome/75.0.3770.100+Safari/537.36 http://localhost:52993/ 200 0 0 283
2019-07-16 07:04:00 ::1 GET /__browserLink/requestData/a357b1a566614d808c4b8c02605a4c57 - 52993 apurvashepal ::1 Mozilla/5.0+(Windows+NT+10.0;+Win64;+x64)+AppleWebKit/537.36+(KHTML,+like+Gecko)+Chrome/75.0.3770.100+Safari/537.36 http://localhost:52993/Checkin/checkin 200 0 0 0
2019-07-16 07:04:38 ::1 POST /Checkin/checkin - 52993 apurvashepal ::1 Mozilla/5.0+(Windows+NT+10.0;+Win64;+x64)+AppleWebKit/537.36+(KHTML,+like+Gecko)+Chrome/75.0.3770.100+Safari/537.36 http://localhost:52993/Checkin/checkin 200 0 0 250
2019-07-16 07:04:38 ::1 GET /__browserLink/requestData/6a5dfb74ec2d4af98111ccb8e9e738c5 - 52993 apurvashepal ::1 Mozilla/5.0+(Windows+NT+10.0;+Win64;+x64)+AppleWebKit/537.36+(KHTML,+like+Gecko)+Chrome/75.0.3770.100+Safari/537.36 http://localhost:52993/Checkin/checkin 200 0 0 0
2019-07-16 07:04:42 ::1 GET /Checkin/check+in+records - 52993 apurvashepal ::1 Mozilla/5.0+(Windows+NT+10.0;+Win64;+x64)+AppleWebKit/537.36+(KHTML,+like+Gecko)+Chrome/75.0.3770.100+Safari/537.36 http://localhost:52993/Checkin/checkin 404 0 0 65
2019-07-16 07:04:44 ::1 GET /__browserLink/requestData/6a5dfb74ec2d4af98111ccb8e9e738c5 - 52993 apurvashepal ::1 Mozilla/5.0+(Windows+NT+10.0;+Win64;+x64)+AppleWebKit/537.36+(KHTML,+like+Gecko)+Chrome/75.0.3770.100+Safari/537.36 http://localhost:52993/Checkin/checkin 404 0 0 3
#Software: Microsoft Internet Information Services 8.0
#Version: 1.0
#Date: 2019-07-16 07:19:23
#Fields: date time s-ip cs-method cs-uri-stem cs-uri-query s-port cs-username c-ip cs(User-Agent) cs(Referer) sc-status sc-substatus sc-win32-status time-taken
2019-07-16 07:19:23 ::1 GET / - 52993 apurvashepal ::1 Mozilla/5.0+(Windows+NT+10.0;+Win64;+x64)+AppleWebKit/537.36+(KHTML,+like+Gecko)+Chrome/75.0.3770.100+Safari/537.36 - 200 0 0 11479
2019-07-16 07:19:23 ::1 GET /__browserLink/requestData/5d322e605278470eac7482bcad818759 - 52993 apurvashepal ::1 Mozilla/5.0+(Windows+NT+10.0;+Win64;+x64)+AppleWebKit/537.36+(KHTML,+like+Gecko)+Chrome/75.0.3770.100+Safari/537.36 http://localhost:52993/ 200 0 0 1
2019-07-16 07:19:27 ::1 GET /Room/Create - 52993 apurvashepal ::1 Mozilla/5.0+(Windows+NT+10.0;+Win64;+x64)+AppleWebKit/537.36+(KHTML,+like+Gecko)+Chrome/75.0.3770.100+Safari/537.36 http://localhost:52993/ 200 0 0 1423
2019-07-16 07:19:27 ::1 GET /__browserLink/requestData/85b48c03a8fe4c27b79549bafa1042b5 - 52993 apurvashepal ::1 Mozilla/5.0+(Windows+NT+10.0;+Win64;+x64)+AppleWebKit/537.36+(KHTML,+like+Gecko)+Chrome/75.0.3770.100+Safari/537.36 http://localhost:52993/Room/Create 200 0 0 20
2019-07-16 07:19:32 ::1 POST /Room/Create - 52993 apurvashepal ::1 Mozilla/5.0+(Windows+NT+10.0;+Win64;+x64)+AppleWebKit/537.36+(KHTML,+like+Gecko)+Chrome/75.0.3770.100+Safari/537.36 http://localhost:52993/Room/Create 200 0 0 61
2019-07-16 07:19:32 ::1 GET /__browserLink/requestData/46ccce43eadf45d89970cf7e9094c902 - 52993 apurvashepal ::1 Mozilla/5.0+(Windows+NT+10.0;+Win64;+x64)+AppleWebKit/537.36+(KHTML,+like+Gecko)+Chrome/75.0.3770.100+Safari/537.36 http://localhost:52993/Room/Create 200 0 0 0
2019-07-16 07:19:39 ::1 POST /Room/Create - 52993 apurvashepal ::1 Mozilla/5.0+(Windows+NT+10.0;+Win64;+x64)+AppleWebKit/537.36+(KHTML,+like+Gecko)+Chrome/75.0.3770.100+Safari/537.36 http://localhost:52993/Room/Create 200 0 0 57
2019-07-16 07:19:39 ::1 GET /__browserLink/requestData/42dee2fbdf624d4b8fe22c0162abe3b6 - 52993 apurvashepal ::1 Mozilla/5.0+(Windows+NT+10.0;+Win64;+x64)+AppleWebKit/537.36+(KHTML,+like+Gecko)+Chrome/75.0.3770.100+Safari/537.36 http://localhost:52993/Room/Create 200 0 0 8
2019-07-16 07:19:40 ::1 GET /Room/Viewdetails - 52993 apurvashepal ::1 Mozilla/5.0+(Windows+NT+10.0;+Win64;+x64)+AppleWebKit/537.36+(KHTML,+like+Gecko)+Chrome/75.0.3770.100+Safari/537.36 http://localhost:52993/Room/Create 200 0 0 163
2019-07-16 07:19:40 ::1 GET /__browserLink/requestData/e755e04ab0e44b648960b7ec8a687fcf - 52993 apurvashepal ::1 Mozilla/5.0+(Windows+NT+10.0;+Win64;+x64)+AppleWebKit/537.36+(KHTML,+like+Gecko)+Chrome/75.0.3770.100+Safari/537.36 http://localhost:52993/Room/Viewdetails 200 0 0 0
2019-07-16 07:19:44 ::1 GET /c97b10f8ea054b7eb1f6b068a0403436/arterySignalR/ping requestUrl=http%3A%2F%2Flocalhost%3A52993%2FCheckin%2Fcheckin&browserName=Chrome&_=1563261584530 52993 apurvashepal ::1 Mozilla/5.0+(Windows+NT+10.0;+Win64;+x64)+AppleWebKit/537.36+(KHTML,+like+Gecko)+Chrome/75.0.3770.100+Safari/537.36 http://localhost:52993/Checkin/checkin 404 0 0 134
2019-07-16 07:20:36 ::1 GET /Room/Viewdetails - 52993 apurvashepal ::1 Mozilla/5.0+(Windows+NT+10.0;+Win64;+x64)+AppleWebKit/537.36+(KHTML,+like+Gecko)+Chrome/75.0.3770.100+Safari/537.36 http://localhost:52993/Room/Create 200 0 0 2466
2019-07-16 07:20:36 ::1 GET /favicon.ico - 52993 - ::1 Mozilla/5.0+(Windows+NT+10.0;+Win64;+x64)+AppleWebKit/537.36+(KHTML,+like+Gecko)+Chrome/75.0.3770.100+Safari/537.36 http://localhost:52993/Room/Viewdetails 200 0 0 27
2019-07-16 07:20:36 ::1 GET /__browserLink/requestData/253c691c04564556888ddad7a3edf2d0 - 52993 apurvashepal ::1 Mozilla/5.0+(Windows+NT+10.0;+Win64;+x64)+AppleWebKit/537.36+(KHTML,+like+Gecko)+Chrome/75.0.3770.100+Safari/537.36 http://localhost:52993/Room/Viewdetails 200 0 0 4
2019-07-16 07:20:39 ::1 GET /Room/delete id=0 52993 apurvashepal ::1 Mozilla/5.0+(Windows+NT+10.0;+Win64;+x64)+AppleWebKit/537.36+(KHTML,+like+Gecko)+Chrome/75.0.3770.100+Safari/537.36 http://localhost:52993/Room/Viewdetails 200 0 0 131
2019-07-16 07:20:39 ::1 GET /__browserLink/requestData/7ead3338d7a74dee82aa04838b16dcbd - 52993 apurvashepal ::1 Mozilla/5.0+(Windows+NT+10.0;+Win64;+x64)+AppleWebKit/537.36+(KHTML,+like+Gecko)+Chrome/75.0.3770.100+Safari/537.36 http://localhost:52993/Room/delete?id=0 200 0 0 0
2019-07-16 07:20:41 ::1 GET /__browserLink/requestData/253c691c04564556888ddad7a3edf2d0 - 52993 apurvashepal ::1 Mozilla/5.0+(Windows+NT+10.0;+Win64;+x64)+AppleWebKit/537.36+(KHTML,+like+Gecko)+Chrome/75.0.3770.100+Safari/537.36 http://localhost:52993/Room/Viewdetails 404 0 0 3
2019-07-16 07:20:43 ::1 GET /Room/Viewdetails - 52993 apurvashepal ::1 Mozilla/5.0+(Windows+NT+10.0;+Win64;+x64)+AppleWebKit/537.36+(KHTML,+like+Gecko)+Chrome/75.0.3770.100+Safari/537.36 http://localhost:52993/Room/Create 200 0 0 12
2019-07-16 07:20:43 ::1 GET /favicon.ico - 52993 - ::1 Mozilla/5.0+(Windows+NT+10.0;+Win64;+x64)+AppleWebKit/537.36+(KHTML,+like+Gecko)+Chrome/75.0.3770.100+Safari/537.36 http://localhost:52993/Room/Viewdetails 200 0 0 3
2019-07-16 07:20:43 ::1 GET /__browserLink/requestData/80349bf0b8af41a79c3a06719a76be3b - 52993 apurvashepal ::1 Mozilla/5.0+(Windows+NT+10.0;+Win64;+x64)+AppleWebKit/537.36+(KHTML,+like+Gecko)+Chrome/75.0.3770.100+Safari/537.36 http://localhost:52993/Room/Viewdetails 200 0 0 5
2019-07-16 07:21:36 ::1 GET /Room/Create - 52993 apurvashepal ::1 Mozilla/5.0+(Windows+NT+10.0;+Win64;+x64)+AppleWebKit/537.36+(KHTML,+like+Gecko)+Chrome/75.0.3770.100+Safari/537.36 http://localhost:52993/Room/Viewdetails 200 0 0 187
2019-07-16 07:21:36 ::1 GET /__browserLink/requestData/2bdd367d6a184aa5b6cb7dbaa6393951 - 52993 apurvashepal ::1 Mozilla/5.0+(Windows+NT+10.0;+Win64;+x64)+AppleWebKit/537.36+(KHTML,+like+Gecko)+Chrome/75.0.3770.100+Safari/537.36 http://localhost:52993/Room/Create 200 0 0 15
2019-07-16 07:21:42 ::1 POST /Room/Create - 52993 apurvashepal ::1 Mozilla/5.0+(Windows+NT+10.0;+Win64;+x64)+AppleWebKit/537.36+(KHTML,+like+Gecko)+Chrome/75.0.3770.100+Safari/537.36 http://localhost:52993/Room/Create 200 0 0 53
2019-07-16 07:21:42 ::1 GET /__browserLink/requestData/ca8bcea7b69e4223868a05f81b9336e4 - 52993 apurvashepal ::1 Mozilla/5.0+(Windows+NT+10.0;+Win64;+x64)+AppleWebKit/537.36+(KHTML,+like+Gecko)+Chrome/75.0.3770.100+Safari/537.36 http://localhost:52993/Room/Create 200 0 0 0
2019-07-16 07:21:43 ::1 GET /Room/Viewdetails - 52993 apurvashepal ::1 Mozilla/5.0+(Windows+NT+10.0;+Win64;+x64)+AppleWebKit/537.36+(KHTML,+like+Gecko)+Chrome/75.0.3770.100+Safari/537.36 http://localhost:52993/Room/Create 200 0 0 13
2019-07-16 07:21:43 ::1 GET /__browserLink/requestData/c369b2bd6d9a432ca18c79a76bc37b13 - 52993 apurvashepal ::1 Mozilla/5.0+(Windows+NT+10.0;+Win64;+x64)+AppleWebKit/537.36+(KHTML,+like+Gecko)+Chrome/75.0.3770.100+Safari/537.36 http://localhost:52993/Room/Viewdetails 200 0 0 0
2019-07-16 07:21:45 ::1 GET /Room/delete id=0 52993 apurvashepal ::1 Mozilla/5.0+(Windows+NT+10.0;+Win64;+x64)+AppleWebKit/537.36+(KHTML,+like+Gecko)+Chrome/75.0.3770.100+Safari/537.36 http://localhost:52993/Room/Viewdetails 200 0 0 14
2019-07-16 07:21:45 ::1 GET /__browserLink/requestData/d3f7535a40f64eeda97594fc89521556 - 52993 apurvashepal ::1 Mozilla/5.0+(Windows+NT+10.0;+Win64;+x64)+AppleWebKit/537.36+(KHTML,+like+Gecko)+Chrome/75.0.3770.100+Safari/537.36 http://localhost:52993/Room/delete?id=0 200 0 0 0
2019-07-16 07:21:47 ::1 GET /Room/Viewdetails - 52993 apurvashepal ::1 Mozilla/5.0+(Windows+NT+10.0;+Win64;+x64)+AppleWebKit/537.36+(KHTML,+like+Gecko)+Chrome/75.0.3770.100+Safari/537.36 http://localhost:52993/Room/delete?id=0 200 0 0 10
2019-07-16 07:21:47 ::1 GET /__browserLink/requestData/8632cf088a4b4daa9c0495e8ffb68b42 - 52993 apurvashepal ::1 Mozilla/5.0+(Windows+NT+10.0;+Win64;+x64)+AppleWebKit/537.36+(KHTML,+like+Gecko)+Chrome/75.0.3770.100+Safari/537.36 http://localhost:52993/Room/Viewdetails 200 0 0 0
2019-07-16 07:21:49 ::1 GET /Room/delete id=0 52993 apurvashepal ::1 Mozilla/5.0+(Windows+NT+10.0;+Win64;+x64)+AppleWebKit/537.36+(KHTML,+like+Gecko)+Chrome/75.0.3770.100+Safari/537.36 http://localhost:52993/Room/Viewdetails 200 0 0 5
2019-07-16 07:21:49 ::1 GET /__browserLink/requestData/b46f4c60af8c48c3a90a4e2ed25a0dc5 - 52993 apurvashepal ::1 Mozilla/5.0+(Windows+NT+10.0;+Win64;+x64)+AppleWebKit/537.36+(KHTML,+like+Gecko)+Chrome/75.0.3770.100+Safari/537.36 http://localhost:52993/Room/delete?id=0 200 0 0 4
2019-07-16 07:21:49 ::1 GET /Room/Viewdetails - 52993 apurvashepal ::1 Mozilla/5.0+(Windows+NT+10.0;+Win64;+x64)+AppleWebKit/537.36+(KHTML,+like+Gecko)+Chrome/75.0.3770.100+Safari/537.36 http://localhost:52993/Room/delete?id=0 200 0 0 11
2019-07-16 07:21:50 ::1 GET /__browserLink/requestData/44a86cc831b34080b1d9eaf61e771140 - 52993 apurvashepal ::1 Mozilla/5.0+(Windows+NT+10.0;+Win64;+x64)+AppleWebKit/537.36+(KHTML,+like+Gecko)+Chrome/75.0.3770.100+Safari/537.36 http://localhost:52993/Room/Viewdetails 200 0 0 0
2019-07-16 07:21:51 ::1 GET /Room/delete id=0 52993 apurvashepal ::1 Mozilla/5.0+(Windows+NT+10.0;+Win64;+x64)+AppleWebKit/537.36+(KHTML,+like+Gecko)+Chrome/75.0.3770.100+Safari/537.36 http://localhost:52993/Room/Viewdetails 200 0 0 27
2019-07-16 07:21:51 ::1 GET /__browserLink/requestData/ade719412d1e4f4087e9eaeebe8e9b9e - 52993 apurvashepal ::1 Mozilla/5.0+(Windows+NT+10.0;+Win64;+x64)+AppleWebKit/537.36+(KHTML,+like+Gecko)+Chrome/75.0.3770.100+Safari/537.36 http://localhost:52993/Room/delete?id=0 200 0 0 0
2019-07-16 07:21:53 ::1 GET /__browserLink/requestData/44a86cc831b34080b1d9eaf61e771140 - 52993 apurvashepal ::1 Mozilla/5.0+(Windows+NT+10.0;+Win64;+x64)+AppleWebKit/537.36+(KHTML,+like+Gecko)+Chrome/75.0.3770.100+Safari/537.36 http://localhost:52993/Room/Viewdetails 404 0 0 2
2019-07-16 07:21:54 ::1 GET /__browserLink/requestData/ade719412d1e4f4087e9eaeebe8e9b9e - 52993 apurvashepal ::1 Mozilla/5.0+(Windows+NT+10.0;+Win64;+x64)+AppleWebKit/537.36+(KHTML,+like+Gecko)+Chrome/75.0.3770.100+Safari/537.36 http://localhost:52993/Room/delete?id=0 404 0 0 2
2019-07-16 07:21:55 ::1 GET /__browserLink/requestData/44a86cc831b34080b1d9eaf61e771140 - 52993 apurvashepal ::1 Mozilla/5.0+(Windows+NT+10.0;+Win64;+x64)+AppleWebKit/537.36+(KHTML,+like+Gecko)+Chrome/75.0.3770.100+Safari/537.36 http://localhost:52993/Room/Viewdetails 404 0 0 2
2019-07-16 07:21:55 ::1 GET /__browserLink/requestData/ade719412d1e4f4087e9eaeebe8e9b9e - 52993 apurvashepal ::1 Mozilla/5.0+(Windows+NT+10.0;+Win64;+x64)+AppleWebKit/537.36+(KHTML,+like+Gecko)+Chrome/75.0.3770.100+Safari/537.36 http://localhost:52993/Room/delete?id=0 404 0 0 2
2019-07-16 07:21:56 ::1 GET /__browserLink/requestData/44a86cc831b34080b1d9eaf61e771140 - 52993 apurvashepal ::1 Mozilla/5.0+(Windows+NT+10.0;+Win64;+x64)+AppleWebKit/537.36+(KHTML,+like+Gecko)+Chrome/75.0.3770.100+Safari/537.36 http://localhost:52993/Room/Viewdetails 404 0 0 2
2019-07-16 07:21:56 ::1 GET /__browserLink/requestData/ca8bcea7b69e4223868a05f81b9336e4 - 52993 apurvashepal ::1 Mozilla/5.0+(Windows+NT+10.0;+Win64;+x64)+AppleWebKit/537.36+(KHTML,+like+Gecko)+Chrome/75.0.3770.100+Safari/537.36 http://localhost:52993/Room/Create 404 0 0 9
2019-07-16 07:21:56 ::1 GET /Room/Create - 52993 apurvashepal ::1 Mozilla/5.0+(Windows+NT+10.0;+Win64;+x64)+AppleWebKit/537.36+(KHTML,+like+Gecko)+Chrome/75.0.3770.100+Safari/537.36 http://localhost:52993/Room/Viewdetails 200 0 0 63
2019-07-16 07:21:56 ::1 GET /__browserLink/requestData/44a86cc831b34080b1d9eaf61e771140 - 52993 apurvashepal ::1 Mozilla/5.0+(Windows+NT+10.0;+Win64;+x64)+AppleWebKit/537.36+(KHTML,+like+Gecko)+Chrome/75.0.3770.100+Safari/537.36 http://localhost:52993/Room/Viewdetails 404 0 0 2
2019-07-16 07:21:59 ::1 GET /Room/Viewdetails - 52993 apurvashepal ::1 Mozilla/5.0+(Windows+NT+10.0;+Win64;+x64)+AppleWebKit/537.36+(KHTML,+like+Gecko)+Chrome/75.0.3770.100+Safari/537.36 http://localhost:52993/Room/Create 200 0 0 10
2019-07-16 07:21:59 ::1 GET /favicon.ico - 52993 - ::1 Mozilla/5.0+(Windows+NT+10.0;+Win64;+x64)+AppleWebKit/537.36+(KHTML,+like+Gecko)+Chrome/75.0.3770.100+Safari/537.36 http://localhost:52993/Room/Viewdetails 200 0 0 28
2019-07-16 07:21:59 ::1 GET /__browserLink/requestData/ea66908cba7e496cb9e13b015507041a - 52993 apurvashepal ::1 Mozilla/5.0+(Windows+NT+10.0;+Win64;+x64)+AppleWebKit/537.36+(KHTML,+like+Gecko)+Chrome/75.0.3770.100+Safari/537.36 http://localhost:52993/Room/Viewdetails 200 0 0 5
2019-07-16 07:22:01 ::1 GET /Room/delete id=0 52993 apurvashepal ::1 Mozilla/5.0+(Windows+NT+10.0;+Win64;+x64)+AppleWebKit/537.36+(KHTML,+like+Gecko)+Chrome/75.0.3770.100+Safari/537.36 http://localhost:52993/Room/Viewdetails 200 0 0 14
2019-07-16 07:22:01 ::1 GET /__browserLink/requestData/5f97ded3ed5848a5b759196a881b488b - 52993 apurvashepal ::1 Mozilla/5.0+(Windows+NT+10.0;+Win64;+x64)+AppleWebKit/537.36+(KHTML,+like+Gecko)+Chrome/75.0.3770.100+Safari/537.36 http://localhost:52993/Room/delete?id=0 200 0 0 0
2019-07-16 07:22:02 ::1 GET /Room/Viewdetails - 52993 apurvashepal ::1 Mozilla/5.0+(Windows+NT+10.0;+Win64;+x64)+AppleWebKit/537.36+(KHTML,+like+Gecko)+Chrome/75.0.3770.100+Safari/537.36 http://localhost:52993/Room/delete?id=0 200 0 0 11
2019-07-16 07:22:02 ::1 GET /__browserLink/requestData/52f2568139ee415db1ce069f757dfccf - 52993 apurvashepal ::1 Mozilla/5.0+(Windows+NT+10.0;+Win64;+x64)+AppleWebKit/537.36+(KHTML,+like+Gecko)+Chrome/75.0.3770.100+Safari/537.36 http://localhost:52993/Room/Viewdetails 200 0 0 0
2019-07-16 07:22:04 ::1 GET /Room/delete id=0 52993 apurvashepal ::1 Mozilla/5.0+(Windows+NT+10.0;+Win64;+x64)+AppleWebKit/537.36+(KHTML,+like+Gecko)+Chrome/75.0.3770.100+Safari/537.36 http://localhost:52993/Room/Viewdetails 200 0 0 11
2019-07-16 07:22:04 ::1 GET /__browserLink/requestData/1bae56277d0146e292ebda86ee5ddbf2 - 52993 apurvashepal ::1 Mozilla/5.0+(Windows+NT+10.0;+Win64;+x64)+AppleWebKit/537.36+(KHTML,+like+Gecko)+Chrome/75.0.3770.100+Safari/537.36 http://localhost:52993/Room/delete?id=0 200 0 0 4
2019-07-16 07:22:06 ::1 GET /Room/Viewdetails - 52993 apurvashepal ::1 Mozilla/5.0+(Windows+NT+10.0;+Win64;+x64)+AppleWebKit/537.36+(KHTML,+like+Gecko)+Chrome/75.0.3770.100+Safari/537.36 http://localhost:52993/Room/delete?id=0 200 0 0 7
2019-07-16 07:22:06 ::1 GET /__browserLink/requestData/c92f8b6e2dec4874844dca0daf578310 - 52993 apurvashepal ::1 Mozilla/5.0+(Windows+NT+10.0;+Win64;+x64)+AppleWebKit/537.36+(KHTML,+like+Gecko)+Chrome/75.0.3770.100+Safari/537.36 http://localhost:52993/Room/Viewdetails 200 0 0 0
2019-07-16 07:22:07 ::1 GET /Room/Create - 52993 apurvashepal ::1 Mozilla/5.0+(Windows+NT+10.0;+Win64;+x64)+AppleWebKit/537.36+(KHTML,+like+Gecko)+Chrome/75.0.3770.100+Safari/537.36 http://localhost:52993/Room/Viewdetails 200 0 0 57
2019-07-16 07:22:07 ::1 GET /__browserLink/requestData/180a1ab4cbb64871aa20eb48bb29a7dd - 52993 apurvashepal ::1 Mozilla/5.0+(Windows+NT+10.0;+Win64;+x64)+AppleWebKit/537.36+(KHTML,+like+Gecko)+Chrome/75.0.3770.100+Safari/537.36 http://localhost:52993/Room/Create 200 0 0 0
2019-07-16 07:22:10 ::1 POST /Room/Create - 52993 apurvashepal ::1 Mozilla/5.0+(Windows+NT+10.0;+Win64;+x64)+AppleWebKit/537.36+(KHTML,+like+Gecko)+Chrome/75.0.3770.100+Safari/537.36 http://localhost:52993/Room/Create 200 0 0 57
2019-07-16 07:22:10 ::1 GET /__browserLink/requestData/823a081e08e34ddfa1d381240ea07ebf - 52993 apurvashepal ::1 Mozilla/5.0+(Windows+NT+10.0;+Win64;+x64)+AppleWebKit/537.36+(KHTML,+like+Gecko)+Chrome/75.0.3770.100+Safari/537.36 http://localhost:52993/Room/Create 200 0 0 4
2019-07-16 07:22:13 ::1 POST /Room/Create - 52993 apurvashepal ::1 Mozilla/5.0+(Windows+NT+10.0;+Win64;+x64)+AppleWebKit/537.36+(KHTML,+like+Gecko)+Chrome/75.0.3770.100+Safari/537.36 http://localhost:52993/Room/Create 200 0 0 56
2019-07-16 07:22:13 ::1 GET /__browserLink/requestData/6b618d48da7b46dd9c4dae2305dd0aea - 52993 apurvashepal ::1 Mozilla/5.0+(Windows+NT+10.0;+Win64;+x64)+AppleWebKit/537.36+(KHTML,+like+Gecko)+Chrome/75.0.3770.100+Safari/537.36 http://localhost:52993/Room/Create 200 0 0 4
2019-07-16 07:22:17 ::1 POST /Room/Create - 52993 apurvashepal ::1 Mozilla/5.0+(Windows+NT+10.0;+Win64;+x64)+AppleWebKit/537.36+(KHTML,+like+Gecko)+Chrome/75.0.3770.100+Safari/537.36 http://localhost:52993/Room/Create 200 0 0 57
2019-07-16 07:22:17 ::1 GET /__browserLink/requestData/d21b5ca8f1e24097a44e9b37e5a317b7 - 52993 apurvashepal ::1 Mozilla/5.0+(Windows+NT+10.0;+Win64;+x64)+AppleWebKit/537.36+(KHTML,+like+Gecko)+Chrome/75.0.3770.100+Safari/537.36 http://localhost:52993/Room/Create 200 0 0 8
2019-07-16 07:22:18 ::1 GET /Room/Viewdetails - 52993 apurvashepal ::1 Mozilla/5.0+(Windows+NT+10.0;+Win64;+x64)+AppleWebKit/537.36+(KHTML,+like+Gecko)+Chrome/75.0.3770.100+Safari/537.36 http://localhost:52993/Room/Create 200 0 0 8
2019-07-16 07:22:18 ::1 GET /__browserLink/requestData/a4e2b389a8e445fca51ae579dbab4a1d - 52993 apurvashepal ::1 Mozilla/5.0+(Windows+NT+10.0;+Win64;+x64)+AppleWebKit/537.36+(KHTML,+like+Gecko)+Chrome/75.0.3770.100+Safari/537.36 http://localhost:52993/Room/Viewdetails 200 0 0 5
2019-07-16 07:22:21 ::1 GET /Room/delete id=0 52993 apurvashepal ::1 Mozilla/5.0+(Windows+NT+10.0;+Win64;+x64)+AppleWebKit/537.36+(KHTML,+like+Gecko)+Chrome/75.0.3770.100+Safari/537.36 http://localhost:52993/Room/Viewdetails 200 0 0 11
2019-07-16 07:22:21 ::1 GET /__browserLink/requestData/bbd8f63d883c49caab565cd406c91ec7 - 52993 apurvashepal ::1 Mozilla/5.0+(Windows+NT+10.0;+Win64;+x64)+AppleWebKit/537.36+(KHTML,+like+Gecko)+Chrome/75.0.3770.100+Safari/537.36 http://localhost:52993/Room/delete?id=0 200 0 0 0
2019-07-16 07:22:22 ::1 GET /Room/Viewdetails - 52993 apurvashepal ::1 Mozilla/5.0+(Windows+NT+10.0;+Win64;+x64)+AppleWebKit/537.36+(KHTML,+like+Gecko)+Chrome/75.0.3770.100+Safari/537.36 http://localhost:52993/Room/delete?id=0 200 0 0 8
2019-07-16 07:22:22 ::1 GET /__browserLink/requestData/73e13048188a44dd8d919f88cba3d5c1 - 52993 apurvashepal ::1 Mozilla/5.0+(Windows+NT+10.0;+Win64;+x64)+AppleWebKit/537.36+(KHTML,+like+Gecko)+Chrome/75.0.3770.100+Safari/537.36 http://localhost:52993/Room/Viewdetails 200 0 0 4
2019-07-16 07:22:29 ::1 GET /Room/Create - 52993 apurvashepal ::1 Mozilla/5.0+(Windows+NT+10.0;+Win64;+x64)+AppleWebKit/537.36+(KHTML,+like+Gecko)+Chrome/75.0.3770.100+Safari/537.36 http://localhost:52993/Room/Viewdetails 200 0 0 58
2019-07-16 07:22:29 ::1 GET /__browserLink/requestData/3e3cdff500cb467799167ca9c4ec6d31 - 52993 apurvashepal ::1 Mozilla/5.0+(Windows+NT+10.0;+Win64;+x64)+AppleWebKit/537.36+(KHTML,+like+Gecko)+Chrome/75.0.3770.100+Safari/537.36 http://localhost:52993/Room/Create 200 0 0 0
2019-07-16 07:22:34 ::1 GET /__browserLink/requestData/73e13048188a44dd8d919f88cba3d5c1 - 52993 apurvashepal ::1 Mozilla/5.0+(Windows+NT+10.0;+Win64;+x64)+AppleWebKit/537.36+(KHTML,+like+Gecko)+Chrome/75.0.3770.100+Safari/537.36 http://localhost:52993/Room/Viewdetails 404 0 0 3
2019-07-16 07:22:36 ::1 GET /__browserLink/requestData/bbd8f63d883c49caab565cd406c91ec7 - 52993 apurvashepal ::1 Mozilla/5.0+(Windows+NT+10.0;+Win64;+x64)+AppleWebKit/537.36+(KHTML,+like+Gecko)+Chrome/75.0.3770.100+Safari/537.36 http://localhost:52993/Room/delete?id=0 404 0 0 3
2019-07-16 07:22:36 ::1 GET /__browserLink/requestData/73e13048188a44dd8d919f88cba3d5c1 - 52993 apurvashepal ::1 Mozilla/5.0+(Windows+NT+10.0;+Win64;+x64)+AppleWebKit/537.36+(KHTML,+like+Gecko)+Chrome/75.0.3770.100+Safari/537.36 http://localhost:52993/Room/Viewdetails 404 0 0 3
2019-07-16 07:22:37 ::1 GET /__browserLink/requestData/d21b5ca8f1e24097a44e9b37e5a317b7 - 52993 apurvashepal ::1 Mozilla/5.0+(Windows+NT+10.0;+Win64;+x64)+AppleWebKit/537.36+(KHTML,+like+Gecko)+Chrome/75.0.3770.100+Safari/537.36 http://localhost:52993/Room/Create 404 0 0 3
2019-07-16 07:22:37 ::1 GET /__browserLink/requestData/6b618d48da7b46dd9c4dae2305dd0aea - 52993 apurvashepal ::1 Mozilla/5.0+(Windows+NT+10.0;+Win64;+x64)+AppleWebKit/537.36+(KHTML,+like+Gecko)+Chrome/75.0.3770.100+Safari/537.36 http://localhost:52993/Room/Create 404 0 0 3
2019-07-16 07:22:38 ::1 GET /__browserLink/requestData/823a081e08e34ddfa1d381240ea07ebf - 52993 apurvashepal ::1 Mozilla/5.0+(Windows+NT+10.0;+Win64;+x64)+AppleWebKit/537.36+(KHTML,+like+Gecko)+Chrome/75.0.3770.100+Safari/537.36 http://localhost:52993/Room/Create 404 0 0 3
2019-07-16 07:22:38 ::1 GET /__browserLink/requestData/3e3cdff500cb467799167ca9c4ec6d31 - 52993 apurvashepal ::1 Mozilla/5.0+(Windows+NT+10.0;+Win64;+x64)+AppleWebKit/537.36+(KHTML,+like+Gecko)+Chrome/75.0.3770.100+Safari/537.36 http://localhost:52993/Room/Create 404 0 0 2
2019-07-16 07:22:44 ::1 GET /Room/ - 52993 apurvashepal ::1 Mozilla/5.0+(Windows+NT+10.0;+Win64;+x64)+AppleWebKit/537.36+(KHTML,+like+Gecko)+Chrome/75.0.3770.100+Safari/537.36 - 404 0 0 35
2019-07-16 07:22:52 ::1 GET /Home - 52993 apurvashepal ::1 Mozilla/5.0+(Windows+NT+10.0;+Win64;+x64)+AppleWebKit/537.36+(KHTML,+like+Gecko)+Chrome/75.0.3770.100+Safari/537.36 - 200 0 0 15
2019-07-16 07:22:52 ::1 GET /__browserLink/requestData/ffd346409ffc46d5b91233ad01e9d692 - 52993 apurvashepal ::1 Mozilla/5.0+(Windows+NT+10.0;+Win64;+x64)+AppleWebKit/537.36+(KHTML,+like+Gecko)+Chrome/75.0.3770.100+Safari/537.36 http://localhost:52993/Home 200 0 0 12
2019-07-16 07:22:55 ::1 GET /Checkin/checkin - 52993 apurvashepal ::1 Mozilla/5.0+(Windows+NT+10.0;+Win64;+x64)+AppleWebKit/537.36+(KHTML,+like+Gecko)+Chrome/75.0.3770.100+Safari/537.36 http://localhost:52993/Home 200 0 0 1240
2019-07-16 07:22:55 ::1 GET /__browserLink/requestData/bf6fce21adca4b668ef76e9c5ff28105 - 52993 apurvashepal ::1 Mozilla/5.0+(Windows+NT+10.0;+Win64;+x64)+AppleWebKit/537.36+(KHTML,+like+Gecko)+Chrome/75.0.3770.100+Safari/537.36 http://localhost:52993/Checkin/checkin 200 0 0 15
2019-07-16 07:23:14 ::1 POST /Checkin/checkin - 52993 apurvashepal ::1 Mozilla/5.0+(Windows+NT+10.0;+Win64;+x64)+AppleWebKit/537.36+(KHTML,+like+Gecko)+Chrome/75.0.3770.100+Safari/537.36 http://localhost:52993/Checkin/checkin 200 0 0 238
2019-07-16 07:23:14 ::1 GET /__browserLink/requestData/feb2868f52c94dd5981f06f00728dcee - 52993 apurvashepal ::1 Mozilla/5.0+(Windows+NT+10.0;+Win64;+x64)+AppleWebKit/537.36+(KHTML,+like+Gecko)+Chrome/75.0.3770.100+Safari/537.36 http://localhost:52993/Checkin/checkin 200 0 0 0
2019-07-16 07:23:20 ::1 GET /Checkin/check+in+records - 52993 apurvashepal ::1 Mozilla/5.0+(Windows+NT+10.0;+Win64;+x64)+AppleWebKit/537.36+(KHTML,+like+Gecko)+Chrome/75.0.3770.100+Safari/537.36 http://localhost:52993/Checkin/checkin 404 0 0 34
2019-07-16 07:23:22 ::1 GET /__browserLink/requestData/feb2868f52c94dd5981f06f00728dcee - 52993 apurvashepal ::1 Mozilla/5.0+(Windows+NT+10.0;+Win64;+x64)+AppleWebKit/537.36+(KHTML,+like+Gecko)+Chrome/75.0.3770.100+Safari/537.36 http://localhost:52993/Checkin/checkin 404 0 0 3
2019-07-16 07:23:28 ::1 GET /c97b10f8ea054b7eb1f6b068a0403436/arterySignalR/ping requestUrl=http%3A%2F%2Flocalhost%3A52993%2FRoom%2FViewdetails&browserName=Chrome&_=1563261808552 52993 apurvashepal ::1 Mozilla/5.0+(Windows+NT+10.0;+Win64;+x64)+AppleWebKit/537.36+(KHTML,+like+Gecko)+Chrome/75.0.3770.100+Safari/537.36 http://localhost:52993/Room/Viewdetails 404 0 0 37
#Software: Microsoft Internet Information Services 8.0
#Version: 1.0
#Date: 2019-07-16 07:32:59
#Fields: date time s-ip cs-method cs-uri-stem cs-uri-query s-port cs-username c-ip cs(User-Agent) cs(Referer) sc-status sc-substatus sc-win32-status time-taken
2019-07-16 07:32:59 ::1 GET / - 52993 apurvashepal ::1 Mozilla/5.0+(Windows+NT+10.0;+Win64;+x64)+AppleWebKit/537.36+(KHTML,+like+Gecko)+Chrome/75.0.3770.100+Safari/537.36 - 200 0 0 8493
2019-07-16 07:32:59 ::1 GET /__browserLink/requestData/1da924bccc094f1ab80d670400e8189e - 52993 apurvashepal ::1 Mozilla/5.0+(Windows+NT+10.0;+Win64;+x64)+AppleWebKit/537.36+(KHTML,+like+Gecko)+Chrome/75.0.3770.100+Safari/537.36 http://localhost:52993/ 200 0 0 31
2019-07-16 07:33:28 ::1 GET /c97b10f8ea054b7eb1f6b068a0403436/arterySignalR/ping requestUrl=http%3A%2F%2Flocalhost%3A52993%2FRoom%2FViewdetails&browserName=Chrome&_=1563262408539 52993 apurvashepal ::1 Mozilla/5.0+(Windows+NT+10.0;+Win64;+x64)+AppleWebKit/537.36+(KHTML,+like+Gecko)+Chrome/75.0.3770.100+Safari/537.36 http://localhost:52993/Room/Viewdetails 404 0 0 46
2019-07-16 07:33:56 ::1 GET /c97b10f8ea054b7eb1f6b068a0403436/arterySignalR/ping requestUrl=http%3A%2F%2Flocalhost%3A52993%2F&browserName=Chrome&_=1563262436533 52993 apurvashepal ::1 Mozilla/5.0+(Windows+NT+10.0;+Win64;+x64)+AppleWebKit/537.36+(KHTML,+like+Gecko)+Chrome/75.0.3770.100+Safari/537.36 http://localhost:52993/ 404 0 0 46
2019-07-16 07:34:44 ::1 GET /c97b10f8ea054b7eb1f6b068a0403436/arterySignalR/ping requestUrl=http%3A%2F%2Flocalhost%3A52993%2FCheckin%2Fcheckin&browserName=Chrome&_=1563262484544 52993 apurvashepal ::1 Mozilla/5.0+(Windows+NT+10.0;+Win64;+x64)+AppleWebKit/537.36+(KHTML,+like+Gecko)+Chrome/75.0.3770.100+Safari/537.36 http://localhost:52993/Checkin/checkin 404 0 0 46
2019-07-16 07:34:52 ::1 GET /Checkin/checkout - 52993 - ::1 Mozilla/5.0+(compatible;+MSIE+10.0;+Windows+NT+6.2;+WOW64;+Trident/7.0;+Eureka/1.0) - 200 0 0 1064
2019-07-16 07:34:52 ::1 GET /Content/site.css - 52993 - ::1 Mozilla/5.0+(compatible;+MSIE+10.0;+Windows+NT+6.2;+WOW64;+Trident/7.0;+Eureka/1.0) http://localhost:52993/Checkin/checkout 200 0 0 17
2019-07-16 07:34:52 ::1 GET /Scripts/modernizr-2.6.2.js - 52993 - ::1 Mozilla/5.0+(compatible;+MSIE+10.0;+Windows+NT+6.2;+WOW64;+Trident/7.0;+Eureka/1.0) http://localhost:52993/Checkin/checkout 200 0 0 24
2019-07-16 07:34:52 ::1 GET /Scripts/jquery-1.8.2.js - 52993 - ::1 Mozilla/5.0+(compatible;+MSIE+10.0;+Windows+NT+6.2;+WOW64;+Trident/7.0;+Eureka/1.0) http://localhost:52993/Checkin/checkout 200 0 0 63
2019-07-16 07:34:53 ::1 GET /Images/accent.png - 52993 - ::1 Mozilla/5.0+(compatible;+MSIE+10.0;+Windows+NT+6.2;+WOW64;+Trident/7.0;+Eureka/1.0) http://localhost:52993/Checkin/checkout 200 0 0 0
2019-07-16 07:35:25 ::1 GET / - 52993 apurvashepal ::1 Mozilla/5.0+(Windows+NT+10.0;+Win64;+x64)+AppleWebKit/537.36+(KHTML,+like+Gecko)+Chrome/75.0.3770.100+Safari/537.36 - 200 0 0 12
2019-07-16 07:35:25 ::1 GET /favicon.ico - 52993 - ::1 Mozilla/5.0+(Windows+NT+10.0;+Win64;+x64)+AppleWebKit/537.36+(KHTML,+like+Gecko)+Chrome/75.0.3770.100+Safari/537.36 http://localhost:52993/ 200 0 0 23
2019-07-16 07:35:25 ::1 GET /__browserLink/requestData/1c4ba0a7b4c64a3ca9d9750c2cfae338 - 52993 apurvashepal ::1 Mozilla/5.0+(Windows+NT+10.0;+Win64;+x64)+AppleWebKit/537.36+(KHTML,+like+Gecko)+Chrome/75.0.3770.100+Safari/537.36 http://localhost:52993/ 200 0 0 18
2019-07-16 07:35:29 ::1 GET / - 52993 apurvashepal ::1 Mozilla/5.0+(Windows+NT+10.0;+Win64;+x64)+AppleWebKit/537.36+(KHTML,+like+Gecko)+Chrome/75.0.3770.100+Safari/537.36 - 200 0 0 5
2019-07-16 07:35:29 ::1 GET /favicon.ico - 52993 - ::1 Mozilla/5.0+(Windows+NT+10.0;+Win64;+x64)+AppleWebKit/537.36+(KHTML,+like+Gecko)+Chrome/75.0.3770.100+Safari/537.36 http://localhost:52993/ 200 0 0 17
2019-07-16 07:35:29 ::1 GET /__browserLink/requestData/59cf50fa89e84b75a38df4fbf84d375c - 52993 apurvashepal ::1 Mozilla/5.0+(Windows+NT+10.0;+Win64;+x64)+AppleWebKit/537.36+(KHTML,+like+Gecko)+Chrome/75.0.3770.100+Safari/537.36 http://localhost:52993/ 200 0 0 8
2019-07-16 07:35:33 ::1 GET /Checkin/checkin - 52993 apurvashepal ::1 Mozilla/5.0+(Windows+NT+10.0;+Win64;+x64)+AppleWebKit/537.36+(KHTML,+like+Gecko)+Chrome/75.0.3770.100+Safari/537.36 http://localhost:52993/ 200 0 0 2137
2019-07-16 07:35:33 ::1 GET /__browserLink/requestData/37b32e5e97ca49d1a15bd5a1f12d9e3c - 52993 apurvashepal ::1 Mozilla/5.0+(Windows+NT+10.0;+Win64;+x64)+AppleWebKit/537.36+(KHTML,+like+Gecko)+Chrome/75.0.3770.100+Safari/537.36 http://localhost:52993/Checkin/checkin 200 0 0 5
2019-07-16 07:35:48 ::1 POST /Checkin/checkin - 52993 apurvashepal ::1 Mozilla/5.0+(Windows+NT+10.0;+Win64;+x64)+AppleWebKit/537.36+(KHTML,+like+Gecko)+Chrome/75.0.3770.100+Safari/537.36 http://localhost:52993/Checkin/checkin 200 0 0 242
2019-07-16 07:35:48 ::1 GET /__browserLink/requestData/bb8bc97529b444c3af48eeaceefe188d - 52993 apurvashepal ::1 Mozilla/5.0+(Windows+NT+10.0;+Win64;+x64)+AppleWebKit/537.36+(KHTML,+like+Gecko)+Chrome/75.0.3770.100+Safari/537.36 http://localhost:52993/Checkin/checkin 200 0 0 15
2019-07-16 07:35:52 ::1 GET /Checkin/check+in+records - 52993 apurvashepal ::1 Mozilla/5.0+(Windows+NT+10.0;+Win64;+x64)+AppleWebKit/537.36+(KHTML,+like+Gecko)+Chrome/75.0.3770.100+Safari/537.36 http://localhost:52993/Checkin/checkin 404 0 0 34
2019-07-16 07:35:54 ::1 GET /__browserLink/requestData/bb8bc97529b444c3af48eeaceefe188d - 52993 apurvashepal ::1 Mozilla/5.0+(Windows+NT+10.0;+Win64;+x64)+AppleWebKit/537.36+(KHTML,+like+Gecko)+Chrome/75.0.3770.100+Safari/537.36 http://localhost:52993/Checkin/checkin 404 0 0 3
#Software: Microsoft Internet Information Services 8.0
#Version: 1.0
#Date: 2019-07-16 07:36:23
#Fields: date time s-ip cs-method cs-uri-stem cs-uri-query s-port cs-username c-ip cs(User-Agent) cs(Referer) sc-status sc-substatus sc-win32-status time-taken
2019-07-16 07:36:23 ::1 GET /Checkin/Viewchekin - 52993 - ::1 Mozilla/5.0+(compatible;+MSIE+10.0;+Windows+NT+6.2;+WOW64;+Trident/7.0;+Eureka/1.0) - 200 0 0 5494
2019-07-16 07:36:23 ::1 GET /Content/site.css - 52993 - ::1 Mozilla/5.0+(compatible;+MSIE+10.0;+Windows+NT+6.2;+WOW64;+Trident/7.0;+Eureka/1.0) http://localhost:52993/Checkin/Viewchekin 200 0 0 31
2019-07-16 07:36:23 ::1 GET /Scripts/modernizr-2.6.2.js - 52993 - ::1 Mozilla/5.0+(compatible;+MSIE+10.0;+Windows+NT+6.2;+WOW64;+Trident/7.0;+Eureka/1.0) http://localhost:52993/Checkin/Viewchekin 200 0 0 31
2019-07-16 07:36:23 ::1 GET /Scripts/jquery-1.8.2.js - 52993 - ::1 Mozilla/5.0+(compatible;+MSIE+10.0;+Windows+NT+6.2;+WOW64;+Trident/7.0;+Eureka/1.0) http://localhost:52993/Checkin/Viewchekin 200 0 0 78
2019-07-16 07:36:23 ::1 GET /Images/accent.png - 52993 - ::1 Mozilla/5.0+(compatible;+MSIE+10.0;+Windows+NT+6.2;+WOW64;+Trident/7.0;+Eureka/1.0) http://localhost:52993/Checkin/Viewchekin 304 0 0 46
#Software: Microsoft Internet Information Services 8.0
#Version: 1.0
#Date: 2019-07-16 07:36:31
#Fields: date time s-ip cs-method cs-uri-stem cs-uri-query s-port cs-username c-ip cs(User-Agent) cs(Referer) sc-status sc-substatus sc-win32-status time-taken
2019-07-16 07:36:31 ::1 GET / - 52993 apurvashepal ::1 Mozilla/5.0+(Windows+NT+10.0;+Win64;+x64)+AppleWebKit/537.36+(KHTML,+like+Gecko)+Chrome/75.0.3770.100+Safari/537.36 - 200 0 0 3867
2019-07-16 07:36:31 ::1 GET /__browserLink/requestData/8c4e107a24df44f2a790d7946cef6d07 - 52993 apurvashepal ::1 Mozilla/5.0+(Windows+NT+10.0;+Win64;+x64)+AppleWebKit/537.36+(KHTML,+like+Gecko)+Chrome/75.0.3770.100+Safari/537.36 http://localhost:52993/ 200 0 0 14
2019-07-16 07:36:36 ::1 GET /Checkin/checkin - 52993 apurvashepal ::1 Mozilla/5.0+(Windows+NT+10.0;+Win64;+x64)+AppleWebKit/537.36+(KHTML,+like+Gecko)+Chrome/75.0.3770.100+Safari/537.36 http://localhost:52993/ 200 0 0 2665
2019-07-16 07:36:36 ::1 GET /__browserLink/requestData/184c135fb3fa4e38adb5a662a6dc3a85 - 52993 apurvashepal ::1 Mozilla/5.0+(Windows+NT+10.0;+Win64;+x64)+AppleWebKit/537.36+(KHTML,+like+Gecko)+Chrome/75.0.3770.100+Safari/537.36 http://localhost:52993/Checkin/checkin 200 0 0 15
2019-07-16 07:36:37 ::1 GET /__browserLink/requestData/8c4e107a24df44f2a790d7946cef6d07 - 52993 apurvashepal ::1 Mozilla/5.0+(Windows+NT+10.0;+Win64;+x64)+AppleWebKit/537.36+(KHTML,+like+Gecko)+Chrome/75.0.3770.100+Safari/537.36 http://localhost:52993/ 404 0 0 8
2019-07-16 07:36:39 ::1 GET /Room/Create - 52993 apurvashepal ::1 Mozilla/5.0+(Windows+NT+10.0;+Win64;+x64)+AppleWebKit/537.36+(KHTML,+like+Gecko)+Chrome/75.0.3770.100+Safari/537.36 http://localhost:52993/ 200 0 0 1448
2019-07-16 07:36:39 ::1 GET /__browserLink/requestData/2009d51269b74d3485df94915de0c4d0 - 52993 apurvashepal ::1 Mozilla/5.0+(Windows+NT+10.0;+Win64;+x64)+AppleWebKit/537.36+(KHTML,+like+Gecko)+Chrome/75.0.3770.100+Safari/537.36 http://localhost:52993/Room/Create 200 0 0 0
2019-07-16 07:36:43 ::1 GET /Room/Viewdetails - 52993 apurvashepal ::1 Mozilla/5.0+(Windows+NT+10.0;+Win64;+x64)+AppleWebKit/537.36+(KHTML,+like+Gecko)+Chrome/75.0.3770.100+Safari/537.36 http://localhost:52993/Room/Create 200 0 0 157
2019-07-16 07:36:43 ::1 GET /__browserLink/requestData/5cb1b49d2396462c931eac2fe0f62aaa - 52993 apurvashepal ::1 Mozilla/5.0+(Windows+NT+10.0;+Win64;+x64)+AppleWebKit/537.36+(KHTML,+like+Gecko)+Chrome/75.0.3770.100+Safari/537.36 http://localhost:52993/Room/Viewdetails 200 0 0 0
2019-07-16 07:36:46 ::1 GET /__browserLink/requestData/2009d51269b74d3485df94915de0c4d0 - 52993 apurvashepal ::1 Mozilla/5.0+(Windows+NT+10.0;+Win64;+x64)+AppleWebKit/537.36+(KHTML,+like+Gecko)+Chrome/75.0.3770.100+Safari/537.36 http://localhost:52993/Room/Create 404 0 0 4
2019-07-16 07:36:51 ::1 POST /Room/Create - 52993 apurvashepal ::1 Mozilla/5.0+(Windows+NT+10.0;+Win64;+x64)+AppleWebKit/537.36+(KHTML,+like+Gecko)+Chrome/75.0.3770.100+Safari/537.36 http://localhost:52993/Room/Create 200 0 0 52
2019-07-16 07:36:51 ::1 GET /__browserLink/requestData/331bcdd66b11410580463585c99cbc6a - 52993 apurvashepal ::1 Mozilla/5.0+(Windows+NT+10.0;+Win64;+x64)+AppleWebKit/537.36+(KHTML,+like+Gecko)+Chrome/75.0.3770.100+Safari/537.36 http://localhost:52993/Room/Create 200 0 0 7
2019-07-16 07:36:56 ::1 POST /Room/Create - 52993 apurvashepal ::1 Mozilla/5.0+(Windows+NT+10.0;+Win64;+x64)+AppleWebKit/537.36+(KHTML,+like+Gecko)+Chrome/75.0.3770.100+Safari/537.36 http://localhost:52993/Room/Create 200 0 0 56
2019-07-16 07:36:56 ::1 GET /__browserLink/requestData/a723aa540d0d4793b79116cfd0e30f98 - 52993 apurvashepal ::1 Mozilla/5.0+(Windows+NT+10.0;+Win64;+x64)+AppleWebKit/537.36+(KHTML,+like+Gecko)+Chrome/75.0.3770.100+Safari/537.36 http://localhost:52993/Room/Create 200 0 0 7
2019-07-16 07:36:58 ::1 GET /__browserLink/requestData/331bcdd66b11410580463585c99cbc6a - 52993 apurvashepal ::1 Mozilla/5.0+(Windows+NT+10.0;+Win64;+x64)+AppleWebKit/537.36+(KHTML,+like+Gecko)+Chrome/75.0.3770.100+Safari/537.36 http://localhost:52993/Room/Create 404 0 0 3
2019-07-16 07:37:03 ::1 GET / - 52993 apurvashepal ::1 Mozilla/5.0+(Windows+NT+10.0;+Win64;+x64)+AppleWebKit/537.36+(KHTML,+like+Gecko)+Chrome/75.0.3770.100+Safari/537.36 http://localhost:52993/Room/Create 200 0 0 10
2019-07-16 07:37:03 ::1 GET /__browserLink/requestData/394b4a48f4104097acd03d8e50e934bb - 52993 apurvashepal ::1 Mozilla/5.0+(Windows+NT+10.0;+Win64;+x64)+AppleWebKit/537.36+(KHTML,+like+Gecko)+Chrome/75.0.3770.100+Safari/537.36 http://localhost:52993/ 200 0 0 0
2019-07-16 07:37:04 ::1 GET /Checkin/checkin - 52993 apurvashepal ::1 Mozilla/5.0+(Windows+NT+10.0;+Win64;+x64)+AppleWebKit/537.36+(KHTML,+like+Gecko)+Chrome/75.0.3770.100+Safari/537.36 http://localhost:52993/ 200 0 0 252
2019-07-16 07:37:04 ::1 GET /__browserLink/requestData/21a65f23d8fb455f9db8d74f4d25bf4f - 52993 apurvashepal ::1 Mozilla/5.0+(Windows+NT+10.0;+Win64;+x64)+AppleWebKit/537.36+(KHTML,+like+Gecko)+Chrome/75.0.3770.100+Safari/537.36 http://localhost:52993/Checkin/checkin 200 0 0 0
2019-07-16 07:37:16 ::1 POST /Checkin/checkin - 52993 apurvashepal ::1 Mozilla/5.0+(Windows+NT+10.0;+Win64;+x64)+AppleWebKit/537.36+(KHTML,+like+Gecko)+Chrome/75.0.3770.100+Safari/537.36 http://localhost:52993/Checkin/checkin 200 0 0 235
2019-07-16 07:37:16 ::1 GET /__browserLink/requestData/65662f2c03404966b2fbe7d87175163a - 52993 apurvashepal ::1 Mozilla/5.0+(Windows+NT+10.0;+Win64;+x64)+AppleWebKit/537.36+(KHTML,+like+Gecko)+Chrome/75.0.3770.100+Safari/537.36 http://localhost:52993/Checkin/checkin 200 0 0 0
2019-07-16 07:37:18 ::1 GET /Checkin/check+in+records - 52993 apurvashepal ::1 Mozilla/5.0+(Windows+NT+10.0;+Win64;+x64)+AppleWebKit/537.36+(KHTML,+like+Gecko)+Chrome/75.0.3770.100+Safari/537.36 http://localhost:52993/Checkin/checkin 404 0 0 36
