#Software: Microsoft Internet Information Services 8.0
#Version: 1.0
#Date: 2019-07-19 06:20:37
#Fields: date time s-ip cs-method cs-uri-stem cs-uri-query s-port cs-username c-ip cs(User-Agent) cs(Referer) sc-status sc-substatus sc-win32-status time-taken
2019-07-19 06:20:37 ::1 GET / - 52993 - ::1 Mozilla/5.0+(Windows+NT+10.0;+Win64;+x64)+AppleWebKit/537.36+(KHTML,+like+Gecko)+Chrome/75.0.3770.142+Safari/537.36 - 200 0 0 28991
2019-07-19 06:20:37 ::1 GET /Content/site.css - 52993 - ::1 Mozilla/5.0+(Windows+NT+10.0;+Win64;+x64)+AppleWebKit/537.36+(KHTML,+like+Gecko)+Chrome/75.0.3770.142+Safari/537.36 http://localhost:52993/ 304 0 0 58
2019-07-19 06:20:37 ::1 GET /Scripts/modernizr-2.6.2.js - 52993 - ::1 Mozilla/5.0+(Windows+NT+10.0;+Win64;+x64)+AppleWebKit/537.36+(KHTML,+like+Gecko)+Chrome/75.0.3770.142+Safari/537.36 http://localhost:52993/ 304 0 0 58
2019-07-19 06:20:37 ::1 GET /Scripts/jquery-1.8.2.js - 52993 - ::1 Mozilla/5.0+(Windows+NT+10.0;+Win64;+x64)+AppleWebKit/537.36+(KHTML,+like+Gecko)+Chrome/75.0.3770.142+Safari/537.36 http://localhost:52993/ 304 0 0 139
2019-07-19 06:20:38 ::1 GET /Images/heroAccent.png - 52993 - ::1 Mozilla/5.0+(Windows+NT+10.0;+Win64;+x64)+AppleWebKit/537.36+(KHTML,+like+Gecko)+Chrome/75.0.3770.142+Safari/537.36 http://localhost:52993/Content/site.css 304 0 0 5
2019-07-19 06:20:42 ::1 GET /__browserLink/requestData/85d959162fc7493f87d23aac50dc329d - 52993 - ::1 Mozilla/5.0+(Windows+NT+10.0;+Win64;+x64)+AppleWebKit/537.36+(KHTML,+like+Gecko)+Chrome/75.0.3770.142+Safari/537.36 http://localhost:52993/ 200 0 0 99
2019-07-19 06:21:19 ::1 GET /Checkin/checkin - 52993 - ::1 Mozilla/5.0+(Windows+NT+10.0;+Win64;+x64)+AppleWebKit/537.36+(KHTML,+like+Gecko)+Chrome/75.0.3770.142+Safari/537.36 http://localhost:52993/ 200 0 0 2100
2019-07-19 06:21:19 ::1 GET /Images/accent.png - 52993 - ::1 Mozilla/5.0+(Windows+NT+10.0;+Win64;+x64)+AppleWebKit/537.36+(KHTML,+like+Gecko)+Chrome/75.0.3770.142+Safari/537.36 http://localhost:52993/Content/site.css 304 0 0 39
2019-07-19 06:21:19 ::1 GET /__browserLink/requestData/f272efca65ce4ef18ca14f0e408a1674 - 52993 - ::1 Mozilla/5.0+(Windows+NT+10.0;+Win64;+x64)+AppleWebKit/537.36+(KHTML,+like+Gecko)+Chrome/75.0.3770.142+Safari/537.36 http://localhost:52993/Checkin/checkin 200 0 0 3
2019-07-19 06:21:32 ::1 POST /Checkin/checkin - 52993 - ::1 Mozilla/5.0+(Windows+NT+10.0;+Win64;+x64)+AppleWebKit/537.36+(KHTML,+like+Gecko)+Chrome/75.0.3770.142+Safari/537.36 http://localhost:52993/Checkin/checkin 200 0 0 146
2019-07-19 06:21:32 ::1 GET /__browserLink/requestData/213af0c42ddd4d62954c36cc36e9acba - 52993 - ::1 Mozilla/5.0+(Windows+NT+10.0;+Win64;+x64)+AppleWebKit/537.36+(KHTML,+like+Gecko)+Chrome/75.0.3770.142+Safari/537.36 http://localhost:52993/Checkin/checkin 200 0 0 3
2019-07-19 06:21:35 ::1 GET /Checkin/check+in+records - 52993 - ::1 Mozilla/5.0+(Windows+NT+10.0;+Win64;+x64)+AppleWebKit/537.36+(KHTML,+like+Gecko)+Chrome/75.0.3770.142+Safari/537.36 http://localhost:52993/Checkin/checkin 404 0 0 59
2019-07-19 06:21:52 ::1 GET /Checkin/Viewchekin - 52993 - ::1 Mozilla/5.0+(compatible;+MSIE+10.0;+Windows+NT+6.2;+WOW64;+Trident/7.0;+Eureka/1.0) - 500 0 0 1559
2019-07-19 06:22:15 ::1 GET /Checkin/Viewchekin - 52993 - ::1 Mozilla/5.0+(compatible;+MSIE+10.0;+Windows+NT+6.2;+WOW64;+Trident/7.0;+Eureka/1.0) - 500 0 0 1322
#Software: Microsoft Internet Information Services 8.0
#Version: 1.0
#Date: 2019-07-19 06:22:34
#Fields: date time s-ip cs-method cs-uri-stem cs-uri-query s-port cs-username c-ip cs(User-Agent) cs(Referer) sc-status sc-substatus sc-win32-status time-taken
2019-07-19 06:22:34 ::1 GET /Checkin/Viewchekin - 52993 - ::1 Mozilla/5.0+(compatible;+MSIE+10.0;+Windows+NT+6.2;+WOW64;+Trident/7.0;+Eureka/1.0) - 200 0 0 6345
2019-07-19 06:22:34 ::1 GET /Content/site.css - 52993 - ::1 Mozilla/5.0+(compatible;+MSIE+10.0;+Windows+NT+6.2;+WOW64;+Trident/7.0;+Eureka/1.0) http://localhost:52993/Checkin/Viewchekin 200 0 0 25
2019-07-19 06:22:34 ::1 GET /Scripts/modernizr-2.6.2.js - 52993 - ::1 Mozilla/5.0+(compatible;+MSIE+10.0;+Windows+NT+6.2;+WOW64;+Trident/7.0;+Eureka/1.0) http://localhost:52993/Checkin/Viewchekin 200 0 0 31
2019-07-19 06:22:34 ::1 GET /Scripts/jquery-1.8.2.js - 52993 - ::1 Mozilla/5.0+(compatible;+MSIE+10.0;+Windows+NT+6.2;+WOW64;+Trident/7.0;+Eureka/1.0) http://localhost:52993/Checkin/Viewchekin 200 0 0 31
2019-07-19 06:22:36 ::1 GET /Images/accent.png - 52993 - ::1 Mozilla/5.0+(compatible;+MSIE+10.0;+Windows+NT+6.2;+WOW64;+Trident/7.0;+Eureka/1.0) http://localhost:52993/Checkin/Viewchekin 200 0 0 27
2019-07-19 06:22:47 ::1 GET / - 52993 - ::1 Mozilla/5.0+(compatible;+MSIE+10.0;+Windows+NT+6.2;+WOW64;+Trident/7.0;+Eureka/1.0) http://localhost:52993/Checkin/Viewchekin 200 0 0 1066
2019-07-19 06:22:47 ::1 GET /Scripts/modernizr-2.6.2.js - 52993 - ::1 Mozilla/5.0+(compatible;+MSIE+10.0;+Windows+NT+6.2;+WOW64;+Trident/7.0;+Eureka/1.0) http://localhost:52993/ 200 0 0 14
2019-07-19 06:22:47 ::1 GET /Content/site.css - 52993 - ::1 Mozilla/5.0+(compatible;+MSIE+10.0;+Windows+NT+6.2;+WOW64;+Trident/7.0;+Eureka/1.0) http://localhost:52993/ 200 0 0 62
2019-07-19 06:22:47 ::1 GET /Scripts/jquery-1.8.2.js - 52993 - ::1 Mozilla/5.0+(compatible;+MSIE+10.0;+Windows+NT+6.2;+WOW64;+Trident/7.0;+Eureka/1.0) http://localhost:52993/ 200 0 0 55
2019-07-19 06:22:47 ::1 GET /Images/heroAccent.png - 52993 - ::1 Mozilla/5.0+(compatible;+MSIE+10.0;+Windows+NT+6.2;+WOW64;+Trident/7.0;+Eureka/1.0) http://localhost:52993/ 200 0 0 4
2019-07-19 06:22:50 ::1 GET / - 52993 - ::1 Mozilla/5.0+(compatible;+MSIE+10.0;+Windows+NT+6.2;+WOW64;+Trident/7.0;+Eureka/1.0) http://localhost:52993/ 200 0 0 6
2019-07-19 06:22:50 ::1 GET /Content/site.css - 52993 - ::1 Mozilla/5.0+(compatible;+MSIE+10.0;+Windows+NT+6.2;+WOW64;+Trident/7.0;+Eureka/1.0) http://localhost:52993/ 200 0 0 6
2019-07-19 06:22:50 ::1 GET /Scripts/modernizr-2.6.2.js - 52993 - ::1 Mozilla/5.0+(compatible;+MSIE+10.0;+Windows+NT+6.2;+WOW64;+Trident/7.0;+Eureka/1.0) http://localhost:52993/ 200 0 0 24
2019-07-19 06:22:50 ::1 GET /Scripts/jquery-1.8.2.js - 52993 - ::1 Mozilla/5.0+(compatible;+MSIE+10.0;+Windows+NT+6.2;+WOW64;+Trident/7.0;+Eureka/1.0) http://localhost:52993/ 200 0 0 66
2019-07-19 06:22:50 ::1 GET /Images/heroAccent.png - 52993 - ::1 Mozilla/5.0+(compatible;+MSIE+10.0;+Windows+NT+6.2;+WOW64;+Trident/7.0;+Eureka/1.0) http://localhost:52993/ 304 0 0 17
2019-07-19 06:22:55 ::1 GET / - 52993 - ::1 Mozilla/5.0+(compatible;+MSIE+10.0;+Windows+NT+6.2;+WOW64;+Trident/7.0;+Eureka/1.0) http://localhost:52993/ 200 0 0 6
2019-07-19 06:22:55 ::1 GET /Content/site.css - 52993 - ::1 Mozilla/5.0+(compatible;+MSIE+10.0;+Windows+NT+6.2;+WOW64;+Trident/7.0;+Eureka/1.0) http://localhost:52993/ 200 0 0 18
2019-07-19 06:22:55 ::1 GET /Scripts/modernizr-2.6.2.js - 52993 - ::1 Mozilla/5.0+(compatible;+MSIE+10.0;+Windows+NT+6.2;+WOW64;+Trident/7.0;+Eureka/1.0) http://localhost:52993/ 200 0 0 38
2019-07-19 06:22:55 ::1 GET /Scripts/jquery-1.8.2.js - 52993 - ::1 Mozilla/5.0+(compatible;+MSIE+10.0;+Windows+NT+6.2;+WOW64;+Trident/7.0;+Eureka/1.0) http://localhost:52993/ 200 0 0 28
2019-07-19 06:22:55 ::1 GET /Images/heroAccent.png - 52993 - ::1 Mozilla/5.0+(compatible;+MSIE+10.0;+Windows+NT+6.2;+WOW64;+Trident/7.0;+Eureka/1.0) http://localhost:52993/ 304 0 0 11
2019-07-19 06:22:57 ::1 GET / - 52993 - ::1 Mozilla/5.0+(compatible;+MSIE+10.0;+Windows+NT+6.2;+WOW64;+Trident/7.0;+Eureka/1.0) http://localhost:52993/ 200 0 0 4
2019-07-19 06:22:57 ::1 GET /Content/site.css - 52993 - ::1 Mozilla/5.0+(compatible;+MSIE+10.0;+Windows+NT+6.2;+WOW64;+Trident/7.0;+Eureka/1.0) http://localhost:52993/ 200 0 0 4
2019-07-19 06:22:57 ::1 GET /Scripts/modernizr-2.6.2.js - 52993 - ::1 Mozilla/5.0+(compatible;+MSIE+10.0;+Windows+NT+6.2;+WOW64;+Trident/7.0;+Eureka/1.0) http://localhost:52993/ 200 0 0 21
2019-07-19 06:22:57 ::1 GET /Scripts/jquery-1.8.2.js - 52993 - ::1 Mozilla/5.0+(compatible;+MSIE+10.0;+Windows+NT+6.2;+WOW64;+Trident/7.0;+Eureka/1.0) http://localhost:52993/ 200 0 0 21
2019-07-19 06:22:57 ::1 GET /Images/heroAccent.png - 52993 - ::1 Mozilla/5.0+(compatible;+MSIE+10.0;+Windows+NT+6.2;+WOW64;+Trident/7.0;+Eureka/1.0) http://localhost:52993/ 304 0 0 2
2019-07-19 06:23:15 ::1 GET /Checkin/check+in+records - 52993 - ::1 Mozilla/5.0+(Windows+NT+10.0;+Win64;+x64)+AppleWebKit/537.36+(KHTML,+like+Gecko)+Chrome/75.0.3770.142+Safari/537.36 http://localhost:52993/Checkin/checkin 404 0 0 25
2019-07-19 06:23:15 ::1 GET /favicon.ico - 52993 - ::1 Mozilla/5.0+(Windows+NT+10.0;+Win64;+x64)+AppleWebKit/537.36+(KHTML,+like+Gecko)+Chrome/75.0.3770.142+Safari/537.36 http://localhost:52993/Checkin/check%20in%20records 200 0 0 38
#Software: Microsoft Internet Information Services 8.0
#Version: 1.0
#Date: 2019-07-19 06:23:25
#Fields: date time s-ip cs-method cs-uri-stem cs-uri-query s-port cs-username c-ip cs(User-Agent) cs(Referer) sc-status sc-substatus sc-win32-status time-taken
2019-07-19 06:23:25 ::1 GET / - 52993 - ::1 Mozilla/5.0+(Windows+NT+10.0;+Win64;+x64)+AppleWebKit/537.36+(KHTML,+like+Gecko)+Chrome/75.0.3770.142+Safari/537.36 - 200 0 0 3927
2019-07-19 06:23:25 ::1 GET /__browserLink/requestData/2a2cc6a4d9984111a6a54880a00fa494 - 52993 - ::1 Mozilla/5.0+(Windows+NT+10.0;+Win64;+x64)+AppleWebKit/537.36+(KHTML,+like+Gecko)+Chrome/75.0.3770.142+Safari/537.36 http://localhost:52993/ 200 0 0 25
2019-07-19 06:23:28 ::1 GET /Checkin/checkin - 52993 - ::1 Mozilla/5.0+(Windows+NT+10.0;+Win64;+x64)+AppleWebKit/537.36+(KHTML,+like+Gecko)+Chrome/75.0.3770.142+Safari/537.36 http://localhost:52993/ 200 0 0 364
2019-07-19 06:23:28 ::1 GET /__browserLink/requestData/519c13a0fa2740b787a923599083fa62 - 52993 - ::1 Mozilla/5.0+(Windows+NT+10.0;+Win64;+x64)+AppleWebKit/537.36+(KHTML,+like+Gecko)+Chrome/75.0.3770.142+Safari/537.36 http://localhost:52993/Checkin/checkin 200 0 0 8
2019-07-19 06:23:38 ::1 POST /Checkin/checkin - 52993 - ::1 Mozilla/5.0+(Windows+NT+10.0;+Win64;+x64)+AppleWebKit/537.36+(KHTML,+like+Gecko)+Chrome/75.0.3770.142+Safari/537.36 http://localhost:52993/Checkin/checkin 200 0 0 138
2019-07-19 06:23:38 ::1 GET /__browserLink/requestData/3f61b46aa1a64c7f95da0233e7081034 - 52993 - ::1 Mozilla/5.0+(Windows+NT+10.0;+Win64;+x64)+AppleWebKit/537.36+(KHTML,+like+Gecko)+Chrome/75.0.3770.142+Safari/537.36 http://localhost:52993/Checkin/checkin 200 0 0 3
2019-07-19 06:23:41 ::1 GET /Checkin/check+in+records - 52993 - ::1 Mozilla/5.0+(Windows+NT+10.0;+Win64;+x64)+AppleWebKit/537.36+(KHTML,+like+Gecko)+Chrome/75.0.3770.142+Safari/537.36 http://localhost:52993/Checkin/checkin 404 0 0 23
2019-07-19 06:23:45 ::1 GET /__browserLink/requestData/3f61b46aa1a64c7f95da0233e7081034 - 52993 - ::1 Mozilla/5.0+(Windows+NT+10.0;+Win64;+x64)+AppleWebKit/537.36+(KHTML,+like+Gecko)+Chrome/75.0.3770.142+Safari/537.36 http://localhost:52993/Checkin/checkin 404 0 0 22
2019-07-19 06:23:45 ::1 GET /Checkin/checkin - 52993 - ::1 Mozilla/5.0+(Windows+NT+10.0;+Win64;+x64)+AppleWebKit/537.36+(KHTML,+like+Gecko)+Chrome/75.0.3770.142+Safari/537.36 http://localhost:52993/ 200 0 0 131
2019-07-19 06:23:45 ::1 GET /__browserLink/requestData/ab742d575a3941d09230a27940eaf1b4 - 52993 - ::1 Mozilla/5.0+(Windows+NT+10.0;+Win64;+x64)+AppleWebKit/537.36+(KHTML,+like+Gecko)+Chrome/75.0.3770.142+Safari/537.36 http://localhost:52993/Checkin/checkin 200 0 0 12
2019-07-19 06:23:47 ::1 GET /__browserLink/requestData/2a2cc6a4d9984111a6a54880a00fa494 - 52993 - ::1 Mozilla/5.0+(Windows+NT+10.0;+Win64;+x64)+AppleWebKit/537.36+(KHTML,+like+Gecko)+Chrome/75.0.3770.142+Safari/537.36 http://localhost:52993/ 404 0 0 2
2019-07-19 06:23:48 ::1 GET /Room/Create - 52993 - ::1 Mozilla/5.0+(Windows+NT+10.0;+Win64;+x64)+AppleWebKit/537.36+(KHTML,+like+Gecko)+Chrome/75.0.3770.142+Safari/537.36 http://localhost:52993/ 404 0 0 29
2019-07-19 06:24:02 ::1 GET /Room/Create - 52993 - ::1 Mozilla/5.0+(compatible;+MSIE+10.0;+Windows+NT+6.2;+WOW64;+Trident/7.0;+Eureka/1.0) - 404 0 0 49
#Software: Microsoft Internet Information Services 8.0
#Version: 1.0
#Date: 2019-07-19 06:24:51
#Fields: date time s-ip cs-method cs-uri-stem cs-uri-query s-port cs-username c-ip cs(User-Agent) cs(Referer) sc-status sc-substatus sc-win32-status time-taken
2019-07-19 06:24:51 ::1 GET / - 52993 - ::1 Mozilla/5.0+(Windows+NT+10.0;+Win64;+x64)+AppleWebKit/537.36+(KHTML,+like+Gecko)+Chrome/75.0.3770.142+Safari/537.36 - 200 0 0 3580
2019-07-19 06:24:51 ::1 GET /__browserLink/requestData/744392d9c99e43bcb78e3c3f4f6ec203 - 52993 - ::1 Mozilla/5.0+(Windows+NT+10.0;+Win64;+x64)+AppleWebKit/537.36+(KHTML,+like+Gecko)+Chrome/75.0.3770.142+Safari/537.36 http://localhost:52993/ 200 0 0 19
2019-07-19 06:24:53 ::1 GET /Room/Create - 52993 - ::1 Mozilla/5.0+(Windows+NT+10.0;+Win64;+x64)+AppleWebKit/537.36+(KHTML,+like+Gecko)+Chrome/75.0.3770.142+Safari/537.36 http://localhost:52993/ 404 0 0 24
2019-07-19 06:25:15 ::1 GET /Room/Create - 52993 - ::1 Mozilla/5.0+(compatible;+MSIE+10.0;+Windows+NT+6.2;+WOW64;+Trident/7.0;+Eureka/1.0) - 404 0 0 21
2019-07-19 06:25:34 ::1 GET /Room/Create - 52993 - ::1 Mozilla/5.0+(Windows+NT+10.0;+Win64;+x64)+AppleWebKit/537.36+(KHTML,+like+Gecko)+Chrome/75.0.3770.142+Safari/537.36 http://localhost:52993/ 404 0 0 18
2019-07-19 06:25:34 ::1 GET /favicon.ico - 52993 - ::1 Mozilla/5.0+(Windows+NT+10.0;+Win64;+x64)+AppleWebKit/537.36+(KHTML,+like+Gecko)+Chrome/75.0.3770.142+Safari/537.36 http://localhost:52993/Room/Create 200 0 0 29
2019-07-19 06:25:34 ::1 GET /Room/Create - 52993 - ::1 Mozilla/5.0+(Windows+NT+10.0;+Win64;+x64)+AppleWebKit/537.36+(KHTML,+like+Gecko)+Chrome/75.0.3770.142+Safari/537.36 http://localhost:52993/ 404 0 0 19
2019-07-19 06:25:34 ::1 GET /favicon.ico - 52993 - ::1 Mozilla/5.0+(Windows+NT+10.0;+Win64;+x64)+AppleWebKit/537.36+(KHTML,+like+Gecko)+Chrome/75.0.3770.142+Safari/537.36 http://localhost:52993/Room/Create 200 0 0 7
2019-07-19 06:25:43 ::1 GET /Room/Create - 52993 - ::1 Mozilla/4.0+(compatible;+MSIE+7.0;+Windows+NT+6.3;+WOW64;+Trident/7.0;+.NET4.0C;+.NET4.0E;+.NET+CLR+2.0.50727;+.NET+CLR+3.0.30729;+.NET+CLR+3.5.30729) - 404 0 0 33
2019-07-19 06:25:49 ::1 GET /Room/Create - 52993 - ::1 Mozilla/5.0+(compatible;+MSIE+10.0;+Windows+NT+6.2;+WOW64;+Trident/7.0;+Eureka/1.0) - 404 0 0 34
#Software: Microsoft Internet Information Services 8.0
#Version: 1.0
#Date: 2019-07-19 06:26:35
#Fields: date time s-ip cs-method cs-uri-stem cs-uri-query s-port cs-username c-ip cs(User-Agent) cs(Referer) sc-status sc-substatus sc-win32-status time-taken
2019-07-19 06:26:35 ::1 GET /Room/Create - 52993 - ::1 Mozilla/5.0+(Windows+NT+10.0;+Win64;+x64)+AppleWebKit/537.36+(KHTML,+like+Gecko)+Chrome/75.0.3770.142+Safari/537.36 - 200 0 0 5965
2019-07-19 06:26:35 ::1 GET /__browserLink/requestData/2ba67319fa6745558a2f48a6e96f01de - 52993 - ::1 Mozilla/5.0+(Windows+NT+10.0;+Win64;+x64)+AppleWebKit/537.36+(KHTML,+like+Gecko)+Chrome/75.0.3770.142+Safari/537.36 http://localhost:52993/Room/Create 200 0 0 14
2019-07-19 06:26:40 ::1 POST /Room/Create - 52993 - ::1 Mozilla/5.0+(Windows+NT+10.0;+Win64;+x64)+AppleWebKit/537.36+(KHTML,+like+Gecko)+Chrome/75.0.3770.142+Safari/537.36 http://localhost:52993/Room/Create 200 0 0 11
2019-07-19 06:26:40 ::1 GET /__browserLink/requestData/0930198055e040d4bd6defdbe5807114 - 52993 - ::1 Mozilla/5.0+(Windows+NT+10.0;+Win64;+x64)+AppleWebKit/537.36+(KHTML,+like+Gecko)+Chrome/75.0.3770.142+Safari/537.36 http://localhost:52993/Room/Create 200 0 0 3
2019-07-19 06:26:42 ::1 GET /Room/Viewdetails - 52993 - ::1 Mozilla/5.0+(Windows+NT+10.0;+Win64;+x64)+AppleWebKit/537.36+(KHTML,+like+Gecko)+Chrome/75.0.3770.142+Safari/537.36 http://localhost:52993/Room/Create 200 0 0 93
2019-07-19 06:26:42 ::1 GET /__browserLink/requestData/6ac3383e6e8f493bb721f8d4fe04de47 - 52993 - ::1 Mozilla/5.0+(Windows+NT+10.0;+Win64;+x64)+AppleWebKit/537.36+(KHTML,+like+Gecko)+Chrome/75.0.3770.142+Safari/537.36 http://localhost:52993/Room/Viewdetails 200 0 0 2
2019-07-19 06:26:43 ::1 GET /Room/delete id=0 52993 - ::1 Mozilla/5.0+(Windows+NT+10.0;+Win64;+x64)+AppleWebKit/537.36+(KHTML,+like+Gecko)+Chrome/75.0.3770.142+Safari/537.36 http://localhost:52993/Room/Viewdetails 200 0 0 7
2019-07-19 06:26:43 ::1 GET /__browserLink/requestData/9dcb448500b7461593bae77503306392 - 52993 - ::1 Mozilla/5.0+(Windows+NT+10.0;+Win64;+x64)+AppleWebKit/537.36+(KHTML,+like+Gecko)+Chrome/75.0.3770.142+Safari/537.36 http://localhost:52993/Room/delete?id=0 200 0 0 2
2019-07-19 06:26:45 ::1 GET /Room/Viewdetails - 52993 - ::1 Mozilla/5.0+(Windows+NT+10.0;+Win64;+x64)+AppleWebKit/537.36+(KHTML,+like+Gecko)+Chrome/75.0.3770.142+Safari/537.36 http://localhost:52993/Room/delete?id=0 200 0 0 14
2019-07-19 06:26:45 ::1 GET /__browserLink/requestData/107c5a0ecee942c0833a198c3fb7522d - 52993 - ::1 Mozilla/5.0+(Windows+NT+10.0;+Win64;+x64)+AppleWebKit/537.36+(KHTML,+like+Gecko)+Chrome/75.0.3770.142+Safari/537.36 http://localhost:52993/Room/Viewdetails 200 0 0 12
2019-07-19 06:26:46 ::1 GET /Room/Create - 52993 - ::1 Mozilla/5.0+(Windows+NT+10.0;+Win64;+x64)+AppleWebKit/537.36+(KHTML,+like+Gecko)+Chrome/75.0.3770.142+Safari/537.36 http://localhost:52993/Room/Viewdetails 200 0 0 4
2019-07-19 06:26:46 ::1 GET /__browserLink/requestData/60d739de7af84525ae3295362ec49f12 - 52993 - ::1 Mozilla/5.0+(Windows+NT+10.0;+Win64;+x64)+AppleWebKit/537.36+(KHTML,+like+Gecko)+Chrome/75.0.3770.142+Safari/537.36 http://localhost:52993/Room/Create 200 0 0 7
2019-07-19 06:26:51 ::1 POST /Room/Create - 52993 - ::1 Mozilla/5.0+(Windows+NT+10.0;+Win64;+x64)+AppleWebKit/537.36+(KHTML,+like+Gecko)+Chrome/75.0.3770.142+Safari/537.36 http://localhost:52993/Room/Create 200 0 0 4
2019-07-19 06:26:51 ::1 GET /__browserLink/requestData/91e440b35b0f4914a4fe7be20805648e - 52993 - ::1 Mozilla/5.0+(Windows+NT+10.0;+Win64;+x64)+AppleWebKit/537.36+(KHTML,+like+Gecko)+Chrome/75.0.3770.142+Safari/537.36 http://localhost:52993/Room/Create 200 0 0 15
2019-07-19 06:26:52 ::1 GET /Room/Viewdetails - 52993 - ::1 Mozilla/5.0+(Windows+NT+10.0;+Win64;+x64)+AppleWebKit/537.36+(KHTML,+like+Gecko)+Chrome/75.0.3770.142+Safari/537.36 http://localhost:52993/Room/Create 200 0 0 5
2019-07-19 06:26:52 ::1 GET /__browserLink/requestData/8515c3dd75e34829ab2b295b3dd5ad3f - 52993 - ::1 Mozilla/5.0+(Windows+NT+10.0;+Win64;+x64)+AppleWebKit/537.36+(KHTML,+like+Gecko)+Chrome/75.0.3770.142+Safari/537.36 http://localhost:52993/Room/Viewdetails 200 0 0 2
2019-07-19 06:26:53 ::1 GET /Room/delete id=0 52993 - ::1 Mozilla/5.0+(Windows+NT+10.0;+Win64;+x64)+AppleWebKit/537.36+(KHTML,+like+Gecko)+Chrome/75.0.3770.142+Safari/537.36 http://localhost:52993/Room/Viewdetails 200 0 0 10
2019-07-19 06:26:53 ::1 GET /__browserLink/requestData/9426580f272c47bba7988e195e23120f - 52993 - ::1 Mozilla/5.0+(Windows+NT+10.0;+Win64;+x64)+AppleWebKit/537.36+(KHTML,+like+Gecko)+Chrome/75.0.3770.142+Safari/537.36 http://localhost:52993/Room/delete?id=0 200 0 0 2
2019-07-19 06:26:54 ::1 GET /Room/Viewdetails - 52993 - ::1 Mozilla/5.0+(Windows+NT+10.0;+Win64;+x64)+AppleWebKit/537.36+(KHTML,+like+Gecko)+Chrome/75.0.3770.142+Safari/537.36 http://localhost:52993/Room/delete?id=0 200 0 0 6
2019-07-19 06:26:54 ::1 GET /__browserLink/requestData/2f058874b16a4347bd9335d52831901f - 52993 - ::1 Mozilla/5.0+(Windows+NT+10.0;+Win64;+x64)+AppleWebKit/537.36+(KHTML,+like+Gecko)+Chrome/75.0.3770.142+Safari/537.36 http://localhost:52993/Room/Viewdetails 200 0 0 3
2019-07-19 06:26:57 ::1 GET /Room/Create - 52993 - ::1 Mozilla/5.0+(Windows+NT+10.0;+Win64;+x64)+AppleWebKit/537.36+(KHTML,+like+Gecko)+Chrome/75.0.3770.142+Safari/537.36 http://localhost:52993/Room/Viewdetails 200 0 0 10
2019-07-19 06:26:57 ::1 GET /__browserLink/requestData/de6fbda5b39d4879a3d51c0d450130ea - 52993 - ::1 Mozilla/5.0+(Windows+NT+10.0;+Win64;+x64)+AppleWebKit/537.36+(KHTML,+like+Gecko)+Chrome/75.0.3770.142+Safari/537.36 http://localhost:52993/Room/Create 200 0 0 2
2019-07-19 06:27:40 ::1 GET /Home/Index - 52993 - ::1 Mozilla/5.0+(Windows+NT+10.0;+Win64;+x64)+AppleWebKit/537.36+(KHTML,+like+Gecko)+Chrome/75.0.3770.142+Safari/537.36 - 200 0 0 911
2019-07-19 06:27:40 ::1 GET /__browserLink/requestData/296cee5b10a74e159446ad0fe905bef0 - 52993 - ::1 Mozilla/5.0+(Windows+NT+10.0;+Win64;+x64)+AppleWebKit/537.36+(KHTML,+like+Gecko)+Chrome/75.0.3770.142+Safari/537.36 http://localhost:52993/Home/Index 200 0 0 6
2019-07-19 06:27:42 ::1 GET /Checkin/checkin - 52993 - ::1 Mozilla/5.0+(Windows+NT+10.0;+Win64;+x64)+AppleWebKit/537.36+(KHTML,+like+Gecko)+Chrome/75.0.3770.142+Safari/537.36 http://localhost:52993/Home/Index 200 0 0 1310
2019-07-19 06:27:42 ::1 GET /__browserLink/requestData/d8da0e357fc6407582c144bcb7af1cfc - 52993 - ::1 Mozilla/5.0+(Windows+NT+10.0;+Win64;+x64)+AppleWebKit/537.36+(KHTML,+like+Gecko)+Chrome/75.0.3770.142+Safari/537.36 http://localhost:52993/Checkin/checkin 200 0 0 12
2019-07-19 06:27:52 ::1 POST /Checkin/checkin - 52993 - ::1 Mozilla/5.0+(Windows+NT+10.0;+Win64;+x64)+AppleWebKit/537.36+(KHTML,+like+Gecko)+Chrome/75.0.3770.142+Safari/537.36 http://localhost:52993/Checkin/checkin 200 0 0 11
2019-07-19 06:27:52 ::1 GET /__browserLink/requestData/2ec8780627104281992d68a3e2d57130 - 52993 - ::1 Mozilla/5.0+(Windows+NT+10.0;+Win64;+x64)+AppleWebKit/537.36+(KHTML,+like+Gecko)+Chrome/75.0.3770.142+Safari/537.36 http://localhost:52993/Checkin/checkin 200 0 0 2
2019-07-19 06:27:55 ::1 GET /Checkin/check+in+records - 52993 - ::1 Mozilla/5.0+(Windows+NT+10.0;+Win64;+x64)+AppleWebKit/537.36+(KHTML,+like+Gecko)+Chrome/75.0.3770.142+Safari/537.36 http://localhost:52993/Checkin/checkin 404 0 0 7
2019-07-19 06:28:16 ::1 GET /Checkin/Viewchekin - 52993 - ::1 Mozilla/5.0+(compatible;+MSIE+10.0;+Windows+NT+6.2;+WOW64;+Trident/7.0;+Eureka/1.0) - 200 0 0 1215
2019-07-19 06:28:16 ::1 GET /Content/site.css - 52993 - ::1 Mozilla/5.0+(compatible;+MSIE+10.0;+Windows+NT+6.2;+WOW64;+Trident/7.0;+Eureka/1.0) http://localhost:52993/Checkin/Viewchekin 200 0 0 31
2019-07-19 06:28:16 ::1 GET /Scripts/modernizr-2.6.2.js - 52993 - ::1 Mozilla/5.0+(compatible;+MSIE+10.0;+Windows+NT+6.2;+WOW64;+Trident/7.0;+Eureka/1.0) http://localhost:52993/Checkin/Viewchekin 200 0 0 47
2019-07-19 06:28:16 ::1 GET /Scripts/jquery-1.8.2.js - 52993 - ::1 Mozilla/5.0+(compatible;+MSIE+10.0;+Windows+NT+6.2;+WOW64;+Trident/7.0;+Eureka/1.0) http://localhost:52993/Checkin/Viewchekin 200 0 0 28
2019-07-19 06:28:16 ::1 GET /Images/accent.png - 52993 - ::1 Mozilla/5.0+(compatible;+MSIE+10.0;+Windows+NT+6.2;+WOW64;+Trident/7.0;+Eureka/1.0) http://localhost:52993/Checkin/Viewchekin 304 0 0 15
2019-07-19 06:29:29 ::1 GET /Checkin/check+in+records - 52993 - ::1 Mozilla/5.0+(Windows+NT+10.0;+Win64;+x64)+AppleWebKit/537.36+(KHTML,+like+Gecko)+Chrome/75.0.3770.142+Safari/537.36 http://localhost:52993/Checkin/checkin 404 0 0 5
2019-07-19 06:29:29 ::1 GET /favicon.ico - 52993 - ::1 Mozilla/5.0+(Windows+NT+10.0;+Win64;+x64)+AppleWebKit/537.36+(KHTML,+like+Gecko)+Chrome/75.0.3770.142+Safari/537.36 http://localhost:52993/Checkin/check%20in%20records 200 0 0 17
2019-07-19 06:29:31 ::1 GET /__browserLink/requestData/2ec8780627104281992d68a3e2d57130 - 52993 - ::1 Mozilla/5.0+(Windows+NT+10.0;+Win64;+x64)+AppleWebKit/537.36+(KHTML,+like+Gecko)+Chrome/75.0.3770.142+Safari/537.36 http://localhost:52993/Checkin/checkin 404 0 0 4
2019-07-19 06:29:35 ::1 POST /Checkin/checkin - 52993 - ::1 Mozilla/5.0+(Windows+NT+10.0;+Win64;+x64)+AppleWebKit/537.36+(KHTML,+like+Gecko)+Chrome/75.0.3770.142+Safari/537.36 http://localhost:52993/Checkin/checkin 200 0 0 1217
2019-07-19 06:29:35 ::1 GET /favicon.ico - 52993 - ::1 Mozilla/5.0+(Windows+NT+10.0;+Win64;+x64)+AppleWebKit/537.36+(KHTML,+like+Gecko)+Chrome/75.0.3770.142+Safari/537.36 http://localhost:52993/Checkin/checkin 200 0 0 31
2019-07-19 06:29:35 ::1 GET /__browserLink/requestData/31e1cfe30b094914847ef50a140be726 - 52993 - ::1 Mozilla/5.0+(Windows+NT+10.0;+Win64;+x64)+AppleWebKit/537.36+(KHTML,+like+Gecko)+Chrome/75.0.3770.142+Safari/537.36 http://localhost:52993/Checkin/checkin 200 0 0 2
2019-07-19 06:29:41 ::1 GET /Checkin/check+in+records - 52993 - ::1 Mozilla/5.0+(Windows+NT+10.0;+Win64;+x64)+AppleWebKit/537.36+(KHTML,+like+Gecko)+Chrome/75.0.3770.142+Safari/537.36 http://localhost:52993/Checkin/checkin 404 0 0 1
2019-07-19 06:29:42 ::1 GET /__browserLink/requestData/31e1cfe30b094914847ef50a140be726 - 52993 - ::1 Mozilla/5.0+(Windows+NT+10.0;+Win64;+x64)+AppleWebKit/537.36+(KHTML,+like+Gecko)+Chrome/75.0.3770.142+Safari/537.36 http://localhost:52993/Checkin/checkin 404 0 0 1
2019-07-19 06:29:45 ::1 POST /Checkin/checkin - 52993 - ::1 Mozilla/5.0+(Windows+NT+10.0;+Win64;+x64)+AppleWebKit/537.36+(KHTML,+like+Gecko)+Chrome/75.0.3770.142+Safari/537.36 http://localhost:52993/Checkin/checkin 200 0 0 9
2019-07-19 06:29:45 ::1 GET /__browserLink/requestData/8bbc05bd06b64c21a1ce45892e2023e2 - 52993 - ::1 Mozilla/5.0+(Windows+NT+10.0;+Win64;+x64)+AppleWebKit/537.36+(KHTML,+like+Gecko)+Chrome/75.0.3770.142+Safari/537.36 http://localhost:52993/Checkin/checkin 200 0 0 3
2019-07-19 06:29:48 ::1 GET /Checkin/check+in+records - 52993 - ::1 Mozilla/5.0+(Windows+NT+10.0;+Win64;+x64)+AppleWebKit/537.36+(KHTML,+like+Gecko)+Chrome/75.0.3770.142+Safari/537.36 http://localhost:52993/Checkin/checkin 404 0 0 3
2019-07-19 06:29:50 ::1 GET /__browserLink/requestData/8bbc05bd06b64c21a1ce45892e2023e2 - 52993 - ::1 Mozilla/5.0+(Windows+NT+10.0;+Win64;+x64)+AppleWebKit/537.36+(KHTML,+like+Gecko)+Chrome/75.0.3770.142+Safari/537.36 http://localhost:52993/Checkin/checkin 404 0 0 1
2019-07-19 06:29:50 ::1 GET /__browserLink/requestData/31e1cfe30b094914847ef50a140be726 - 52993 - ::1 Mozilla/5.0+(Windows+NT+10.0;+Win64;+x64)+AppleWebKit/537.36+(KHTML,+like+Gecko)+Chrome/75.0.3770.142+Safari/537.36 http://localhost:52993/Checkin/checkin 404 0 0 2
2019-07-19 06:29:50 ::1 GET /Checkin/checkin - 52993 - ::1 Mozilla/5.0+(Windows+NT+10.0;+Win64;+x64)+AppleWebKit/537.36+(KHTML,+like+Gecko)+Chrome/75.0.3770.142+Safari/537.36 http://localhost:52993/Home/Index 200 0 0 12
2019-07-19 06:29:50 ::1 GET /__browserLink/requestData/035fd6a2aa694021905f86cd9e5e39e4 - 52993 - ::1 Mozilla/5.0+(Windows+NT+10.0;+Win64;+x64)+AppleWebKit/537.36+(KHTML,+like+Gecko)+Chrome/75.0.3770.142+Safari/537.36 http://localhost:52993/Checkin/checkin 200 0 0 24
2019-07-19 06:29:52 ::1 GET /__browserLink/requestData/296cee5b10a74e159446ad0fe905bef0 - 52993 - ::1 Mozilla/5.0+(Windows+NT+10.0;+Win64;+x64)+AppleWebKit/537.36+(KHTML,+like+Gecko)+Chrome/75.0.3770.142+Safari/537.36 http://localhost:52993/Home/Index 404 0 0 2
2019-07-19 06:29:52 ::1 GET /__browserLink/requestData/de6fbda5b39d4879a3d51c0d450130ea - 52993 - ::1 Mozilla/5.0+(Windows+NT+10.0;+Win64;+x64)+AppleWebKit/537.36+(KHTML,+like+Gecko)+Chrome/75.0.3770.142+Safari/537.36 http://localhost:52993/Room/Create 404 0 0 2
2019-07-19 06:29:58 ::1 POST /Room/Create - 52993 - ::1 Mozilla/5.0+(Windows+NT+10.0;+Win64;+x64)+AppleWebKit/537.36+(KHTML,+like+Gecko)+Chrome/75.0.3770.142+Safari/537.36 http://localhost:52993/Room/Create 200 0 0 6
2019-07-19 06:29:58 ::1 GET /__browserLink/requestData/b90e77e062fd497e8705f14feca12034 - 52993 - ::1 Mozilla/5.0+(Windows+NT+10.0;+Win64;+x64)+AppleWebKit/537.36+(KHTML,+like+Gecko)+Chrome/75.0.3770.142+Safari/537.36 http://localhost:52993/Room/Create 200 0 0 8
2019-07-19 06:29:58 ::1 GET /Room/Viewdetails - 52993 - ::1 Mozilla/5.0+(Windows+NT+10.0;+Win64;+x64)+AppleWebKit/537.36+(KHTML,+like+Gecko)+Chrome/75.0.3770.142+Safari/537.36 http://localhost:52993/Room/Create 200 0 0 12
2019-07-19 06:29:59 ::1 GET /__browserLink/requestData/f6935142b59341d184a10ddc37f9498e - 52993 - ::1 Mozilla/5.0+(Windows+NT+10.0;+Win64;+x64)+AppleWebKit/537.36+(KHTML,+like+Gecko)+Chrome/75.0.3770.142+Safari/537.36 http://localhost:52993/Room/Viewdetails 200 0 0 2
2019-07-19 06:30:00 ::1 GET /Room/delete id=0 52993 - ::1 Mozilla/5.0+(Windows+NT+10.0;+Win64;+x64)+AppleWebKit/537.36+(KHTML,+like+Gecko)+Chrome/75.0.3770.142+Safari/537.36 http://localhost:52993/Room/Viewdetails 200 0 0 5
2019-07-19 06:30:00 ::1 GET /__browserLink/requestData/4f773e11762e4825bed21ea1da579ed7 - 52993 - ::1 Mozilla/5.0+(Windows+NT+10.0;+Win64;+x64)+AppleWebKit/537.36+(KHTML,+like+Gecko)+Chrome/75.0.3770.142+Safari/537.36 http://localhost:52993/Room/delete?id=0 200 0 0 2
2019-07-19 06:30:02 ::1 GET /Room/Viewdetails - 52993 - ::1 Mozilla/5.0+(Windows+NT+10.0;+Win64;+x64)+AppleWebKit/537.36+(KHTML,+like+Gecko)+Chrome/75.0.3770.142+Safari/537.36 http://localhost:52993/Room/delete?id=0 200 0 0 10
2019-07-19 06:30:02 ::1 GET /__browserLink/requestData/0bd32fbe605145baa4663055cfa7c9b7 - 52993 - ::1 Mozilla/5.0+(Windows+NT+10.0;+Win64;+x64)+AppleWebKit/537.36+(KHTML,+like+Gecko)+Chrome/75.0.3770.142+Safari/537.36 http://localhost:52993/Room/Viewdetails 200 0 0 2
2019-07-19 06:30:04 ::1 GET /Room/delete id=0 52993 - ::1 Mozilla/5.0+(Windows+NT+10.0;+Win64;+x64)+AppleWebKit/537.36+(KHTML,+like+Gecko)+Chrome/75.0.3770.142+Safari/537.36 http://localhost:52993/Room/Viewdetails 200 0 0 5
2019-07-19 06:30:04 ::1 GET /__browserLink/requestData/1c36f67e972142ea8fac798bb614431e - 52993 - ::1 Mozilla/5.0+(Windows+NT+10.0;+Win64;+x64)+AppleWebKit/537.36+(KHTML,+like+Gecko)+Chrome/75.0.3770.142+Safari/537.36 http://localhost:52993/Room/delete?id=0 200 0 0 2
2019-07-19 06:30:04 ::1 GET /Room/Viewdetails - 52993 - ::1 Mozilla/5.0+(Windows+NT+10.0;+Win64;+x64)+AppleWebKit/537.36+(KHTML,+like+Gecko)+Chrome/75.0.3770.142+Safari/537.36 http://localhost:52993/Room/delete?id=0 200 0 0 7
2019-07-19 06:30:05 ::1 GET /__browserLink/requestData/177efa61d15a47849ea6d7fffad9e91b - 52993 - ::1 Mozilla/5.0+(Windows+NT+10.0;+Win64;+x64)+AppleWebKit/537.36+(KHTML,+like+Gecko)+Chrome/75.0.3770.142+Safari/537.36 http://localhost:52993/Room/Viewdetails 200 0 0 2
2019-07-19 06:30:09 ::1 GET /__browserLink/requestData/1c36f67e972142ea8fac798bb614431e - 52993 - ::1 Mozilla/5.0+(Windows+NT+10.0;+Win64;+x64)+AppleWebKit/537.36+(KHTML,+like+Gecko)+Chrome/75.0.3770.142+Safari/537.36 http://localhost:52993/Room/delete?id=0 404 0 0 1
2019-07-19 06:30:11 ::1 GET /__browserLink/requestData/177efa61d15a47849ea6d7fffad9e91b - 52993 - ::1 Mozilla/5.0+(Windows+NT+10.0;+Win64;+x64)+AppleWebKit/537.36+(KHTML,+like+Gecko)+Chrome/75.0.3770.142+Safari/537.36 http://localhost:52993/Room/Viewdetails 404 0 0 2
2019-07-19 06:30:11 ::1 GET /__browserLink/requestData/1c36f67e972142ea8fac798bb614431e - 52993 - ::1 Mozilla/5.0+(Windows+NT+10.0;+Win64;+x64)+AppleWebKit/537.36+(KHTML,+like+Gecko)+Chrome/75.0.3770.142+Safari/537.36 http://localhost:52993/Room/delete?id=0 404 0 0 1
2019-07-19 06:30:11 ::1 GET /__browserLink/requestData/177efa61d15a47849ea6d7fffad9e91b - 52993 - ::1 Mozilla/5.0+(Windows+NT+10.0;+Win64;+x64)+AppleWebKit/537.36+(KHTML,+like+Gecko)+Chrome/75.0.3770.142+Safari/537.36 http://localhost:52993/Room/Viewdetails 404 0 0 1
2019-07-19 06:30:13 ::1 GET /Room/Create - 52993 - ::1 Mozilla/5.0+(Windows+NT+10.0;+Win64;+x64)+AppleWebKit/537.36+(KHTML,+like+Gecko)+Chrome/75.0.3770.142+Safari/537.36 http://localhost:52993/Room/Viewdetails 200 0 0 4
2019-07-19 06:30:13 ::1 GET /__browserLink/requestData/781f4b9648934d6ab18a3cc24990e624 - 52993 - ::1 Mozilla/5.0+(Windows+NT+10.0;+Win64;+x64)+AppleWebKit/537.36+(KHTML,+like+Gecko)+Chrome/75.0.3770.142+Safari/537.36 http://localhost:52993/Room/Create 200 0 0 2
2019-07-19 06:30:17 ::1 POST /Room/Create - 52993 - ::1 Mozilla/5.0+(Windows+NT+10.0;+Win64;+x64)+AppleWebKit/537.36+(KHTML,+like+Gecko)+Chrome/75.0.3770.142+Safari/537.36 http://localhost:52993/Room/Create 200 0 0 8
2019-07-19 06:30:17 ::1 GET /__browserLink/requestData/6d951d95240b40a7b6272feba5615000 - 52993 - ::1 Mozilla/5.0+(Windows+NT+10.0;+Win64;+x64)+AppleWebKit/537.36+(KHTML,+like+Gecko)+Chrome/75.0.3770.142+Safari/537.36 http://localhost:52993/Room/Create 200 0 0 2
2019-07-19 06:30:19 ::1 GET /Room/Viewdetails - 52993 - ::1 Mozilla/5.0+(Windows+NT+10.0;+Win64;+x64)+AppleWebKit/537.36+(KHTML,+like+Gecko)+Chrome/75.0.3770.142+Safari/537.36 http://localhost:52993/Room/Create 200 0 0 5
2019-07-19 06:30:19 ::1 GET /__browserLink/requestData/e8deee0710c74766af718bc799766408 - 52993 - ::1 Mozilla/5.0+(Windows+NT+10.0;+Win64;+x64)+AppleWebKit/537.36+(KHTML,+like+Gecko)+Chrome/75.0.3770.142+Safari/537.36 http://localhost:52993/Room/Viewdetails 200 0 0 3
2019-07-19 06:30:28 ::1 GET /Room/Create - 52993 - ::1 Mozilla/5.0+(Windows+NT+10.0;+Win64;+x64)+AppleWebKit/537.36+(KHTML,+like+Gecko)+Chrome/75.0.3770.142+Safari/537.36 http://localhost:52993/Room/Viewdetails 200 0 0 4
2019-07-19 06:30:28 ::1 GET /__browserLink/requestData/15065327d6dc4eebb68a3a74d7e3cabd - 52993 - ::1 Mozilla/5.0+(Windows+NT+10.0;+Win64;+x64)+AppleWebKit/537.36+(KHTML,+like+Gecko)+Chrome/75.0.3770.142+Safari/537.36 http://localhost:52993/Room/Create 200 0 0 2
2019-07-19 06:30:29 ::1 GET /__browserLink/requestData/e8deee0710c74766af718bc799766408 - 52993 - ::1 Mozilla/5.0+(Windows+NT+10.0;+Win64;+x64)+AppleWebKit/537.36+(KHTML,+like+Gecko)+Chrome/75.0.3770.142+Safari/537.36 http://localhost:52993/Room/Viewdetails 404 0 0 1
2019-07-19 06:30:29 ::1 GET /__browserLink/requestData/6d951d95240b40a7b6272feba5615000 - 52993 - ::1 Mozilla/5.0+(Windows+NT+10.0;+Win64;+x64)+AppleWebKit/537.36+(KHTML,+like+Gecko)+Chrome/75.0.3770.142+Safari/537.36 http://localhost:52993/Room/Create 404 0 0 1
2019-07-19 06:30:31 ::1 GET /__browserLink/requestData/15065327d6dc4eebb68a3a74d7e3cabd - 52993 - ::1 Mozilla/5.0+(Windows+NT+10.0;+Win64;+x64)+AppleWebKit/537.36+(KHTML,+like+Gecko)+Chrome/75.0.3770.142+Safari/537.36 http://localhost:52993/Room/Create 404 0 0 1
2019-07-19 06:30:35 ::1 GET / - 52993 - ::1 Mozilla/5.0+(Windows+NT+10.0;+Win64;+x64)+AppleWebKit/537.36+(KHTML,+like+Gecko)+Chrome/75.0.3770.142+Safari/537.36 http://localhost:52993/Room/Create 200 0 0 11
2019-07-19 06:30:35 ::1 GET /__browserLink/requestData/d05f9f3e631b425f894d9841485714db - 52993 - ::1 Mozilla/5.0+(Windows+NT+10.0;+Win64;+x64)+AppleWebKit/537.36+(KHTML,+like+Gecko)+Chrome/75.0.3770.142+Safari/537.36 http://localhost:52993/ 200 0 0 2
2019-07-19 06:30:37 ::1 GET /Checkin/checkin - 52993 - ::1 Mozilla/5.0+(Windows+NT+10.0;+Win64;+x64)+AppleWebKit/537.36+(KHTML,+like+Gecko)+Chrome/75.0.3770.142+Safari/537.36 http://localhost:52993/ 200 0 0 11
2019-07-19 06:30:37 ::1 GET /__browserLink/requestData/d141ee5dba76488d8c1455985adf1186 - 52993 - ::1 Mozilla/5.0+(Windows+NT+10.0;+Win64;+x64)+AppleWebKit/537.36+(KHTML,+like+Gecko)+Chrome/75.0.3770.142+Safari/537.36 http://localhost:52993/Checkin/checkin 200 0 0 5
2019-07-19 06:30:47 ::1 POST /Checkin/checkin - 52993 - ::1 Mozilla/5.0+(Windows+NT+10.0;+Win64;+x64)+AppleWebKit/537.36+(KHTML,+like+Gecko)+Chrome/75.0.3770.142+Safari/537.36 http://localhost:52993/Checkin/checkin 200 0 0 9
2019-07-19 06:30:47 ::1 GET /__browserLink/requestData/7b08989bb67a46919ce4895e6d8479cc - 52993 - ::1 Mozilla/5.0+(Windows+NT+10.0;+Win64;+x64)+AppleWebKit/537.36+(KHTML,+like+Gecko)+Chrome/75.0.3770.142+Safari/537.36 http://localhost:52993/Checkin/checkin 200 0 0 2
2019-07-19 06:30:50 ::1 GET /Checkin/check+in+records - 52993 - ::1 Mozilla/5.0+(Windows+NT+10.0;+Win64;+x64)+AppleWebKit/537.36+(KHTML,+like+Gecko)+Chrome/75.0.3770.142+Safari/537.36 http://localhost:52993/Checkin/checkin 404 0 0 2
#Software: Microsoft Internet Information Services 8.0
#Version: 1.0
#Date: 2019-07-19 06:35:50
#Fields: date time s-ip cs-method cs-uri-stem cs-uri-query s-port cs-username c-ip cs(User-Agent) cs(Referer) sc-status sc-substatus sc-win32-status time-taken
2019-07-19 06:35:50 ::1 GET / - 52993 - ::1 Mozilla/5.0+(Windows+NT+10.0;+Win64;+x64)+AppleWebKit/537.36+(KHTML,+like+Gecko)+Chrome/75.0.3770.142+Safari/537.36 - 200 0 0 10071
2019-07-19 06:35:50 ::1 GET /__browserLink/requestData/9ae73ecef84e48c3a69e07b6d2a38324 - 52993 - ::1 Mozilla/5.0+(Windows+NT+10.0;+Win64;+x64)+AppleWebKit/537.36+(KHTML,+like+Gecko)+Chrome/75.0.3770.142+Safari/537.36 http://localhost:52993/ 200 0 0 12
2019-07-19 06:36:33 ::1 GET /Checkin/checkin - 52993 - ::1 Mozilla/5.0+(Windows+NT+10.0;+Win64;+x64)+AppleWebKit/537.36+(KHTML,+like+Gecko)+Chrome/75.0.3770.142+Safari/537.36 http://localhost:52993/ 200 0 0 15919
2019-07-19 06:36:33 ::1 GET /__browserLink/requestData/6aa386a0e5bc45cf8ee6db3fa64b1858 - 52993 - ::1 Mozilla/5.0+(Windows+NT+10.0;+Win64;+x64)+AppleWebKit/537.36+(KHTML,+like+Gecko)+Chrome/75.0.3770.142+Safari/537.36 http://localhost:52993/Checkin/checkin 200 0 0 4
2019-07-19 06:36:55 ::1 POST /Checkin/checkin - 52993 - ::1 Mozilla/5.0+(Windows+NT+10.0;+Win64;+x64)+AppleWebKit/537.36+(KHTML,+like+Gecko)+Chrome/75.0.3770.142+Safari/537.36 http://localhost:52993/Checkin/checkin 200 0 0 15045
2019-07-19 06:36:55 ::1 GET /__browserLink/requestData/bb3cdce530f44141bf1e24a9c2ecb960 - 52993 - ::1 Mozilla/5.0+(Windows+NT+10.0;+Win64;+x64)+AppleWebKit/537.36+(KHTML,+like+Gecko)+Chrome/75.0.3770.142+Safari/537.36 http://localhost:52993/Checkin/checkin 200 0 0 3
2019-07-19 06:37:03 ::1 GET /Checkin/Viewchekin - 52993 - ::1 Mozilla/5.0+(Windows+NT+10.0;+Win64;+x64)+AppleWebKit/537.36+(KHTML,+like+Gecko)+Chrome/75.0.3770.142+Safari/537.36 http://localhost:52993/Checkin/checkin 200 0 0 1542
2019-07-19 06:37:03 ::1 GET /__browserLink/requestData/381ff6716e3443d8be2d898f9ecf5ef1 - 52993 - ::1 Mozilla/5.0+(Windows+NT+10.0;+Win64;+x64)+AppleWebKit/537.36+(KHTML,+like+Gecko)+Chrome/75.0.3770.142+Safari/537.36 http://localhost:52993/Checkin/Viewchekin 200 0 0 3
