#Software: Microsoft Internet Information Services 8.0
#Version: 1.0
#Date: 2019-07-22 04:01:42
#Fields: date time s-ip cs-method cs-uri-stem cs-uri-query s-port cs-username c-ip cs(User-Agent) cs(Referer) sc-status sc-substatus sc-win32-status time-taken
2019-07-22 04:01:42 ::1 GET / - 52993 - ::1 Mozilla/5.0+(Windows+NT+10.0;+Win64;+x64)+AppleWebKit/537.36+(KHTML,+like+Gecko)+Chrome/75.0.3770.142+Safari/537.36 - 200 0 0 34538
2019-07-22 04:01:42 ::1 GET /Scripts/jquery-1.8.2.js - 52993 - ::1 Mozilla/5.0+(Windows+NT+10.0;+Win64;+x64)+AppleWebKit/537.36+(KHTML,+like+Gecko)+Chrome/75.0.3770.142+Safari/537.36 http://localhost:52993/ 304 0 0 132
2019-07-22 04:01:42 ::1 GET /Scripts/modernizr-2.6.2.js - 52993 - ::1 Mozilla/5.0+(Windows+NT+10.0;+Win64;+x64)+AppleWebKit/537.36+(KHTML,+like+Gecko)+Chrome/75.0.3770.142+Safari/537.36 http://localhost:52993/ 304 0 0 139
2019-07-22 04:01:42 ::1 GET /Content/site.css - 52993 - ::1 Mozilla/5.0+(Windows+NT+10.0;+Win64;+x64)+AppleWebKit/537.36+(KHTML,+like+Gecko)+Chrome/75.0.3770.142+Safari/537.36 http://localhost:52993/ 304 0 0 139
2019-07-22 04:01:43 ::1 GET /Images/heroAccent.png - 52993 - ::1 Mozilla/5.0+(Windows+NT+10.0;+Win64;+x64)+AppleWebKit/537.36+(KHTML,+like+Gecko)+Chrome/75.0.3770.142+Safari/537.36 http://localhost:52993/Content/site.css 304 0 0 4
2019-07-22 04:01:46 ::1 GET /__browserLink/requestData/ab3273a2e5654fdd9d4f6db33ec07e5b - 52993 - ::1 Mozilla/5.0+(Windows+NT+10.0;+Win64;+x64)+AppleWebKit/537.36+(KHTML,+like+Gecko)+Chrome/75.0.3770.142+Safari/537.36 http://localhost:52993/ 200 0 0 184
2019-07-22 04:01:48 ::1 GET /Room/Create - 52993 - ::1 Mozilla/5.0+(Windows+NT+10.0;+Win64;+x64)+AppleWebKit/537.36+(KHTML,+like+Gecko)+Chrome/75.0.3770.142+Safari/537.36 http://localhost:52993/ 200 0 0 2112
2019-07-22 04:01:48 ::1 GET /Images/accent.png - 52993 - ::1 Mozilla/5.0+(Windows+NT+10.0;+Win64;+x64)+AppleWebKit/537.36+(KHTML,+like+Gecko)+Chrome/75.0.3770.142+Safari/537.36 http://localhost:52993/Content/site.css 304 0 0 3
2019-07-22 04:01:48 ::1 GET /__browserLink/requestData/64e9c0d0ea5d4df693dbf65a7ef7ff09 - 52993 - ::1 Mozilla/5.0+(Windows+NT+10.0;+Win64;+x64)+AppleWebKit/537.36+(KHTML,+like+Gecko)+Chrome/75.0.3770.142+Safari/537.36 http://localhost:52993/Room/Create 200 0 0 8
2019-07-22 04:02:43 ::1 POST /Room/Create - 52993 - ::1 Mozilla/5.0+(Windows+NT+10.0;+Win64;+x64)+AppleWebKit/537.36+(KHTML,+like+Gecko)+Chrome/75.0.3770.142+Safari/537.36 http://localhost:52993/Room/Create 200 0 0 119
2019-07-22 04:02:43 ::1 GET /__browserLink/requestData/e04f35f5431b4f26a417de4714c00f61 - 52993 - ::1 Mozilla/5.0+(Windows+NT+10.0;+Win64;+x64)+AppleWebKit/537.36+(KHTML,+like+Gecko)+Chrome/75.0.3770.142+Safari/537.36 http://localhost:52993/Room/Create 200 0 0 3
2019-07-22 04:02:45 ::1 GET /Room/Viewdetails - 52993 - ::1 Mozilla/5.0+(Windows+NT+10.0;+Win64;+x64)+AppleWebKit/537.36+(KHTML,+like+Gecko)+Chrome/75.0.3770.142+Safari/537.36 http://localhost:52993/Room/Create 200 0 0 294
2019-07-22 04:02:45 ::1 GET /__browserLink/requestData/9dda34670eb941b2bbaccfc3973af657 - 52993 - ::1 Mozilla/5.0+(Windows+NT+10.0;+Win64;+x64)+AppleWebKit/537.36+(KHTML,+like+Gecko)+Chrome/75.0.3770.142+Safari/537.36 http://localhost:52993/Room/Viewdetails 200 0 0 18
2019-07-22 04:02:46 ::1 GET /Room/delete id=0 52993 - ::1 Mozilla/5.0+(Windows+NT+10.0;+Win64;+x64)+AppleWebKit/537.36+(KHTML,+like+Gecko)+Chrome/75.0.3770.142+Safari/537.36 http://localhost:52993/Room/Viewdetails 200 0 0 143
2019-07-22 04:02:46 ::1 GET /__browserLink/requestData/2cdd1eae91bd494d807ec733254b34b4 - 52993 - ::1 Mozilla/5.0+(Windows+NT+10.0;+Win64;+x64)+AppleWebKit/537.36+(KHTML,+like+Gecko)+Chrome/75.0.3770.142+Safari/537.36 http://localhost:52993/Room/delete?id=0 200 0 0 17
2019-07-22 04:02:48 ::1 GET /Room/Viewdetails - 52993 - ::1 Mozilla/5.0+(Windows+NT+10.0;+Win64;+x64)+AppleWebKit/537.36+(KHTML,+like+Gecko)+Chrome/75.0.3770.142+Safari/537.36 http://localhost:52993/Room/delete?id=0 200 0 0 12
2019-07-22 04:02:48 ::1 GET /__browserLink/requestData/05d230a2848f4a2bbc2190d487e11d41 - 52993 - ::1 Mozilla/5.0+(Windows+NT+10.0;+Win64;+x64)+AppleWebKit/537.36+(KHTML,+like+Gecko)+Chrome/75.0.3770.142+Safari/537.36 http://localhost:52993/Room/Viewdetails 200 0 0 3
2019-07-22 04:02:49 ::1 GET /Room/Create - 52993 - ::1 Mozilla/5.0+(Windows+NT+10.0;+Win64;+x64)+AppleWebKit/537.36+(KHTML,+like+Gecko)+Chrome/75.0.3770.142+Safari/537.36 http://localhost:52993/Room/Viewdetails 200 0 0 32
2019-07-22 04:02:49 ::1 GET /__browserLink/requestData/f875ab73a86848e2b9b1794e9b719339 - 52993 - ::1 Mozilla/5.0+(Windows+NT+10.0;+Win64;+x64)+AppleWebKit/537.36+(KHTML,+like+Gecko)+Chrome/75.0.3770.142+Safari/537.36 http://localhost:52993/Room/Create 200 0 0 11
2019-07-22 04:02:53 ::1 POST /Room/Create - 52993 - ::1 Mozilla/5.0+(Windows+NT+10.0;+Win64;+x64)+AppleWebKit/537.36+(KHTML,+like+Gecko)+Chrome/75.0.3770.142+Safari/537.36 http://localhost:52993/Room/Create 200 0 0 36
2019-07-22 04:02:53 ::1 GET /__browserLink/requestData/3d4388ac512841f1a497b86016105f73 - 52993 - ::1 Mozilla/5.0+(Windows+NT+10.0;+Win64;+x64)+AppleWebKit/537.36+(KHTML,+like+Gecko)+Chrome/75.0.3770.142+Safari/537.36 http://localhost:52993/Room/Create 200 0 0 42
2019-07-22 04:02:54 ::1 GET /Room/Viewdetails - 52993 - ::1 Mozilla/5.0+(Windows+NT+10.0;+Win64;+x64)+AppleWebKit/537.36+(KHTML,+like+Gecko)+Chrome/75.0.3770.142+Safari/537.36 http://localhost:52993/Room/Create 200 0 0 10
2019-07-22 04:02:54 ::1 GET /__browserLink/requestData/3c3445a434434ccfaa168dc048187203 - 52993 - ::1 Mozilla/5.0+(Windows+NT+10.0;+Win64;+x64)+AppleWebKit/537.36+(KHTML,+like+Gecko)+Chrome/75.0.3770.142+Safari/537.36 http://localhost:52993/Room/Viewdetails 200 0 0 8
#Software: Microsoft Internet Information Services 8.0
#Version: 1.0
#Date: 2019-07-22 04:09:46
#Fields: date time s-ip cs-method cs-uri-stem cs-uri-query s-port cs-username c-ip cs(User-Agent) cs(Referer) sc-status sc-substatus sc-win32-status time-taken
2019-07-22 04:09:46 ::1 GET /Room/Viewdetails - 52993 - ::1 Mozilla/5.0+(compatible;+MSIE+10.0;+Windows+NT+6.2;+WOW64;+Trident/7.0;+Eureka/1.0) - 200 0 0 8167
2019-07-22 04:09:46 ::1 GET /Content/site.css - 52993 - ::1 Mozilla/5.0+(compatible;+MSIE+10.0;+Windows+NT+6.2;+WOW64;+Trident/7.0;+Eureka/1.0) http://localhost:52993/Room/Viewdetails 200 0 0 37
2019-07-22 04:09:46 ::1 GET /Scripts/modernizr-2.6.2.js - 52993 - ::1 Mozilla/5.0+(compatible;+MSIE+10.0;+Windows+NT+6.2;+WOW64;+Trident/7.0;+Eureka/1.0) http://localhost:52993/Room/Viewdetails 200 0 0 48
2019-07-22 04:09:46 ::1 GET /Scripts/jquery-1.8.2.js - 52993 - ::1 Mozilla/5.0+(compatible;+MSIE+10.0;+Windows+NT+6.2;+WOW64;+Trident/7.0;+Eureka/1.0) http://localhost:52993/Room/Viewdetails 200 0 0 85
2019-07-22 04:09:49 ::1 GET /Images/accent.png - 52993 - ::1 Mozilla/5.0+(compatible;+MSIE+10.0;+Windows+NT+6.2;+WOW64;+Trident/7.0;+Eureka/1.0) http://localhost:52993/Room/Viewdetails 200 0 0 5
2019-07-22 04:12:54 ::1 GET /c16b908800fc448bb0714fcc9edd5524/arterySignalR/ping requestUrl=http%3A%2F%2Flocalhost%3A52993%2FRoom%2FViewdetails&browserName=Chrome&_=1563768774445 52993 - ::1 Mozilla/5.0+(Windows+NT+10.0;+Win64;+x64)+AppleWebKit/537.36+(KHTML,+like+Gecko)+Chrome/75.0.3770.142+Safari/537.36 http://localhost:52993/Room/Viewdetails 404 0 0 126
2019-07-22 04:13:28 ::1 GET /Room/Viewdetails - 52993 - ::1 Mozilla/5.0+(compatible;+MSIE+10.0;+Windows+NT+6.2;+WOW64;+Trident/7.0;+Eureka/1.0) - 200 0 0 8
2019-07-22 04:13:28 ::1 GET /Content/site.css - 52993 - ::1 Mozilla/5.0+(compatible;+MSIE+10.0;+Windows+NT+6.2;+WOW64;+Trident/7.0;+Eureka/1.0) http://localhost:52993/Room/Viewdetails 200 0 0 27
2019-07-22 04:13:28 ::1 GET /Scripts/modernizr-2.6.2.js - 52993 - ::1 Mozilla/5.0+(compatible;+MSIE+10.0;+Windows+NT+6.2;+WOW64;+Trident/7.0;+Eureka/1.0) http://localhost:52993/Room/Viewdetails 200 0 0 12
2019-07-22 04:13:28 ::1 GET /Scripts/jquery-1.8.2.js - 52993 - ::1 Mozilla/5.0+(compatible;+MSIE+10.0;+Windows+NT+6.2;+WOW64;+Trident/7.0;+Eureka/1.0) http://localhost:52993/Room/Viewdetails 200 0 0 64
2019-07-22 04:13:28 ::1 GET /Images/accent.png - 52993 - ::1 Mozilla/5.0+(compatible;+MSIE+10.0;+Windows+NT+6.2;+WOW64;+Trident/7.0;+Eureka/1.0) http://localhost:52993/Room/Viewdetails 304 0 0 5
2019-07-22 04:13:37 ::1 GET /Room/Viewdetails - 52993 - ::1 Mozilla/5.0+(compatible;+MSIE+10.0;+Windows+NT+6.2;+WOW64;+Trident/7.0;+Eureka/1.0) - 200 0 0 8
2019-07-22 04:13:37 ::1 GET /Content/site.css - 52993 - ::1 Mozilla/5.0+(compatible;+MSIE+10.0;+Windows+NT+6.2;+WOW64;+Trident/7.0;+Eureka/1.0) http://localhost:52993/Room/Viewdetails 200 0 0 65
2019-07-22 04:13:37 ::1 GET /Scripts/modernizr-2.6.2.js - 52993 - ::1 Mozilla/5.0+(compatible;+MSIE+10.0;+Windows+NT+6.2;+WOW64;+Trident/7.0;+Eureka/1.0) http://localhost:52993/Room/Viewdetails 200 0 0 30
2019-07-22 04:13:37 ::1 GET /Images/accent.png - 52993 - ::1 Mozilla/5.0+(compatible;+MSIE+10.0;+Windows+NT+6.2;+WOW64;+Trident/7.0;+Eureka/1.0) http://localhost:52993/Room/Viewdetails 304 0 0 7
2019-07-22 04:13:37 ::1 GET /Scripts/jquery-1.8.2.js - 52993 - ::1 Mozilla/5.0+(compatible;+MSIE+10.0;+Windows+NT+6.2;+WOW64;+Trident/7.0;+Eureka/1.0) http://localhost:52993/Room/Viewdetails 200 0 0 224
2019-07-22 04:13:51 ::1 GET /Room/Viewdetails - 52993 - ::1 Mozilla/5.0+(compatible;+MSIE+10.0;+Windows+NT+6.2;+WOW64;+Trident/7.0;+Eureka/1.0) - 200 0 0 2685
2019-07-22 04:13:51 ::1 GET /Content/site.css - 52993 - ::1 Mozilla/5.0+(compatible;+MSIE+10.0;+Windows+NT+6.2;+WOW64;+Trident/7.0;+Eureka/1.0) http://localhost:52993/Room/Viewdetails 200 0 0 18
2019-07-22 04:13:51 ::1 GET /Scripts/modernizr-2.6.2.js - 52993 - ::1 Mozilla/5.0+(compatible;+MSIE+10.0;+Windows+NT+6.2;+WOW64;+Trident/7.0;+Eureka/1.0) http://localhost:52993/Room/Viewdetails 200 0 0 46
2019-07-22 04:13:51 ::1 GET /Scripts/jquery-1.8.2.js - 52993 - ::1 Mozilla/5.0+(compatible;+MSIE+10.0;+Windows+NT+6.2;+WOW64;+Trident/7.0;+Eureka/1.0) http://localhost:52993/Room/Viewdetails 200 0 0 63
2019-07-22 04:17:54 ::1 GET /c16b908800fc448bb0714fcc9edd5524/arterySignalR/ping requestUrl=http%3A%2F%2Flocalhost%3A52993%2FRoom%2FViewdetails&browserName=Chrome&_=1563769074446 52993 - ::1 Mozilla/5.0+(Windows+NT+10.0;+Win64;+x64)+AppleWebKit/537.36+(KHTML,+like+Gecko)+Chrome/75.0.3770.142+Safari/537.36 http://localhost:52993/Room/Viewdetails 404 0 0 5
2019-07-22 04:22:54 ::1 GET /c16b908800fc448bb0714fcc9edd5524/arterySignalR/ping requestUrl=http%3A%2F%2Flocalhost%3A52993%2FRoom%2FViewdetails&browserName=Chrome&_=1563769374447 52993 - ::1 Mozilla/5.0+(Windows+NT+10.0;+Win64;+x64)+AppleWebKit/537.36+(KHTML,+like+Gecko)+Chrome/75.0.3770.142+Safari/537.36 http://localhost:52993/Room/Viewdetails 404 0 0 7
2019-07-22 04:27:54 ::1 GET /c16b908800fc448bb0714fcc9edd5524/arterySignalR/ping requestUrl=http%3A%2F%2Flocalhost%3A52993%2FRoom%2FViewdetails&browserName=Chrome&_=1563769674447 52993 - ::1 Mozilla/5.0+(Windows+NT+10.0;+Win64;+x64)+AppleWebKit/537.36+(KHTML,+like+Gecko)+Chrome/75.0.3770.142+Safari/537.36 http://localhost:52993/Room/Viewdetails 404 0 0 7
#Software: Microsoft Internet Information Services 8.0
#Version: 1.0
#Date: 2019-07-22 04:39:45
#Fields: date time s-ip cs-method cs-uri-stem cs-uri-query s-port cs-username c-ip cs(User-Agent) cs(Referer) sc-status sc-substatus sc-win32-status time-taken
2019-07-22 04:39:45 ::1 GET / - 52993 - ::1 Mozilla/5.0+(Windows+NT+10.0;+Win64;+x64)+AppleWebKit/537.36+(KHTML,+like+Gecko)+Chrome/75.0.3770.142+Safari/537.36 - 200 0 0 9664
2019-07-22 04:39:46 ::1 GET /__browserLink/requestData/28221044b99d4691b999ca10a99978ed - 52993 - ::1 Mozilla/5.0+(Windows+NT+10.0;+Win64;+x64)+AppleWebKit/537.36+(KHTML,+like+Gecko)+Chrome/75.0.3770.142+Safari/537.36 http://localhost:52993/ 200 0 0 25
2019-07-22 04:39:47 ::1 GET /Room/Create - 52993 - ::1 Mozilla/5.0+(Windows+NT+10.0;+Win64;+x64)+AppleWebKit/537.36+(KHTML,+like+Gecko)+Chrome/75.0.3770.142+Safari/537.36 http://localhost:52993/ 404 0 0 35
#Software: Microsoft Internet Information Services 8.0
#Version: 1.0
#Date: 2019-07-22 04:40:52
#Fields: date time s-ip cs-method cs-uri-stem cs-uri-query s-port cs-username c-ip cs(User-Agent) cs(Referer) sc-status sc-substatus sc-win32-status time-taken
2019-07-22 04:40:52 ::1 GET / - 52993 - ::1 Mozilla/5.0+(Windows+NT+10.0;+Win64;+x64)+AppleWebKit/537.36+(KHTML,+like+Gecko)+Chrome/75.0.3770.142+Safari/537.36 - 200 0 0 8339
2019-07-22 04:40:52 ::1 GET /favicon.ico - 52993 - ::1 Mozilla/5.0+(Windows+NT+10.0;+Win64;+x64)+AppleWebKit/537.36+(KHTML,+like+Gecko)+Chrome/75.0.3770.142+Safari/537.36 http://localhost:52993/ 304 0 0 44
2019-07-22 04:40:52 ::1 GET /__browserLink/requestData/5dd7ebb11fd24fe5853888826bea7f0a - 52993 - ::1 Mozilla/5.0+(Windows+NT+10.0;+Win64;+x64)+AppleWebKit/537.36+(KHTML,+like+Gecko)+Chrome/75.0.3770.142+Safari/537.36 http://localhost:52993/ 200 0 0 15
2019-07-22 04:40:54 ::1 GET /Room/Create - 52993 - ::1 Mozilla/5.0+(Windows+NT+10.0;+Win64;+x64)+AppleWebKit/537.36+(KHTML,+like+Gecko)+Chrome/75.0.3770.142+Safari/537.36 http://localhost:52993/ 302 0 0 21
2019-07-22 04:40:59 ::1 GET /Account/Login ReturnUrl=%2fRoom%2fCreate 52993 - ::1 Mozilla/5.0+(Windows+NT+10.0;+Win64;+x64)+AppleWebKit/537.36+(KHTML,+like+Gecko)+Chrome/75.0.3770.142+Safari/537.36 http://localhost:52993/ 200 0 0 5311
2019-07-22 04:40:59 ::1 GET /Scripts/jquery.unobtrusive-ajax.js - 52993 - ::1 Mozilla/5.0+(Windows+NT+10.0;+Win64;+x64)+AppleWebKit/537.36+(KHTML,+like+Gecko)+Chrome/75.0.3770.142+Safari/537.36 http://localhost:52993/Account/Login?ReturnUrl=%2fRoom%2fCreate 304 0 0 50
2019-07-22 04:40:59 ::1 GET /Scripts/jquery.validate.js - 52993 - ::1 Mozilla/5.0+(Windows+NT+10.0;+Win64;+x64)+AppleWebKit/537.36+(KHTML,+like+Gecko)+Chrome/75.0.3770.142+Safari/537.36 http://localhost:52993/Account/Login?ReturnUrl=%2fRoom%2fCreate 304 0 0 50
2019-07-22 04:40:59 ::1 GET /Scripts/jquery.validate.unobtrusive.js - 52993 - ::1 Mozilla/5.0+(Windows+NT+10.0;+Win64;+x64)+AppleWebKit/537.36+(KHTML,+like+Gecko)+Chrome/75.0.3770.142+Safari/537.36 http://localhost:52993/Account/Login?ReturnUrl=%2fRoom%2fCreate 304 0 0 41
2019-07-22 04:40:59 ::1 GET /__browserLink/requestData/7c8c8ca9b7fd4d2db3085bba52d2630d - 52993 - ::1 Mozilla/5.0+(Windows+NT+10.0;+Win64;+x64)+AppleWebKit/537.36+(KHTML,+like+Gecko)+Chrome/75.0.3770.142+Safari/537.36 http://localhost:52993/Account/Login?ReturnUrl=%2fRoom%2fCreate 200 0 0 3
2019-07-22 04:41:12 ::1 POST /Account/Login ReturnUrl=%2FRoom%2FCreate 52993 - ::1 Mozilla/5.0+(Windows+NT+10.0;+Win64;+x64)+AppleWebKit/537.36+(KHTML,+like+Gecko)+Chrome/75.0.3770.142+Safari/537.36 http://localhost:52993/Account/Login?ReturnUrl=%2fRoom%2fCreate 200 0 0 376
2019-07-22 04:41:12 ::1 GET /__browserLink/requestData/55b45cf55eb14382af11d8cf329701bb - 52993 - ::1 Mozilla/5.0+(Windows+NT+10.0;+Win64;+x64)+AppleWebKit/537.36+(KHTML,+like+Gecko)+Chrome/75.0.3770.142+Safari/537.36 http://localhost:52993/Account/Login?ReturnUrl=%2FRoom%2FCreate 200 0 0 3
2019-07-22 04:41:16 ::1 GET /Account/Register - 52993 - ::1 Mozilla/5.0+(Windows+NT+10.0;+Win64;+x64)+AppleWebKit/537.36+(KHTML,+like+Gecko)+Chrome/75.0.3770.142+Safari/537.36 http://localhost:52993/Account/Login?ReturnUrl=%2FRoom%2FCreate 200 0 0 225
2019-07-22 04:41:16 ::1 GET /__browserLink/requestData/aa19367031e140b5a6364c822ae4f7f4 - 52993 - ::1 Mozilla/5.0+(Windows+NT+10.0;+Win64;+x64)+AppleWebKit/537.36+(KHTML,+like+Gecko)+Chrome/75.0.3770.142+Safari/537.36 http://localhost:52993/Account/Register 200 0 0 9
2019-07-22 04:41:28 ::1 POST /Account/Register - 52993 - ::1 Mozilla/5.0+(Windows+NT+10.0;+Win64;+x64)+AppleWebKit/537.36+(KHTML,+like+Gecko)+Chrome/75.0.3770.142+Safari/537.36 http://localhost:52993/Account/Register 302 0 0 608
2019-07-22 04:41:28 ::1 GET / - 52993 Admin ::1 Mozilla/5.0+(Windows+NT+10.0;+Win64;+x64)+AppleWebKit/537.36+(KHTML,+like+Gecko)+Chrome/75.0.3770.142+Safari/537.36 http://localhost:52993/Account/Register 200 0 0 9
2019-07-22 04:41:28 ::1 GET /__browserLink/requestData/9d35deb838f84dbbb70d6faf0da21952 - 52993 Admin ::1 Mozilla/5.0+(Windows+NT+10.0;+Win64;+x64)+AppleWebKit/537.36+(KHTML,+like+Gecko)+Chrome/75.0.3770.142+Safari/537.36 http://localhost:52993/ 200 0 0 5
2019-07-22 04:41:31 ::1 GET /Room/Create - 52993 Admin ::1 Mozilla/5.0+(Windows+NT+10.0;+Win64;+x64)+AppleWebKit/537.36+(KHTML,+like+Gecko)+Chrome/75.0.3770.142+Safari/537.36 http://localhost:52993/ 200 0 0 1158
2019-07-22 04:41:31 ::1 GET /__browserLink/requestData/0830c725618e40869ac383e015c63318 - 52993 Admin ::1 Mozilla/5.0+(Windows+NT+10.0;+Win64;+x64)+AppleWebKit/537.36+(KHTML,+like+Gecko)+Chrome/75.0.3770.142+Safari/537.36 http://localhost:52993/Room/Create 200 0 0 3
2019-07-22 04:41:34 ::1 POST /Room/Create - 52993 Admin ::1 Mozilla/5.0+(Windows+NT+10.0;+Win64;+x64)+AppleWebKit/537.36+(KHTML,+like+Gecko)+Chrome/75.0.3770.142+Safari/537.36 http://localhost:52993/Room/Create 200 0 0 6
2019-07-22 04:41:34 ::1 GET /__browserLink/requestData/0b2f4b30788748539b4a60074b7a3a67 - 52993 Admin ::1 Mozilla/5.0+(Windows+NT+10.0;+Win64;+x64)+AppleWebKit/537.36+(KHTML,+like+Gecko)+Chrome/75.0.3770.142+Safari/537.36 http://localhost:52993/Room/Create 200 0 0 3
2019-07-22 04:41:36 ::1 GET /Room/Viewdetails - 52993 Admin ::1 Mozilla/5.0+(Windows+NT+10.0;+Win64;+x64)+AppleWebKit/537.36+(KHTML,+like+Gecko)+Chrome/75.0.3770.142+Safari/537.36 http://localhost:52993/Room/Create 200 0 0 107
2019-07-22 04:41:36 ::1 GET /__browserLink/requestData/e82c8ee8be684af88fa74243cec94563 - 52993 Admin ::1 Mozilla/5.0+(Windows+NT+10.0;+Win64;+x64)+AppleWebKit/537.36+(KHTML,+like+Gecko)+Chrome/75.0.3770.142+Safari/537.36 http://localhost:52993/Room/Viewdetails 200 0 0 16
2019-07-22 04:41:38 ::1 GET /Room/Create - 52993 Admin ::1 Mozilla/5.0+(Windows+NT+10.0;+Win64;+x64)+AppleWebKit/537.36+(KHTML,+like+Gecko)+Chrome/75.0.3770.142+Safari/537.36 http://localhost:52993/Room/Viewdetails 200 0 0 8
2019-07-22 04:41:38 ::1 GET /__browserLink/requestData/80fd749e28b64c079c23f253e4f1be73 - 52993 Admin ::1 Mozilla/5.0+(Windows+NT+10.0;+Win64;+x64)+AppleWebKit/537.36+(KHTML,+like+Gecko)+Chrome/75.0.3770.142+Safari/537.36 http://localhost:52993/Room/Create 200 0 0 10
2019-07-22 04:41:39 ::1 POST /Room/Create - 52993 Admin ::1 Mozilla/5.0+(Windows+NT+10.0;+Win64;+x64)+AppleWebKit/537.36+(KHTML,+like+Gecko)+Chrome/75.0.3770.142+Safari/537.36 http://localhost:52993/Room/Create 200 0 0 11
2019-07-22 04:41:39 ::1 GET /__browserLink/requestData/9f146d2d0e5c48c18cb7faab9fb6530e - 52993 Admin ::1 Mozilla/5.0+(Windows+NT+10.0;+Win64;+x64)+AppleWebKit/537.36+(KHTML,+like+Gecko)+Chrome/75.0.3770.142+Safari/537.36 http://localhost:52993/Room/Create 200 0 0 12
2019-07-22 04:41:39 ::1 GET /Room/Viewdetails - 52993 Admin ::1 Mozilla/5.0+(Windows+NT+10.0;+Win64;+x64)+AppleWebKit/537.36+(KHTML,+like+Gecko)+Chrome/75.0.3770.142+Safari/537.36 http://localhost:52993/Room/Create 200 0 0 11
2019-07-22 04:41:39 ::1 GET /__browserLink/requestData/cf410f78d5dc428b9683357da7a7ecbe - 52993 Admin ::1 Mozilla/5.0+(Windows+NT+10.0;+Win64;+x64)+AppleWebKit/537.36+(KHTML,+like+Gecko)+Chrome/75.0.3770.142+Safari/537.36 http://localhost:52993/Room/Viewdetails 200 0 0 7
2019-07-22 04:41:41 ::1 GET /Room/delete id=0 52993 Admin ::1 Mozilla/5.0+(Windows+NT+10.0;+Win64;+x64)+AppleWebKit/537.36+(KHTML,+like+Gecko)+Chrome/75.0.3770.142+Safari/537.36 http://localhost:52993/Room/Viewdetails 200 0 0 76
2019-07-22 04:41:41 ::1 GET /__browserLink/requestData/c2f97f53f909410c8ecdbcab0354da41 - 52993 Admin ::1 Mozilla/5.0+(Windows+NT+10.0;+Win64;+x64)+AppleWebKit/537.36+(KHTML,+like+Gecko)+Chrome/75.0.3770.142+Safari/537.36 http://localhost:52993/Room/delete?id=0 200 0 0 3
2019-07-22 04:41:42 ::1 GET /Room/Viewdetails - 52993 Admin ::1 Mozilla/5.0+(Windows+NT+10.0;+Win64;+x64)+AppleWebKit/537.36+(KHTML,+like+Gecko)+Chrome/75.0.3770.142+Safari/537.36 http://localhost:52993/Room/delete?id=0 200 0 0 8
2019-07-22 04:41:42 ::1 GET /__browserLink/requestData/21e13a28af8c4e53b75b051911e62248 - 52993 Admin ::1 Mozilla/5.0+(Windows+NT+10.0;+Win64;+x64)+AppleWebKit/537.36+(KHTML,+like+Gecko)+Chrome/75.0.3770.142+Safari/537.36 http://localhost:52993/Room/Viewdetails 200 0 0 3
2019-07-22 04:41:44 ::1 GET /Room/delete id=0 52993 Admin ::1 Mozilla/5.0+(Windows+NT+10.0;+Win64;+x64)+AppleWebKit/537.36+(KHTML,+like+Gecko)+Chrome/75.0.3770.142+Safari/537.36 http://localhost:52993/Room/Viewdetails 200 0 0 11
2019-07-22 04:41:44 ::1 GET /__browserLink/requestData/d6c517b6330d481587fa3fcc57683195 - 52993 Admin ::1 Mozilla/5.0+(Windows+NT+10.0;+Win64;+x64)+AppleWebKit/537.36+(KHTML,+like+Gecko)+Chrome/75.0.3770.142+Safari/537.36 http://localhost:52993/Room/delete?id=0 200 0 0 3
2019-07-22 04:41:44 ::1 GET /Room/Viewdetails - 52993 Admin ::1 Mozilla/5.0+(Windows+NT+10.0;+Win64;+x64)+AppleWebKit/537.36+(KHTML,+like+Gecko)+Chrome/75.0.3770.142+Safari/537.36 http://localhost:52993/Room/delete?id=0 200 0 0 10
2019-07-22 04:41:45 ::1 GET /__browserLink/requestData/a5ab33e577db4e8e8ffe335c38ef1792 - 52993 Admin ::1 Mozilla/5.0+(Windows+NT+10.0;+Win64;+x64)+AppleWebKit/537.36+(KHTML,+like+Gecko)+Chrome/75.0.3770.142+Safari/537.36 http://localhost:52993/Room/Viewdetails 200 0 0 3
2019-07-22 04:41:47 ::1 GET /Room/Create - 52993 Admin ::1 Mozilla/5.0+(Windows+NT+10.0;+Win64;+x64)+AppleWebKit/537.36+(KHTML,+like+Gecko)+Chrome/75.0.3770.142+Safari/537.36 http://localhost:52993/Room/Viewdetails 200 0 0 10
2019-07-22 04:41:47 ::1 GET /__browserLink/requestData/897f9448c959427bbcc68186e7e3e2ac - 52993 Admin ::1 Mozilla/5.0+(Windows+NT+10.0;+Win64;+x64)+AppleWebKit/537.36+(KHTML,+like+Gecko)+Chrome/75.0.3770.142+Safari/537.36 http://localhost:52993/Room/Create 200 0 0 8
2019-07-22 04:41:49 ::1 POST /Room/Create - 52993 Admin ::1 Mozilla/5.0+(Windows+NT+10.0;+Win64;+x64)+AppleWebKit/537.36+(KHTML,+like+Gecko)+Chrome/75.0.3770.142+Safari/537.36 http://localhost:52993/Room/Create 200 0 0 5
2019-07-22 04:41:49 ::1 GET /__browserLink/requestData/f8bd6377a1b849dd9b052a478c2b2fe5 - 52993 Admin ::1 Mozilla/5.0+(Windows+NT+10.0;+Win64;+x64)+AppleWebKit/537.36+(KHTML,+like+Gecko)+Chrome/75.0.3770.142+Safari/537.36 http://localhost:52993/Room/Create 200 0 0 7
2019-07-22 04:41:49 ::1 GET /Room/Viewdetails - 52993 Admin ::1 Mozilla/5.0+(Windows+NT+10.0;+Win64;+x64)+AppleWebKit/537.36+(KHTML,+like+Gecko)+Chrome/75.0.3770.142+Safari/537.36 http://localhost:52993/Room/Create 200 0 0 8
2019-07-22 04:41:49 ::1 GET /__browserLink/requestData/536eae90f1d4401484194a2d0ff04288 - 52993 Admin ::1 Mozilla/5.0+(Windows+NT+10.0;+Win64;+x64)+AppleWebKit/537.36+(KHTML,+like+Gecko)+Chrome/75.0.3770.142+Safari/537.36 http://localhost:52993/Room/Viewdetails 200 0 0 3
2019-07-22 04:41:54 ::1 GET /Room/delete id=0 52993 Admin ::1 Mozilla/5.0+(Windows+NT+10.0;+Win64;+x64)+AppleWebKit/537.36+(KHTML,+like+Gecko)+Chrome/75.0.3770.142+Safari/537.36 http://localhost:52993/Room/Viewdetails 200 0 0 14
2019-07-22 04:41:54 ::1 GET /__browserLink/requestData/fc380fdc2edd465bbb61843817034453 - 52993 Admin ::1 Mozilla/5.0+(Windows+NT+10.0;+Win64;+x64)+AppleWebKit/537.36+(KHTML,+like+Gecko)+Chrome/75.0.3770.142+Safari/537.36 http://localhost:52993/Room/delete?id=0 200 0 0 3
2019-07-22 04:41:54 ::1 GET /Room/Viewdetails - 52993 Admin ::1 Mozilla/5.0+(Windows+NT+10.0;+Win64;+x64)+AppleWebKit/537.36+(KHTML,+like+Gecko)+Chrome/75.0.3770.142+Safari/537.36 http://localhost:52993/Room/delete?id=0 200 0 0 10
2019-07-22 04:41:55 ::1 GET /__browserLink/requestData/8785ff4efca7408188d4a3551dc695fe - 52993 Admin ::1 Mozilla/5.0+(Windows+NT+10.0;+Win64;+x64)+AppleWebKit/537.36+(KHTML,+like+Gecko)+Chrome/75.0.3770.142+Safari/537.36 http://localhost:52993/Room/Viewdetails 200 0 0 4
2019-07-22 04:41:57 ::1 GET /Room/Edit id=0 52993 Admin ::1 Mozilla/5.0+(Windows+NT+10.0;+Win64;+x64)+AppleWebKit/537.36+(KHTML,+like+Gecko)+Chrome/75.0.3770.142+Safari/537.36 http://localhost:52993/Room/Viewdetails 200 0 0 151
2019-07-22 04:41:57 ::1 GET /__browserLink/requestData/43759ac24f5b44988f33bd1ee269b35e - 52993 Admin ::1 Mozilla/5.0+(Windows+NT+10.0;+Win64;+x64)+AppleWebKit/537.36+(KHTML,+like+Gecko)+Chrome/75.0.3770.142+Safari/537.36 http://localhost:52993/Room/Edit?id=0 200 0 0 7
2019-07-22 04:42:08 ::1 POST /Room/Edit id=0 52993 Admin ::1 Mozilla/5.0+(Windows+NT+10.0;+Win64;+x64)+AppleWebKit/537.36+(KHTML,+like+Gecko)+Chrome/75.0.3770.142+Safari/537.36 http://localhost:52993/Room/Edit?id=0 302 0 0 15
2019-07-22 04:42:08 ::1 GET /Room/Viewdetails - 52993 Admin ::1 Mozilla/5.0+(Windows+NT+10.0;+Win64;+x64)+AppleWebKit/537.36+(KHTML,+like+Gecko)+Chrome/75.0.3770.142+Safari/537.36 http://localhost:52993/Room/Edit?id=0 200 0 0 15
2019-07-22 04:42:08 ::1 GET /__browserLink/requestData/47300439899f41f38b51eb6483df982a - 52993 Admin ::1 Mozilla/5.0+(Windows+NT+10.0;+Win64;+x64)+AppleWebKit/537.36+(KHTML,+like+Gecko)+Chrome/75.0.3770.142+Safari/537.36 http://localhost:52993/Room/Viewdetails 200 0 0 4
2019-07-22 04:42:10 ::1 GET /Room/delete id=0 52993 Admin ::1 Mozilla/5.0+(Windows+NT+10.0;+Win64;+x64)+AppleWebKit/537.36+(KHTML,+like+Gecko)+Chrome/75.0.3770.142+Safari/537.36 http://localhost:52993/Room/Viewdetails 200 0 0 14
2019-07-22 04:42:10 ::1 GET /__browserLink/requestData/0ebf3905f6ae45609a82b59a2771509e - 52993 Admin ::1 Mozilla/5.0+(Windows+NT+10.0;+Win64;+x64)+AppleWebKit/537.36+(KHTML,+like+Gecko)+Chrome/75.0.3770.142+Safari/537.36 http://localhost:52993/Room/delete?id=0 200 0 0 8
2019-07-22 04:42:11 ::1 GET /Room/Viewdetails - 52993 Admin ::1 Mozilla/5.0+(Windows+NT+10.0;+Win64;+x64)+AppleWebKit/537.36+(KHTML,+like+Gecko)+Chrome/75.0.3770.142+Safari/537.36 http://localhost:52993/Room/delete?id=0 200 0 0 7
2019-07-22 04:42:11 ::1 GET /__browserLink/requestData/8074a4bb639d4a7aa860055136580c6b - 52993 Admin ::1 Mozilla/5.0+(Windows+NT+10.0;+Win64;+x64)+AppleWebKit/537.36+(KHTML,+like+Gecko)+Chrome/75.0.3770.142+Safari/537.36 http://localhost:52993/Room/Viewdetails 200 0 0 3
2019-07-22 04:42:13 ::1 GET /Room/delete id=0 52993 Admin ::1 Mozilla/5.0+(Windows+NT+10.0;+Win64;+x64)+AppleWebKit/537.36+(KHTML,+like+Gecko)+Chrome/75.0.3770.142+Safari/537.36 http://localhost:52993/Room/Viewdetails 200 0 0 6
2019-07-22 04:42:13 ::1 GET /__browserLink/requestData/466ef4d1dc934e138bcf441d20d3db7f - 52993 Admin ::1 Mozilla/5.0+(Windows+NT+10.0;+Win64;+x64)+AppleWebKit/537.36+(KHTML,+like+Gecko)+Chrome/75.0.3770.142+Safari/537.36 http://localhost:52993/Room/delete?id=0 200 0 0 7
2019-07-22 04:42:14 ::1 GET /Room/Viewdetails - 52993 Admin ::1 Mozilla/5.0+(Windows+NT+10.0;+Win64;+x64)+AppleWebKit/537.36+(KHTML,+like+Gecko)+Chrome/75.0.3770.142+Safari/537.36 http://localhost:52993/Room/delete?id=0 200 0 0 9
2019-07-22 04:42:14 ::1 GET /__browserLink/requestData/62e073768d0740699fad758f3e7e2404 - 52993 Admin ::1 Mozilla/5.0+(Windows+NT+10.0;+Win64;+x64)+AppleWebKit/537.36+(KHTML,+like+Gecko)+Chrome/75.0.3770.142+Safari/537.36 http://localhost:52993/Room/Viewdetails 200 0 0 3
2019-07-22 04:42:14 ::1 GET /Room/Create - 52993 Admin ::1 Mozilla/5.0+(Windows+NT+10.0;+Win64;+x64)+AppleWebKit/537.36+(KHTML,+like+Gecko)+Chrome/75.0.3770.142+Safari/537.36 http://localhost:52993/Room/Viewdetails 200 0 0 18
2019-07-22 04:42:14 ::1 GET /__browserLink/requestData/06969999b9d54f81af078850ddf552ef - 52993 Admin ::1 Mozilla/5.0+(Windows+NT+10.0;+Win64;+x64)+AppleWebKit/537.36+(KHTML,+like+Gecko)+Chrome/75.0.3770.142+Safari/537.36 http://localhost:52993/Room/Create 200 0 0 3
2019-07-22 04:42:17 ::1 POST /Room/Create - 52993 Admin ::1 Mozilla/5.0+(Windows+NT+10.0;+Win64;+x64)+AppleWebKit/537.36+(KHTML,+like+Gecko)+Chrome/75.0.3770.142+Safari/537.36 http://localhost:52993/Room/Create 200 0 0 9
2019-07-22 04:42:17 ::1 GET /__browserLink/requestData/013df06c14ed4830ac603c7ddae828a9 - 52993 Admin ::1 Mozilla/5.0+(Windows+NT+10.0;+Win64;+x64)+AppleWebKit/537.36+(KHTML,+like+Gecko)+Chrome/75.0.3770.142+Safari/537.36 http://localhost:52993/Room/Create 200 0 0 8
2019-07-22 04:42:18 ::1 GET /Room/Viewdetails - 52993 Admin ::1 Mozilla/5.0+(Windows+NT+10.0;+Win64;+x64)+AppleWebKit/537.36+(KHTML,+like+Gecko)+Chrome/75.0.3770.142+Safari/537.36 http://localhost:52993/Room/Create 200 0 0 8
2019-07-22 04:42:18 ::1 GET /__browserLink/requestData/15a89b396bb64b36a763caf0bf325222 - 52993 Admin ::1 Mozilla/5.0+(Windows+NT+10.0;+Win64;+x64)+AppleWebKit/537.36+(KHTML,+like+Gecko)+Chrome/75.0.3770.142+Safari/537.36 http://localhost:52993/Room/Viewdetails 200 0 0 3
2019-07-22 04:42:20 ::1 GET /Room/Create - 52993 Admin ::1 Mozilla/5.0+(Windows+NT+10.0;+Win64;+x64)+AppleWebKit/537.36+(KHTML,+like+Gecko)+Chrome/75.0.3770.142+Safari/537.36 http://localhost:52993/Room/Viewdetails 200 0 0 6
2019-07-22 04:42:20 ::1 GET /__browserLink/requestData/320a2e851c3a44378015c5fdc9fecc55 - 52993 Admin ::1 Mozilla/5.0+(Windows+NT+10.0;+Win64;+x64)+AppleWebKit/537.36+(KHTML,+like+Gecko)+Chrome/75.0.3770.142+Safari/537.36 http://localhost:52993/Room/Create 200 0 0 8
2019-07-22 04:42:21 ::1 POST /Room/Create - 52993 Admin ::1 Mozilla/5.0+(Windows+NT+10.0;+Win64;+x64)+AppleWebKit/537.36+(KHTML,+like+Gecko)+Chrome/75.0.3770.142+Safari/537.36 http://localhost:52993/Room/Create 200 0 0 11
2019-07-22 04:42:21 ::1 GET /__browserLink/requestData/2fd7a5556d1447328ab7ec58fe60807a - 52993 Admin ::1 Mozilla/5.0+(Windows+NT+10.0;+Win64;+x64)+AppleWebKit/537.36+(KHTML,+like+Gecko)+Chrome/75.0.3770.142+Safari/537.36 http://localhost:52993/Room/Create 200 0 0 4
2019-07-22 04:42:21 ::1 GET /Room/Viewdetails - 52993 Admin ::1 Mozilla/5.0+(Windows+NT+10.0;+Win64;+x64)+AppleWebKit/537.36+(KHTML,+like+Gecko)+Chrome/75.0.3770.142+Safari/537.36 http://localhost:52993/Room/Create 200 0 0 12
2019-07-22 04:42:21 ::1 GET /__browserLink/requestData/2e289366409844de9035537a8ece52b1 - 52993 Admin ::1 Mozilla/5.0+(Windows+NT+10.0;+Win64;+x64)+AppleWebKit/537.36+(KHTML,+like+Gecko)+Chrome/75.0.3770.142+Safari/537.36 http://localhost:52993/Room/Viewdetails 200 0 0 3
#Software: Microsoft Internet Information Services 8.0
#Version: 1.0
#Date: 2019-07-22 04:45:45
#Fields: date time s-ip cs-method cs-uri-stem cs-uri-query s-port cs-username c-ip cs(User-Agent) cs(Referer) sc-status sc-substatus sc-win32-status time-taken
2019-07-22 04:45:45 ::1 GET /Checkin/Viewchekin - 52993 - ::1 Mozilla/5.0+(compatible;+MSIE+10.0;+Windows+NT+6.2;+WOW64;+Trident/7.0;+Eureka/1.0) - 200 0 0 6528
2019-07-22 04:45:45 ::1 GET /Scripts/modernizr-2.6.2.js - 52993 - ::1 Mozilla/5.0+(compatible;+MSIE+10.0;+Windows+NT+6.2;+WOW64;+Trident/7.0;+Eureka/1.0) http://localhost:52993/Checkin/Viewchekin 200 0 0 21
2019-07-22 04:45:45 ::1 GET /Content/site.css - 52993 - ::1 Mozilla/5.0+(compatible;+MSIE+10.0;+Windows+NT+6.2;+WOW64;+Trident/7.0;+Eureka/1.0) http://localhost:52993/Checkin/Viewchekin 200 0 0 90
2019-07-22 04:45:45 ::1 GET /Scripts/jquery-1.8.2.js - 52993 - ::1 Mozilla/5.0+(compatible;+MSIE+10.0;+Windows+NT+6.2;+WOW64;+Trident/7.0;+Eureka/1.0) http://localhost:52993/Checkin/Viewchekin 200 0 0 40
2019-07-22 04:47:22 ::1 GET /a43d35a47c46457e968080add986f8c8/arterySignalR/ping requestUrl=http%3A%2F%2Flocalhost%3A52993%2FRoom%2FViewdetails&browserName=Chrome&_=1563770842459 52993 Admin ::1 Mozilla/5.0+(Windows+NT+10.0;+Win64;+x64)+AppleWebKit/537.36+(KHTML,+like+Gecko)+Chrome/75.0.3770.142+Safari/537.36 http://localhost:52993/Room/Viewdetails 404 0 0 16
#Software: Microsoft Internet Information Services 8.0
#Version: 1.0
#Date: 2019-07-22 04:52:17
#Fields: date time s-ip cs-method cs-uri-stem cs-uri-query s-port cs-username c-ip cs(User-Agent) cs(Referer) sc-status sc-substatus sc-win32-status time-taken
2019-07-22 04:52:17 ::1 GET / - 52993 Admin ::1 Mozilla/5.0+(Windows+NT+10.0;+Win64;+x64)+AppleWebKit/537.36+(KHTML,+like+Gecko)+Chrome/75.0.3770.142+Safari/537.36 - 200 0 0 7907
2019-07-22 04:52:17 ::1 GET /__browserLink/requestData/ec8ea98024bf4de1a446cf926d64a5bd - 52993 Admin ::1 Mozilla/5.0+(Windows+NT+10.0;+Win64;+x64)+AppleWebKit/537.36+(KHTML,+like+Gecko)+Chrome/75.0.3770.142+Safari/537.36 http://localhost:52993/ 200 0 0 16
2019-07-22 04:52:23 ::1 GET /a43d35a47c46457e968080add986f8c8/arterySignalR/ping requestUrl=http%3A%2F%2Flocalhost%3A52993%2FRoom%2FViewdetails&browserName=Chrome&_=1563771143105 52993 Admin ::1 Mozilla/5.0+(Windows+NT+10.0;+Win64;+x64)+AppleWebKit/537.36+(KHTML,+like+Gecko)+Chrome/75.0.3770.142+Safari/537.36 http://localhost:52993/Room/Viewdetails 404 0 0 66
2019-07-22 04:53:43 ::1 GET / - 52993 Admin ::1 Mozilla/5.0+(Windows+NT+10.0;+Win64;+x64)+AppleWebKit/537.36+(KHTML,+like+Gecko)+Chrome/75.0.3770.142+Safari/537.36 - 200 0 0 1605
2019-07-22 04:53:43 ::1 GET /favicon.ico - 52993 - ::1 Mozilla/5.0+(Windows+NT+10.0;+Win64;+x64)+AppleWebKit/537.36+(KHTML,+like+Gecko)+Chrome/75.0.3770.142+Safari/537.36 http://localhost:52993/ 200 0 0 34
2019-07-22 04:53:43 ::1 GET /__browserLink/requestData/35b9fa5b24b643c98612c11ea7fb24f4 - 52993 Admin ::1 Mozilla/5.0+(Windows+NT+10.0;+Win64;+x64)+AppleWebKit/537.36+(KHTML,+like+Gecko)+Chrome/75.0.3770.142+Safari/537.36 http://localhost:52993/ 200 0 0 9
2019-07-22 04:56:03 ::1 GET /Images/ccent.png - 52993 - ::1 Mozilla/5.0+(compatible;+MSIE+10.0;+Windows+NT+6.2;+WOW64;+Trident/7.0;+Eureka/1.0) http://localhost:52993/Checkin/Viewchekin 404 0 2 28
2019-07-22 04:56:04 ::1 GET /Images/Accent.png - 52993 - ::1 Mozilla/5.0+(compatible;+MSIE+10.0;+Windows+NT+6.2;+WOW64;+Trident/7.0;+Eureka/1.0) http://localhost:52993/Checkin/Viewchekin 200 0 0 3
2019-07-22 04:57:08 ::1 GET /Home/Index - 52993 - ::1 Mozilla/5.0+(compatible;+MSIE+10.0;+Windows+NT+6.2;+WOW64;+Trident/7.0;+Eureka/1.0) - 200 0 0 1572
2019-07-22 04:57:08 ::1 GET /Scripts/modernizr-2.6.2.js - 52993 - ::1 Mozilla/5.0+(compatible;+MSIE+10.0;+Windows+NT+6.2;+WOW64;+Trident/7.0;+Eureka/1.0) http://localhost:52993/Home/Index 200 0 0 20
2019-07-22 04:57:08 ::1 GET /Content/site.css - 52993 - ::1 Mozilla/5.0+(compatible;+MSIE+10.0;+Windows+NT+6.2;+WOW64;+Trident/7.0;+Eureka/1.0) http://localhost:52993/Home/Index 200 0 0 65
2019-07-22 04:57:08 ::1 GET /Scripts/jquery-1.8.2.js - 52993 - ::1 Mozilla/5.0+(compatible;+MSIE+10.0;+Windows+NT+6.2;+WOW64;+Trident/7.0;+Eureka/1.0) http://localhost:52993/Home/Index 200 0 0 61
2019-07-22 04:57:08 ::1 GET /Images/heroAccent.png - 52993 - ::1 Mozilla/5.0+(compatible;+MSIE+10.0;+Windows+NT+6.2;+WOW64;+Trident/7.0;+Eureka/1.0) http://localhost:52993/Home/Index 200 0 0 2
2019-07-22 04:57:23 ::1 GET /a43d35a47c46457e968080add986f8c8/arterySignalR/ping requestUrl=http%3A%2F%2Flocalhost%3A52993%2FRoom%2FViewdetails&browserName=Chrome&_=1563771443103 52993 Admin ::1 Mozilla/5.0+(Windows+NT+10.0;+Win64;+x64)+AppleWebKit/537.36+(KHTML,+like+Gecko)+Chrome/75.0.3770.142+Safari/537.36 http://localhost:52993/Room/Viewdetails 404 0 0 30
2019-07-22 04:57:47 ::1 GET /Home/Index - 52993 - ::1 Mozilla/5.0+(compatible;+MSIE+10.0;+Windows+NT+6.2;+WOW64;+Trident/7.0;+Eureka/1.0) - 200 0 0 1391
2019-07-22 04:57:47 ::1 GET /Scripts/modernizr-2.6.2.js - 52993 - ::1 Mozilla/5.0+(compatible;+MSIE+10.0;+Windows+NT+6.2;+WOW64;+Trident/7.0;+Eureka/1.0) http://localhost:52993/Home/Index 200 0 0 22
2019-07-22 04:57:47 ::1 GET /Content/site.css - 52993 - ::1 Mozilla/5.0+(compatible;+MSIE+10.0;+Windows+NT+6.2;+WOW64;+Trident/7.0;+Eureka/1.0) http://localhost:52993/Home/Index 200 0 0 49
2019-07-22 04:57:47 ::1 GET /Scripts/jquery-1.8.2.js - 52993 - ::1 Mozilla/5.0+(compatible;+MSIE+10.0;+Windows+NT+6.2;+WOW64;+Trident/7.0;+Eureka/1.0) http://localhost:52993/Home/Index 200 0 0 81
2019-07-22 04:57:47 ::1 GET /Images/heroAccent.png - 52993 - ::1 Mozilla/5.0+(compatible;+MSIE+10.0;+Windows+NT+6.2;+WOW64;+Trident/7.0;+Eureka/1.0) http://localhost:52993/Home/Index 304 0 0 12
2019-07-22 04:58:20 ::1 GET /Home/Index - 52993 - ::1 Mozilla/5.0+(compatible;+MSIE+10.0;+Windows+NT+6.2;+WOW64;+Trident/7.0;+Eureka/1.0) - 200 0 0 37
2019-07-22 04:58:20 ::1 GET /Scripts/modernizr-2.6.2.js - 52993 - ::1 Mozilla/5.0+(compatible;+MSIE+10.0;+Windows+NT+6.2;+WOW64;+Trident/7.0;+Eureka/1.0) http://localhost:52993/Home/Index 200 0 0 20
2019-07-22 04:58:20 ::1 GET /Content/site.css - 52993 - ::1 Mozilla/5.0+(compatible;+MSIE+10.0;+Windows+NT+6.2;+WOW64;+Trident/7.0;+Eureka/1.0) http://localhost:52993/Home/Index 200 0 0 44
2019-07-22 04:58:20 ::1 GET /Scripts/jquery-1.8.2.js - 52993 - ::1 Mozilla/5.0+(compatible;+MSIE+10.0;+Windows+NT+6.2;+WOW64;+Trident/7.0;+Eureka/1.0) http://localhost:52993/Home/Index 200 0 0 92
2019-07-22 04:58:20 ::1 GET /Images/heroAccent.png - 52993 - ::1 Mozilla/5.0+(compatible;+MSIE+10.0;+Windows+NT+6.2;+WOW64;+Trident/7.0;+Eureka/1.0) http://localhost:52993/Home/Index 304 0 0 20
#Software: Microsoft Internet Information Services 8.0
#Version: 1.0
#Date: 2019-07-22 04:58:42
#Fields: date time s-ip cs-method cs-uri-stem cs-uri-query s-port cs-username c-ip cs(User-Agent) cs(Referer) sc-status sc-substatus sc-win32-status time-taken
2019-07-22 04:58:42 ::1 GET / - 52993 Admin ::1 Mozilla/5.0+(Windows+NT+10.0;+Win64;+x64)+AppleWebKit/537.36+(KHTML,+like+Gecko)+Chrome/75.0.3770.142+Safari/537.36 - 200 0 0 3395
2019-07-22 04:58:42 ::1 GET /__browserLink/requestData/3316fb4800fc480f8b6074fd5b553a87 - 52993 Admin ::1 Mozilla/5.0+(Windows+NT+10.0;+Win64;+x64)+AppleWebKit/537.36+(KHTML,+like+Gecko)+Chrome/75.0.3770.142+Safari/537.36 http://localhost:52993/ 200 0 0 12
2019-07-22 04:58:44 ::1 GET /a43d35a47c46457e968080add986f8c8/arterySignalR/ping requestUrl=http%3A%2F%2Flocalhost%3A52993%2F&browserName=Chrome&_=1563771524109 52993 Admin ::1 Mozilla/5.0+(Windows+NT+10.0;+Win64;+x64)+AppleWebKit/537.36+(KHTML,+like+Gecko)+Chrome/75.0.3770.142+Safari/537.36 http://localhost:52993/ 404 0 0 47
2019-07-22 04:58:47 ::1 GET /Room/Create - 52993 Admin ::1 Mozilla/5.0+(Windows+NT+10.0;+Win64;+x64)+AppleWebKit/537.36+(KHTML,+like+Gecko)+Chrome/75.0.3770.142+Safari/537.36 http://localhost:52993/ 200 0 0 1770
2019-07-22 04:58:47 ::1 GET /__browserLink/requestData/56283536c78349e881cfc69aef7d98f9 - 52993 Admin ::1 Mozilla/5.0+(Windows+NT+10.0;+Win64;+x64)+AppleWebKit/537.36+(KHTML,+like+Gecko)+Chrome/75.0.3770.142+Safari/537.36 http://localhost:52993/Room/Create 200 0 0 3
2019-07-22 04:58:50 ::1 POST /Room/Create - 52993 Admin ::1 Mozilla/5.0+(Windows+NT+10.0;+Win64;+x64)+AppleWebKit/537.36+(KHTML,+like+Gecko)+Chrome/75.0.3770.142+Safari/537.36 http://localhost:52993/Room/Create 200 0 0 11
2019-07-22 04:58:50 ::1 GET /__browserLink/requestData/a116b77b57834739ba96a82de98aace8 - 52993 Admin ::1 Mozilla/5.0+(Windows+NT+10.0;+Win64;+x64)+AppleWebKit/537.36+(KHTML,+like+Gecko)+Chrome/75.0.3770.142+Safari/537.36 http://localhost:52993/Room/Create 200 0 0 3
2019-07-22 04:58:53 ::1 POST /Room/Create - 52993 Admin ::1 Mozilla/5.0+(Windows+NT+10.0;+Win64;+x64)+AppleWebKit/537.36+(KHTML,+like+Gecko)+Chrome/75.0.3770.142+Safari/537.36 http://localhost:52993/Room/Create 200 0 0 12
2019-07-22 04:58:53 ::1 GET /__browserLink/requestData/747d7aaeffd34ab1ba38d069a705039d - 52993 Admin ::1 Mozilla/5.0+(Windows+NT+10.0;+Win64;+x64)+AppleWebKit/537.36+(KHTML,+like+Gecko)+Chrome/75.0.3770.142+Safari/537.36 http://localhost:52993/Room/Create 200 0 0 4
2019-07-22 04:58:53 ::1 GET /Room/Viewdetails - 52993 Admin ::1 Mozilla/5.0+(Windows+NT+10.0;+Win64;+x64)+AppleWebKit/537.36+(KHTML,+like+Gecko)+Chrome/75.0.3770.142+Safari/537.36 http://localhost:52993/Room/Create 200 0 0 103
2019-07-22 04:58:54 ::1 GET /__browserLink/requestData/567606fcb241408f82e0e1c74a1c0857 - 52993 Admin ::1 Mozilla/5.0+(Windows+NT+10.0;+Win64;+x64)+AppleWebKit/537.36+(KHTML,+like+Gecko)+Chrome/75.0.3770.142+Safari/537.36 http://localhost:52993/Room/Viewdetails 200 0 0 3
2019-07-22 04:58:56 ::1 GET /Room/Create - 52993 Admin ::1 Mozilla/5.0+(Windows+NT+10.0;+Win64;+x64)+AppleWebKit/537.36+(KHTML,+like+Gecko)+Chrome/75.0.3770.142+Safari/537.36 http://localhost:52993/Room/Viewdetails 200 0 0 6
2019-07-22 04:58:56 ::1 GET /__browserLink/requestData/be4e1206157a44f6983d5cc55b76fd97 - 52993 Admin ::1 Mozilla/5.0+(Windows+NT+10.0;+Win64;+x64)+AppleWebKit/537.36+(KHTML,+like+Gecko)+Chrome/75.0.3770.142+Safari/537.36 http://localhost:52993/Room/Create 200 0 0 3
2019-07-22 04:58:58 ::1 POST /Room/Create - 52993 Admin ::1 Mozilla/5.0+(Windows+NT+10.0;+Win64;+x64)+AppleWebKit/537.36+(KHTML,+like+Gecko)+Chrome/75.0.3770.142+Safari/537.36 http://localhost:52993/Room/Create 200 0 0 15
2019-07-22 04:58:58 ::1 GET /__browserLink/requestData/04349e9a6fc24ee89c1ede37f578f7e2 - 52993 Admin ::1 Mozilla/5.0+(Windows+NT+10.0;+Win64;+x64)+AppleWebKit/537.36+(KHTML,+like+Gecko)+Chrome/75.0.3770.142+Safari/537.36 http://localhost:52993/Room/Create 200 0 0 5
2019-07-22 04:58:58 ::1 GET /Room/Viewdetails - 52993 Admin ::1 Mozilla/5.0+(Windows+NT+10.0;+Win64;+x64)+AppleWebKit/537.36+(KHTML,+like+Gecko)+Chrome/75.0.3770.142+Safari/537.36 http://localhost:52993/Room/Create 200 0 0 10
2019-07-22 04:58:58 ::1 GET /__browserLink/requestData/39701e19a3e7455db39eb26f0dac4201 - 52993 Admin ::1 Mozilla/5.0+(Windows+NT+10.0;+Win64;+x64)+AppleWebKit/537.36+(KHTML,+like+Gecko)+Chrome/75.0.3770.142+Safari/537.36 http://localhost:52993/Room/Viewdetails 200 0 0 3
2019-07-22 04:58:59 ::1 GET /Room/Create - 52993 Admin ::1 Mozilla/5.0+(Windows+NT+10.0;+Win64;+x64)+AppleWebKit/537.36+(KHTML,+like+Gecko)+Chrome/75.0.3770.142+Safari/537.36 http://localhost:52993/Room/Viewdetails 200 0 0 17
2019-07-22 04:58:59 ::1 GET /__browserLink/requestData/55128a8eae7941f5b52e4d6aea41b24e - 52993 Admin ::1 Mozilla/5.0+(Windows+NT+10.0;+Win64;+x64)+AppleWebKit/537.36+(KHTML,+like+Gecko)+Chrome/75.0.3770.142+Safari/537.36 http://localhost:52993/Room/Create 200 0 0 26
2019-07-22 04:59:02 ::1 POST /Room/Create - 52993 Admin ::1 Mozilla/5.0+(Windows+NT+10.0;+Win64;+x64)+AppleWebKit/537.36+(KHTML,+like+Gecko)+Chrome/75.0.3770.142+Safari/537.36 http://localhost:52993/Room/Create 200 0 0 9
2019-07-22 04:59:02 ::1 GET /__browserLink/requestData/696275ad5fc24ff991c0622752344c5a - 52993 Admin ::1 Mozilla/5.0+(Windows+NT+10.0;+Win64;+x64)+AppleWebKit/537.36+(KHTML,+like+Gecko)+Chrome/75.0.3770.142+Safari/537.36 http://localhost:52993/Room/Create 200 0 0 4
2019-07-22 04:59:03 ::1 GET /Room/Viewdetails - 52993 Admin ::1 Mozilla/5.0+(Windows+NT+10.0;+Win64;+x64)+AppleWebKit/537.36+(KHTML,+like+Gecko)+Chrome/75.0.3770.142+Safari/537.36 http://localhost:52993/Room/Create 200 0 0 12
2019-07-22 04:59:03 ::1 GET /__browserLink/requestData/6feade0c1fa04efb9286ecb9514d19ba - 52993 Admin ::1 Mozilla/5.0+(Windows+NT+10.0;+Win64;+x64)+AppleWebKit/537.36+(KHTML,+like+Gecko)+Chrome/75.0.3770.142+Safari/537.36 http://localhost:52993/Room/Viewdetails 200 0 0 6
2019-07-22 05:02:23 ::1 GET /a43d35a47c46457e968080add986f8c8/arterySignalR/ping requestUrl=http%3A%2F%2Flocalhost%3A52993%2FRoom%2FViewdetails&browserName=Chrome&_=1563771743104 52993 Admin ::1 Mozilla/5.0+(Windows+NT+10.0;+Win64;+x64)+AppleWebKit/537.36+(KHTML,+like+Gecko)+Chrome/75.0.3770.142+Safari/537.36 http://localhost:52993/Room/Viewdetails 404 0 0 38
2019-07-22 05:02:32 ::1 GET /Room/delete id=0 52993 Admin ::1 Mozilla/5.0+(Windows+NT+10.0;+Win64;+x64)+AppleWebKit/537.36+(KHTML,+like+Gecko)+Chrome/75.0.3770.142+Safari/537.36 http://localhost:52993/Room/Viewdetails 200 0 0 1685
2019-07-22 05:02:32 ::1 GET /__browserLink/requestData/42bf95ba18834d5b89b1136faff68712 - 52993 Admin ::1 Mozilla/5.0+(Windows+NT+10.0;+Win64;+x64)+AppleWebKit/537.36+(KHTML,+like+Gecko)+Chrome/75.0.3770.142+Safari/537.36 http://localhost:52993/Room/delete?id=0 200 0 0 3
2019-07-22 05:02:34 ::1 GET /Room/Viewdetails - 52993 Admin ::1 Mozilla/5.0+(Windows+NT+10.0;+Win64;+x64)+AppleWebKit/537.36+(KHTML,+like+Gecko)+Chrome/75.0.3770.142+Safari/537.36 http://localhost:52993/Room/delete?id=0 200 0 0 115
2019-07-22 05:02:34 ::1 GET /__browserLink/requestData/ce9e627fcaaf4b90b1496d1e754894a5 - 52993 Admin ::1 Mozilla/5.0+(Windows+NT+10.0;+Win64;+x64)+AppleWebKit/537.36+(KHTML,+like+Gecko)+Chrome/75.0.3770.142+Safari/537.36 http://localhost:52993/Room/Viewdetails 200 0 0 3
2019-07-22 05:02:37 ::1 GET /Room/delete id=0 52993 Admin ::1 Mozilla/5.0+(Windows+NT+10.0;+Win64;+x64)+AppleWebKit/537.36+(KHTML,+like+Gecko)+Chrome/75.0.3770.142+Safari/537.36 http://localhost:52993/Room/Viewdetails 200 0 0 6
2019-07-22 05:02:37 ::1 GET /__browserLink/requestData/f0ba1d2dd85249fa9222957691e02e7d - 52993 Admin ::1 Mozilla/5.0+(Windows+NT+10.0;+Win64;+x64)+AppleWebKit/537.36+(KHTML,+like+Gecko)+Chrome/75.0.3770.142+Safari/537.36 http://localhost:52993/Room/delete?id=0 200 0 0 7
2019-07-22 05:02:37 ::1 GET /Room/Viewdetails - 52993 Admin ::1 Mozilla/5.0+(Windows+NT+10.0;+Win64;+x64)+AppleWebKit/537.36+(KHTML,+like+Gecko)+Chrome/75.0.3770.142+Safari/537.36 http://localhost:52993/Room/delete?id=0 200 0 0 14
2019-07-22 05:02:38 ::1 GET /__browserLink/requestData/f65a8b2d4e75454daed26da104cbabb7 - 52993 Admin ::1 Mozilla/5.0+(Windows+NT+10.0;+Win64;+x64)+AppleWebKit/537.36+(KHTML,+like+Gecko)+Chrome/75.0.3770.142+Safari/537.36 http://localhost:52993/Room/Viewdetails 200 0 0 3
2019-07-22 05:03:18 ::1 GET /Room/Viewdetails - 52993 Admin ::1 Mozilla/5.0+(Windows+NT+10.0;+Win64;+x64)+AppleWebKit/537.36+(KHTML,+like+Gecko)+Chrome/75.0.3770.142+Safari/537.36 http://localhost:52993/Room/delete?id=0 200 0 0 15
2019-07-22 05:03:18 ::1 GET /favicon.ico - 52993 - ::1 Mozilla/5.0+(Windows+NT+10.0;+Win64;+x64)+AppleWebKit/537.36+(KHTML,+like+Gecko)+Chrome/75.0.3770.142+Safari/537.36 http://localhost:52993/Room/Viewdetails 200 0 0 64
2019-07-22 05:03:18 ::1 GET /__browserLink/requestData/7ed3825d421242199ba9341f4bbca0ef - 52993 Admin ::1 Mozilla/5.0+(Windows+NT+10.0;+Win64;+x64)+AppleWebKit/537.36+(KHTML,+like+Gecko)+Chrome/75.0.3770.142+Safari/537.36 http://localhost:52993/Room/Viewdetails 200 0 0 3
2019-07-22 05:03:19 ::1 GET /Room/Viewdetails - 52993 Admin ::1 Mozilla/5.0+(Windows+NT+10.0;+Win64;+x64)+AppleWebKit/537.36+(KHTML,+like+Gecko)+Chrome/75.0.3770.142+Safari/537.36 http://localhost:52993/Room/delete?id=0 200 0 0 14
2019-07-22 05:03:19 ::1 GET /favicon.ico - 52993 - ::1 Mozilla/5.0+(Windows+NT+10.0;+Win64;+x64)+AppleWebKit/537.36+(KHTML,+like+Gecko)+Chrome/75.0.3770.142+Safari/537.36 http://localhost:52993/Room/Viewdetails 200 0 0 11
2019-07-22 05:03:19 ::1 GET /__browserLink/requestData/3962ae6e136d4dfabb27bc25ba4d408a - 52993 Admin ::1 Mozilla/5.0+(Windows+NT+10.0;+Win64;+x64)+AppleWebKit/537.36+(KHTML,+like+Gecko)+Chrome/75.0.3770.142+Safari/537.36 http://localhost:52993/Room/Viewdetails 200 0 0 4
2019-07-22 05:03:44 ::1 GET /a43d35a47c46457e968080add986f8c8/arterySignalR/ping requestUrl=http%3A%2F%2Flocalhost%3A52993%2F&browserName=Chrome&_=1563771824105 52993 Admin ::1 Mozilla/5.0+(Windows+NT+10.0;+Win64;+x64)+AppleWebKit/537.36+(KHTML,+like+Gecko)+Chrome/75.0.3770.142+Safari/537.36 http://localhost:52993/ 404 0 0 25
#Software: Microsoft Internet Information Services 8.0
#Version: 1.0
#Date: 2019-07-22 05:04:39
#Fields: date time s-ip cs-method cs-uri-stem cs-uri-query s-port cs-username c-ip cs(User-Agent) cs(Referer) sc-status sc-substatus sc-win32-status time-taken
2019-07-22 05:04:39 ::1 GET / - 52993 Admin ::1 Mozilla/5.0+(Windows+NT+10.0;+Win64;+x64)+AppleWebKit/537.36+(KHTML,+like+Gecko)+Chrome/75.0.3770.142+Safari/537.36 - 200 0 0 3366
2019-07-22 05:04:39 ::1 GET /__browserLink/requestData/6da84a30852e43f8a7dc6543f88d14f5 - 52993 Admin ::1 Mozilla/5.0+(Windows+NT+10.0;+Win64;+x64)+AppleWebKit/537.36+(KHTML,+like+Gecko)+Chrome/75.0.3770.142+Safari/537.36 http://localhost:52993/ 200 0 0 13
2019-07-22 05:05:04 ::1 GET / - 52993 Admin ::1 Mozilla/5.0+(Windows+NT+10.0;+Win64;+x64)+AppleWebKit/537.36+(KHTML,+like+Gecko)+Chrome/75.0.3770.142+Safari/537.36 http://localhost:52993/ 200 0 0 12
2019-07-22 05:05:04 ::1 GET /__browserLink/requestData/c1d410fb23804541a8107fc9940d1383 - 52993 Admin ::1 Mozilla/5.0+(Windows+NT+10.0;+Win64;+x64)+AppleWebKit/537.36+(KHTML,+like+Gecko)+Chrome/75.0.3770.142+Safari/537.36 http://localhost:52993/ 200 0 0 7
2019-07-22 05:05:18 ::1 GET / - 52993 Admin ::1 Mozilla/5.0+(Windows+NT+10.0;+Win64;+x64)+AppleWebKit/537.36+(KHTML,+like+Gecko)+Chrome/75.0.3770.142+Safari/537.36 http://localhost:52993/ 200 0 0 11
#Software: Microsoft Internet Information Services 8.0
#Version: 1.0
#Date: 2019-07-22 05:06:17
#Fields: date time s-ip cs-method cs-uri-stem cs-uri-query s-port cs-username c-ip cs(User-Agent) cs(Referer) sc-status sc-substatus sc-win32-status time-taken
2019-07-22 05:06:17 ::1 GET /Home/Index - 52993 - ::1 Mozilla/5.0+(compatible;+MSIE+10.0;+Windows+NT+6.2;+WOW64;+Trident/7.0;+Eureka/1.0) - 200 0 64 7379
2019-07-22 05:06:17 ::1 GET / - 52993 - ::1 Mozilla/5.0+(compatible;+MSIE+10.0;+Windows+NT+6.2;+WOW64;+Trident/7.0;+Eureka/1.0) http://localhost:52993/Home/Index 200 0 0 2985
2019-07-22 05:06:17 ::1 GET /Scripts/modernizr-2.6.2.js - 52993 - ::1 Mozilla/5.0+(compatible;+MSIE+10.0;+Windows+NT+6.2;+WOW64;+Trident/7.0;+Eureka/1.0) http://localhost:52993/ 200 0 0 29
2019-07-22 05:06:17 ::1 GET /Content/site.css - 52993 - ::1 Mozilla/5.0+(compatible;+MSIE+10.0;+Windows+NT+6.2;+WOW64;+Trident/7.0;+Eureka/1.0) http://localhost:52993/ 200 0 0 63
2019-07-22 05:06:17 ::1 GET /Scripts/jquery-1.8.2.js - 52993 - ::1 Mozilla/5.0+(compatible;+MSIE+10.0;+Windows+NT+6.2;+WOW64;+Trident/7.0;+Eureka/1.0) http://localhost:52993/ 200 0 0 26
2019-07-22 05:07:23 ::1 GET /a43d35a47c46457e968080add986f8c8/arterySignalR/ping requestUrl=http%3A%2F%2Flocalhost%3A52993%2FRoom%2FViewdetails&browserName=Chrome&_=1563772043104 52993 Admin ::1 Mozilla/5.0+(Windows+NT+10.0;+Win64;+x64)+AppleWebKit/537.36+(KHTML,+like+Gecko)+Chrome/75.0.3770.142+Safari/537.36 http://localhost:52993/Room/Viewdetails 404 0 0 19
2019-07-22 05:12:23 ::1 GET /a43d35a47c46457e968080add986f8c8/arterySignalR/ping requestUrl=http%3A%2F%2Flocalhost%3A52993%2FRoom%2FViewdetails&browserName=Chrome&_=1563772343106 52993 Admin ::1 Mozilla/5.0+(Windows+NT+10.0;+Win64;+x64)+AppleWebKit/537.36+(KHTML,+like+Gecko)+Chrome/75.0.3770.142+Safari/537.36 http://localhost:52993/Room/Viewdetails 404 0 0 6
2019-07-22 05:14:00 ::1 GET /Home/Index - 52993 - ::1 Mozilla/5.0+(compatible;+MSIE+10.0;+Windows+NT+6.2;+WOW64;+Trident/7.0;+Eureka/1.0) - 200 0 0 910
2019-07-22 05:14:00 ::1 GET /Scripts/modernizr-2.6.2.js - 52993 - ::1 Mozilla/5.0+(compatible;+MSIE+10.0;+Windows+NT+6.2;+WOW64;+Trident/7.0;+Eureka/1.0) http://localhost:52993/Home/Index 200 0 0 18
2019-07-22 05:14:00 ::1 GET /Content/site.css - 52993 - ::1 Mozilla/5.0+(compatible;+MSIE+10.0;+Windows+NT+6.2;+WOW64;+Trident/7.0;+Eureka/1.0) http://localhost:52993/Home/Index 200 0 0 96
2019-07-22 05:14:00 ::1 GET /Home/Images/hotel.png - 52993 - ::1 Mozilla/5.0+(compatible;+MSIE+10.0;+Windows+NT+6.2;+WOW64;+Trident/7.0;+Eureka/1.0) http://localhost:52993/Home/Index 404 0 2 26
2019-07-22 05:14:00 ::1 GET /Scripts/jquery-1.8.2.js - 52993 - ::1 Mozilla/5.0+(compatible;+MSIE+10.0;+Windows+NT+6.2;+WOW64;+Trident/7.0;+Eureka/1.0) http://localhost:52993/Home/Index 200 0 0 63
2019-07-22 05:14:00 ::1 GET /Images/heroAccent.png - 52993 - ::1 Mozilla/5.0+(compatible;+MSIE+10.0;+Windows+NT+6.2;+WOW64;+Trident/7.0;+Eureka/1.0) http://localhost:52993/Home/Index 304 0 0 4
2019-07-22 05:14:57 ::1 GET /Home/Index - 52993 - ::1 Mozilla/5.0+(compatible;+MSIE+10.0;+Windows+NT+6.2;+WOW64;+Trident/7.0;+Eureka/1.0) - 200 0 0 710
2019-07-22 05:14:57 ::1 GET /Scripts/modernizr-2.6.2.js - 52993 - ::1 Mozilla/5.0+(compatible;+MSIE+10.0;+Windows+NT+6.2;+WOW64;+Trident/7.0;+Eureka/1.0) http://localhost:52993/Home/Index 200 0 0 20
2019-07-22 05:14:57 ::1 GET /Content/site.css - 52993 - ::1 Mozilla/5.0+(compatible;+MSIE+10.0;+Windows+NT+6.2;+WOW64;+Trident/7.0;+Eureka/1.0) http://localhost:52993/Home/Index 200 0 0 36
2019-07-22 05:14:57 ::1 GET /Scripts/jquery-1.8.2.js - 52993 - ::1 Mozilla/5.0+(compatible;+MSIE+10.0;+Windows+NT+6.2;+WOW64;+Trident/7.0;+Eureka/1.0) http://localhost:52993/Home/Index 200 0 0 87
2019-07-22 05:14:57 ::1 GET /Images/heroAccent.png - 52993 - ::1 Mozilla/5.0+(compatible;+MSIE+10.0;+Windows+NT+6.2;+WOW64;+Trident/7.0;+Eureka/1.0) http://localhost:52993/Home/Index 304 0 0 28
2019-07-22 05:15:13 ::1 GET /Checkin/Viewchekin - 52993 - ::1 Mozilla/5.0+(compatible;+MSIE+10.0;+Windows+NT+6.2;+WOW64;+Trident/7.0;+Eureka/1.0) http://localhost:52993/Home/Index 200 0 0 1388
2019-07-22 05:15:13 ::1 GET /Scripts/modernizr-2.6.2.js - 52993 - ::1 Mozilla/5.0+(compatible;+MSIE+10.0;+Windows+NT+6.2;+WOW64;+Trident/7.0;+Eureka/1.0) http://localhost:52993/Checkin/Viewchekin 200 0 0 15
2019-07-22 05:15:13 ::1 GET /Content/site.css - 52993 - ::1 Mozilla/5.0+(compatible;+MSIE+10.0;+Windows+NT+6.2;+WOW64;+Trident/7.0;+Eureka/1.0) http://localhost:52993/Checkin/Viewchekin 200 0 0 61
2019-07-22 05:15:13 ::1 GET /Scripts/jquery-1.8.2.js - 52993 - ::1 Mozilla/5.0+(compatible;+MSIE+10.0;+Windows+NT+6.2;+WOW64;+Trident/7.0;+Eureka/1.0) http://localhost:52993/Checkin/Viewchekin 200 0 0 29
2019-07-22 05:15:13 ::1 GET /Images/accent.png - 52993 - ::1 Mozilla/5.0+(compatible;+MSIE+10.0;+Windows+NT+6.2;+WOW64;+Trident/7.0;+Eureka/1.0) http://localhost:52993/Checkin/Viewchekin 404 0 2 2
#Software: Microsoft Internet Information Services 8.0
#Version: 1.0
#Date: 2019-07-22 05:16:35
#Fields: date time s-ip cs-method cs-uri-stem cs-uri-query s-port cs-username c-ip cs(User-Agent) cs(Referer) sc-status sc-substatus sc-win32-status time-taken
2019-07-22 05:16:35 ::1 GET / - 52993 Admin ::1 Mozilla/5.0+(Windows+NT+10.0;+Win64;+x64)+AppleWebKit/537.36+(KHTML,+like+Gecko)+Chrome/75.0.3770.142+Safari/537.36 - 200 0 0 5318
2019-07-22 05:16:35 ::1 GET /__browserLink/requestData/75945def90b9431ab42bc63fbad182ed - 52993 Admin ::1 Mozilla/5.0+(Windows+NT+10.0;+Win64;+x64)+AppleWebKit/537.36+(KHTML,+like+Gecko)+Chrome/75.0.3770.142+Safari/537.36 http://localhost:52993/ 200 0 0 16
2019-07-22 05:16:40 ::1 GET /Room/Create - 52993 Admin ::1 Mozilla/5.0+(Windows+NT+10.0;+Win64;+x64)+AppleWebKit/537.36+(KHTML,+like+Gecko)+Chrome/75.0.3770.142+Safari/537.36 http://localhost:52993/ 200 0 0 1222
2019-07-22 05:16:40 ::1 GET /__browserLink/requestData/340b4ae4c9f44aaab70ac9bb62a81536 - 52993 Admin ::1 Mozilla/5.0+(Windows+NT+10.0;+Win64;+x64)+AppleWebKit/537.36+(KHTML,+like+Gecko)+Chrome/75.0.3770.142+Safari/537.36 http://localhost:52993/Room/Create 200 0 0 9
2019-07-22 05:16:43 ::1 POST /Room/Create - 52993 Admin ::1 Mozilla/5.0+(Windows+NT+10.0;+Win64;+x64)+AppleWebKit/537.36+(KHTML,+like+Gecko)+Chrome/75.0.3770.142+Safari/537.36 http://localhost:52993/Room/Create 200 0 0 14
2019-07-22 05:16:43 ::1 GET /__browserLink/requestData/11b4bdf44b1e4f42b3585d0f44521295 - 52993 Admin ::1 Mozilla/5.0+(Windows+NT+10.0;+Win64;+x64)+AppleWebKit/537.36+(KHTML,+like+Gecko)+Chrome/75.0.3770.142+Safari/537.36 http://localhost:52993/Room/Create 200 0 0 3
2019-07-22 05:16:46 ::1 POST /Room/Create - 52993 Admin ::1 Mozilla/5.0+(Windows+NT+10.0;+Win64;+x64)+AppleWebKit/537.36+(KHTML,+like+Gecko)+Chrome/75.0.3770.142+Safari/537.36 http://localhost:52993/Room/Create 200 0 0 6
2019-07-22 05:16:46 ::1 GET /__browserLink/requestData/1398f90dbe304af180d7079353fa919d - 52993 Admin ::1 Mozilla/5.0+(Windows+NT+10.0;+Win64;+x64)+AppleWebKit/537.36+(KHTML,+like+Gecko)+Chrome/75.0.3770.142+Safari/537.36 http://localhost:52993/Room/Create 200 0 0 4
2019-07-22 05:16:47 ::1 POST /Room/Create - 52993 Admin ::1 Mozilla/5.0+(Windows+NT+10.0;+Win64;+x64)+AppleWebKit/537.36+(KHTML,+like+Gecko)+Chrome/75.0.3770.142+Safari/537.36 http://localhost:52993/Room/Create 200 0 0 12
2019-07-22 05:16:47 ::1 GET /__browserLink/requestData/f834b3e921fd4577bd065a6e5082ed9e - 52993 Admin ::1 Mozilla/5.0+(Windows+NT+10.0;+Win64;+x64)+AppleWebKit/537.36+(KHTML,+like+Gecko)+Chrome/75.0.3770.142+Safari/537.36 http://localhost:52993/Room/Create 200 0 0 3
2019-07-22 05:16:49 ::1 POST /Room/Create - 52993 Admin ::1 Mozilla/5.0+(Windows+NT+10.0;+Win64;+x64)+AppleWebKit/537.36+(KHTML,+like+Gecko)+Chrome/75.0.3770.142+Safari/537.36 http://localhost:52993/Room/Create 200 0 0 10
2019-07-22 05:16:49 ::1 GET /__browserLink/requestData/39b4dbee4e9840e88321ea08e24ff467 - 52993 Admin ::1 Mozilla/5.0+(Windows+NT+10.0;+Win64;+x64)+AppleWebKit/537.36+(KHTML,+like+Gecko)+Chrome/75.0.3770.142+Safari/537.36 http://localhost:52993/Room/Create 200 0 0 9
2019-07-22 05:16:51 ::1 POST /Room/Create - 52993 Admin ::1 Mozilla/5.0+(Windows+NT+10.0;+Win64;+x64)+AppleWebKit/537.36+(KHTML,+like+Gecko)+Chrome/75.0.3770.142+Safari/537.36 http://localhost:52993/Room/Create 200 0 0 9
2019-07-22 05:16:51 ::1 GET /__browserLink/requestData/39c03eccdbbc4d8fb530e92751299d1d - 52993 Admin ::1 Mozilla/5.0+(Windows+NT+10.0;+Win64;+x64)+AppleWebKit/537.36+(KHTML,+like+Gecko)+Chrome/75.0.3770.142+Safari/537.36 http://localhost:52993/Room/Create 200 0 0 6
2019-07-22 05:16:53 ::1 POST /Room/Create - 52993 Admin ::1 Mozilla/5.0+(Windows+NT+10.0;+Win64;+x64)+AppleWebKit/537.36+(KHTML,+like+Gecko)+Chrome/75.0.3770.142+Safari/537.36 http://localhost:52993/Room/Create 200 0 0 16
2019-07-22 05:16:53 ::1 GET /__browserLink/requestData/be798e0809994da9a8221cbd7b84fbd8 - 52993 Admin ::1 Mozilla/5.0+(Windows+NT+10.0;+Win64;+x64)+AppleWebKit/537.36+(KHTML,+like+Gecko)+Chrome/75.0.3770.142+Safari/537.36 http://localhost:52993/Room/Create 200 0 0 18
2019-07-22 05:16:53 ::1 GET /Room/Viewdetails - 52993 Admin ::1 Mozilla/5.0+(Windows+NT+10.0;+Win64;+x64)+AppleWebKit/537.36+(KHTML,+like+Gecko)+Chrome/75.0.3770.142+Safari/537.36 http://localhost:52993/Room/Create 200 0 0 123
2019-07-22 05:16:54 ::1 GET /__browserLink/requestData/ffd908233adf414a9d3d4150224b41e0 - 52993 Admin ::1 Mozilla/5.0+(Windows+NT+10.0;+Win64;+x64)+AppleWebKit/537.36+(KHTML,+like+Gecko)+Chrome/75.0.3770.142+Safari/537.36 http://localhost:52993/Room/Viewdetails 200 0 0 4
2019-07-22 05:17:23 ::1 GET /a43d35a47c46457e968080add986f8c8/arterySignalR/ping requestUrl=http%3A%2F%2Flocalhost%3A52993%2FRoom%2FViewdetails&browserName=Chrome&_=1563772643103 52993 Admin ::1 Mozilla/5.0+(Windows+NT+10.0;+Win64;+x64)+AppleWebKit/537.36+(KHTML,+like+Gecko)+Chrome/75.0.3770.142+Safari/537.36 http://localhost:52993/Room/Viewdetails 404 0 0 39
#Software: Microsoft Internet Information Services 8.0
#Version: 1.0
#Date: 2019-07-22 05:20:55
#Fields: date time s-ip cs-method cs-uri-stem cs-uri-query s-port cs-username c-ip cs(User-Agent) cs(Referer) sc-status sc-substatus sc-win32-status time-taken
2019-07-22 05:20:55 ::1 GET / - 52993 Admin ::1 Mozilla/5.0+(Windows+NT+10.0;+Win64;+x64)+AppleWebKit/537.36+(KHTML,+like+Gecko)+Chrome/75.0.3770.142+Safari/537.36 - 200 0 0 8964
2019-07-22 05:20:55 ::1 GET /__browserLink/requestData/69b2694702d243b8acb60f16070a1b82 - 52993 Admin ::1 Mozilla/5.0+(Windows+NT+10.0;+Win64;+x64)+AppleWebKit/537.36+(KHTML,+like+Gecko)+Chrome/75.0.3770.142+Safari/537.36 http://localhost:52993/ 200 0 0 12
2019-07-22 05:20:58 ::1 GET /Room/Create - 52993 Admin ::1 Mozilla/5.0+(Windows+NT+10.0;+Win64;+x64)+AppleWebKit/537.36+(KHTML,+like+Gecko)+Chrome/75.0.3770.142+Safari/537.36 http://localhost:52993/ 200 0 0 968
2019-07-22 05:20:58 ::1 GET /__browserLink/requestData/c0767d7a0a0849dd87b70847ff463495 - 52993 Admin ::1 Mozilla/5.0+(Windows+NT+10.0;+Win64;+x64)+AppleWebKit/537.36+(KHTML,+like+Gecko)+Chrome/75.0.3770.142+Safari/537.36 http://localhost:52993/Room/Create 200 0 0 7
2019-07-22 05:21:01 ::1 POST /Room/Create - 52993 Admin ::1 Mozilla/5.0+(Windows+NT+10.0;+Win64;+x64)+AppleWebKit/537.36+(KHTML,+like+Gecko)+Chrome/75.0.3770.142+Safari/537.36 http://localhost:52993/Room/Create 200 0 0 7
2019-07-22 05:21:01 ::1 GET /__browserLink/requestData/6d5be4f9c0354d9a89e96519cc562ca0 - 52993 Admin ::1 Mozilla/5.0+(Windows+NT+10.0;+Win64;+x64)+AppleWebKit/537.36+(KHTML,+like+Gecko)+Chrome/75.0.3770.142+Safari/537.36 http://localhost:52993/Room/Create 200 0 0 3
2019-07-22 05:21:03 ::1 POST /Room/Create - 52993 Admin ::1 Mozilla/5.0+(Windows+NT+10.0;+Win64;+x64)+AppleWebKit/537.36+(KHTML,+like+Gecko)+Chrome/75.0.3770.142+Safari/537.36 http://localhost:52993/Room/Create 200 0 0 18
2019-07-22 05:21:03 ::1 GET /__browserLink/requestData/3f78294af1f34b66858193a09dd8aaf9 - 52993 Admin ::1 Mozilla/5.0+(Windows+NT+10.0;+Win64;+x64)+AppleWebKit/537.36+(KHTML,+like+Gecko)+Chrome/75.0.3770.142+Safari/537.36 http://localhost:52993/Room/Create 200 0 0 4
2019-07-22 05:21:03 ::1 GET /Room/Viewdetails - 52993 Admin ::1 Mozilla/5.0+(Windows+NT+10.0;+Win64;+x64)+AppleWebKit/537.36+(KHTML,+like+Gecko)+Chrome/75.0.3770.142+Safari/537.36 http://localhost:52993/Room/Create 200 0 0 124
2019-07-22 05:21:03 ::1 GET /__browserLink/requestData/7a8b3ceebf574df9b9230ae5e1931c72 - 52993 Admin ::1 Mozilla/5.0+(Windows+NT+10.0;+Win64;+x64)+AppleWebKit/537.36+(KHTML,+like+Gecko)+Chrome/75.0.3770.142+Safari/537.36 http://localhost:52993/Room/Viewdetails 200 0 0 3
#Software: Microsoft Internet Information Services 8.0
#Version: 1.0
#Date: 2019-07-22 05:23:19
#Fields: date time s-ip cs-method cs-uri-stem cs-uri-query s-port cs-username c-ip cs(User-Agent) cs(Referer) sc-status sc-substatus sc-win32-status time-taken
2019-07-22 05:23:19 ::1 GET / - 52993 Admin ::1 Mozilla/5.0+(Windows+NT+10.0;+Win64;+x64)+AppleWebKit/537.36+(KHTML,+like+Gecko)+Chrome/75.0.3770.142+Safari/537.36 - 200 0 0 8099
2019-07-22 05:23:19 ::1 GET /__browserLink/requestData/0a15fe96d276437fb5b6a6ce2c461167 - 52993 Admin ::1 Mozilla/5.0+(Windows+NT+10.0;+Win64;+x64)+AppleWebKit/537.36+(KHTML,+like+Gecko)+Chrome/75.0.3770.142+Safari/537.36 http://localhost:52993/ 200 0 0 13
#Software: Microsoft Internet Information Services 8.0
#Version: 1.0
#Date: 2019-07-22 05:24:02
#Fields: date time s-ip cs-method cs-uri-stem cs-uri-query s-port cs-username c-ip cs(User-Agent) cs(Referer) sc-status sc-substatus sc-win32-status time-taken
2019-07-22 05:24:02 ::1 GET / - 52993 Admin ::1 Mozilla/5.0+(Windows+NT+10.0;+Win64;+x64)+AppleWebKit/537.36+(KHTML,+like+Gecko)+Chrome/75.0.3770.142+Safari/537.36 - 200 0 0 8104
2019-07-22 05:24:02 ::1 GET /__browserLink/requestData/f35ced89cc6b4f1e8d772e7914b3ea36 - 52993 Admin ::1 Mozilla/5.0+(Windows+NT+10.0;+Win64;+x64)+AppleWebKit/537.36+(KHTML,+like+Gecko)+Chrome/75.0.3770.142+Safari/537.36 http://localhost:52993/ 200 0 0 12
2019-07-22 05:24:06 ::1 GET /Room/Create - 52993 Admin ::1 Mozilla/5.0+(Windows+NT+10.0;+Win64;+x64)+AppleWebKit/537.36+(KHTML,+like+Gecko)+Chrome/75.0.3770.142+Safari/537.36 http://localhost:52993/ 200 0 0 891
2019-07-22 05:24:06 ::1 GET /__browserLink/requestData/2676515e61424afd977eccd890004350 - 52993 Admin ::1 Mozilla/5.0+(Windows+NT+10.0;+Win64;+x64)+AppleWebKit/537.36+(KHTML,+like+Gecko)+Chrome/75.0.3770.142+Safari/537.36 http://localhost:52993/Room/Create 200 0 0 8
2019-07-22 05:24:08 ::1 POST /Room/Create - 52993 Admin ::1 Mozilla/5.0+(Windows+NT+10.0;+Win64;+x64)+AppleWebKit/537.36+(KHTML,+like+Gecko)+Chrome/75.0.3770.142+Safari/537.36 http://localhost:52993/Room/Create 200 0 0 19
2019-07-22 05:24:08 ::1 GET /__browserLink/requestData/e6b117616fff45fa845a698e8c789cec - 52993 Admin ::1 Mozilla/5.0+(Windows+NT+10.0;+Win64;+x64)+AppleWebKit/537.36+(KHTML,+like+Gecko)+Chrome/75.0.3770.142+Safari/537.36 http://localhost:52993/Room/Create 200 0 0 5
2019-07-22 05:24:09 ::1 POST /Room/Create - 52993 Admin ::1 Mozilla/5.0+(Windows+NT+10.0;+Win64;+x64)+AppleWebKit/537.36+(KHTML,+like+Gecko)+Chrome/75.0.3770.142+Safari/537.36 http://localhost:52993/Room/Create 200 0 0 6
2019-07-22 05:24:09 ::1 GET /__browserLink/requestData/58a3096595c04359b5ce4b3ce218cc37 - 52993 Admin ::1 Mozilla/5.0+(Windows+NT+10.0;+Win64;+x64)+AppleWebKit/537.36+(KHTML,+like+Gecko)+Chrome/75.0.3770.142+Safari/537.36 http://localhost:52993/Room/Create 200 0 0 5
2019-07-22 05:24:11 ::1 POST /Room/Create - 52993 Admin ::1 Mozilla/5.0+(Windows+NT+10.0;+Win64;+x64)+AppleWebKit/537.36+(KHTML,+like+Gecko)+Chrome/75.0.3770.142+Safari/537.36 http://localhost:52993/Room/Create 200 0 0 6
2019-07-22 05:24:11 ::1 GET /__browserLink/requestData/04542c05d652441e9696640baf32e43b - 52993 Admin ::1 Mozilla/5.0+(Windows+NT+10.0;+Win64;+x64)+AppleWebKit/537.36+(KHTML,+like+Gecko)+Chrome/75.0.3770.142+Safari/537.36 http://localhost:52993/Room/Create 200 0 0 3
2019-07-22 05:24:12 ::1 GET /Room/Viewdetails - 52993 Admin ::1 Mozilla/5.0+(Windows+NT+10.0;+Win64;+x64)+AppleWebKit/537.36+(KHTML,+like+Gecko)+Chrome/75.0.3770.142+Safari/537.36 http://localhost:52993/Room/Create 200 0 0 104
2019-07-22 05:24:12 ::1 GET /__browserLink/requestData/81bfcb304bd94f0ab6eb5d5efda4cdf4 - 52993 Admin ::1 Mozilla/5.0+(Windows+NT+10.0;+Win64;+x64)+AppleWebKit/537.36+(KHTML,+like+Gecko)+Chrome/75.0.3770.142+Safari/537.36 http://localhost:52993/Room/Viewdetails 200 0 0 7
2019-07-22 05:24:28 ::1 GET /Checkin/checkin - 52993 Admin ::1 Mozilla/5.0+(Windows+NT+10.0;+Win64;+x64)+AppleWebKit/537.36+(KHTML,+like+Gecko)+Chrome/75.0.3770.142+Safari/537.36 http://localhost:52993/Room/Viewdetails 200 0 0 6988
2019-07-22 05:24:28 ::1 GET /__browserLink/requestData/ed0edf85f1234d8fb113d6ef699ffc21 - 52993 Admin ::1 Mozilla/5.0+(Windows+NT+10.0;+Win64;+x64)+AppleWebKit/537.36+(KHTML,+like+Gecko)+Chrome/75.0.3770.142+Safari/537.36 http://localhost:52993/Checkin/checkin 200 0 0 3
2019-07-22 05:24:49 ::1 POST /Checkin/checkin - 52993 Admin ::1 Mozilla/5.0+(Windows+NT+10.0;+Win64;+x64)+AppleWebKit/537.36+(KHTML,+like+Gecko)+Chrome/75.0.3770.142+Safari/537.36 http://localhost:52993/Checkin/checkin 200 0 0 2833
2019-07-22 05:24:49 ::1 GET /__browserLink/requestData/45f21736dc5545f4b79aca4ab3b34ca2 - 52993 Admin ::1 Mozilla/5.0+(Windows+NT+10.0;+Win64;+x64)+AppleWebKit/537.36+(KHTML,+like+Gecko)+Chrome/75.0.3770.142+Safari/537.36 http://localhost:52993/Checkin/checkin 200 0 0 5
2019-07-22 05:24:57 ::1 GET /Checkin/Viewchekin - 52993 Admin ::1 Mozilla/5.0+(Windows+NT+10.0;+Win64;+x64)+AppleWebKit/537.36+(KHTML,+like+Gecko)+Chrome/75.0.3770.142+Safari/537.36 http://localhost:52993/Checkin/checkin 200 0 0 1658
2019-07-22 05:24:57 ::1 GET /__browserLink/requestData/b4ca94183a7646cca4421b48139ea55a - 52993 Admin ::1 Mozilla/5.0+(Windows+NT+10.0;+Win64;+x64)+AppleWebKit/537.36+(KHTML,+like+Gecko)+Chrome/75.0.3770.142+Safari/537.36 http://localhost:52993/Checkin/Viewchekin 200 0 0 3
#Software: Microsoft Internet Information Services 8.0
#Version: 1.0
#Date: 2019-07-22 05:26:45
#Fields: date time s-ip cs-method cs-uri-stem cs-uri-query s-port cs-username c-ip cs(User-Agent) cs(Referer) sc-status sc-substatus sc-win32-status time-taken
2019-07-22 05:26:45 ::1 GET / - 52993 Admin ::1 Mozilla/5.0+(Windows+NT+10.0;+Win64;+x64)+AppleWebKit/537.36+(KHTML,+like+Gecko)+Chrome/75.0.3770.142+Safari/537.36 - 200 0 0 8136
2019-07-22 05:26:45 ::1 GET /__browserLink/requestData/8379450ca3f74a26a6cd2c615dc73b60 - 52993 Admin ::1 Mozilla/5.0+(Windows+NT+10.0;+Win64;+x64)+AppleWebKit/537.36+(KHTML,+like+Gecko)+Chrome/75.0.3770.142+Safari/537.36 http://localhost:52993/ 200 0 0 13
2019-07-22 05:26:52 ::1 GET /Room/Create - 52993 Admin ::1 Mozilla/5.0+(Windows+NT+10.0;+Win64;+x64)+AppleWebKit/537.36+(KHTML,+like+Gecko)+Chrome/75.0.3770.142+Safari/537.36 http://localhost:52993/ 200 0 0 867
2019-07-22 05:26:52 ::1 GET /__browserLink/requestData/5c51f685468044a9bf30ac4467b9be32 - 52993 Admin ::1 Mozilla/5.0+(Windows+NT+10.0;+Win64;+x64)+AppleWebKit/537.36+(KHTML,+like+Gecko)+Chrome/75.0.3770.142+Safari/537.36 http://localhost:52993/Room/Create 200 0 0 4
2019-07-22 05:26:54 ::1 POST /Room/Create - 52993 Admin ::1 Mozilla/5.0+(Windows+NT+10.0;+Win64;+x64)+AppleWebKit/537.36+(KHTML,+like+Gecko)+Chrome/75.0.3770.142+Safari/537.36 http://localhost:52993/Room/Create 200 0 0 10
2019-07-22 05:26:54 ::1 GET /__browserLink/requestData/36d9dac858dd4ef7b1bcdafa484713ad - 52993 Admin ::1 Mozilla/5.0+(Windows+NT+10.0;+Win64;+x64)+AppleWebKit/537.36+(KHTML,+like+Gecko)+Chrome/75.0.3770.142+Safari/537.36 http://localhost:52993/Room/Create 200 0 0 3
2019-07-22 05:26:57 ::1 POST /Room/Create - 52993 Admin ::1 Mozilla/5.0+(Windows+NT+10.0;+Win64;+x64)+AppleWebKit/537.36+(KHTML,+like+Gecko)+Chrome/75.0.3770.142+Safari/537.36 http://localhost:52993/Room/Create 200 0 0 11
2019-07-22 05:26:57 ::1 GET /__browserLink/requestData/b9f71e16968949049db9fb618786a7db - 52993 Admin ::1 Mozilla/5.0+(Windows+NT+10.0;+Win64;+x64)+AppleWebKit/537.36+(KHTML,+like+Gecko)+Chrome/75.0.3770.142+Safari/537.36 http://localhost:52993/Room/Create 200 0 0 3
2019-07-22 05:26:58 ::1 POST /Room/Create - 52993 Admin ::1 Mozilla/5.0+(Windows+NT+10.0;+Win64;+x64)+AppleWebKit/537.36+(KHTML,+like+Gecko)+Chrome/75.0.3770.142+Safari/537.36 http://localhost:52993/Room/Create 200 0 0 6
2019-07-22 05:26:58 ::1 GET /__browserLink/requestData/a1cd293bbdb7494790fa17600a69c18f - 52993 Admin ::1 Mozilla/5.0+(Windows+NT+10.0;+Win64;+x64)+AppleWebKit/537.36+(KHTML,+like+Gecko)+Chrome/75.0.3770.142+Safari/537.36 http://localhost:52993/Room/Create 200 0 0 7
2019-07-22 05:26:59 ::1 POST /Room/Create - 52993 Admin ::1 Mozilla/5.0+(Windows+NT+10.0;+Win64;+x64)+AppleWebKit/537.36+(KHTML,+like+Gecko)+Chrome/75.0.3770.142+Safari/537.36 http://localhost:52993/Room/Create 200 0 0 15
2019-07-22 05:26:59 ::1 GET /__browserLink/requestData/99760ceadc904308bcd909511ef149b8 - 52993 Admin ::1 Mozilla/5.0+(Windows+NT+10.0;+Win64;+x64)+AppleWebKit/537.36+(KHTML,+like+Gecko)+Chrome/75.0.3770.142+Safari/537.36 http://localhost:52993/Room/Create 200 0 0 8
2019-07-22 05:27:01 ::1 POST /Room/Create - 52993 Admin ::1 Mozilla/5.0+(Windows+NT+10.0;+Win64;+x64)+AppleWebKit/537.36+(KHTML,+like+Gecko)+Chrome/75.0.3770.142+Safari/537.36 http://localhost:52993/Room/Create 200 0 0 16
2019-07-22 05:27:01 ::1 GET /__browserLink/requestData/6e594834721e42cb920c10e8a5e75b22 - 52993 Admin ::1 Mozilla/5.0+(Windows+NT+10.0;+Win64;+x64)+AppleWebKit/537.36+(KHTML,+like+Gecko)+Chrome/75.0.3770.142+Safari/537.36 http://localhost:52993/Room/Create 200 0 0 5
2019-07-22 05:27:03 ::1 POST /Room/Create - 52993 Admin ::1 Mozilla/5.0+(Windows+NT+10.0;+Win64;+x64)+AppleWebKit/537.36+(KHTML,+like+Gecko)+Chrome/75.0.3770.142+Safari/537.36 http://localhost:52993/Room/Create 200 0 0 5
2019-07-22 05:27:03 ::1 GET /__browserLink/requestData/1e49576c9798415080e946604996a951 - 52993 Admin ::1 Mozilla/5.0+(Windows+NT+10.0;+Win64;+x64)+AppleWebKit/537.36+(KHTML,+like+Gecko)+Chrome/75.0.3770.142+Safari/537.36 http://localhost:52993/Room/Create 200 0 0 18
2019-07-22 05:27:03 ::1 GET /Room/Viewdetails - 52993 Admin ::1 Mozilla/5.0+(Windows+NT+10.0;+Win64;+x64)+AppleWebKit/537.36+(KHTML,+like+Gecko)+Chrome/75.0.3770.142+Safari/537.36 http://localhost:52993/Room/Create 200 0 0 103
2019-07-22 05:27:03 ::1 GET /__browserLink/requestData/4e959bf67a054be49aa4d76e9df1d269 - 52993 Admin ::1 Mozilla/5.0+(Windows+NT+10.0;+Win64;+x64)+AppleWebKit/537.36+(KHTML,+like+Gecko)+Chrome/75.0.3770.142+Safari/537.36 http://localhost:52993/Room/Viewdetails 200 0 0 4
2019-07-22 05:27:17 ::1 GET /Checkin/checkin - 52993 Admin ::1 Mozilla/5.0+(Windows+NT+10.0;+Win64;+x64)+AppleWebKit/537.36+(KHTML,+like+Gecko)+Chrome/75.0.3770.142+Safari/537.36 http://localhost:52993/Room/Viewdetails 200 0 0 6129
2019-07-22 05:27:17 ::1 GET /__browserLink/requestData/b6740836b49143f5924a218f9b82e261 - 52993 Admin ::1 Mozilla/5.0+(Windows+NT+10.0;+Win64;+x64)+AppleWebKit/537.36+(KHTML,+like+Gecko)+Chrome/75.0.3770.142+Safari/537.36 http://localhost:52993/Checkin/checkin 200 0 0 3
2019-07-22 05:27:23 ::1 GET /a43d35a47c46457e968080add986f8c8/arterySignalR/ping requestUrl=http%3A%2F%2Flocalhost%3A52993%2FRoom%2FViewdetails&browserName=Chrome&_=1563773243104 52993 Admin ::1 Mozilla/5.0+(Windows+NT+10.0;+Win64;+x64)+AppleWebKit/537.36+(KHTML,+like+Gecko)+Chrome/75.0.3770.142+Safari/537.36 http://localhost:52993/Room/Viewdetails 404 0 0 48
2019-07-22 05:27:44 ::1 POST /Checkin/checkin - 52993 Admin ::1 Mozilla/5.0+(Windows+NT+10.0;+Win64;+x64)+AppleWebKit/537.36+(KHTML,+like+Gecko)+Chrome/75.0.3770.142+Safari/537.36 http://localhost:52993/Checkin/checkin 200 0 0 9809
2019-07-22 05:27:44 ::1 GET /__browserLink/requestData/bb533a3433b94f84a434374926c1a26e - 52993 Admin ::1 Mozilla/5.0+(Windows+NT+10.0;+Win64;+x64)+AppleWebKit/537.36+(KHTML,+like+Gecko)+Chrome/75.0.3770.142+Safari/537.36 http://localhost:52993/Checkin/checkin 200 0 0 7
2019-07-22 05:27:50 ::1 GET /Checkin/Viewchekin - 52993 Admin ::1 Mozilla/5.0+(Windows+NT+10.0;+Win64;+x64)+AppleWebKit/537.36+(KHTML,+like+Gecko)+Chrome/75.0.3770.142+Safari/537.36 http://localhost:52993/Checkin/checkin 200 0 0 1536
2019-07-22 05:27:50 ::1 GET /__browserLink/requestData/8cb179e1977d4ffba39df7f904c45049 - 52993 Admin ::1 Mozilla/5.0+(Windows+NT+10.0;+Win64;+x64)+AppleWebKit/537.36+(KHTML,+like+Gecko)+Chrome/75.0.3770.142+Safari/537.36 http://localhost:52993/Checkin/Viewchekin 200 0 0 8
#Software: Microsoft Internet Information Services 8.0
#Version: 1.0
#Date: 2019-07-22 05:29:35
#Fields: date time s-ip cs-method cs-uri-stem cs-uri-query s-port cs-username c-ip cs(User-Agent) cs(Referer) sc-status sc-substatus sc-win32-status time-taken
2019-07-22 05:29:35 ::1 GET / - 52993 Admin ::1 Mozilla/5.0+(Windows+NT+10.0;+Win64;+x64)+AppleWebKit/537.36+(KHTML,+like+Gecko)+Chrome/75.0.3770.142+Safari/537.36 - 200 0 0 7972
2019-07-22 05:29:35 ::1 GET /__browserLink/requestData/bc620251c9a0496d9cee0ae0743083c7 - 52993 Admin ::1 Mozilla/5.0+(Windows+NT+10.0;+Win64;+x64)+AppleWebKit/537.36+(KHTML,+like+Gecko)+Chrome/75.0.3770.142+Safari/537.36 http://localhost:52993/ 200 0 0 12
2019-07-22 05:29:39 ::1 GET /Room/Create - 52993 Admin ::1 Mozilla/5.0+(Windows+NT+10.0;+Win64;+x64)+AppleWebKit/537.36+(KHTML,+like+Gecko)+Chrome/75.0.3770.142+Safari/537.36 http://localhost:52993/ 200 0 0 882
2019-07-22 05:29:39 ::1 GET /__browserLink/requestData/a44cbcbb08b749139d2cd3ed4a7fa6ed - 52993 Admin ::1 Mozilla/5.0+(Windows+NT+10.0;+Win64;+x64)+AppleWebKit/537.36+(KHTML,+like+Gecko)+Chrome/75.0.3770.142+Safari/537.36 http://localhost:52993/Room/Create 200 0 0 4
2019-07-22 05:29:43 ::1 POST /Room/Create - 52993 Admin ::1 Mozilla/5.0+(Windows+NT+10.0;+Win64;+x64)+AppleWebKit/537.36+(KHTML,+like+Gecko)+Chrome/75.0.3770.142+Safari/537.36 http://localhost:52993/Room/Create 200 0 0 10
2019-07-22 05:29:43 ::1 GET /__browserLink/requestData/3617b2ceaa21454d83156f7b60ea89e6 - 52993 Admin ::1 Mozilla/5.0+(Windows+NT+10.0;+Win64;+x64)+AppleWebKit/537.36+(KHTML,+like+Gecko)+Chrome/75.0.3770.142+Safari/537.36 http://localhost:52993/Room/Create 200 0 0 4
2019-07-22 05:29:44 ::1 POST /Room/Create - 52993 Admin ::1 Mozilla/5.0+(Windows+NT+10.0;+Win64;+x64)+AppleWebKit/537.36+(KHTML,+like+Gecko)+Chrome/75.0.3770.142+Safari/537.36 http://localhost:52993/Room/Create 200 0 0 17
2019-07-22 05:29:44 ::1 GET /__browserLink/requestData/d0db2b911b6a4220a00b6cae1298c316 - 52993 Admin ::1 Mozilla/5.0+(Windows+NT+10.0;+Win64;+x64)+AppleWebKit/537.36+(KHTML,+like+Gecko)+Chrome/75.0.3770.142+Safari/537.36 http://localhost:52993/Room/Create 200 0 0 3
2019-07-22 05:29:46 ::1 POST /Room/Create - 52993 Admin ::1 Mozilla/5.0+(Windows+NT+10.0;+Win64;+x64)+AppleWebKit/537.36+(KHTML,+like+Gecko)+Chrome/75.0.3770.142+Safari/537.36 http://localhost:52993/Room/Create 200 0 0 18
2019-07-22 05:29:46 ::1 GET /__browserLink/requestData/7d7efa469734497e88d1832b88ed488f - 52993 Admin ::1 Mozilla/5.0+(Windows+NT+10.0;+Win64;+x64)+AppleWebKit/537.36+(KHTML,+like+Gecko)+Chrome/75.0.3770.142+Safari/537.36 http://localhost:52993/Room/Create 200 0 0 3
2019-07-22 05:29:48 ::1 POST /Room/Create - 52993 Admin ::1 Mozilla/5.0+(Windows+NT+10.0;+Win64;+x64)+AppleWebKit/537.36+(KHTML,+like+Gecko)+Chrome/75.0.3770.142+Safari/537.36 http://localhost:52993/Room/Create 200 0 0 10
2019-07-22 05:29:48 ::1 GET /__browserLink/requestData/69c61e306e84456e931d3c21ec456b32 - 52993 Admin ::1 Mozilla/5.0+(Windows+NT+10.0;+Win64;+x64)+AppleWebKit/537.36+(KHTML,+like+Gecko)+Chrome/75.0.3770.142+Safari/537.36 http://localhost:52993/Room/Create 200 0 0 3
2019-07-22 05:29:50 ::1 POST /Room/Create - 52993 Admin ::1 Mozilla/5.0+(Windows+NT+10.0;+Win64;+x64)+AppleWebKit/537.36+(KHTML,+like+Gecko)+Chrome/75.0.3770.142+Safari/537.36 http://localhost:52993/Room/Create 200 0 0 6
2019-07-22 05:29:50 ::1 GET /__browserLink/requestData/fa603a053ca74a04bf186b8a6a09fdfb - 52993 Admin ::1 Mozilla/5.0+(Windows+NT+10.0;+Win64;+x64)+AppleWebKit/537.36+(KHTML,+like+Gecko)+Chrome/75.0.3770.142+Safari/537.36 http://localhost:52993/Room/Create 200 0 0 8
2019-07-22 05:29:50 ::1 GET /Room/Viewdetails - 52993 Admin ::1 Mozilla/5.0+(Windows+NT+10.0;+Win64;+x64)+AppleWebKit/537.36+(KHTML,+like+Gecko)+Chrome/75.0.3770.142+Safari/537.36 http://localhost:52993/Room/Create 200 0 0 102
2019-07-22 05:29:51 ::1 GET /__browserLink/requestData/a41e6383d9114cb2be208b3588978efb - 52993 Admin ::1 Mozilla/5.0+(Windows+NT+10.0;+Win64;+x64)+AppleWebKit/537.36+(KHTML,+like+Gecko)+Chrome/75.0.3770.142+Safari/537.36 http://localhost:52993/Room/Viewdetails 200 0 0 3
2019-07-22 05:30:09 ::1 GET /Checkin/checkin - 52993 Admin ::1 Mozilla/5.0+(Windows+NT+10.0;+Win64;+x64)+AppleWebKit/537.36+(KHTML,+like+Gecko)+Chrome/75.0.3770.142+Safari/537.36 http://localhost:52993/Room/Viewdetails 200 0 0 11736
2019-07-22 05:30:09 ::1 GET /__browserLink/requestData/5c99b54708d34b30ac7fae177dd9ce21 - 52993 Admin ::1 Mozilla/5.0+(Windows+NT+10.0;+Win64;+x64)+AppleWebKit/537.36+(KHTML,+like+Gecko)+Chrome/75.0.3770.142+Safari/537.36 http://localhost:52993/Checkin/checkin 200 0 0 4
2019-07-22 05:30:23 ::1 POST /Checkin/checkin - 52993 Admin ::1 Mozilla/5.0+(Windows+NT+10.0;+Win64;+x64)+AppleWebKit/537.36+(KHTML,+like+Gecko)+Chrome/75.0.3770.142+Safari/537.36 http://localhost:52993/Checkin/checkin 200 0 0 1652
2019-07-22 05:30:23 ::1 GET /__browserLink/requestData/d201dba764a54fb3ac4a4581bbf1eaa8 - 52993 Admin ::1 Mozilla/5.0+(Windows+NT+10.0;+Win64;+x64)+AppleWebKit/537.36+(KHTML,+like+Gecko)+Chrome/75.0.3770.142+Safari/537.36 http://localhost:52993/Checkin/checkin 200 0 0 3
2019-07-22 05:30:28 ::1 GET /Checkin/Viewchekin - 52993 Admin ::1 Mozilla/5.0+(Windows+NT+10.0;+Win64;+x64)+AppleWebKit/537.36+(KHTML,+like+Gecko)+Chrome/75.0.3770.142+Safari/537.36 http://localhost:52993/Checkin/checkin 200 0 0 1528
2019-07-22 05:30:28 ::1 GET /__browserLink/requestData/811540c38d1a4066a7edafba229d9751 - 52993 Admin ::1 Mozilla/5.0+(Windows+NT+10.0;+Win64;+x64)+AppleWebKit/537.36+(KHTML,+like+Gecko)+Chrome/75.0.3770.142+Safari/537.36 http://localhost:52993/Checkin/Viewchekin 200 0 0 16
2019-07-22 05:30:38 ::1 GET /__browserLink/requestData/d201dba764a54fb3ac4a4581bbf1eaa8 - 52993 Admin ::1 Mozilla/5.0+(Windows+NT+10.0;+Win64;+x64)+AppleWebKit/537.36+(KHTML,+like+Gecko)+Chrome/75.0.3770.142+Safari/537.36 http://localhost:52993/Checkin/checkin 404 0 0 3
2019-07-22 05:30:49 ::1 POST /Checkin/checkin - 52993 Admin ::1 Mozilla/5.0+(Windows+NT+10.0;+Win64;+x64)+AppleWebKit/537.36+(KHTML,+like+Gecko)+Chrome/75.0.3770.142+Safari/537.36 http://localhost:52993/Checkin/checkin 200 0 0 3120
2019-07-22 05:30:49 ::1 GET /__browserLink/requestData/1862a79f99b240e6a706c83ae79a4da5 - 52993 Admin ::1 Mozilla/5.0+(Windows+NT+10.0;+Win64;+x64)+AppleWebKit/537.36+(KHTML,+like+Gecko)+Chrome/75.0.3770.142+Safari/537.36 http://localhost:52993/Checkin/checkin 200 0 0 3
#Software: Microsoft Internet Information Services 8.0
#Version: 1.0
#Date: 2019-07-22 05:31:37
#Fields: date time s-ip cs-method cs-uri-stem cs-uri-query s-port cs-username c-ip cs(User-Agent) cs(Referer) sc-status sc-substatus sc-win32-status time-taken
2019-07-22 05:31:37 ::1 GET / - 52993 Admin ::1 Mozilla/5.0+(Windows+NT+10.0;+Win64;+x64)+AppleWebKit/537.36+(KHTML,+like+Gecko)+Chrome/75.0.3770.142+Safari/537.36 - 200 0 0 7634
2019-07-22 05:31:37 ::1 GET /__browserLink/requestData/703523855b874c8a9ac6db4e214ef189 - 52993 Admin ::1 Mozilla/5.0+(Windows+NT+10.0;+Win64;+x64)+AppleWebKit/537.36+(KHTML,+like+Gecko)+Chrome/75.0.3770.142+Safari/537.36 http://localhost:52993/ 200 0 0 12
2019-07-22 05:32:01 ::1 GET /Room/Create - 52993 Admin ::1 Mozilla/5.0+(Windows+NT+10.0;+Win64;+x64)+AppleWebKit/537.36+(KHTML,+like+Gecko)+Chrome/75.0.3770.142+Safari/537.36 http://localhost:52993/ 200 0 0 984
2019-07-22 05:32:01 ::1 GET /__browserLink/requestData/f2bd2743261f4f85b80250c3f47c0d62 - 52993 Admin ::1 Mozilla/5.0+(Windows+NT+10.0;+Win64;+x64)+AppleWebKit/537.36+(KHTML,+like+Gecko)+Chrome/75.0.3770.142+Safari/537.36 http://localhost:52993/Room/Create 200 0 0 7
2019-07-22 05:32:03 ::1 POST /Room/Create - 52993 Admin ::1 Mozilla/5.0+(Windows+NT+10.0;+Win64;+x64)+AppleWebKit/537.36+(KHTML,+like+Gecko)+Chrome/75.0.3770.142+Safari/537.36 http://localhost:52993/Room/Create 200 0 0 20
2019-07-22 05:32:03 ::1 GET /__browserLink/requestData/cfb07956dc944b6aab5409b3a18fe470 - 52993 Admin ::1 Mozilla/5.0+(Windows+NT+10.0;+Win64;+x64)+AppleWebKit/537.36+(KHTML,+like+Gecko)+Chrome/75.0.3770.142+Safari/537.36 http://localhost:52993/Room/Create 200 0 0 3
2019-07-22 05:32:05 ::1 POST /Room/Create - 52993 Admin ::1 Mozilla/5.0+(Windows+NT+10.0;+Win64;+x64)+AppleWebKit/537.36+(KHTML,+like+Gecko)+Chrome/75.0.3770.142+Safari/537.36 http://localhost:52993/Room/Create 200 0 0 18
2019-07-22 05:32:05 ::1 GET /__browserLink/requestData/53bbe0e9aae84e4bb9e34ee7228c1ea5 - 52993 Admin ::1 Mozilla/5.0+(Windows+NT+10.0;+Win64;+x64)+AppleWebKit/537.36+(KHTML,+like+Gecko)+Chrome/75.0.3770.142+Safari/537.36 http://localhost:52993/Room/Create 200 0 0 3
2019-07-22 05:32:07 ::1 POST /Room/Create - 52993 Admin ::1 Mozilla/5.0+(Windows+NT+10.0;+Win64;+x64)+AppleWebKit/537.36+(KHTML,+like+Gecko)+Chrome/75.0.3770.142+Safari/537.36 http://localhost:52993/Room/Create 200 0 0 16
2019-07-22 05:32:07 ::1 GET /__browserLink/requestData/dc5d254e90d94cb28a8e25e57da22262 - 52993 Admin ::1 Mozilla/5.0+(Windows+NT+10.0;+Win64;+x64)+AppleWebKit/537.36+(KHTML,+like+Gecko)+Chrome/75.0.3770.142+Safari/537.36 http://localhost:52993/Room/Create 200 0 0 18
2019-07-22 05:32:07 ::1 GET /Room/Viewdetails - 52993 Admin ::1 Mozilla/5.0+(Windows+NT+10.0;+Win64;+x64)+AppleWebKit/537.36+(KHTML,+like+Gecko)+Chrome/75.0.3770.142+Safari/537.36 http://localhost:52993/Room/Create 200 0 0 101
2019-07-22 05:32:07 ::1 GET /__browserLink/requestData/c69b95bb647f4798a04ecd5740109465 - 52993 Admin ::1 Mozilla/5.0+(Windows+NT+10.0;+Win64;+x64)+AppleWebKit/537.36+(KHTML,+like+Gecko)+Chrome/75.0.3770.142+Safari/537.36 http://localhost:52993/Room/Viewdetails 200 0 0 6
2019-07-22 05:32:14 ::1 GET /Checkin/checkin - 52993 Admin ::1 Mozilla/5.0+(Windows+NT+10.0;+Win64;+x64)+AppleWebKit/537.36+(KHTML,+like+Gecko)+Chrome/75.0.3770.142+Safari/537.36 http://localhost:52993/Room/Viewdetails 200 0 0 5222
2019-07-22 05:32:14 ::1 GET /__browserLink/requestData/543c6b0de5bd4945a8d9cd581873a5e4 - 52993 Admin ::1 Mozilla/5.0+(Windows+NT+10.0;+Win64;+x64)+AppleWebKit/537.36+(KHTML,+like+Gecko)+Chrome/75.0.3770.142+Safari/537.36 http://localhost:52993/Checkin/checkin 200 0 0 3
2019-07-22 05:32:23 ::1 GET /a43d35a47c46457e968080add986f8c8/arterySignalR/ping requestUrl=http%3A%2F%2Flocalhost%3A52993%2FRoom%2FViewdetails&browserName=Chrome&_=1563773543104 52993 Admin ::1 Mozilla/5.0+(Windows+NT+10.0;+Win64;+x64)+AppleWebKit/537.36+(KHTML,+like+Gecko)+Chrome/75.0.3770.142+Safari/537.36 http://localhost:52993/Room/Viewdetails 404 0 0 41
2019-07-22 05:32:36 ::1 POST /Checkin/checkin - 52993 Admin ::1 Mozilla/5.0+(Windows+NT+10.0;+Win64;+x64)+AppleWebKit/537.36+(KHTML,+like+Gecko)+Chrome/75.0.3770.142+Safari/537.36 http://localhost:52993/Checkin/checkin 200 0 0 10660
2019-07-22 05:32:36 ::1 GET /__browserLink/requestData/00f707326a854895911f84ca470d0aa2 - 52993 Admin ::1 Mozilla/5.0+(Windows+NT+10.0;+Win64;+x64)+AppleWebKit/537.36+(KHTML,+like+Gecko)+Chrome/75.0.3770.142+Safari/537.36 http://localhost:52993/Checkin/checkin 200 0 0 5
2019-07-22 05:32:41 ::1 GET /Checkin/Viewchekin - 52993 Admin ::1 Mozilla/5.0+(Windows+NT+10.0;+Win64;+x64)+AppleWebKit/537.36+(KHTML,+like+Gecko)+Chrome/75.0.3770.142+Safari/537.36 http://localhost:52993/Checkin/checkin 200 0 0 1395
2019-07-22 05:32:41 ::1 GET /__browserLink/requestData/ea8aa4b3aec44690ae661a70d40b81e4 - 52993 Admin ::1 Mozilla/5.0+(Windows+NT+10.0;+Win64;+x64)+AppleWebKit/537.36+(KHTML,+like+Gecko)+Chrome/75.0.3770.142+Safari/537.36 http://localhost:52993/Checkin/Viewchekin 200 0 0 3
2019-07-22 05:34:34 ::1 GET /Checkin/Viewchekin - 52993 Admin ::1 Mozilla/5.0+(Windows+NT+10.0;+Win64;+x64)+AppleWebKit/537.36+(KHTML,+like+Gecko)+Chrome/75.0.3770.142+Safari/537.36 http://localhost:52993/Checkin/checkin 200 0 0 1584
2019-07-22 05:34:34 ::1 GET /favicon.ico - 52993 - ::1 Mozilla/5.0+(Windows+NT+10.0;+Win64;+x64)+AppleWebKit/537.36+(KHTML,+like+Gecko)+Chrome/75.0.3770.142+Safari/537.36 http://localhost:52993/Checkin/Viewchekin 200 0 0 69
2019-07-22 05:34:34 ::1 GET /__browserLink/requestData/0b4e71f896484bc08316ba50b44bc604 - 52993 Admin ::1 Mozilla/5.0+(Windows+NT+10.0;+Win64;+x64)+AppleWebKit/537.36+(KHTML,+like+Gecko)+Chrome/75.0.3770.142+Safari/537.36 http://localhost:52993/Checkin/Viewchekin 200 0 0 5
2019-07-22 05:34:36 ::1 GET /Checkin/checkout - 52993 Admin ::1 Mozilla/5.0+(Windows+NT+10.0;+Win64;+x64)+AppleWebKit/537.36+(KHTML,+like+Gecko)+Chrome/75.0.3770.142+Safari/537.36 http://localhost:52993/Checkin/Viewchekin 500 0 0 1215
2019-07-22 05:37:04 ::1 GET /a43d35a47c46457e968080add986f8c8/arterySignalR/ping requestUrl=http%3A%2F%2Flocalhost%3A52993%2FCheckin%2Fcheckin&browserName=Chrome&_=1563773750113 52993 Admin ::1 Mozilla/5.0+(Windows+NT+10.0;+Win64;+x64)+AppleWebKit/537.36+(KHTML,+like+Gecko)+Chrome/75.0.3770.142+Safari/537.36 http://localhost:52993/Checkin/checkin 404 0 0 74363
2019-07-22 05:37:04 ::1 GET /Checkin/checkout - 52993 Admin ::1 Mozilla/5.0+(Windows+NT+10.0;+Win64;+x64)+AppleWebKit/537.36+(KHTML,+like+Gecko)+Chrome/75.0.3770.142+Safari/537.36 http://localhost:52993/Checkin/Viewchekin 500 0 64 119509
2019-07-22 05:37:05 ::1 GET /Checkin/checkout - 52993 Admin ::1 Mozilla/5.0+(Windows+NT+10.0;+Win64;+x64)+AppleWebKit/537.36+(KHTML,+like+Gecko)+Chrome/75.0.3770.142+Safari/537.36 http://localhost:52993/Checkin/Viewchekin 200 0 0 8464
2019-07-22 05:37:05 ::1 GET /favicon.ico - 52993 - ::1 Mozilla/5.0+(Windows+NT+10.0;+Win64;+x64)+AppleWebKit/537.36+(KHTML,+like+Gecko)+Chrome/75.0.3770.142+Safari/537.36 http://localhost:52993/Checkin/checkout 200 0 0 25
2019-07-22 05:37:05 ::1 GET /__browserLink/requestData/39e81670bd77466185bd96246943faed - 52993 Admin ::1 Mozilla/5.0+(Windows+NT+10.0;+Win64;+x64)+AppleWebKit/537.36+(KHTML,+like+Gecko)+Chrome/75.0.3770.142+Safari/537.36 http://localhost:52993/Checkin/checkout 200 0 0 3
2019-07-22 05:37:21 ::1 GET /Checkin/checkout - 52993 Admin ::1 Mozilla/5.0+(Windows+NT+10.0;+Win64;+x64)+AppleWebKit/537.36+(KHTML,+like+Gecko)+Chrome/75.0.3770.142+Safari/537.36 http://localhost:52993/Checkin/Viewchekin 200 0 0 959
2019-07-22 05:37:21 ::1 GET /favicon.ico - 52993 - ::1 Mozilla/5.0+(Windows+NT+10.0;+Win64;+x64)+AppleWebKit/537.36+(KHTML,+like+Gecko)+Chrome/75.0.3770.142+Safari/537.36 http://localhost:52993/Checkin/checkout 200 0 0 16
2019-07-22 05:37:21 ::1 GET /__browserLink/requestData/6b13787ad5a7476b8d10f71ff09fbc8f - 52993 Admin ::1 Mozilla/5.0+(Windows+NT+10.0;+Win64;+x64)+AppleWebKit/537.36+(KHTML,+like+Gecko)+Chrome/75.0.3770.142+Safari/537.36 http://localhost:52993/Checkin/checkout 200 0 0 17
2019-07-22 05:37:23 ::1 GET /a43d35a47c46457e968080add986f8c8/arterySignalR/ping requestUrl=http%3A%2F%2Flocalhost%3A52993%2FRoom%2FViewdetails&browserName=Chrome&_=1563773843104 52993 Admin ::1 Mozilla/5.0+(Windows+NT+10.0;+Win64;+x64)+AppleWebKit/537.36+(KHTML,+like+Gecko)+Chrome/75.0.3770.142+Safari/537.36 http://localhost:52993/Room/Viewdetails 404 0 0 34
2019-07-22 05:37:44 ::1 GET /Checkin/checkout - 52993 Admin ::1 Mozilla/5.0+(Windows+NT+10.0;+Win64;+x64)+AppleWebKit/537.36+(KHTML,+like+Gecko)+Chrome/75.0.3770.142+Safari/537.36 http://localhost:52993/Checkin/Viewchekin 200 0 0 850
2019-07-22 05:37:44 ::1 GET /favicon.ico - 52993 - ::1 Mozilla/5.0+(Windows+NT+10.0;+Win64;+x64)+AppleWebKit/537.36+(KHTML,+like+Gecko)+Chrome/75.0.3770.142+Safari/537.36 http://localhost:52993/Checkin/checkout 200 0 0 20
2019-07-22 05:37:44 ::1 GET /__browserLink/requestData/7087b9cc56cc452dbee91fc2f64921db - 52993 Admin ::1 Mozilla/5.0+(Windows+NT+10.0;+Win64;+x64)+AppleWebKit/537.36+(KHTML,+like+Gecko)+Chrome/75.0.3770.142+Safari/537.36 http://localhost:52993/Checkin/checkout 200 0 0 3
2019-07-22 05:37:45 ::1 GET / - 52993 Admin ::1 Mozilla/5.0+(Windows+NT+10.0;+Win64;+x64)+AppleWebKit/537.36+(KHTML,+like+Gecko)+Chrome/75.0.3770.142+Safari/537.36 http://localhost:52993/Checkin/checkout 200 0 0 14
2019-07-22 05:37:45 ::1 GET /__browserLink/requestData/9566d36a3702425a95ed90c55575dac0 - 52993 Admin ::1 Mozilla/5.0+(Windows+NT+10.0;+Win64;+x64)+AppleWebKit/537.36+(KHTML,+like+Gecko)+Chrome/75.0.3770.142+Safari/537.36 http://localhost:52993/ 200 0 0 12
2019-07-22 05:37:50 ::1 GET /Checkin/checkin - 52993 Admin ::1 Mozilla/5.0+(Windows+NT+10.0;+Win64;+x64)+AppleWebKit/537.36+(KHTML,+like+Gecko)+Chrome/75.0.3770.142+Safari/537.36 http://localhost:52993/ 200 0 0 3990
2019-07-22 05:37:50 ::1 GET /__browserLink/requestData/76d698a821da40e892af2bd7ef3dabf1 - 52993 Admin ::1 Mozilla/5.0+(Windows+NT+10.0;+Win64;+x64)+AppleWebKit/537.36+(KHTML,+like+Gecko)+Chrome/75.0.3770.142+Safari/537.36 http://localhost:52993/Checkin/checkin 200 0 0 3
2019-07-22 05:38:05 ::1 POST /Checkin/checkin - 52993 Admin ::1 Mozilla/5.0+(Windows+NT+10.0;+Win64;+x64)+AppleWebKit/537.36+(KHTML,+like+Gecko)+Chrome/75.0.3770.142+Safari/537.36 http://localhost:52993/Checkin/checkin 200 0 0 3459
2019-07-22 05:38:05 ::1 GET /__browserLink/requestData/533b320839d24f7996aae272651d0318 - 52993 Admin ::1 Mozilla/5.0+(Windows+NT+10.0;+Win64;+x64)+AppleWebKit/537.36+(KHTML,+like+Gecko)+Chrome/75.0.3770.142+Safari/537.36 http://localhost:52993/Checkin/checkin 200 0 0 3
2019-07-22 05:38:08 ::1 GET /Checkin/Viewchekin - 52993 Admin ::1 Mozilla/5.0+(Windows+NT+10.0;+Win64;+x64)+AppleWebKit/537.36+(KHTML,+like+Gecko)+Chrome/75.0.3770.142+Safari/537.36 http://localhost:52993/Checkin/checkin 200 0 0 20
2019-07-22 05:38:08 ::1 GET /__browserLink/requestData/38418f02a9a04ed29f55c34b803e4f36 - 52993 Admin ::1 Mozilla/5.0+(Windows+NT+10.0;+Win64;+x64)+AppleWebKit/537.36+(KHTML,+like+Gecko)+Chrome/75.0.3770.142+Safari/537.36 http://localhost:52993/Checkin/Viewchekin 200 0 0 3
#Software: Microsoft Internet Information Services 8.0
#Version: 1.0
#Date: 2019-07-22 05:42:09
#Fields: date time s-ip cs-method cs-uri-stem cs-uri-query s-port cs-username c-ip cs(User-Agent) cs(Referer) sc-status sc-substatus sc-win32-status time-taken
2019-07-22 05:42:09 ::1 GET / - 52993 Admin ::1 Mozilla/5.0+(Windows+NT+10.0;+Win64;+x64)+AppleWebKit/537.36+(KHTML,+like+Gecko)+Chrome/75.0.3770.142+Safari/537.36 - 200 0 0 7736
2019-07-22 05:42:09 ::1 GET /__browserLink/requestData/3c7b380992df407894bd49c2becb82ed - 52993 Admin ::1 Mozilla/5.0+(Windows+NT+10.0;+Win64;+x64)+AppleWebKit/537.36+(KHTML,+like+Gecko)+Chrome/75.0.3770.142+Safari/537.36 http://localhost:52993/ 200 0 0 12
