#Software: Microsoft Internet Information Services 8.0
#Version: 1.0
#Date: 2019-07-22 06:14:21
#Fields: date time s-ip cs-method cs-uri-stem cs-uri-query s-port cs-username c-ip cs(User-Agent) cs(Referer) sc-status sc-substatus sc-win32-status time-taken
2019-07-22 06:14:21 ::1 GET /Home/Index - 63448 - ::1 Mozilla/5.0+(compatible;+MSIE+10.0;+Windows+NT+6.2;+WOW64;+Trident/7.0;+Eureka/1.0) - 200 0 0 13665
2019-07-22 06:14:21 ::1 GET /Content/site.css - 63448 - ::1 Mozilla/5.0+(compatible;+MSIE+10.0;+Windows+NT+6.2;+WOW64;+Trident/7.0;+Eureka/1.0) http://localhost:63448/Home/Index 200 0 0 94
2019-07-22 06:14:21 ::1 GET /Scripts/modernizr-2.6.2.js - 63448 - ::1 Mozilla/5.0+(compatible;+MSIE+10.0;+Windows+NT+6.2;+WOW64;+Trident/7.0;+Eureka/1.0) http://localhost:63448/Home/Index 200 0 0 152
2019-07-22 06:14:21 ::1 GET /Content/bootstrap.css - 63448 - ::1 Mozilla/5.0+(compatible;+MSIE+10.0;+Windows+NT+6.2;+WOW64;+Trident/7.0;+Eureka/1.0) http://localhost:63448/Home/Index 200 0 0 338
2019-07-22 06:14:21 ::1 GET /Scripts/jquery-1.10.2.js - 63448 - ::1 Mozilla/5.0+(compatible;+MSIE+10.0;+Windows+NT+6.2;+WOW64;+Trident/7.0;+Eureka/1.0) http://localhost:63448/Home/Index 200 0 0 230
2019-07-22 06:14:21 ::1 GET /Scripts/respond.js - 63448 - ::1 Mozilla/5.0+(compatible;+MSIE+10.0;+Windows+NT+6.2;+WOW64;+Trident/7.0;+Eureka/1.0) http://localhost:63448/Home/Index 200 0 0 47
2019-07-22 06:14:21 ::1 GET /Scripts/bootstrap.js - 63448 - ::1 Mozilla/5.0+(compatible;+MSIE+10.0;+Windows+NT+6.2;+WOW64;+Trident/7.0;+Eureka/1.0) http://localhost:63448/Home/Index 200 0 0 47
#Software: Microsoft Internet Information Services 8.0
#Version: 1.0
#Date: 2019-07-22 06:21:00
#Fields: date time s-ip cs-method cs-uri-stem cs-uri-query s-port cs-username c-ip cs(User-Agent) cs(Referer) sc-status sc-substatus sc-win32-status time-taken
2019-07-22 06:21:00 ::1 GET /Home/Index - 63448 - ::1 Mozilla/5.0+(Windows+NT+10.0;+Win64;+x64)+AppleWebKit/537.36+(KHTML,+like+Gecko)+Chrome/75.0.3770.142+Safari/537.36 - 200 0 0 14353
2019-07-22 06:21:00 ::1 GET /Content/site.css - 63448 - ::1 Mozilla/5.0+(Windows+NT+10.0;+Win64;+x64)+AppleWebKit/537.36+(KHTML,+like+Gecko)+Chrome/75.0.3770.142+Safari/537.36 http://localhost:63448/Home/Index 200 0 0 67
2019-07-22 06:21:00 ::1 GET /Scripts/modernizr-2.6.2.js - 63448 - ::1 Mozilla/5.0+(Windows+NT+10.0;+Win64;+x64)+AppleWebKit/537.36+(KHTML,+like+Gecko)+Chrome/75.0.3770.142+Safari/537.36 http://localhost:63448/Home/Index 200 0 0 65
2019-07-22 06:21:00 ::1 GET /Scripts/bootstrap.js - 63448 - ::1 Mozilla/5.0+(Windows+NT+10.0;+Win64;+x64)+AppleWebKit/537.36+(KHTML,+like+Gecko)+Chrome/75.0.3770.142+Safari/537.36 http://localhost:63448/Home/Index 200 0 0 99
2019-07-22 06:21:00 ::1 GET /Scripts/respond.js - 63448 - ::1 Mozilla/5.0+(Windows+NT+10.0;+Win64;+x64)+AppleWebKit/537.36+(KHTML,+like+Gecko)+Chrome/75.0.3770.142+Safari/537.36 http://localhost:63448/Home/Index 200 0 0 114
2019-07-22 06:21:00 ::1 GET /Scripts/jquery-1.10.2.js - 63448 - ::1 Mozilla/5.0+(Windows+NT+10.0;+Win64;+x64)+AppleWebKit/537.36+(KHTML,+like+Gecko)+Chrome/75.0.3770.142+Safari/537.36 http://localhost:63448/Home/Index 200 0 0 189
2019-07-22 06:21:00 ::1 GET /Content/bootstrap.css - 63448 - ::1 Mozilla/5.0+(Windows+NT+10.0;+Win64;+x64)+AppleWebKit/537.36+(KHTML,+like+Gecko)+Chrome/75.0.3770.142+Safari/537.36 http://localhost:63448/Home/Index 200 0 0 412
2019-07-22 06:21:01 ::1 GET /favicon.ico - 63448 - ::1 Mozilla/5.0+(Windows+NT+10.0;+Win64;+x64)+AppleWebKit/537.36+(KHTML,+like+Gecko)+Chrome/75.0.3770.142+Safari/537.36 http://localhost:63448/Home/Index 200 0 0 31
2019-07-22 06:21:01 ::1 GET /__browserLink/requestData/9a68ddf213624986a5ccb882bb52d1ff - 63448 - ::1 Mozilla/5.0+(Windows+NT+10.0;+Win64;+x64)+AppleWebKit/537.36+(KHTML,+like+Gecko)+Chrome/75.0.3770.142+Safari/537.36 http://localhost:63448/Home/Index 200 0 0 159
2019-07-22 06:21:03 ::1 GET /api/GetProduct - 63448 - ::1 Mozilla/5.0+(Windows+NT+10.0;+Win64;+x64)+AppleWebKit/537.36+(KHTML,+like+Gecko)+Chrome/75.0.3770.142+Safari/537.36 http://localhost:63448/Home/Index 404 0 0 515
2019-07-22 06:21:14 ::1 GET /api/GetProduct - 63448 - ::1 Mozilla/5.0+(Windows+NT+10.0;+Win64;+x64)+AppleWebKit/537.36+(KHTML,+like+Gecko)+Chrome/75.0.3770.142+Safari/537.36 http://localhost:63448/Home/Index 404 0 0 19
2019-07-22 06:21:15 ::1 GET /api/GetProduct - 63448 - ::1 Mozilla/5.0+(Windows+NT+10.0;+Win64;+x64)+AppleWebKit/537.36+(KHTML,+like+Gecko)+Chrome/75.0.3770.142+Safari/537.36 http://localhost:63448/Home/Index 404 0 0 18
2019-07-22 06:21:16 ::1 GET /api/GetProduct - 63448 - ::1 Mozilla/5.0+(Windows+NT+10.0;+Win64;+x64)+AppleWebKit/537.36+(KHTML,+like+Gecko)+Chrome/75.0.3770.142+Safari/537.36 http://localhost:63448/Home/Index 404 0 0 19
2019-07-22 06:21:19 ::1 GET /api/GetProduct - 63448 - ::1 Mozilla/5.0+(Windows+NT+10.0;+Win64;+x64)+AppleWebKit/537.36+(KHTML,+like+Gecko)+Chrome/75.0.3770.142+Safari/537.36 http://localhost:63448/Home/Index 404 0 0 22
#Software: Microsoft Internet Information Services 8.0
#Version: 1.0
#Date: 2019-07-22 06:26:45
#Fields: date time s-ip cs-method cs-uri-stem cs-uri-query s-port cs-username c-ip cs(User-Agent) cs(Referer) sc-status sc-substatus sc-win32-status time-taken
2019-07-22 06:26:45 ::1 GET /Home/Index - 63448 - ::1 Mozilla/5.0+(compatible;+MSIE+10.0;+Windows+NT+6.2;+WOW64;+Trident/7.0;+Eureka/1.0) - 200 0 0 9041
2019-07-22 06:26:45 ::1 GET /Content/site.css - 63448 - ::1 Mozilla/5.0+(compatible;+MSIE+10.0;+Windows+NT+6.2;+WOW64;+Trident/7.0;+Eureka/1.0) http://localhost:63448/Home/Index 200 0 0 79
2019-07-22 06:26:45 ::1 GET /Content/bootstrap.css - 63448 - ::1 Mozilla/5.0+(compatible;+MSIE+10.0;+Windows+NT+6.2;+WOW64;+Trident/7.0;+Eureka/1.0) http://localhost:63448/Home/Index 200 0 0 155
2019-07-22 06:26:45 ::1 GET /Scripts/modernizr-2.6.2.js - 63448 - ::1 Mozilla/5.0+(compatible;+MSIE+10.0;+Windows+NT+6.2;+WOW64;+Trident/7.0;+Eureka/1.0) http://localhost:63448/Home/Index 200 0 0 108
2019-07-22 06:26:45 ::1 GET /Scripts/jquery-1.10.2.js - 63448 - ::1 Mozilla/5.0+(compatible;+MSIE+10.0;+Windows+NT+6.2;+WOW64;+Trident/7.0;+Eureka/1.0) http://localhost:63448/Home/Index 200 0 0 114
2019-07-22 06:26:45 ::1 GET /Scripts/bootstrap.js - 63448 - ::1 Mozilla/5.0+(compatible;+MSIE+10.0;+Windows+NT+6.2;+WOW64;+Trident/7.0;+Eureka/1.0) http://localhost:63448/Home/Index 200 0 0 81
2019-07-22 06:26:45 ::1 GET /Scripts/respond.js - 63448 - ::1 Mozilla/5.0+(compatible;+MSIE+10.0;+Windows+NT+6.2;+WOW64;+Trident/7.0;+Eureka/1.0) http://localhost:63448/Home/Index 200 0 0 84
2019-07-22 06:27:00 ::1 GET /api/Product - 63448 - ::1 Mozilla/5.0+(compatible;+MSIE+10.0;+Windows+NT+6.2;+WOW64;+Trident/7.0;+Eureka/1.0) http://localhost:63448/Home/Index 200 0 0 1847
2019-07-22 06:30:11 ::1 GET /Home/Index - 63448 - ::1 Mozilla/5.0+(compatible;+MSIE+10.0;+Windows+NT+6.2;+WOW64;+Trident/7.0;+Eureka/1.0) - 200 0 0 746
2019-07-22 06:30:11 ::1 GET /Content/bootstrap.css - 63448 - ::1 Mozilla/5.0+(compatible;+MSIE+10.0;+Windows+NT+6.2;+WOW64;+Trident/7.0;+Eureka/1.0) http://localhost:63448/Home/Index 200 0 0 62
2019-07-22 06:30:11 ::1 GET /Content/site.css - 63448 - ::1 Mozilla/5.0+(compatible;+MSIE+10.0;+Windows+NT+6.2;+WOW64;+Trident/7.0;+Eureka/1.0) http://localhost:63448/Home/Index 200 0 0 11
2019-07-22 06:30:11 ::1 GET /Scripts/modernizr-2.6.2.js - 63448 - ::1 Mozilla/5.0+(compatible;+MSIE+10.0;+Windows+NT+6.2;+WOW64;+Trident/7.0;+Eureka/1.0) http://localhost:63448/Home/Index 200 0 0 8
2019-07-22 06:30:13 ::1 GET /Scripts/jquery-1.10.2.js - 63448 - ::1 Mozilla/5.0+(compatible;+MSIE+10.0;+Windows+NT+6.2;+WOW64;+Trident/7.0;+Eureka/1.0) http://localhost:63448/Home/Index 200 0 0 40
2019-07-22 06:30:13 ::1 GET /Scripts/bootstrap.js - 63448 - ::1 Mozilla/5.0+(compatible;+MSIE+10.0;+Windows+NT+6.2;+WOW64;+Trident/7.0;+Eureka/1.0) http://localhost:63448/Home/Index 200 0 0 98
2019-07-22 06:30:13 ::1 GET /Scripts/respond.js - 63448 - ::1 Mozilla/5.0+(compatible;+MSIE+10.0;+Windows+NT+6.2;+WOW64;+Trident/7.0;+Eureka/1.0) http://localhost:63448/Home/Index 200 0 0 112
2019-07-22 06:30:14 ::1 GET /api/Product - 63448 - ::1 Mozilla/5.0+(compatible;+MSIE+10.0;+Windows+NT+6.2;+WOW64;+Trident/7.0;+Eureka/1.0) http://localhost:63448/Home/Index 200 0 0 58
2019-07-22 06:31:02 ::1 GET /a43d35a47c46457e968080add986f8c8/arterySignalR/ping requestUrl=http%3A%2F%2Flocalhost%3A63448%2FHome%2FIndex&browserName=Chrome&_=1563777062105 63448 - ::1 Mozilla/5.0+(Windows+NT+10.0;+Win64;+x64)+AppleWebKit/537.36+(KHTML,+like+Gecko)+Chrome/75.0.3770.142+Safari/537.36 http://localhost:63448/Home/Index 404 0 0 82
2019-07-22 06:35:47 ::1 GET /api/Product - 63448 - ::1 Mozilla/5.0+(compatible;+MSIE+10.0;+Windows+NT+6.2;+WOW64;+Trident/7.0;+Eureka/1.0) http://localhost:63448/Home/Index 200 0 0 43
2019-07-22 06:35:56 ::1 GET /Home/Index - 63448 - ::1 Mozilla/5.0+(compatible;+MSIE+10.0;+Windows+NT+6.2;+WOW64;+Trident/7.0;+Eureka/1.0) - 200 0 0 7571
2019-07-22 06:35:56 ::1 GET /Content/site.css - 63448 - ::1 Mozilla/5.0+(compatible;+MSIE+10.0;+Windows+NT+6.2;+WOW64;+Trident/7.0;+Eureka/1.0) http://localhost:63448/Home/Index 200 0 0 48
2019-07-22 06:35:56 ::1 GET /Content/bootstrap.css - 63448 - ::1 Mozilla/5.0+(compatible;+MSIE+10.0;+Windows+NT+6.2;+WOW64;+Trident/7.0;+Eureka/1.0) http://localhost:63448/Home/Index 200 0 0 149
2019-07-22 06:35:56 ::1 GET /Scripts/modernizr-2.6.2.js - 63448 - ::1 Mozilla/5.0+(compatible;+MSIE+10.0;+Windows+NT+6.2;+WOW64;+Trident/7.0;+Eureka/1.0) http://localhost:63448/Home/Index 200 0 0 119
2019-07-22 06:35:56 ::1 GET /Scripts/bootstrap.js - 63448 - ::1 Mozilla/5.0+(compatible;+MSIE+10.0;+Windows+NT+6.2;+WOW64;+Trident/7.0;+Eureka/1.0) http://localhost:63448/Home/Index 200 0 0 70
2019-07-22 06:35:56 ::1 GET /Scripts/jquery-1.10.2.js - 63448 - ::1 Mozilla/5.0+(compatible;+MSIE+10.0;+Windows+NT+6.2;+WOW64;+Trident/7.0;+Eureka/1.0) http://localhost:63448/Home/Index 200 0 0 282
2019-07-22 06:35:56 ::1 GET /Scripts/respond.js - 63448 - ::1 Mozilla/5.0+(compatible;+MSIE+10.0;+Windows+NT+6.2;+WOW64;+Trident/7.0;+Eureka/1.0) http://localhost:63448/Home/Index 200 0 0 135
2019-07-22 06:35:59 ::1 GET /api/GetProducts - 63448 - ::1 Mozilla/5.0+(compatible;+MSIE+10.0;+Windows+NT+6.2;+WOW64;+Trident/7.0;+Eureka/1.0) http://localhost:63448/Home/Index 200 0 0 622
2019-07-22 06:36:02 ::1 GET /a43d35a47c46457e968080add986f8c8/arterySignalR/ping requestUrl=http%3A%2F%2Flocalhost%3A63448%2FHome%2FIndex&browserName=Chrome&_=1563777362290 63448 - ::1 Mozilla/5.0+(Windows+NT+10.0;+Win64;+x64)+AppleWebKit/537.36+(KHTML,+like+Gecko)+Chrome/75.0.3770.142+Safari/537.36 http://localhost:63448/Home/Index 404 0 0 6
2019-07-22 06:40:19 ::1 GET /api/GetProducts - 63448 - ::1 Mozilla/5.0+(compatible;+MSIE+10.0;+Windows+NT+6.2;+WOW64;+Trident/7.0;+Eureka/1.0) http://localhost:63448/Home/Index 200 0 0 421
2019-07-22 06:40:19 ::1 GET /Home/Index - 63448 - ::1 Mozilla/5.0+(compatible;+MSIE+10.0;+Windows+NT+6.2;+WOW64;+Trident/7.0;+Eureka/1.0) - 200 0 64 2578
2019-07-22 06:41:02 ::1 GET /a43d35a47c46457e968080add986f8c8/arterySignalR/ping requestUrl=http%3A%2F%2Flocalhost%3A63448%2FHome%2FIndex&browserName=Chrome&_=1563777662103 63448 - ::1 Mozilla/5.0+(Windows+NT+10.0;+Win64;+x64)+AppleWebKit/537.36+(KHTML,+like+Gecko)+Chrome/75.0.3770.142+Safari/537.36 http://localhost:63448/Home/Index 404 0 0 11
2019-07-22 06:46:02 ::1 GET /a43d35a47c46457e968080add986f8c8/arterySignalR/ping requestUrl=http%3A%2F%2Flocalhost%3A63448%2FHome%2FIndex&browserName=Chrome&_=1563777962124 63448 - ::1 Mozilla/5.0+(Windows+NT+10.0;+Win64;+x64)+AppleWebKit/537.36+(KHTML,+like+Gecko)+Chrome/75.0.3770.142+Safari/537.36 http://localhost:63448/Home/Index 404 0 0 7
2019-07-22 06:51:02 ::1 GET /a43d35a47c46457e968080add986f8c8/arterySignalR/ping requestUrl=http%3A%2F%2Flocalhost%3A63448%2FHome%2FIndex&browserName=Chrome&_=1563778262103 63448 - ::1 Mozilla/5.0+(Windows+NT+10.0;+Win64;+x64)+AppleWebKit/537.36+(KHTML,+like+Gecko)+Chrome/75.0.3770.142+Safari/537.36 http://localhost:63448/Home/Index 404 0 0 7
2019-07-22 06:56:02 ::1 GET /a43d35a47c46457e968080add986f8c8/arterySignalR/ping requestUrl=http%3A%2F%2Flocalhost%3A63448%2FHome%2FIndex&browserName=Chrome&_=1563778562174 63448 - ::1 Mozilla/5.0+(Windows+NT+10.0;+Win64;+x64)+AppleWebKit/537.36+(KHTML,+like+Gecko)+Chrome/75.0.3770.142+Safari/537.36 http://localhost:63448/Home/Index 404 0 0 4
2019-07-22 07:01:05 ::1 GET /a43d35a47c46457e968080add986f8c8/arterySignalR/ping requestUrl=http%3A%2F%2Flocalhost%3A63448%2FHome%2FIndex&browserName=Chrome&_=1563778862103 63448 - ::1 Mozilla/5.0+(Windows+NT+10.0;+Win64;+x64)+AppleWebKit/537.36+(KHTML,+like+Gecko)+Chrome/75.0.3770.142+Safari/537.36 http://localhost:63448/Home/Index 500 0 0 3815
2019-07-22 07:06:02 ::1 GET /a43d35a47c46457e968080add986f8c8/arterySignalR/ping requestUrl=http%3A%2F%2Flocalhost%3A63448%2FHome%2FIndex&browserName=Chrome&_=1563779162103 63448 - ::1 Mozilla/5.0+(Windows+NT+10.0;+Win64;+x64)+AppleWebKit/537.36+(KHTML,+like+Gecko)+Chrome/75.0.3770.142+Safari/537.36 http://localhost:63448/Home/Index 500 0 0 444
2019-07-22 07:11:02 ::1 GET /a43d35a47c46457e968080add986f8c8/arterySignalR/ping requestUrl=http%3A%2F%2Flocalhost%3A63448%2FHome%2FIndex&browserName=Chrome&_=1563779462104 63448 - ::1 Mozilla/5.0+(Windows+NT+10.0;+Win64;+x64)+AppleWebKit/537.36+(KHTML,+like+Gecko)+Chrome/75.0.3770.142+Safari/537.36 http://localhost:63448/Home/Index 500 0 0 417
2019-07-22 07:16:02 ::1 GET /a43d35a47c46457e968080add986f8c8/arterySignalR/ping requestUrl=http%3A%2F%2Flocalhost%3A63448%2FHome%2FIndex&browserName=Chrome&_=1563779762103 63448 - ::1 Mozilla/5.0+(Windows+NT+10.0;+Win64;+x64)+AppleWebKit/537.36+(KHTML,+like+Gecko)+Chrome/75.0.3770.142+Safari/537.36 http://localhost:63448/Home/Index 500 0 0 714
2019-07-22 07:21:02 ::1 GET /a43d35a47c46457e968080add986f8c8/arterySignalR/ping requestUrl=http%3A%2F%2Flocalhost%3A63448%2FHome%2FIndex&browserName=Chrome&_=1563780062103 63448 - ::1 Mozilla/5.0+(Windows+NT+10.0;+Win64;+x64)+AppleWebKit/537.36+(KHTML,+like+Gecko)+Chrome/75.0.3770.142+Safari/537.36 http://localhost:63448/Home/Index 500 0 0 590
2019-07-22 07:26:02 ::1 GET /a43d35a47c46457e968080add986f8c8/arterySignalR/ping requestUrl=http%3A%2F%2Flocalhost%3A63448%2FHome%2FIndex&browserName=Chrome&_=1563780362103 63448 - ::1 Mozilla/5.0+(Windows+NT+10.0;+Win64;+x64)+AppleWebKit/537.36+(KHTML,+like+Gecko)+Chrome/75.0.3770.142+Safari/537.36 http://localhost:63448/Home/Index 500 0 0 516
2019-07-22 07:31:02 ::1 GET /a43d35a47c46457e968080add986f8c8/arterySignalR/ping requestUrl=http%3A%2F%2Flocalhost%3A63448%2FHome%2FIndex&browserName=Chrome&_=1563780662105 63448 - ::1 Mozilla/5.0+(Windows+NT+10.0;+Win64;+x64)+AppleWebKit/537.36+(KHTML,+like+Gecko)+Chrome/75.0.3770.142+Safari/537.36 http://localhost:63448/Home/Index 500 0 0 493
2019-07-22 07:36:02 ::1 GET /a43d35a47c46457e968080add986f8c8/arterySignalR/ping requestUrl=http%3A%2F%2Flocalhost%3A63448%2FHome%2FIndex&browserName=Chrome&_=1563780962104 63448 - ::1 Mozilla/5.0+(Windows+NT+10.0;+Win64;+x64)+AppleWebKit/537.36+(KHTML,+like+Gecko)+Chrome/75.0.3770.142+Safari/537.36 http://localhost:63448/Home/Index 500 0 0 551
2019-07-22 07:41:02 ::1 GET /a43d35a47c46457e968080add986f8c8/arterySignalR/ping requestUrl=http%3A%2F%2Flocalhost%3A63448%2FHome%2FIndex&browserName=Chrome&_=1563781262103 63448 - ::1 Mozilla/5.0+(Windows+NT+10.0;+Win64;+x64)+AppleWebKit/537.36+(KHTML,+like+Gecko)+Chrome/75.0.3770.142+Safari/537.36 http://localhost:63448/Home/Index 500 0 0 588
2019-07-22 07:46:02 ::1 GET /a43d35a47c46457e968080add986f8c8/arterySignalR/ping requestUrl=http%3A%2F%2Flocalhost%3A63448%2FHome%2FIndex&browserName=Chrome&_=1563781562103 63448 - ::1 Mozilla/5.0+(Windows+NT+10.0;+Win64;+x64)+AppleWebKit/537.36+(KHTML,+like+Gecko)+Chrome/75.0.3770.142+Safari/537.36 http://localhost:63448/Home/Index 500 0 0 487
2019-07-22 07:51:02 ::1 GET /a43d35a47c46457e968080add986f8c8/arterySignalR/ping requestUrl=http%3A%2F%2Flocalhost%3A63448%2FHome%2FIndex&browserName=Chrome&_=1563781862105 63448 - ::1 Mozilla/5.0+(Windows+NT+10.0;+Win64;+x64)+AppleWebKit/537.36+(KHTML,+like+Gecko)+Chrome/75.0.3770.142+Safari/537.36 http://localhost:63448/Home/Index 500 0 0 888
2019-07-22 07:56:02 ::1 GET /a43d35a47c46457e968080add986f8c8/arterySignalR/ping requestUrl=http%3A%2F%2Flocalhost%3A63448%2FHome%2FIndex&browserName=Chrome&_=1563782162104 63448 - ::1 Mozilla/5.0+(Windows+NT+10.0;+Win64;+x64)+AppleWebKit/537.36+(KHTML,+like+Gecko)+Chrome/75.0.3770.142+Safari/537.36 http://localhost:63448/Home/Index 500 0 0 547
2019-07-22 08:01:02 ::1 GET /a43d35a47c46457e968080add986f8c8/arterySignalR/ping requestUrl=http%3A%2F%2Flocalhost%3A63448%2FHome%2FIndex&browserName=Chrome&_=1563782462103 63448 - ::1 Mozilla/5.0+(Windows+NT+10.0;+Win64;+x64)+AppleWebKit/537.36+(KHTML,+like+Gecko)+Chrome/75.0.3770.142+Safari/537.36 http://localhost:63448/Home/Index 500 0 0 648
2019-07-22 08:06:02 ::1 GET /a43d35a47c46457e968080add986f8c8/arterySignalR/ping requestUrl=http%3A%2F%2Flocalhost%3A63448%2FHome%2FIndex&browserName=Chrome&_=1563782762103 63448 - ::1 Mozilla/5.0+(Windows+NT+10.0;+Win64;+x64)+AppleWebKit/537.36+(KHTML,+like+Gecko)+Chrome/75.0.3770.142+Safari/537.36 http://localhost:63448/Home/Index 500 0 0 603
2019-07-22 08:11:02 ::1 GET /a43d35a47c46457e968080add986f8c8/arterySignalR/ping requestUrl=http%3A%2F%2Flocalhost%3A63448%2FHome%2FIndex&browserName=Chrome&_=1563783062105 63448 - ::1 Mozilla/5.0+(Windows+NT+10.0;+Win64;+x64)+AppleWebKit/537.36+(KHTML,+like+Gecko)+Chrome/75.0.3770.142+Safari/537.36 http://localhost:63448/Home/Index 500 0 0 640
2019-07-22 08:16:02 ::1 GET /a43d35a47c46457e968080add986f8c8/arterySignalR/ping requestUrl=http%3A%2F%2Flocalhost%3A63448%2FHome%2FIndex&browserName=Chrome&_=1563783362105 63448 - ::1 Mozilla/5.0+(Windows+NT+10.0;+Win64;+x64)+AppleWebKit/537.36+(KHTML,+like+Gecko)+Chrome/75.0.3770.142+Safari/537.36 http://localhost:63448/Home/Index 500 0 0 510
2019-07-22 08:21:02 ::1 GET /a43d35a47c46457e968080add986f8c8/arterySignalR/ping requestUrl=http%3A%2F%2Flocalhost%3A63448%2FHome%2FIndex&browserName=Chrome&_=1563783662104 63448 - ::1 Mozilla/5.0+(Windows+NT+10.0;+Win64;+x64)+AppleWebKit/537.36+(KHTML,+like+Gecko)+Chrome/75.0.3770.142+Safari/537.36 http://localhost:63448/Home/Index 500 0 0 407
2019-07-22 08:26:02 ::1 GET /a43d35a47c46457e968080add986f8c8/arterySignalR/ping requestUrl=http%3A%2F%2Flocalhost%3A63448%2FHome%2FIndex&browserName=Chrome&_=1563783962103 63448 - ::1 Mozilla/5.0+(Windows+NT+10.0;+Win64;+x64)+AppleWebKit/537.36+(KHTML,+like+Gecko)+Chrome/75.0.3770.142+Safari/537.36 http://localhost:63448/Home/Index 500 0 0 386
2019-07-22 08:31:02 ::1 GET /a43d35a47c46457e968080add986f8c8/arterySignalR/ping requestUrl=http%3A%2F%2Flocalhost%3A63448%2FHome%2FIndex&browserName=Chrome&_=1563784262103 63448 - ::1 Mozilla/5.0+(Windows+NT+10.0;+Win64;+x64)+AppleWebKit/537.36+(KHTML,+like+Gecko)+Chrome/75.0.3770.142+Safari/537.36 http://localhost:63448/Home/Index 500 0 0 385
2019-07-22 08:36:02 ::1 GET /a43d35a47c46457e968080add986f8c8/arterySignalR/ping requestUrl=http%3A%2F%2Flocalhost%3A63448%2FHome%2FIndex&browserName=Chrome&_=1563784561925 63448 - ::1 Mozilla/5.0+(Windows+NT+10.0;+Win64;+x64)+AppleWebKit/537.36+(KHTML,+like+Gecko)+Chrome/75.0.3770.142+Safari/537.36 http://localhost:63448/Home/Index 500 0 0 411
2019-07-22 08:41:02 ::1 GET /a43d35a47c46457e968080add986f8c8/arterySignalR/ping requestUrl=http%3A%2F%2Flocalhost%3A63448%2FHome%2FIndex&browserName=Chrome&_=1563784861925 63448 - ::1 Mozilla/5.0+(Windows+NT+10.0;+Win64;+x64)+AppleWebKit/537.36+(KHTML,+like+Gecko)+Chrome/75.0.3770.142+Safari/537.36 http://localhost:63448/Home/Index 500 0 0 394
2019-07-22 08:46:02 ::1 GET /a43d35a47c46457e968080add986f8c8/arterySignalR/ping requestUrl=http%3A%2F%2Flocalhost%3A63448%2FHome%2FIndex&browserName=Chrome&_=1563785161925 63448 - ::1 Mozilla/5.0+(Windows+NT+10.0;+Win64;+x64)+AppleWebKit/537.36+(KHTML,+like+Gecko)+Chrome/75.0.3770.142+Safari/537.36 http://localhost:63448/Home/Index 500 0 0 455
2019-07-22 08:48:55 ::1 GET /api/GetProduct - 63448 - ::1 Mozilla/5.0+(Windows+NT+10.0;+Win64;+x64)+AppleWebKit/537.36+(KHTML,+like+Gecko)+Chrome/75.0.3770.142+Safari/537.36 http://localhost:63448/Home/Index 500 0 0 714
2019-07-22 09:02:48 ::1 GET /api/GetProducts - 63448 - ::1 Mozilla/5.0+(Windows+NT+10.0;+Win64;+x64)+AppleWebKit/537.36+(KHTML,+like+Gecko)+Chrome/75.0.3770.142+Safari/537.36 - 500 0 0 519
2019-07-22 09:09:02 ::1 GET /api/GetProducts - 63448 - ::1 Mozilla/5.0+(compatible;+MSIE+10.0;+Windows+NT+6.2;+WOW64;+Trident/7.0;+Eureka/1.0) http://localhost:58231/Home/Index 500 0 0 495
2019-07-22 09:09:06 ::1 GET /api/GetProducts - 63448 - ::1 Mozilla/5.0+(compatible;+MSIE+10.0;+Windows+NT+6.2;+WOW64;+Trident/7.0;+Eureka/1.0) http://localhost:58231/Home/Index 500 0 0 4
2019-07-22 09:09:06 ::1 GET /api/GetProducts - 63448 - ::1 Mozilla/5.0+(compatible;+MSIE+10.0;+Windows+NT+6.2;+WOW64;+Trident/7.0;+Eureka/1.0) http://localhost:58231/Home/Index 500 0 0 3
2019-07-22 09:09:06 ::1 GET /api/GetProducts - 63448 - ::1 Mozilla/5.0+(compatible;+MSIE+10.0;+Windows+NT+6.2;+WOW64;+Trident/7.0;+Eureka/1.0) http://localhost:58231/Home/Index 500 0 0 13
2019-07-22 09:09:06 ::1 GET /api/GetProducts - 63448 - ::1 Mozilla/5.0+(compatible;+MSIE+10.0;+Windows+NT+6.2;+WOW64;+Trident/7.0;+Eureka/1.0) http://localhost:58231/Home/Index 500 0 0 2
2019-07-22 09:09:08 ::1 GET /api/GetProducts - 63448 - ::1 Mozilla/5.0+(compatible;+MSIE+10.0;+Windows+NT+6.2;+WOW64;+Trident/7.0;+Eureka/1.0) http://localhost:58231/Home/Index 500 0 0 3
2019-07-22 09:09:08 ::1 GET /api/GetProducts - 63448 - ::1 Mozilla/5.0+(compatible;+MSIE+10.0;+Windows+NT+6.2;+WOW64;+Trident/7.0;+Eureka/1.0) http://localhost:58231/Home/Index 500 0 0 2
2019-07-22 09:09:08 ::1 GET /api/GetProducts - 63448 - ::1 Mozilla/5.0+(compatible;+MSIE+10.0;+Windows+NT+6.2;+WOW64;+Trident/7.0;+Eureka/1.0) http://localhost:58231/Home/Index 500 0 0 7
2019-07-22 09:09:09 ::1 GET /api/GetProducts - 63448 - ::1 Mozilla/5.0+(compatible;+MSIE+10.0;+Windows+NT+6.2;+WOW64;+Trident/7.0;+Eureka/1.0) http://localhost:58231/Home/Index 500 0 0 2
#Software: Microsoft Internet Information Services 8.0
#Version: 1.0
#Date: 2019-07-22 10:06:30
#Fields: date time s-ip cs-method cs-uri-stem cs-uri-query s-port cs-username c-ip cs(User-Agent) cs(Referer) sc-status sc-substatus sc-win32-status time-taken
2019-07-22 10:06:30 ::1 GET /api/test/resource1 - 63448 - ::1 Mozilla/5.0+(Windows+NT+10.0;+Win64;+x64)+AppleWebKit/537.36+(KHTML,+like+Gecko)+Chrome/75.0.3770.142+Safari/537.36 - 500 0 0 3860
2019-07-22 10:11:13 ::1 GET /api/test/resource1 - 63448 - ::1 Mozilla/5.0+(Windows+NT+10.0;+Win64;+x64)+AppleWebKit/537.36+(KHTML,+like+Gecko)+Chrome/75.0.3770.142+Safari/537.36 - 500 0 0 567
